2023-07-04 10:38:04,902 [INFO] 
2023-07-04 10:38:04,904 [INFO] Annotator started at 2023-07-04 10:38:04.
2023-07-04 10:38:04,917 [DEBUG] Arguments: {'infile': 'C:\\Users\\konka\\Documents\\CLIPPER\\annotator\\annotator\\upload\\HUNTER_clean_100.xlsx', 'infile_type': 'infer', 'software': 'infer', 'level': 'all', 'dropna': False, 'fillna': None, 'sleeptime': 0.2, 'noexo': False, 'nomerops': False, 'calcstructure': None, 'singlecpu': False, 'conditionfile': 'C:\\Users\\konka\\Documents\\CLIPPER\\annotator\\annotator\\upload\\cond_HUNTER.txt', 'proteasefile': None, 'stat': False, 'stat_pairwise': False, 'significance': None, 'visualize': False, 'logo': None, 'pseudocounts': False, 'cleavagevis': 'None', 'enrichment': False, 'pathway': False, 'output_name': '20230704103804_annotated_data', 'output_filetype': 'xlsx', 'separate': False, 'pymol_verbose': False, 'jobid': '110', 'logfile': 'C:\\Users\\konka\\Documents\\CLIPPER\\annotator\\annotator\\log\\110.log', 'resultdest': 'C:\\Users\\konka\\Documents\\CLIPPER\\annotator\\annotator\\results', 'datafolder': 'C:\\Users\\konka\\Documents\\CLIPPER\\annotator\\annotator\\data', 'email': 'konka@dtu.dk'}
2023-07-04 10:38:04,941 [INFO] Startup complete!

2023-07-04 10:38:04,942 [INFO] Reading file...
2023-07-04 10:38:04,942 [INFO] Input is excel
2023-07-04 10:38:05,355 [INFO] Read dataframe.
2023-07-04 10:38:05,355 [INFO] Read input with 284 peptides.
2023-07-04 10:38:05,362 [INFO] Input software is sm
2023-07-04 10:38:05,368 [DEBUG] Converted values in 20210512_FJ_KK_LB_HUNTER_PO.raw.PEP.TMTpro_127C to numeric type
2023-07-04 10:38:05,369 [DEBUG] Converted values in 20210512_FJ_KK_LB_HUNTER_PO.raw.PEP.TMTpro_128C to numeric type
2023-07-04 10:38:05,371 [DEBUG] Converted values in 20210512_FJ_KK_LB_HUNTER_PO.raw.PEP.TMTpro_129C to numeric type
2023-07-04 10:38:05,372 [DEBUG] Converted values in 20210512_FJ_KK_LB_HUNTER_PO.raw.PEP.TMTpro_130C to numeric type
2023-07-04 10:38:05,374 [DEBUG] Converted values in 20210512_FJ_KK_LB_HUNTER_PO.raw.PEP.TMTpro_131C to numeric type
2023-07-04 10:38:05,375 [DEBUG] Converted values in 20210512_FJ_KK_LB_HUNTER_PO.raw.PEP.TMTpro_132C to numeric type
2023-07-04 10:38:05,375 [INFO] Finished converting quantification values to floats.
2023-07-04 10:38:05,381 [DEBUG] Patterns are: {'acc': 'PG.ProteinAccessions', 'seq': 'PEP.StrippedSequence', 'amino': 'B|J|O|U|X|Z', 'mod': 'P.MoleculeID', 'quant': 'PEP\\.TMT', 'label': '\\[TMT', 'nterm': 'N-?ter', 'nterm_label': 'TMT.*_Nter', 'lysine_label': 'K\\[TMT.{0,3}_Lys\\]'}
2023-07-04 10:38:05,381 [INFO] Successfully generated indexing patterns for sm input. See logfile for the found patterns.
2023-07-04 10:38:05,381 [INFO] Format check complete.

2023-07-04 10:38:05,385 [INFO] Initialization complete!

2023-07-04 10:38:05,386 [INFO] Filtering and sanitizing input...
2023-07-04 10:38:05,387 [DEBUG] Starting annotation of peptides...
2023-07-04 10:38:05,389 [INFO] Reading MEROPS data..
2023-07-04 10:38:06,804 [INFO] Read MEROPS data
2023-07-04 10:38:06,808 [INFO] Initialized annotation dataframe.

2023-07-04 10:38:06,809 [INFO] Fetching information from Uniprot...
2023-07-04 10:38:21,020 [WARNING] Peptide ADPGQYR not found in protein sequence for A0A087X2B5.
2023-07-04 10:38:21,106 [WARNING] Peptide SELHIENLNMEADPGQYR not found in protein sequence for A0A087X2B5.
2023-07-04 10:38:21,123 [WARNING] Peptide NLNMEADPGQYR not found in protein sequence for A0A087X2B5.
2023-07-04 10:38:21,130 [WARNING] Peptide YSCVFLPEPMGTANIQLHGPPR not found in protein sequence for A0A087X2B5.
2023-07-04 10:38:21,131 [WARNING] Peptide NLNMEADPGQYR not found in protein sequence for A0A087X2B5.
2023-07-04 10:38:21,135 [WARNING] Peptide NLNMEADPGQYR not found in protein sequence for A0A087X2B5.
2023-07-04 10:38:22,534 [WARNING] Peptide SCVFLPEPMGTANIQLHGPPR not found in protein sequence for A0A087X2B5.
2023-07-04 10:38:35,205 [WARNING] Error retrieving Uniprot record for A0A494C169: No SwissProt record found
2023-07-04 10:39:02,645 [INFO] Gathering info from Uniprot took 00:00:55 hh:mm:ss
2023-07-04 10:39:02,646 [INFO] Finished annotation of peptides.

2023-07-04 10:39:02,647 [INFO] Starting annotation of Protein Atlas data...
2023-07-04 10:39:02,647 [INFO] Reading Protein Atlas data..
2023-07-04 10:39:03,177 [INFO] Read Protein Atlas data.
2023-07-04 10:39:03,191 [WARNING] Duplicates found in 'Uniprot' column of 'protein_atlas_sub'. Dropping duplicates.
2023-07-04 10:39:03,215 [INFO] Finished annotation of Protein Atlas data.

2023-07-04 10:39:03,215 [INFO] Starting proteoform check...
2023-07-04 10:39:03,218 [INFO] Finished proteoform check.
2023-07-04 10:39:03,218 [INFO] Starting exopeptidase activity check...
2023-07-04 10:39:03,234 [DEBUG] 2 LGLGIDEDEVAAEEPNAAVPDEIPPLEGDEDASR LGIDEDEVAAEEPNAAVPDEIPPLEGDEDASR
2023-07-04 10:39:03,266 [DEBUG] 1 YSCVFLPEPMGTANIQLHGPPR SCVFLPEPMGTANIQLHGPPR
2023-07-04 10:39:03,268 [DEBUG] 2 AEAMDLGKDPNGPTHSSTLFVR AMDLGKDPNGPTHSSTLFVR
2023-07-04 10:39:03,272 [DEBUG] 2 AEAQALLSGDTQTDATSFYDR AQALLSGDTQTDATSFYDR
2023-07-04 10:39:03,286 [DEBUG] 1 KACANPAAGSVILLENLR ACANPAAGSVILLENLR
2023-07-04 10:39:03,287 [DEBUG] 2 KACANPAAGSVILLENLR ANPAAGSVILLENLR
2023-07-04 10:39:03,303 [DEBUG] 1 AAQTSPSPKAGAATGR AQTSPSPKAGAATGR
2023-07-04 10:39:03,305 [DEBUG] 1 SSGFSLEDPQTHSNR SGFSLEDPQTHSNR
2023-07-04 10:39:03,306 [DEBUG] 2 SKNLKLGIHEDSTNR NLKLGIHEDSTNR
2023-07-04 10:39:03,334 [DEBUG] 2 SEDFSLPAYMDR DFSLPAYMDR
2023-07-04 10:39:03,355 [DEBUG] 2 SPVLHFYVR VLHFYVR
2023-07-04 10:39:03,371 [INFO] Exopeptidase activity check took 00:00:00 hh:mm:ss
2023-07-04 10:39:03,371 [INFO] Exopeptidase activity was found, check logfile or output for more details on exact peptide sequences
2023-07-04 10:39:03,372 [INFO] Finished exopeptidase activity check.
2023-07-04 10:39:03,375 [INFO] Parsed condition file
2023-07-04 10:39:03,375 [INFO] Performing general statistics annotation...
2023-07-04 10:39:03,395 [INFO] Finished general statistics annotation.
2023-07-04 10:39:03,399 [INFO] Writing output files...
2023-07-04 10:39:03,677 [INFO] Finished. Wrote results to C:\Users\konka\Documents\CLIPPER\annotator\annotator\results\20230704103804_annotated_data.
