2023-05-05 18:21:23,424 [INFO] Annotator started at 2023-05-05 18:21:23.
2023-05-05 18:21:23,427 [INFO] Arguments: {'infile': '..\\tests\\HUNTER_clean_100.xlsx', 'infile_type': 'infer', 'software': 'infer', 'level': 'all', 'dropna': False, 'sleeptime': 0.2, 'noexo': False, 'nomerops': False, 'singlecpu': False, 'conditionfile': '..\\tests\\cond_HUNTER.txt', 'stat': True, 'stat_pairwise': True, 'significance': 'all', 'visualize': True, 'logo': 'all', 'pseudocounts': True, 'output_name': None, 'outfile_type': 'xlsx', 'separate': False}
2023-05-05 18:21:23,428 [INFO] Initialization successful.
2023-05-05 18:21:23,428 [INFO] Reading file...

2023-05-05 18:21:23,429 [INFO] Input is excel
2023-05-05 18:21:23,648 [INFO] Read dataframe.
2023-05-05 18:21:23,649 [INFO] Read input with 284 peptides
2023-05-05 18:21:23,649 [INFO] Input software is sm
2023-05-05 18:21:23,653 [INFO] Successfully generated indexing patterns
2023-05-05 18:21:23,654 [INFO] Format check complete

2023-05-05 18:21:23,656 [INFO] Starting annotation of peptides...
2023-05-05 18:21:23,656 [INFO] Reading MEROPS data..
2023-05-05 18:21:24,035 [INFO] Read MEROPS data
2023-05-05 18:21:24,037 [INFO] Initialized annotation dataframe.

2023-05-05 18:21:31,621 [WARNING] Peptide YSCVFLPEPMGTANIQLHGPPR not found in protein sequence for A0A087X2B5.
2023-05-05 18:21:31,678 [WARNING] Peptide SELHIENLNMEADPGQYR not found in protein sequence for A0A087X2B5.
2023-05-05 18:21:31,759 [WARNING] Peptide NLNMEADPGQYR not found in protein sequence for A0A087X2B5.
2023-05-05 18:21:31,797 [WARNING] Peptide NLNMEADPGQYR not found in protein sequence for A0A087X2B5.
2023-05-05 18:21:31,798 [WARNING] Peptide NLNMEADPGQYR not found in protein sequence for A0A087X2B5.
2023-05-05 18:21:31,809 [WARNING] Peptide ADPGQYR not found in protein sequence for A0A087X2B5.
2023-05-05 18:21:33,094 [WARNING] Peptide SCVFLPEPMGTANIQLHGPPR not found in protein sequence for A0A087X2B5.
2023-05-05 18:21:39,645 [WARNING] Error retrieving Uniprot record for A0A494C169: No SwissProt record found
2023-05-05 18:21:52,381 [INFO] Finished annotation of peptides.

2023-05-05 18:21:52,381 [INFO] Starting proteoform check...
2023-05-05 18:21:52,383 [INFO] Finished proteoform check.
2023-05-05 18:21:52,383 [INFO] Starting exopeptidase activity check...
2023-05-05 18:21:52,395 [INFO] 2 LGLGIDEDEVAAEEPNAAVPDEIPPLEGDEDASR LGIDEDEVAAEEPNAAVPDEIPPLEGDEDASR
2023-05-05 18:21:52,422 [INFO] 1 YSCVFLPEPMGTANIQLHGPPR SCVFLPEPMGTANIQLHGPPR
2023-05-05 18:21:52,424 [INFO] 2 AEAMDLGKDPNGPTHSSTLFVR AMDLGKDPNGPTHSSTLFVR
2023-05-05 18:21:52,428 [INFO] 2 AEAQALLSGDTQTDATSFYDR AQALLSGDTQTDATSFYDR
2023-05-05 18:21:52,440 [INFO] 1 KACANPAAGSVILLENLR ACANPAAGSVILLENLR
2023-05-05 18:21:52,441 [INFO] 2 KACANPAAGSVILLENLR ANPAAGSVILLENLR
2023-05-05 18:21:52,457 [INFO] 1 AAQTSPSPKAGAATGR AQTSPSPKAGAATGR
2023-05-05 18:21:52,459 [INFO] 1 SSGFSLEDPQTHSNR SGFSLEDPQTHSNR
2023-05-05 18:21:52,461 [INFO] 2 SKNLKLGIHEDSTNR NLKLGIHEDSTNR
2023-05-05 18:21:52,485 [INFO] 2 SEDFSLPAYMDR DFSLPAYMDR
2023-05-05 18:21:52,505 [INFO] 2 SPVLHFYVR VLHFYVR
2023-05-05 18:21:52,520 [INFO] Finished exopeptidase activity check.

2023-05-05 18:21:52,521 [INFO] Parsed condition file
2023-05-05 18:21:52,521 [INFO] Performing general statistics annotation...
2023-05-05 18:21:52,542 [INFO] Finished general statistics annotation.
2023-05-05 18:21:52,542 [INFO] Performing statistical testing...
2023-05-05 18:21:52,545 [INFO] Finished statistical testing.
2023-05-05 18:21:52,546 [INFO] Corrected p-values for Corrected Ttest: gluc_control using fdr_bh method
2023-05-05 18:21:52,546 [INFO] Finished multiple testing correction.

2023-05-05 18:21:52,547 [INFO] Checking fold distribution...
2023-05-05 18:21:52,594 [INFO] Finished fold distribution check.

2023-05-05 18:21:52,595 [INFO] Generating figures...
2023-05-05 18:22:04,880 [INFO] Starting gallery generation...
2023-05-05 18:22:08,894 [INFO] Finished gallery generation...
2023-05-05 18:22:08,894 [INFO] Finished generating figures.
2023-05-05 18:22:08,894 [INFO] Generating logos...
2023-05-05 18:22:14,911 [INFO] Finished generating logos.

2023-05-05 18:22:14,912 [INFO] Writing output files...
2023-05-05 18:22:23,560 [INFO] Finished. Wrote results to D:\DTU\PhD\Projects\CLIPPER\annotator\results\20230505182123.
