2023-05-09 11:11:51,805 [INFO] Annotator started at 2023-05-09 11:11:51.
2023-05-09 11:11:51,808 [INFO] Arguments: {'infile': '..\\tests\\HUNTER_clean_100.xlsx', 'infile_type': 'infer', 'software': 'infer', 'level': 'all', 'dropna': False, 'sleeptime': 0.2, 'noexo': False, 'nomerops': False, 'singlecpu': False, 'conditionfile': '..\\tests\\cond_HUNTER.txt', 'stat': True, 'stat_pairwise': False, 'significance': None, 'visualize': True, 'logo': None, 'pseudocounts': True, 'output_name': None, 'outfile_type': 'xlsx', 'separate': False}
2023-05-09 11:11:51,809 [INFO] Initialization successful.
2023-05-09 11:11:51,809 [INFO] Reading file...

2023-05-09 11:11:51,809 [INFO] Input is excel
2023-05-09 11:11:52,123 [INFO] Read dataframe.
2023-05-09 11:11:52,123 [INFO] Read input with 284 peptides
2023-05-09 11:11:52,124 [INFO] Input software is sm
2023-05-09 11:11:52,131 [INFO] Successfully generated indexing patterns
2023-05-09 11:11:52,131 [INFO] Format check complete

2023-05-09 11:11:52,134 [INFO] Starting annotation of peptides...
2023-05-09 11:11:52,135 [INFO] Reading MEROPS data..
2023-05-09 11:11:52,555 [INFO] Read MEROPS data
2023-05-09 11:11:52,558 [INFO] Initialized annotation dataframe.

2023-05-09 11:12:17,414 [WARNING] Peptide NLNMEADPGQYR not found in protein sequence for A0A087X2B5.
2023-05-09 11:12:17,444 [WARNING] Peptide SELHIENLNMEADPGQYR not found in protein sequence for A0A087X2B5.
2023-05-09 11:12:17,618 [WARNING] Peptide ADPGQYR not found in protein sequence for A0A087X2B5.
2023-05-09 11:12:18,341 [WARNING] Peptide YSCVFLPEPMGTANIQLHGPPR not found in protein sequence for A0A087X2B5.
2023-05-09 11:12:18,343 [WARNING] Peptide NLNMEADPGQYR not found in protein sequence for A0A087X2B5.
2023-05-09 11:12:18,400 [WARNING] Peptide NLNMEADPGQYR not found in protein sequence for A0A087X2B5.
2023-05-09 11:12:20,902 [WARNING] Peptide SCVFLPEPMGTANIQLHGPPR not found in protein sequence for A0A087X2B5.
2023-05-09 11:12:34,142 [WARNING] Error retrieving Uniprot record for A0A494C169: No SwissProt record found
2023-05-09 11:13:08,710 [INFO] Finished annotation of peptides.

2023-05-09 11:13:08,711 [INFO] Starting proteoform check...
2023-05-09 11:13:08,712 [INFO] Finished proteoform check.
2023-05-09 11:13:08,712 [INFO] Starting exopeptidase activity check...
2023-05-09 11:13:08,728 [INFO] 2 LGLGIDEDEVAAEEPNAAVPDEIPPLEGDEDASR LGIDEDEVAAEEPNAAVPDEIPPLEGDEDASR
2023-05-09 11:13:08,767 [INFO] 1 YSCVFLPEPMGTANIQLHGPPR SCVFLPEPMGTANIQLHGPPR
2023-05-09 11:13:08,769 [INFO] 2 AEAMDLGKDPNGPTHSSTLFVR AMDLGKDPNGPTHSSTLFVR
2023-05-09 11:13:08,776 [INFO] 2 AEAQALLSGDTQTDATSFYDR AQALLSGDTQTDATSFYDR
2023-05-09 11:13:08,790 [INFO] 1 KACANPAAGSVILLENLR ACANPAAGSVILLENLR
2023-05-09 11:13:08,791 [INFO] 2 KACANPAAGSVILLENLR ANPAAGSVILLENLR
2023-05-09 11:13:08,810 [INFO] 1 AAQTSPSPKAGAATGR AQTSPSPKAGAATGR
2023-05-09 11:13:08,812 [INFO] 1 SSGFSLEDPQTHSNR SGFSLEDPQTHSNR
2023-05-09 11:13:08,814 [INFO] 2 SKNLKLGIHEDSTNR NLKLGIHEDSTNR
2023-05-09 11:13:08,843 [INFO] 2 SEDFSLPAYMDR DFSLPAYMDR
2023-05-09 11:13:08,865 [INFO] 2 SPVLHFYVR VLHFYVR
2023-05-09 11:13:08,887 [INFO] Finished exopeptidase activity check.

2023-05-09 11:13:08,887 [INFO] Parsed condition file
2023-05-09 11:13:08,888 [INFO] Performing general statistics annotation...
2023-05-09 11:13:08,906 [INFO] Finished general statistics annotation.
2023-05-09 11:13:08,906 [INFO] Performing statistical testing...
2023-05-09 11:13:08,908 [INFO] Finished statistical testing.
2023-05-09 11:13:08,909 [INFO] Corrected p-values for Corrected Ttest: gluc_control using fdr_bh method
2023-05-09 11:13:08,909 [INFO] Finished multiple testing correction.

2023-05-09 11:13:08,910 [INFO] Generating figures...
2023-05-09 11:13:21,193 [INFO] Starting gallery generation...
2023-05-09 11:13:25,292 [INFO] Finished gallery generation.
2023-05-09 11:13:25,292 [INFO] Starting sequence plotting...
2023-05-09 11:15:57,214 [INFO] Finished sequence plotting.
2023-05-09 11:15:57,215 [INFO] Finished sequence plotting.
2023-05-09 11:15:57,215 [INFO] Finished generating figures.
2023-05-09 11:15:57,216 [INFO] Writing output files...
2023-05-09 11:16:02,184 [INFO] Finished. Wrote results to D:\DTU\PhD\Projects\CLIPPER\annotator\results\20230509111151.
2023-05-09 11:16:02,298 [INFO] Finished writing output files
2023-05-09 11:16:02,298 [INFO] 
CLIPPER 2.0 pipeline completed in 0:04:10.492992.

