2023-05-08 16:46:39,269 [INFO] Annotator started at 2023-05-08 16:46:39.
2023-05-08 16:46:39,273 [INFO] Arguments: {'infile': '..\\tests\\HUNTER_clean_100.xlsx', 'infile_type': 'infer', 'software': 'infer', 'level': 'all', 'dropna': False, 'sleeptime': 0.2, 'noexo': False, 'nomerops': False, 'singlecpu': False, 'conditionfile': '..\\tests\\cond_HUNTER.txt', 'stat': True, 'stat_pairwise': False, 'significance': None, 'visualize': True, 'logo': None, 'pseudocounts': True, 'output_name': None, 'outfile_type': 'xlsx', 'separate': False}
2023-05-08 16:46:39,276 [INFO] Initialization successful.
2023-05-08 16:46:39,285 [INFO] Reading file...

2023-05-08 16:46:39,286 [INFO] Input is excel
2023-05-08 16:46:39,619 [INFO] Read dataframe.
2023-05-08 16:46:39,620 [INFO] Read input with 284 peptides
2023-05-08 16:46:39,621 [INFO] Input software is sm
2023-05-08 16:46:39,626 [INFO] Successfully generated indexing patterns
2023-05-08 16:46:39,627 [INFO] Format check complete

2023-05-08 16:46:39,629 [INFO] Starting annotation of peptides...
2023-05-08 16:46:39,630 [INFO] Reading MEROPS data..
2023-05-08 16:46:40,210 [INFO] Read MEROPS data
2023-05-08 16:46:40,212 [INFO] Initialized annotation dataframe.

2023-05-08 16:47:03,319 [WARNING] Peptide YSCVFLPEPMGTANIQLHGPPR not found in protein sequence for A0A087X2B5.
2023-05-08 16:47:03,349 [WARNING] Peptide NLNMEADPGQYR not found in protein sequence for A0A087X2B5.
2023-05-08 16:47:03,434 [WARNING] Peptide NLNMEADPGQYR not found in protein sequence for A0A087X2B5.
2023-05-08 16:47:03,458 [WARNING] Peptide ADPGQYR not found in protein sequence for A0A087X2B5.
2023-05-08 16:47:03,461 [WARNING] Peptide SELHIENLNMEADPGQYR not found in protein sequence for A0A087X2B5.
2023-05-08 16:47:03,479 [WARNING] Peptide NLNMEADPGQYR not found in protein sequence for A0A087X2B5.
2023-05-08 16:47:05,103 [WARNING] Peptide SCVFLPEPMGTANIQLHGPPR not found in protein sequence for A0A087X2B5.
2023-05-08 16:47:17,881 [WARNING] Error retrieving Uniprot record for A0A494C169: No SwissProt record found
2023-05-08 16:47:51,461 [INFO] Finished annotation of peptides.

2023-05-08 16:47:51,461 [INFO] Starting proteoform check...
2023-05-08 16:47:51,463 [INFO] Finished proteoform check.
2023-05-08 16:47:51,463 [INFO] Starting exopeptidase activity check...
2023-05-08 16:47:51,478 [INFO] 2 LGLGIDEDEVAAEEPNAAVPDEIPPLEGDEDASR LGIDEDEVAAEEPNAAVPDEIPPLEGDEDASR
2023-05-08 16:47:51,508 [INFO] 1 YSCVFLPEPMGTANIQLHGPPR SCVFLPEPMGTANIQLHGPPR
2023-05-08 16:47:51,511 [INFO] 2 AEAMDLGKDPNGPTHSSTLFVR AMDLGKDPNGPTHSSTLFVR
2023-05-08 16:47:51,517 [INFO] 2 AEAQALLSGDTQTDATSFYDR AQALLSGDTQTDATSFYDR
2023-05-08 16:47:51,532 [INFO] 1 KACANPAAGSVILLENLR ACANPAAGSVILLENLR
2023-05-08 16:47:51,533 [INFO] 2 KACANPAAGSVILLENLR ANPAAGSVILLENLR
2023-05-08 16:47:51,550 [INFO] 1 AAQTSPSPKAGAATGR AQTSPSPKAGAATGR
2023-05-08 16:47:51,552 [INFO] 1 SSGFSLEDPQTHSNR SGFSLEDPQTHSNR
2023-05-08 16:47:51,554 [INFO] 2 SKNLKLGIHEDSTNR NLKLGIHEDSTNR
2023-05-08 16:47:51,583 [INFO] 2 SEDFSLPAYMDR DFSLPAYMDR
2023-05-08 16:47:51,606 [INFO] 2 SPVLHFYVR VLHFYVR
2023-05-08 16:47:51,625 [INFO] Finished exopeptidase activity check.

2023-05-08 16:47:51,625 [INFO] Parsed condition file
2023-05-08 16:47:51,626 [INFO] Performing general statistics annotation...
2023-05-08 16:47:51,645 [INFO] Finished general statistics annotation.
2023-05-08 16:47:51,645 [INFO] Performing statistical testing...
2023-05-08 16:47:51,649 [INFO] Finished statistical testing.
2023-05-08 16:47:51,650 [INFO] Corrected p-values for Corrected Ttest: gluc_control using fdr_bh method
2023-05-08 16:47:51,651 [INFO] Finished multiple testing correction.

2023-05-08 16:47:51,651 [INFO] Generating figures...
2023-05-08 16:48:05,431 [INFO] Starting gallery generation...
2023-05-08 16:48:09,689 [INFO] Finished gallery generation.
2023-05-08 16:48:09,689 [INFO] Starting sequence plotting...
