2023-05-08 15:17:55,912 [INFO] Annotator started at 2023-05-08 15:17:55.
2023-05-08 15:17:55,918 [INFO] Arguments: {'infile': '..\\tests\\HUNTER_clean_100.xlsx', 'infile_type': 'infer', 'software': 'infer', 'level': 'all', 'dropna': False, 'sleeptime': 0.2, 'noexo': False, 'nomerops': False, 'singlecpu': False, 'conditionfile': '..\\tests\\cond_HUNTER.txt', 'stat': True, 'stat_pairwise': False, 'significance': None, 'visualize': True, 'logo': None, 'pseudocounts': True, 'output_name': None, 'outfile_type': 'xlsx', 'separate': False}
2023-05-08 15:17:55,919 [INFO] Initialization successful.
2023-05-08 15:17:55,927 [INFO] Reading file...

2023-05-08 15:17:55,928 [INFO] Input is excel
2023-05-08 15:17:56,543 [INFO] Read dataframe.
2023-05-08 15:17:56,544 [INFO] Read input with 284 peptides
2023-05-08 15:17:56,548 [INFO] Input software is sm
2023-05-08 15:17:56,558 [INFO] Successfully generated indexing patterns
2023-05-08 15:17:56,559 [INFO] Format check complete

2023-05-08 15:17:56,566 [INFO] Starting annotation of peptides...
2023-05-08 15:17:56,567 [INFO] Reading MEROPS data..
2023-05-08 15:17:57,478 [INFO] Read MEROPS data
2023-05-08 15:17:57,480 [INFO] Initialized annotation dataframe.

2023-05-08 15:18:15,230 [WARNING] Peptide SELHIENLNMEADPGQYR not found in protein sequence for A0A087X2B5.
2023-05-08 15:18:15,232 [WARNING] Peptide NLNMEADPGQYR not found in protein sequence for A0A087X2B5.
2023-05-08 15:18:15,326 [WARNING] Peptide ADPGQYR not found in protein sequence for A0A087X2B5.
2023-05-08 15:18:15,414 [WARNING] Peptide NLNMEADPGQYR not found in protein sequence for A0A087X2B5.
2023-05-08 15:18:15,415 [WARNING] Peptide NLNMEADPGQYR not found in protein sequence for A0A087X2B5.
2023-05-08 15:18:15,416 [WARNING] Peptide YSCVFLPEPMGTANIQLHGPPR not found in protein sequence for A0A087X2B5.
2023-05-08 15:18:17,461 [WARNING] Peptide SCVFLPEPMGTANIQLHGPPR not found in protein sequence for A0A087X2B5.
2023-05-08 15:18:37,073 [WARNING] Error retrieving Uniprot record for A0A494C169: No SwissProt record found
2023-05-08 15:19:11,977 [INFO] Finished annotation of peptides.

2023-05-08 15:19:11,992 [INFO] Starting proteoform check...
2023-05-08 15:19:11,994 [INFO] Finished proteoform check.
2023-05-08 15:19:11,994 [INFO] Starting exopeptidase activity check...
2023-05-08 15:19:12,015 [INFO] 2 LGLGIDEDEVAAEEPNAAVPDEIPPLEGDEDASR LGIDEDEVAAEEPNAAVPDEIPPLEGDEDASR
2023-05-08 15:19:12,059 [INFO] 1 YSCVFLPEPMGTANIQLHGPPR SCVFLPEPMGTANIQLHGPPR
2023-05-08 15:19:12,066 [INFO] 2 AEAMDLGKDPNGPTHSSTLFVR AMDLGKDPNGPTHSSTLFVR
2023-05-08 15:19:12,073 [INFO] 2 AEAQALLSGDTQTDATSFYDR AQALLSGDTQTDATSFYDR
2023-05-08 15:19:12,100 [INFO] 1 KACANPAAGSVILLENLR ACANPAAGSVILLENLR
2023-05-08 15:19:12,103 [INFO] 2 KACANPAAGSVILLENLR ANPAAGSVILLENLR
2023-05-08 15:19:12,128 [INFO] 1 AAQTSPSPKAGAATGR AQTSPSPKAGAATGR
2023-05-08 15:19:12,131 [INFO] 1 SSGFSLEDPQTHSNR SGFSLEDPQTHSNR
2023-05-08 15:19:12,134 [INFO] 2 SKNLKLGIHEDSTNR NLKLGIHEDSTNR
2023-05-08 15:19:12,175 [INFO] 2 SEDFSLPAYMDR DFSLPAYMDR
2023-05-08 15:19:12,205 [INFO] 2 SPVLHFYVR VLHFYVR
2023-05-08 15:19:12,232 [INFO] Finished exopeptidase activity check.

2023-05-08 15:19:12,233 [INFO] Parsed condition file
2023-05-08 15:19:12,234 [INFO] Performing general statistics annotation...
2023-05-08 15:19:12,268 [INFO] Finished general statistics annotation.
2023-05-08 15:19:12,268 [INFO] Performing statistical testing...
2023-05-08 15:19:12,276 [INFO] Finished statistical testing.
2023-05-08 15:19:12,279 [INFO] Corrected p-values for Corrected Ttest: gluc_control using fdr_bh method
2023-05-08 15:19:12,281 [INFO] Finished multiple testing correction.

2023-05-08 15:19:12,282 [INFO] Generating figures...
2023-05-08 15:19:28,471 [INFO] Starting gallery generation...
2023-05-08 15:19:35,506 [INFO] Finished gallery generation.
2023-05-08 15:19:35,507 [INFO] Starting sequence plotting...
2023-05-08 15:19:35,511 [INFO] Finished sequence plotting.
2023-05-08 15:19:35,512 [INFO] Finished generating figures.
2023-05-08 15:19:35,512 [INFO] Writing output files...
2023-05-08 15:19:44,109 [INFO] Finished. Wrote results to C:\Users\konka\Documents\annotator\results\20230508151755.
2023-05-08 15:19:44,823 [INFO] Finished writing output files
2023-05-08 15:19:44,823 [INFO] 
CLIPPER 2.0 pipeline completed in 0:01:48.912066.

