2023-05-16 13:35:36,308 [INFO] Annotator started at 2023-05-16 13:35:36.
2023-05-16 13:35:36,315 [INFO] Arguments: {'infile': '..\\tests\\HUNTER_clean_100.xlsx', 'infile_type': 'infer', 'software': 'infer', 'level': 'nterm', 'dropna': True, 'fillna': '1', 'sleeptime': 0.2, 'noexo': False, 'nomerops': False, 'calcstructure': 'all', 'singlecpu': False, 'conditionfile': '..\\tests\\cond_HUNTER.txt', 'stat': True, 'stat_pairwise': True, 'significance': 'all', 'visualize': True, 'logo': None, 'pseudocounts': True, 'cleavagevis': 'both', 'output_name': None, 'outfile_type': 'xlsx', 'separate': False}
2023-05-16 13:35:36,316 [INFO] Initialization successful.
2023-05-16 13:35:36,317 [INFO] Reading file...
2023-05-16 13:35:36,317 [INFO] Input is excel
2023-05-16 13:35:36,902 [INFO] Read dataframe.
2023-05-16 13:35:36,903 [INFO] Read input with 284 peptides

2023-05-16 13:35:36,904 [INFO] Input software is sm
2023-05-16 13:35:36,911 [INFO] Converted values in 20210512_FJ_KK_LB_HUNTER_PO.raw.PEP.TMTpro_127C, 20210512_FJ_KK_LB_HUNTER_PO.raw.PEP.TMTpro_127C
<class 'float'>    284
Name: count, dtype: int64
2023-05-16 13:35:36,914 [INFO] Filled NaN values in column '20210512_FJ_KK_LB_HUNTER_PO.raw.PEP.TMTpro_127C' with 1.0
2023-05-16 13:35:36,920 [INFO] Converted values in 20210512_FJ_KK_LB_HUNTER_PO.raw.PEP.TMTpro_128C, 20210512_FJ_KK_LB_HUNTER_PO.raw.PEP.TMTpro_128C
<class 'float'>    284
Name: count, dtype: int64
2023-05-16 13:35:36,923 [INFO] Filled NaN values in column '20210512_FJ_KK_LB_HUNTER_PO.raw.PEP.TMTpro_128C' with 1.0
2023-05-16 13:35:36,928 [INFO] Converted values in 20210512_FJ_KK_LB_HUNTER_PO.raw.PEP.TMTpro_129C, 20210512_FJ_KK_LB_HUNTER_PO.raw.PEP.TMTpro_129C
<class 'float'>    284
Name: count, dtype: int64
2023-05-16 13:35:36,932 [INFO] Filled NaN values in column '20210512_FJ_KK_LB_HUNTER_PO.raw.PEP.TMTpro_129C' with 1.0
2023-05-16 13:35:36,939 [INFO] Converted values in 20210512_FJ_KK_LB_HUNTER_PO.raw.PEP.TMTpro_130C, 20210512_FJ_KK_LB_HUNTER_PO.raw.PEP.TMTpro_130C
<class 'float'>    284
Name: count, dtype: int64
2023-05-16 13:35:36,941 [INFO] Filled NaN values in column '20210512_FJ_KK_LB_HUNTER_PO.raw.PEP.TMTpro_130C' with 1.0
2023-05-16 13:35:36,945 [INFO] Converted values in 20210512_FJ_KK_LB_HUNTER_PO.raw.PEP.TMTpro_131C, 20210512_FJ_KK_LB_HUNTER_PO.raw.PEP.TMTpro_131C
<class 'float'>    284
Name: count, dtype: int64
2023-05-16 13:35:36,948 [INFO] Filled NaN values in column '20210512_FJ_KK_LB_HUNTER_PO.raw.PEP.TMTpro_131C' with 1.0
2023-05-16 13:35:36,954 [INFO] Converted values in 20210512_FJ_KK_LB_HUNTER_PO.raw.PEP.TMTpro_132C, 20210512_FJ_KK_LB_HUNTER_PO.raw.PEP.TMTpro_132C
<class 'float'>    284
Name: count, dtype: int64
2023-05-16 13:35:36,957 [INFO] Filled NaN values in column '20210512_FJ_KK_LB_HUNTER_PO.raw.PEP.TMTpro_132C' with 1.0
2023-05-16 13:35:36,972 [INFO] Successfully generated indexing patterns.
2023-05-16 13:35:36,975 [INFO] Patterns are: {'acc': 'PG.ProteinAccessions', 'seq': 'PEP.StrippedSequence', 'amino': 'B|J|O|U|X|Z', 'mod': 'P.MoleculeID', 'quant': 'PEP\\.TMT', 'label': '\\[TMT', 'nterm': 'N-?ter', 'nterm_label': 'TMT.*_Nter', 'lysine_label': 'K\\[TMT.{0,3}_Lys\\]'}
2023-05-16 13:35:36,976 [INFO] Format check complete.

2023-05-16 13:35:36,977 [INFO] Level is N-term
2023-05-16 13:35:36,994 [INFO] Starting annotation of peptides...
2023-05-16 13:35:36,995 [INFO] Reading MEROPS data..
2023-05-16 13:35:37,774 [INFO] Read MEROPS data
2023-05-16 13:35:37,778 [INFO] Initialized annotation dataframe.

2023-05-16 13:35:49,510 [WARNING] Peptide NLNMEADPGQYR not found in protein sequence for A0A087X2B5.
2023-05-16 13:35:49,543 [WARNING] Peptide ADPGQYR not found in protein sequence for A0A087X2B5.
2023-05-16 13:35:49,599 [WARNING] Peptide NLNMEADPGQYR not found in protein sequence for A0A087X2B5.
2023-05-16 13:35:50,717 [WARNING] Peptide YSCVFLPEPMGTANIQLHGPPR not found in protein sequence for A0A087X2B5.
2023-05-16 13:35:50,753 [WARNING] Peptide SCVFLPEPMGTANIQLHGPPR not found in protein sequence for A0A087X2B5.
2023-05-16 13:35:50,754 [WARNING] Peptide NLNMEADPGQYR not found in protein sequence for A0A087X2B5.
2023-05-16 13:35:50,758 [WARNING] Peptide SELHIENLNMEADPGQYR not found in protein sequence for A0A087X2B5.
2023-05-16 13:36:00,078 [WARNING] Error retrieving Uniprot record for A0A494C169: No SwissProt record found
2023-05-16 13:36:18,568 [INFO] Finished annotation of peptides.

2023-05-16 13:36:18,570 [INFO] Starting proteoform check...
2023-05-16 13:36:18,572 [INFO] Finished proteoform check.
2023-05-16 13:36:18,573 [INFO] Starting exopeptidase activity check...
2023-05-16 13:36:18,599 [INFO] 2 LGLGIDEDEVAAEEPNAAVPDEIPPLEGDEDASR LGIDEDEVAAEEPNAAVPDEIPPLEGDEDASR
2023-05-16 13:36:18,675 [INFO] 1 YSCVFLPEPMGTANIQLHGPPR SCVFLPEPMGTANIQLHGPPR
2023-05-16 13:36:18,683 [INFO] 2 AEAMDLGKDPNGPTHSSTLFVR AMDLGKDPNGPTHSSTLFVR
2023-05-16 13:36:18,693 [INFO] 2 AEAQALLSGDTQTDATSFYDR AQALLSGDTQTDATSFYDR
2023-05-16 13:36:18,735 [INFO] 1 KACANPAAGSVILLENLR ACANPAAGSVILLENLR
2023-05-16 13:36:18,739 [INFO] 2 KACANPAAGSVILLENLR ANPAAGSVILLENLR
2023-05-16 13:36:18,788 [INFO] 1 AAQTSPSPKAGAATGR AQTSPSPKAGAATGR
2023-05-16 13:36:18,792 [INFO] 1 SSGFSLEDPQTHSNR SGFSLEDPQTHSNR
2023-05-16 13:36:18,796 [INFO] 2 SKNLKLGIHEDSTNR NLKLGIHEDSTNR
2023-05-16 13:36:18,868 [INFO] 2 SEDFSLPAYMDR DFSLPAYMDR
2023-05-16 13:36:18,924 [INFO] 2 SPVLHFYVR VLHFYVR
2023-05-16 13:36:18,970 [INFO] Finished exopeptidase activity check.

2023-05-16 13:36:18,971 [INFO] Parsed condition file
2023-05-16 13:36:18,972 [INFO] Performing general statistics annotation...
2023-05-16 13:36:19,026 [INFO] Finished general statistics annotation.
2023-05-16 13:36:19,027 [INFO] Performing statistical testing...
2023-05-16 13:36:19,034 [INFO] Finished statistical testing.
2023-05-16 13:36:19,037 [INFO] Corrected p-values for Corrected Ttest: gluc_control using fdr_bh method
2023-05-16 13:36:19,038 [INFO] Finished multiple testing correction.

2023-05-16 13:36:19,039 [INFO] Checking fold distribution...
2023-05-16 13:36:19,190 [INFO] Finished fold distribution check.

2023-05-16 13:36:19,191 [INFO] Computing structural properties...
2023-05-16 13:36:19,193 [INFO] Reading available AlphaFold models...
2023-05-16 13:36:19,305 [INFO] Read available AlphaFold models.
2023-05-16 13:36:29,490 [WARNING] Model for H3BMP6 not available
2023-05-16 13:36:29,517 [WARNING] Model for A0A0C4DG17 not available
2023-05-16 13:36:29,533 [WARNING] Model for A0A0C4DG17 not available
2023-05-16 13:36:29,558 [WARNING] Model for A0A0C4DG17 not available
2023-05-16 13:36:29,578 [WARNING] Model for A0A0C4DG17 not available
2023-05-16 13:36:29,597 [WARNING] Model for A0A0C4DG17 not available
2023-05-16 13:36:29,616 [WARNING] Model for A0A0C4DG17 not available
2023-05-16 13:36:29,634 [WARNING] Model for A0A0C4DG17 not available
2023-05-16 13:36:29,656 [WARNING] Model for C9J6D1 not available
2023-05-16 13:36:29,684 [WARNING] Model for C9J6D1 not available
2023-05-16 13:36:31,006 [WARNING] Model for E9PB61 not available
2023-05-16 13:36:31,038 [WARNING] Model for E9PB61 not available
2023-05-16 13:36:31,068 [WARNING] Model for E9PB61 not available
2023-05-16 13:36:31,091 [WARNING] Model for E9PB61 not available
2023-05-16 13:36:32,659 [WARNING] Model for A0A0A0MS45 not available
2023-05-16 13:36:34,918 [WARNING] Model for E7EVA0 not available
2023-05-16 13:36:34,943 [WARNING] Model for E7EVA0 not available
2023-05-16 13:36:34,965 [WARNING] Model for E7EVA0 not available
2023-05-16 13:36:34,986 [WARNING] Model for E7EVA0 not available
2023-05-16 13:36:35,008 [WARNING] Model for E7EVA0 not available
2023-05-16 13:36:36,677 [WARNING] Model for C9J329 not available
2023-05-16 13:36:36,701 [WARNING] Model for C9J329 not available
2023-05-16 13:36:37,678 [WARNING] Model for P62913-2 not available
2023-05-16 13:36:37,692 [WARNING] Model for P62913-2 not available
2023-05-16 13:36:37,714 [WARNING] Model for P62913-2 not available
2023-05-16 13:36:37,739 [WARNING] Model for P62913-2 not available
2023-05-16 13:36:37,756 [WARNING] Model for P62913-2 not available
2023-05-16 13:36:42,024 [WARNING] Model for G3V180 not available
2023-05-16 13:36:42,045 [WARNING] Model for G3V180 not available
2023-05-16 13:36:46,179 [WARNING] Model for J3KRN5 not available
2023-05-16 13:36:46,195 [WARNING] Model for A0A1B0GUB2 not available
2023-05-16 13:36:46,220 [WARNING] Model for E5RGS9 not available
2023-05-16 13:36:48,662 [WARNING] Model for A0A0A0MRR3 not available
2023-05-16 13:36:50,266 [WARNING] Model for K7ELL7 not available
2023-05-16 13:36:50,291 [WARNING] Model for K7ELL7 not available
2023-05-16 13:36:50,313 [WARNING] Model for K7ELL7 not available
2023-05-16 13:36:50,335 [WARNING] Model for K7ELL7 not available
2023-05-16 13:36:50,364 [WARNING] Model for K7ELL7 not available
2023-05-16 13:36:50,386 [WARNING] Model for H3BUP2 not available
2023-05-16 13:36:50,414 [WARNING] Model for H3BUP2 not available
2023-05-16 13:36:50,853 [WARNING] Model for C9J7Z4 not available
2023-05-16 13:36:50,874 [WARNING] Model for C9JR82 not available
2023-05-16 13:36:50,898 [WARNING] Model for C9JR82 not available
2023-05-16 13:36:50,924 [WARNING] Model for H3BT13 not available
2023-05-16 13:36:50,945 [WARNING] Model for H3BT13 not available
2023-05-16 13:36:50,968 [WARNING] Model for H3BT13 not available
2023-05-16 13:36:51,002 [WARNING] Model for P58107 not available
2023-05-16 13:36:51,028 [WARNING] Model for P58107 not available
2023-05-16 13:36:51,055 [WARNING] Model for P58107 not available
2023-05-16 13:36:51,083 [WARNING] Model for P58107 not available
2023-05-16 13:36:51,121 [WARNING] Model for P58107 not available
2023-05-16 13:36:51,158 [WARNING] Model for P58107 not available
2023-05-16 13:36:51,187 [WARNING] Model for P58107 not available
2023-05-16 13:36:51,506 [WARNING] Model for A0A494BZZ2 not available
2023-05-16 13:36:51,526 [WARNING] Model for B9A055 not available
2023-05-16 13:37:01,147 [WARNING] Model for D6RBK3 not available
2023-05-16 13:37:01,163 [WARNING] Model for F8WAS3 not available
2023-05-16 13:37:01,184 [WARNING] Model for A0A2R8YF49 not available
2023-05-16 13:37:02,627 [WARNING] Model for E9PLY5 not available
2023-05-16 13:37:04,755 [WARNING] Model for H3BN72 not available
2023-05-16 13:37:04,777 [WARNING] Model for H3BN72 not available
2023-05-16 13:37:04,804 [WARNING] Model for H3BN72 not available
2023-05-16 13:37:04,828 [WARNING] Model for H3BN72 not available
2023-05-16 13:37:04,851 [WARNING] Model for C9J9C1 not available
2023-05-16 13:37:04,873 [WARNING] Model for C9J9C1 not available
2023-05-16 13:37:04,896 [WARNING] Model for A0A087WW66 not available
2023-05-16 13:37:04,918 [WARNING] Model for A0A0U1RQF0 not available
2023-05-16 13:37:04,939 [WARNING] Model for A0A0U1RQF0 not available
2023-05-16 13:37:04,958 [WARNING] Model for A0A0U1RQF0 not available
2023-05-16 13:37:04,980 [WARNING] Model for A0A0U1RQF0 not available
2023-05-16 13:37:05,004 [WARNING] Model for A0A0U1RQF0 not available
2023-05-16 13:37:05,031 [WARNING] Model for A0A0U1RQF0 not available
2023-05-16 13:37:05,059 [WARNING] Model for A0A0U1RQF0 not available
2023-05-16 13:37:05,079 [WARNING] Model for A0A0U1RQF0 not available
2023-05-16 13:37:05,106 [WARNING] Model for A0A0U1RQF0 not available
2023-05-16 13:37:05,136 [WARNING] Model for A0A0U1RQF0 not available
2023-05-16 13:37:05,160 [WARNING] Model for A0A0U1RQF0 not available
2023-05-16 13:37:05,181 [WARNING] Model for A0A0U1RQF0 not available
2023-05-16 13:37:05,200 [WARNING] Model for A0A0U1RQF0 not available
2023-05-16 13:37:05,226 [WARNING] Model for A0A0U1RQF0 not available
2023-05-16 13:37:05,248 [WARNING] Model for A0A0U1RQF0 not available
2023-05-16 13:37:05,265 [WARNING] Model for A0A0U1RQF0 not available
2023-05-16 13:37:05,293 [WARNING] Model for A0A0U1RQF0 not available
2023-05-16 13:37:05,328 [WARNING] Model for A0A0U1RQF0 not available
2023-05-16 13:37:05,362 [WARNING] Model for A0A0U1RQF0 not available
2023-05-16 13:37:05,393 [WARNING] Model for A0A0U1RQF0 not available
2023-05-16 13:37:05,425 [WARNING] Model for A0A0U1RQF0 not available
2023-05-16 13:37:05,455 [WARNING] Model for A0A0U1RQF0 not available
2023-05-16 13:37:05,483 [WARNING] Model for A0A0U1RQF0 not available
2023-05-16 13:37:05,514 [WARNING] Model for A0A0U1RQF0 not available
2023-05-16 13:37:05,546 [WARNING] Model for A0A0U1RQF0 not available
2023-05-16 13:37:05,571 [WARNING] Model for A0A0U1RQF0 not available
2023-05-16 13:37:05,601 [WARNING] Model for A0A0U1RQF0 not available
2023-05-16 13:37:05,635 [WARNING] Model for A0A0U1RQF0 not available
2023-05-16 13:37:05,666 [WARNING] Model for A0A0U1RQF0 not available
2023-05-16 13:37:05,696 [WARNING] Model for A0A0U1RQF0 not available
2023-05-16 13:37:10,494 [WARNING] Model for B4E0Y9 not available
2023-05-16 13:37:10,513 [WARNING] Model for D6RAT0 not available
2023-05-16 13:37:10,530 [WARNING] Model for D6RAT0 not available
2023-05-16 13:37:10,548 [WARNING] Model for D6RAT0 not available
2023-05-16 13:37:10,565 [WARNING] Model for D6RAT0 not available
2023-05-16 13:37:10,582 [WARNING] Model for A0A0D9SEI7 not available
2023-05-16 13:37:13,483 [WARNING] Model for Q01105-2 not available
2023-05-16 13:37:13,509 [WARNING] Model for Q01105-2 not available
2023-05-16 13:37:13,530 [WARNING] Model for Q01105-2 not available
2023-05-16 13:37:13,531 [INFO] Finished computing structural properties.
2023-05-16 13:37:13,532 [INFO] Generating figures...
2023-05-16 13:37:27,403 [INFO] Starting gallery generation...
2023-05-16 13:37:35,246 [INFO] Finished gallery generation.
2023-05-16 13:37:35,247 [INFO] Starting protein plotting...
2023-05-16 13:37:46,764 [WARNING] Alphafold model for A0A0C4DG17 not available.
2023-05-16 13:37:47,379 [WARNING] Alphafold model for C9J6D1 not available.
2023-05-16 13:37:53,235 [WARNING] Alphafold model for E9PB61 not available.
2023-05-16 13:37:59,029 [WARNING] Alphafold model for A0A0A0MS45 not available.
2023-05-16 13:38:09,163 [WARNING] Alphafold model for E7EVA0 not available.
2023-05-16 13:38:12,653 [WARNING] Alphafold model for C9J329 not available.
2023-05-16 13:38:13,262 [WARNING] Alphafold model for A0A087X2B5 not available.
2023-05-16 13:38:16,688 [WARNING] Alphafold model for P62913-2 not available.
2023-05-16 13:38:40,571 [WARNING] Alphafold model for E5RGS9 not available.
2023-05-16 13:38:48,592 [WARNING] Alphafold model for K7ELL7 not available.
2023-05-16 13:38:49,289 [WARNING] Alphafold model for H3BUP2 not available.
2023-05-16 13:38:49,901 [WARNING] Alphafold model for C9J7Z4 not available.
2023-05-16 13:38:50,685 [WARNING] Alphafold model for H3BT13 not available.
2023-05-16 13:38:51,363 [WARNING] Alphafold model for P58107 not available.
2023-05-16 13:39:22,527 [WARNING] Alphafold model for F8WAS3 not available.
2023-05-16 13:39:23,125 [WARNING] Alphafold model for A0A2R8YF49 not available.
2023-05-16 13:39:41,383 [WARNING] Alphafold model for H3BN72 not available.
2023-05-16 13:39:41,987 [WARNING] Alphafold model for C9J9C1 not available.
2023-05-16 13:39:42,739 [WARNING] Alphafold model for A0A0U1RQF0 not available.
2023-05-16 13:39:53,492 [WARNING] Alphafold model for B4E0Y9 not available.
2023-05-16 13:39:54,110 [WARNING] Alphafold model for D6RAT0 not available.
2023-05-16 13:39:54,710 [WARNING] Alphafold model for A0A0D9SEI7 not available.
2023-05-16 13:40:05,724 [WARNING] Alphafold model for Q01105-2 not available.
2023-05-16 13:40:06,980 [INFO] Finished protein plotting.
2023-05-16 13:40:06,981 [INFO] Finished protein plotting.
2023-05-16 13:40:06,981 [INFO] Finished generating figures.
2023-05-16 13:40:06,981 [INFO] Writing output files...
2023-05-16 13:40:14,434 [INFO] Finished. Wrote results to C:\Users\konka\Documents\annotator\results\20230516133536.
2023-05-16 13:40:15,005 [INFO] Finished writing output files
2023-05-16 13:40:15,005 [INFO] 
CLIPPER 2.0 pipeline completed in 0:04:38.697830.

