2023-05-09 11:08:07,533 [INFO] Annotator started at 2023-05-09 11:08:07.
2023-05-09 11:08:07,536 [INFO] Arguments: {'infile': '..\\tests\\HUNTER_clean_100.xlsx', 'infile_type': 'infer', 'software': 'infer', 'level': 'all', 'dropna': False, 'sleeptime': 0.2, 'noexo': False, 'nomerops': False, 'singlecpu': False, 'conditionfile': '..\\tests\\cond_HUNTER.txt', 'stat': True, 'stat_pairwise': False, 'significance': None, 'visualize': True, 'logo': None, 'pseudocounts': True, 'output_name': None, 'outfile_type': 'xlsx', 'separate': False}
2023-05-09 11:08:07,536 [INFO] Initialization successful.
2023-05-09 11:08:07,537 [INFO] Reading file...

2023-05-09 11:08:07,538 [INFO] Input is excel
2023-05-09 11:08:07,782 [INFO] Read dataframe.
2023-05-09 11:08:07,783 [INFO] Read input with 284 peptides
2023-05-09 11:08:07,783 [INFO] Input software is sm
2023-05-09 11:08:07,788 [INFO] Successfully generated indexing patterns
2023-05-09 11:08:07,789 [INFO] Format check complete

2023-05-09 11:08:07,792 [INFO] Starting annotation of peptides...
2023-05-09 11:08:07,792 [INFO] Reading MEROPS data..
2023-05-09 11:08:08,195 [INFO] Read MEROPS data
2023-05-09 11:08:08,197 [INFO] Initialized annotation dataframe.

2023-05-09 11:08:24,913 [WARNING] Peptide NLNMEADPGQYR not found in protein sequence for A0A087X2B5.
2023-05-09 11:08:24,990 [WARNING] Peptide YSCVFLPEPMGTANIQLHGPPR not found in protein sequence for A0A087X2B5.
2023-05-09 11:08:25,027 [WARNING] Peptide ADPGQYR not found in protein sequence for A0A087X2B5.
2023-05-09 11:08:25,148 [WARNING] Peptide NLNMEADPGQYR not found in protein sequence for A0A087X2B5.
2023-05-09 11:08:25,185 [WARNING] Peptide SELHIENLNMEADPGQYR not found in protein sequence for A0A087X2B5.
2023-05-09 11:08:25,238 [WARNING] Peptide NLNMEADPGQYR not found in protein sequence for A0A087X2B5.
2023-05-09 11:08:30,988 [WARNING] Peptide SCVFLPEPMGTANIQLHGPPR not found in protein sequence for A0A087X2B5.
2023-05-09 11:08:46,408 [WARNING] Error retrieving Uniprot record for A0A494C169: No SwissProt record found
2023-05-09 11:09:13,001 [INFO] Finished annotation of peptides.

2023-05-09 11:09:13,002 [INFO] Starting proteoform check...
2023-05-09 11:09:13,003 [INFO] Finished proteoform check.
2023-05-09 11:09:13,004 [INFO] Starting exopeptidase activity check...
2023-05-09 11:09:13,021 [INFO] 2 LGLGIDEDEVAAEEPNAAVPDEIPPLEGDEDASR LGIDEDEVAAEEPNAAVPDEIPPLEGDEDASR
2023-05-09 11:09:13,047 [INFO] 1 YSCVFLPEPMGTANIQLHGPPR SCVFLPEPMGTANIQLHGPPR
2023-05-09 11:09:13,049 [INFO] 2 AEAMDLGKDPNGPTHSSTLFVR AMDLGKDPNGPTHSSTLFVR
2023-05-09 11:09:13,054 [INFO] 2 AEAQALLSGDTQTDATSFYDR AQALLSGDTQTDATSFYDR
2023-05-09 11:09:13,065 [INFO] 1 KACANPAAGSVILLENLR ACANPAAGSVILLENLR
2023-05-09 11:09:13,066 [INFO] 2 KACANPAAGSVILLENLR ANPAAGSVILLENLR
2023-05-09 11:09:13,081 [INFO] 1 AAQTSPSPKAGAATGR AQTSPSPKAGAATGR
2023-05-09 11:09:13,084 [INFO] 1 SSGFSLEDPQTHSNR SGFSLEDPQTHSNR
2023-05-09 11:09:13,086 [INFO] 2 SKNLKLGIHEDSTNR NLKLGIHEDSTNR
2023-05-09 11:09:13,111 [INFO] 2 SEDFSLPAYMDR DFSLPAYMDR
2023-05-09 11:09:13,133 [INFO] 2 SPVLHFYVR VLHFYVR
2023-05-09 11:09:13,150 [INFO] Finished exopeptidase activity check.

2023-05-09 11:09:13,151 [INFO] Parsed condition file
2023-05-09 11:09:13,151 [INFO] Performing general statistics annotation...
2023-05-09 11:09:13,166 [INFO] Finished general statistics annotation.
2023-05-09 11:09:13,167 [INFO] Performing statistical testing...
2023-05-09 11:09:13,170 [INFO] Finished statistical testing.
2023-05-09 11:09:13,171 [INFO] Corrected p-values for Corrected Ttest: gluc_control using fdr_bh method
2023-05-09 11:09:13,171 [INFO] Finished multiple testing correction.

2023-05-09 11:09:13,171 [INFO] Generating figures...
