2023-05-05 15:49:43,796 [INFO] Annotator started at 2023-05-05 15:49:43.
2023-05-05 15:49:43,798 [INFO] Arguments: {'infile': '..\\tests\\HUNTER_clean_100.xlsx', 'infile_type': 'infer', 'software': 'infer', 'level': 'all', 'dropna': False, 'sleeptime': 0.2, 'noexo': False, 'nomerops': False, 'singlecpu': False, 'conditionfile': '..\\tests\\cond_HUNTER.txt', 'stat': True, 'stat_pairwise': True, 'significance': None, 'visualize': True, 'logo': 'all', 'pseudocounts': True, 'output_name': None, 'outfile_type': 'xlsx', 'separate': False}
2023-05-05 15:49:43,800 [INFO] Initialization successful.
2023-05-05 15:49:43,800 [INFO] Reading file...

2023-05-05 15:49:43,801 [INFO] Input is excel
2023-05-05 15:49:44,068 [INFO] Read dataframe.
2023-05-05 15:49:44,068 [INFO] Read input with 284 peptides
2023-05-05 15:49:44,069 [INFO] Input software is sm
2023-05-05 15:49:44,072 [INFO] Successfully generated indexing patterns
2023-05-05 15:49:44,072 [INFO] Format check complete

2023-05-05 15:49:44,074 [INFO] Starting annotation of peptides...
2023-05-05 15:49:44,074 [INFO] Reading MEROPS data..
2023-05-05 15:49:44,471 [INFO] Read MEROPS data
2023-05-05 15:49:44,473 [INFO] Initialized annotation dataframe.

2023-05-05 15:49:52,389 [WARNING] Peptide NLNMEADPGQYR not found in protein sequence for A0A087X2B5.
2023-05-05 15:49:52,410 [WARNING] Peptide NLNMEADPGQYR not found in protein sequence for A0A087X2B5.
2023-05-05 15:49:52,540 [WARNING] Peptide ADPGQYR not found in protein sequence for A0A087X2B5.
2023-05-05 15:49:52,550 [WARNING] Peptide SELHIENLNMEADPGQYR not found in protein sequence for A0A087X2B5.
2023-05-05 15:49:52,557 [WARNING] Peptide YSCVFLPEPMGTANIQLHGPPR not found in protein sequence for A0A087X2B5.
2023-05-05 15:49:52,608 [WARNING] Peptide NLNMEADPGQYR not found in protein sequence for A0A087X2B5.
2023-05-05 15:49:54,160 [WARNING] Peptide SCVFLPEPMGTANIQLHGPPR not found in protein sequence for A0A087X2B5.
2023-05-05 15:49:59,885 [WARNING] Error retrieving Uniprot record for A0A494C169: No SwissProt record found
2023-05-05 15:50:12,573 [INFO] Finished annotation of peptides.

2023-05-05 15:50:12,573 [INFO] Starting proteoform check...
2023-05-05 15:50:12,574 [INFO] Finished proteoform check.
2023-05-05 15:50:12,574 [INFO] Starting exopeptidase activity check...
2023-05-05 15:50:12,587 [INFO] 2 LGLGIDEDEVAAEEPNAAVPDEIPPLEGDEDASR LGIDEDEVAAEEPNAAVPDEIPPLEGDEDASR
2023-05-05 15:50:12,612 [INFO] 1 YSCVFLPEPMGTANIQLHGPPR SCVFLPEPMGTANIQLHGPPR
2023-05-05 15:50:12,614 [INFO] 2 AEAMDLGKDPNGPTHSSTLFVR AMDLGKDPNGPTHSSTLFVR
2023-05-05 15:50:12,618 [INFO] 2 AEAQALLSGDTQTDATSFYDR AQALLSGDTQTDATSFYDR
2023-05-05 15:50:12,630 [INFO] 1 KACANPAAGSVILLENLR ACANPAAGSVILLENLR
2023-05-05 15:50:12,631 [INFO] 2 KACANPAAGSVILLENLR ANPAAGSVILLENLR
2023-05-05 15:50:12,644 [INFO] 1 AAQTSPSPKAGAATGR AQTSPSPKAGAATGR
2023-05-05 15:50:12,646 [INFO] 1 SSGFSLEDPQTHSNR SGFSLEDPQTHSNR
2023-05-05 15:50:12,647 [INFO] 2 SKNLKLGIHEDSTNR NLKLGIHEDSTNR
2023-05-05 15:50:12,669 [INFO] 2 SEDFSLPAYMDR DFSLPAYMDR
2023-05-05 15:50:12,688 [INFO] 2 SPVLHFYVR VLHFYVR
2023-05-05 15:50:12,703 [INFO] Finished exopeptidase activity check.

2023-05-05 15:50:12,704 [INFO] Parsed condition file
2023-05-05 15:50:12,704 [INFO] Performing general statistics annotation...
2023-05-05 15:50:12,718 [INFO] Finished general statistics annotation.
2023-05-05 15:50:12,718 [INFO] Performing statistical testing...
2023-05-05 15:50:12,721 [INFO] Finished statistical testing
.
2023-05-05 15:50:12,722 [INFO] Generating figures...
2023-05-05 15:50:16,165 [INFO] Starting gallery generation...
2023-05-05 15:50:20,459 [INFO] Finished gallery generation...
2023-05-05 15:50:20,460 [INFO] Finished generating figures.
2023-05-05 15:50:20,460 [INFO] Generating logos...
2023-05-05 15:50:26,801 [INFO] Finished generating logos.

2023-05-05 15:50:26,801 [INFO] Writing output files...
2023-05-05 15:50:35,067 [INFO] Finished. Wrote results to D:\DTU\PhD\Projects\CLIPPER\annotator\results\20230505154943.
2023-05-05 15:50:35,282 [INFO] Finished writing output files
2023-05-05 15:50:35,282 [INFO] 
CLIPPER 2.0 pipeline completed in 0:00:51.486448.

