2023-05-09 10:01:42,455 [INFO] Annotator started at 2023-05-09 10:01:42.
2023-05-09 10:01:42,458 [INFO] Arguments: {'infile': '..\\tests\\HUNTER_clean_100.xlsx', 'infile_type': 'infer', 'software': 'infer', 'level': 'all', 'dropna': False, 'sleeptime': 0.2, 'noexo': False, 'nomerops': False, 'singlecpu': False, 'conditionfile': '..\\tests\\cond_HUNTER.txt', 'stat': True, 'stat_pairwise': False, 'significance': None, 'visualize': True, 'logo': None, 'pseudocounts': True, 'output_name': None, 'outfile_type': 'xlsx', 'separate': False}
2023-05-09 10:01:42,458 [INFO] Initialization successful.
2023-05-09 10:01:42,459 [INFO] Reading file...

2023-05-09 10:01:42,460 [INFO] Input is excel
2023-05-09 10:01:42,773 [INFO] Read dataframe.
2023-05-09 10:01:42,773 [INFO] Read input with 284 peptides
2023-05-09 10:01:42,774 [INFO] Input software is sm
2023-05-09 10:01:42,779 [INFO] Successfully generated indexing patterns
2023-05-09 10:01:42,779 [INFO] Format check complete

2023-05-09 10:01:42,782 [INFO] Starting annotation of peptides...
2023-05-09 10:01:42,783 [INFO] Reading MEROPS data..
2023-05-09 10:01:43,260 [INFO] Read MEROPS data
2023-05-09 10:01:43,262 [INFO] Initialized annotation dataframe.

2023-05-09 10:02:03,662 [WARNING] Peptide NLNMEADPGQYR not found in protein sequence for A0A087X2B5.
2023-05-09 10:02:03,664 [WARNING] Peptide NLNMEADPGQYR not found in protein sequence for A0A087X2B5.
2023-05-09 10:02:03,754 [WARNING] Peptide YSCVFLPEPMGTANIQLHGPPR not found in protein sequence for A0A087X2B5.
2023-05-09 10:02:03,768 [WARNING] Peptide ADPGQYR not found in protein sequence for A0A087X2B5.
2023-05-09 10:02:03,893 [WARNING] Peptide NLNMEADPGQYR not found in protein sequence for A0A087X2B5.
2023-05-09 10:02:03,895 [WARNING] Peptide SELHIENLNMEADPGQYR not found in protein sequence for A0A087X2B5.
2023-05-09 10:02:06,204 [WARNING] Peptide SCVFLPEPMGTANIQLHGPPR not found in protein sequence for A0A087X2B5.
2023-05-09 10:02:23,923 [WARNING] Error retrieving Uniprot record for A0A494C169: No SwissProt record found
2023-05-09 10:02:50,740 [INFO] Finished annotation of peptides.

2023-05-09 10:02:50,741 [INFO] Starting proteoform check...
2023-05-09 10:02:50,742 [INFO] Finished proteoform check.
2023-05-09 10:02:50,742 [INFO] Starting exopeptidase activity check...
2023-05-09 10:02:50,758 [INFO] 2 LGLGIDEDEVAAEEPNAAVPDEIPPLEGDEDASR LGIDEDEVAAEEPNAAVPDEIPPLEGDEDASR
2023-05-09 10:02:50,783 [INFO] 1 YSCVFLPEPMGTANIQLHGPPR SCVFLPEPMGTANIQLHGPPR
2023-05-09 10:02:50,785 [INFO] 2 AEAMDLGKDPNGPTHSSTLFVR AMDLGKDPNGPTHSSTLFVR
2023-05-09 10:02:50,789 [INFO] 2 AEAQALLSGDTQTDATSFYDR AQALLSGDTQTDATSFYDR
2023-05-09 10:02:50,802 [INFO] 1 KACANPAAGSVILLENLR ACANPAAGSVILLENLR
2023-05-09 10:02:50,804 [INFO] 2 KACANPAAGSVILLENLR ANPAAGSVILLENLR
2023-05-09 10:02:50,819 [INFO] 1 AAQTSPSPKAGAATGR AQTSPSPKAGAATGR
2023-05-09 10:02:50,821 [INFO] 1 SSGFSLEDPQTHSNR SGFSLEDPQTHSNR
2023-05-09 10:02:50,822 [INFO] 2 SKNLKLGIHEDSTNR NLKLGIHEDSTNR
2023-05-09 10:02:50,845 [INFO] 2 SEDFSLPAYMDR DFSLPAYMDR
2023-05-09 10:02:50,867 [INFO] 2 SPVLHFYVR VLHFYVR
2023-05-09 10:02:50,885 [INFO] Finished exopeptidase activity check.

2023-05-09 10:02:50,889 [INFO] Parsed condition file
2023-05-09 10:02:50,889 [INFO] Performing general statistics annotation...
2023-05-09 10:02:50,907 [INFO] Finished general statistics annotation.
2023-05-09 10:02:50,907 [INFO] Performing statistical testing...
2023-05-09 10:02:50,912 [INFO] Finished statistical testing.
2023-05-09 10:02:50,913 [INFO] Corrected p-values for Corrected Ttest: gluc_control using fdr_bh method
2023-05-09 10:02:50,913 [INFO] Finished multiple testing correction.

2023-05-09 10:02:50,913 [INFO] Generating figures...
2023-05-09 10:03:03,400 [INFO] Starting gallery generation...
2023-05-09 10:03:07,781 [INFO] Finished gallery generation.
2023-05-09 10:03:07,781 [INFO] Starting sequence plotting...
2023-05-09 10:05:41,466 [INFO] Finished sequence plotting.
2023-05-09 10:05:41,466 [INFO] Finished sequence plotting.
2023-05-09 10:05:41,468 [INFO] Finished generating figures.
2023-05-09 10:05:41,468 [INFO] Writing output files...
2023-05-09 10:05:46,623 [INFO] Finished. Wrote results to D:\DTU\PhD\Projects\CLIPPER\annotator\results\20230509100142.
2023-05-09 10:05:46,760 [INFO] Finished writing output files
2023-05-09 10:05:46,761 [INFO] 
CLIPPER 2.0 pipeline completed in 0:04:04.306719.

