2023-05-08 15:14:00,294 [INFO] Annotator started at 2023-05-08 15:14:00.
2023-05-08 15:14:00,303 [INFO] Arguments: {'infile': '..\\tests\\HUNTER_clean_100.xlsx', 'infile_type': 'infer', 'software': 'infer', 'level': 'all', 'dropna': False, 'sleeptime': 0.2, 'noexo': False, 'nomerops': False, 'singlecpu': False, 'conditionfile': '..\\tests\\cond_HUNTER.txt', 'stat': True, 'stat_pairwise': False, 'significance': None, 'visualize': True, 'logo': None, 'pseudocounts': True, 'output_name': None, 'outfile_type': 'xlsx', 'separate': False}
2023-05-08 15:14:00,304 [INFO] Initialization successful.
2023-05-08 15:14:00,313 [INFO] Reading file...

2023-05-08 15:14:00,314 [INFO] Input is excel
2023-05-08 15:14:00,866 [INFO] Read dataframe.
2023-05-08 15:14:00,867 [INFO] Read input with 284 peptides
2023-05-08 15:14:00,868 [INFO] Input software is sm
2023-05-08 15:14:00,879 [INFO] Successfully generated indexing patterns
2023-05-08 15:14:00,880 [INFO] Format check complete

2023-05-08 15:14:00,883 [INFO] Starting annotation of peptides...
2023-05-08 15:14:00,884 [INFO] Reading MEROPS data..
2023-05-08 15:14:01,495 [INFO] Read MEROPS data
2023-05-08 15:14:01,500 [INFO] Initialized annotation dataframe.

2023-05-08 15:14:23,195 [WARNING] Peptide SELHIENLNMEADPGQYR not found in protein sequence for A0A087X2B5.
2023-05-08 15:14:23,216 [WARNING] Peptide NLNMEADPGQYR not found in protein sequence for A0A087X2B5.
2023-05-08 15:14:23,250 [WARNING] Peptide ADPGQYR not found in protein sequence for A0A087X2B5.
2023-05-08 15:14:23,261 [WARNING] Peptide NLNMEADPGQYR not found in protein sequence for A0A087X2B5.
2023-05-08 15:14:23,265 [WARNING] Peptide YSCVFLPEPMGTANIQLHGPPR not found in protein sequence for A0A087X2B5.
2023-05-08 15:14:23,271 [WARNING] Peptide NLNMEADPGQYR not found in protein sequence for A0A087X2B5.
2023-05-08 15:14:24,336 [WARNING] Peptide SCVFLPEPMGTANIQLHGPPR not found in protein sequence for A0A087X2B5.
2023-05-08 15:14:35,606 [WARNING] Error retrieving Uniprot record for A0A494C169: No SwissProt record found
2023-05-08 15:15:10,095 [INFO] Finished annotation of peptides.

2023-05-08 15:15:10,095 [INFO] Starting proteoform check...
2023-05-08 15:15:10,102 [INFO] Finished proteoform check.
2023-05-08 15:15:10,103 [INFO] Starting exopeptidase activity check...
2023-05-08 15:15:10,120 [INFO] 2 LGLGIDEDEVAAEEPNAAVPDEIPPLEGDEDASR LGIDEDEVAAEEPNAAVPDEIPPLEGDEDASR
2023-05-08 15:15:10,161 [INFO] 1 YSCVFLPEPMGTANIQLHGPPR SCVFLPEPMGTANIQLHGPPR
2023-05-08 15:15:10,165 [INFO] 2 AEAMDLGKDPNGPTHSSTLFVR AMDLGKDPNGPTHSSTLFVR
2023-05-08 15:15:10,170 [INFO] 2 AEAQALLSGDTQTDATSFYDR AQALLSGDTQTDATSFYDR
2023-05-08 15:15:10,187 [INFO] 1 KACANPAAGSVILLENLR ACANPAAGSVILLENLR
2023-05-08 15:15:10,188 [INFO] 2 KACANPAAGSVILLENLR ANPAAGSVILLENLR
2023-05-08 15:15:10,208 [INFO] 1 AAQTSPSPKAGAATGR AQTSPSPKAGAATGR
2023-05-08 15:15:10,212 [INFO] 1 SSGFSLEDPQTHSNR SGFSLEDPQTHSNR
2023-05-08 15:15:10,215 [INFO] 2 SKNLKLGIHEDSTNR NLKLGIHEDSTNR
2023-05-08 15:15:10,247 [INFO] 2 SEDFSLPAYMDR DFSLPAYMDR
2023-05-08 15:15:10,271 [INFO] 2 SPVLHFYVR VLHFYVR
2023-05-08 15:15:10,296 [INFO] Finished exopeptidase activity check.

2023-05-08 15:15:10,307 [INFO] Parsed condition file
2023-05-08 15:15:10,307 [INFO] Performing general statistics annotation...
2023-05-08 15:15:10,342 [INFO] Finished general statistics annotation.
2023-05-08 15:15:10,342 [INFO] Performing statistical testing...
2023-05-08 15:15:10,347 [INFO] Finished statistical testing.
2023-05-08 15:15:10,349 [INFO] Corrected p-values for Corrected Ttest: gluc_control using fdr_bh method
2023-05-08 15:15:10,351 [INFO] Finished multiple testing correction.

2023-05-08 15:15:10,351 [INFO] Generating figures...
2023-05-08 15:15:24,739 [INFO] Starting gallery generation...
2023-05-08 15:15:28,951 [INFO] Finished gallery generation.
2023-05-08 15:15:28,952 [INFO] Starting sequence plotting...
