2023-05-22 18:16:06,029 [INFO] Annotator started at 2023-05-22 18:16:06.
2023-05-22 18:16:06,033 [INFO] Arguments: {'infile': '..\\tests\\HUNTER_clean_100.xlsx', 'infile_type': 'infer', 'software': 'infer', 'level': 'all', 'dropna': False, 'fillna': None, 'sleeptime': 0.2, 'noexo': False, 'nomerops': False, 'calcstructure': None, 'singlecpu': False, 'conditionfile': '..\\tests\\cond_HUNTER.txt', 'stat': True, 'stat_pairwise': True, 'significance': 'all', 'visualize': True, 'logo': None, 'pseudocounts': True, 'cleavagevis': None, 'enrichment': False, 'pathway': False, 'output_name': None, 'outfile_type': 'xlsx', 'separate': False}
2023-05-22 18:16:06,038 [INFO] Initialization successful.
2023-05-22 18:16:06,040 [INFO] Reading file...
2023-05-22 18:16:06,041 [INFO] Input is excel
2023-05-22 18:16:06,349 [INFO] Read dataframe.
2023-05-22 18:16:06,350 [INFO] Read input with 284 peptides

2023-05-22 18:16:06,351 [INFO] Input software is sm
2023-05-22 18:16:06,354 [INFO] Converted values in 20210512_FJ_KK_LB_HUNTER_PO.raw.PEP.TMTpro_127C to numeric type
2023-05-22 18:16:06,356 [INFO] Converted values in 20210512_FJ_KK_LB_HUNTER_PO.raw.PEP.TMTpro_128C to numeric type
2023-05-22 18:16:06,359 [INFO] Converted values in 20210512_FJ_KK_LB_HUNTER_PO.raw.PEP.TMTpro_129C to numeric type
2023-05-22 18:16:06,362 [INFO] Converted values in 20210512_FJ_KK_LB_HUNTER_PO.raw.PEP.TMTpro_130C to numeric type
2023-05-22 18:16:06,364 [INFO] Converted values in 20210512_FJ_KK_LB_HUNTER_PO.raw.PEP.TMTpro_131C to numeric type
2023-05-22 18:16:06,366 [INFO] Converted values in 20210512_FJ_KK_LB_HUNTER_PO.raw.PEP.TMTpro_132C to numeric type
2023-05-22 18:16:06,370 [INFO] Successfully generated indexing patterns.
2023-05-22 18:16:06,371 [INFO] Patterns are: {'acc': 'PG.ProteinAccessions', 'seq': 'PEP.StrippedSequence', 'amino': 'B|J|O|U|X|Z', 'mod': 'P.MoleculeID', 'quant': 'PEP\\.TMT', 'label': '\\[TMT', 'nterm': 'N-?ter', 'nterm_label': 'TMT.*_Nter', 'lysine_label': 'K\\[TMT.{0,3}_Lys\\]'}
2023-05-22 18:16:06,371 [INFO] Format check complete.

2023-05-22 18:16:06,377 [INFO] Starting annotation of peptides...
2023-05-22 18:16:06,377 [INFO] Reading MEROPS data..
2023-05-22 18:16:06,797 [INFO] Read MEROPS data
2023-05-22 18:16:06,801 [INFO] Initialized annotation dataframe.

2023-05-22 18:16:19,168 [WARNING] Peptide NLNMEADPGQYR not found in protein sequence for A0A087X2B5.
2023-05-22 18:16:19,184 [WARNING] Peptide NLNMEADPGQYR not found in protein sequence for A0A087X2B5.
2023-05-22 18:16:19,185 [WARNING] Peptide SELHIENLNMEADPGQYR not found in protein sequence for A0A087X2B5.
2023-05-22 18:16:19,187 [WARNING] Peptide ADPGQYR not found in protein sequence for A0A087X2B5.
2023-05-22 18:16:19,192 [WARNING] Peptide NLNMEADPGQYR not found in protein sequence for A0A087X2B5.
2023-05-22 18:16:19,194 [WARNING] Peptide YSCVFLPEPMGTANIQLHGPPR not found in protein sequence for A0A087X2B5.
2023-05-22 18:16:19,990 [WARNING] Peptide SCVFLPEPMGTANIQLHGPPR not found in protein sequence for A0A087X2B5.
2023-05-22 18:16:29,606 [WARNING] Error retrieving Uniprot record for A0A494C169: No SwissProt record found
2023-05-22 18:16:50,028 [INFO] Finished annotation of peptides.

2023-05-22 18:16:50,030 [INFO] Starting annotation of Protein Atlas data...
2023-05-22 18:16:50,030 [INFO] Reading Protein Atlas data..
2023-05-22 18:16:50,545 [INFO] Read Protein Atlas data.
2023-05-22 18:16:50,559 [WARNING] Duplicates found in 'Uniprot' column of 'protein_atlas_sub'. Dropping duplicates.
2023-05-22 18:16:50,576 [INFO] Finished annotation of Protein Atlas data.

2023-05-22 18:16:50,576 [INFO] Starting proteoform check...
2023-05-22 18:16:50,577 [INFO] Finished proteoform check.
2023-05-22 18:16:50,579 [INFO] Starting exopeptidase activity check...
2023-05-22 18:16:50,593 [INFO] 2 LGLGIDEDEVAAEEPNAAVPDEIPPLEGDEDASR LGIDEDEVAAEEPNAAVPDEIPPLEGDEDASR
2023-05-22 18:16:50,631 [INFO] 1 YSCVFLPEPMGTANIQLHGPPR SCVFLPEPMGTANIQLHGPPR
2023-05-22 18:16:50,634 [INFO] 2 AEAMDLGKDPNGPTHSSTLFVR AMDLGKDPNGPTHSSTLFVR
2023-05-22 18:16:50,638 [INFO] 2 AEAQALLSGDTQTDATSFYDR AQALLSGDTQTDATSFYDR
2023-05-22 18:16:50,657 [INFO] 1 KACANPAAGSVILLENLR ACANPAAGSVILLENLR
2023-05-22 18:16:50,659 [INFO] 2 KACANPAAGSVILLENLR ANPAAGSVILLENLR
2023-05-22 18:16:50,679 [INFO] 1 AAQTSPSPKAGAATGR AQTSPSPKAGAATGR
2023-05-22 18:16:50,681 [INFO] 1 SSGFSLEDPQTHSNR SGFSLEDPQTHSNR
2023-05-22 18:16:50,683 [INFO] 2 SKNLKLGIHEDSTNR NLKLGIHEDSTNR
2023-05-22 18:16:50,721 [INFO] 2 SEDFSLPAYMDR DFSLPAYMDR
2023-05-22 18:16:50,752 [INFO] 2 SPVLHFYVR VLHFYVR
2023-05-22 18:16:50,775 [INFO] Finished exopeptidase activity check.

2023-05-22 18:16:50,785 [INFO] Parsed condition file
2023-05-22 18:16:50,785 [INFO] Performing general statistics annotation...
2023-05-22 18:16:50,805 [INFO] Finished general statistics annotation.
2023-05-22 18:16:50,807 [INFO] Performing statistical testing...
2023-05-22 18:16:50,811 [INFO] Finished statistical testing.
2023-05-22 18:16:50,812 [INFO] Corrected p-values for Corrected Ttest: gluc_control using fdr_bh method
2023-05-22 18:16:50,813 [INFO] Finished multiple testing correction.

2023-05-22 18:16:50,813 [INFO] Checking fold distribution...
2023-05-22 18:16:50,867 [INFO] Finished fold distribution check.

2023-05-22 18:16:50,868 [INFO] Generating figures...
