2023-05-05 16:04:11,510 [INFO] Annotator started at 2023-05-05 16:04:11.
2023-05-05 16:04:11,513 [INFO] Arguments: {'infile': '..\\tests\\HUNTER_clean_100.xlsx', 'infile_type': 'infer', 'software': 'infer', 'level': 'all', 'dropna': False, 'sleeptime': 0.2, 'noexo': False, 'nomerops': False, 'singlecpu': False, 'conditionfile': '..\\tests\\cond_HUNTER.txt', 'stat': True, 'stat_pairwise': True, 'significance': None, 'visualize': True, 'logo': 'all', 'pseudocounts': True, 'output_name': None, 'outfile_type': 'xlsx', 'separate': False}
2023-05-05 16:04:11,514 [INFO] Initialization successful.
2023-05-05 16:04:11,514 [INFO] Reading file...

2023-05-05 16:04:11,515 [INFO] Input is excel
2023-05-05 16:04:11,791 [INFO] Read dataframe.
2023-05-05 16:04:11,791 [INFO] Read input with 284 peptides
2023-05-05 16:04:11,792 [INFO] Input software is sm
2023-05-05 16:04:11,801 [INFO] Successfully generated indexing patterns
2023-05-05 16:04:11,802 [INFO] Format check complete

2023-05-05 16:04:11,804 [INFO] Starting annotation of peptides...
2023-05-05 16:04:11,804 [INFO] Reading MEROPS data..
2023-05-05 16:04:12,217 [INFO] Read MEROPS data
2023-05-05 16:04:12,219 [INFO] Initialized annotation dataframe.

2023-05-05 16:04:19,859 [WARNING] Peptide NLNMEADPGQYR not found in protein sequence for A0A087X2B5.
2023-05-05 16:04:20,003 [WARNING] Peptide YSCVFLPEPMGTANIQLHGPPR not found in protein sequence for A0A087X2B5.
2023-05-05 16:04:20,019 [WARNING] Peptide SELHIENLNMEADPGQYR not found in protein sequence for A0A087X2B5.
2023-05-05 16:04:20,045 [WARNING] Peptide NLNMEADPGQYR not found in protein sequence for A0A087X2B5.
2023-05-05 16:04:20,060 [WARNING] Peptide ADPGQYR not found in protein sequence for A0A087X2B5.
2023-05-05 16:04:20,117 [WARNING] Peptide NLNMEADPGQYR not found in protein sequence for A0A087X2B5.
2023-05-05 16:04:21,395 [WARNING] Peptide SCVFLPEPMGTANIQLHGPPR not found in protein sequence for A0A087X2B5.
2023-05-05 16:04:27,562 [WARNING] Error retrieving Uniprot record for A0A494C169: No SwissProt record found
2023-05-05 16:04:39,676 [INFO] Finished annotation of peptides.

2023-05-05 16:04:39,677 [INFO] Starting proteoform check...
2023-05-05 16:04:39,678 [INFO] Finished proteoform check.
2023-05-05 16:04:39,678 [INFO] Starting exopeptidase activity check...
2023-05-05 16:04:39,692 [INFO] 2 LGLGIDEDEVAAEEPNAAVPDEIPPLEGDEDASR LGIDEDEVAAEEPNAAVPDEIPPLEGDEDASR
2023-05-05 16:04:39,720 [INFO] 1 YSCVFLPEPMGTANIQLHGPPR SCVFLPEPMGTANIQLHGPPR
2023-05-05 16:04:39,723 [INFO] 2 AEAMDLGKDPNGPTHSSTLFVR AMDLGKDPNGPTHSSTLFVR
2023-05-05 16:04:39,727 [INFO] 2 AEAQALLSGDTQTDATSFYDR AQALLSGDTQTDATSFYDR
2023-05-05 16:04:39,738 [INFO] 1 KACANPAAGSVILLENLR ACANPAAGSVILLENLR
2023-05-05 16:04:39,739 [INFO] 2 KACANPAAGSVILLENLR ANPAAGSVILLENLR
2023-05-05 16:04:39,755 [INFO] 1 AAQTSPSPKAGAATGR AQTSPSPKAGAATGR
2023-05-05 16:04:39,757 [INFO] 1 SSGFSLEDPQTHSNR SGFSLEDPQTHSNR
2023-05-05 16:04:39,759 [INFO] 2 SKNLKLGIHEDSTNR NLKLGIHEDSTNR
2023-05-05 16:04:39,784 [INFO] 2 SEDFSLPAYMDR DFSLPAYMDR
2023-05-05 16:04:39,802 [INFO] 2 SPVLHFYVR VLHFYVR
2023-05-05 16:04:39,819 [INFO] Finished exopeptidase activity check.

2023-05-05 16:04:39,819 [INFO] Parsed condition file
2023-05-05 16:04:39,820 [INFO] Performing general statistics annotation...
2023-05-05 16:04:39,836 [INFO] Finished general statistics annotation.
2023-05-05 16:04:39,836 [INFO] Performing statistical testing...
2023-05-05 16:04:39,839 [INFO] Finished statistical testing.

2023-05-05 16:04:39,840 [INFO] Finished multiple testing correction.

2023-05-05 16:04:39,840 [INFO] Generating figures...
2023-05-05 16:04:42,998 [INFO] Starting gallery generation...
2023-05-05 16:04:47,673 [INFO] Finished gallery generation...
2023-05-05 16:04:47,674 [INFO] Finished generating figures.
2023-05-05 16:04:47,674 [INFO] Generating logos...
2023-05-05 16:04:53,843 [INFO] Finished generating logos.

2023-05-05 16:04:53,844 [INFO] Writing output files...
2023-05-05 16:05:01,876 [INFO] Finished. Wrote results to D:\DTU\PhD\Projects\CLIPPER\annotator\results\20230505160411.
2023-05-05 16:05:02,082 [INFO] Finished writing output files
2023-05-05 16:05:02,082 [INFO] 
CLIPPER 2.0 pipeline completed in 0:00:50.572014.

