2023-05-23 09:44:13,863 [INFO] Annotator started at 2023-05-23 09:44:13.
2023-05-23 09:44:13,867 [INFO] Arguments: {'infile': '..\\tests\\HUNTER_clean_100.xlsx', 'infile_type': 'infer', 'software': 'infer', 'level': 'all', 'dropna': False, 'fillna': None, 'sleeptime': 0.2, 'noexo': False, 'nomerops': False, 'calcstructure': None, 'singlecpu': False, 'conditionfile': '..\\tests\\cond_HUNTER.txt', 'stat': True, 'stat_pairwise': True, 'significance': 'all', 'visualize': True, 'logo': None, 'pseudocounts': True, 'cleavagevis': None, 'enrichment': False, 'pathway': True, 'output_name': None, 'outfile_type': 'xlsx', 'separate': False}
2023-05-23 09:44:13,868 [INFO] Initialization successful.
2023-05-23 09:44:13,868 [INFO] Reading file...
2023-05-23 09:44:13,869 [INFO] Input is excel
2023-05-23 09:44:14,361 [INFO] Read dataframe.
2023-05-23 09:44:14,362 [INFO] Read input with 284 peptides

2023-05-23 09:44:14,365 [INFO] Input software is sm
2023-05-23 09:44:14,372 [INFO] Converted values in 20210512_FJ_KK_LB_HUNTER_PO.raw.PEP.TMTpro_127C to numeric type
2023-05-23 09:44:14,376 [INFO] Converted values in 20210512_FJ_KK_LB_HUNTER_PO.raw.PEP.TMTpro_128C to numeric type
2023-05-23 09:44:14,378 [INFO] Converted values in 20210512_FJ_KK_LB_HUNTER_PO.raw.PEP.TMTpro_129C to numeric type
2023-05-23 09:44:14,380 [INFO] Converted values in 20210512_FJ_KK_LB_HUNTER_PO.raw.PEP.TMTpro_130C to numeric type
2023-05-23 09:44:14,382 [INFO] Converted values in 20210512_FJ_KK_LB_HUNTER_PO.raw.PEP.TMTpro_131C to numeric type
2023-05-23 09:44:14,384 [INFO] Converted values in 20210512_FJ_KK_LB_HUNTER_PO.raw.PEP.TMTpro_132C to numeric type
2023-05-23 09:44:14,391 [INFO] Successfully generated indexing patterns.
2023-05-23 09:44:14,392 [INFO] Patterns are: {'acc': 'PG.ProteinAccessions', 'seq': 'PEP.StrippedSequence', 'amino': 'B|J|O|U|X|Z', 'mod': 'P.MoleculeID', 'quant': 'PEP\\.TMT', 'label': '\\[TMT', 'nterm': 'N-?ter', 'nterm_label': 'TMT.*_Nter', 'lysine_label': 'K\\[TMT.{0,3}_Lys\\]'}
2023-05-23 09:44:14,393 [INFO] Format check complete.

2023-05-23 09:44:14,396 [INFO] Starting annotation of peptides...
2023-05-23 09:44:14,397 [INFO] Reading MEROPS data..
2023-05-23 09:44:14,854 [INFO] Read MEROPS data
2023-05-23 09:44:14,861 [INFO] Initialized annotation dataframe.

2023-05-23 09:44:28,145 [WARNING] Peptide ADPGQYR not found in protein sequence for A0A087X2B5.
2023-05-23 09:44:28,146 [WARNING] Peptide NLNMEADPGQYR not found in protein sequence for A0A087X2B5.
2023-05-23 09:44:28,147 [WARNING] Peptide NLNMEADPGQYR not found in protein sequence for A0A087X2B5.
2023-05-23 09:44:28,149 [WARNING] Peptide NLNMEADPGQYR not found in protein sequence for A0A087X2B5.
2023-05-23 09:44:28,150 [WARNING] Peptide YSCVFLPEPMGTANIQLHGPPR not found in protein sequence for A0A087X2B5.
2023-05-23 09:44:28,153 [WARNING] Peptide SELHIENLNMEADPGQYR not found in protein sequence for A0A087X2B5.
2023-05-23 09:44:29,709 [WARNING] Peptide SCVFLPEPMGTANIQLHGPPR not found in protein sequence for A0A087X2B5.
2023-05-23 09:44:39,734 [WARNING] Error retrieving Uniprot record for A0A494C169: No SwissProt record found
2023-05-23 09:45:06,137 [INFO] Finished annotation of peptides.

2023-05-23 09:45:06,139 [INFO] Starting annotation of Protein Atlas data...
2023-05-23 09:45:06,139 [INFO] Reading Protein Atlas data..
2023-05-23 09:45:06,815 [INFO] Read Protein Atlas data.
2023-05-23 09:45:06,832 [WARNING] Duplicates found in 'Uniprot' column of 'protein_atlas_sub'. Dropping duplicates.
2023-05-23 09:45:06,859 [INFO] Finished annotation of Protein Atlas data.

2023-05-23 09:45:06,860 [INFO] Starting proteoform check...
2023-05-23 09:45:06,862 [INFO] Finished proteoform check.
2023-05-23 09:45:06,864 [INFO] Starting exopeptidase activity check...
2023-05-23 09:45:06,884 [INFO] 2 LGLGIDEDEVAAEEPNAAVPDEIPPLEGDEDASR LGIDEDEVAAEEPNAAVPDEIPPLEGDEDASR
2023-05-23 09:45:06,938 [INFO] 1 YSCVFLPEPMGTANIQLHGPPR SCVFLPEPMGTANIQLHGPPR
2023-05-23 09:45:06,941 [INFO] 2 AEAMDLGKDPNGPTHSSTLFVR AMDLGKDPNGPTHSSTLFVR
2023-05-23 09:45:06,948 [INFO] 2 AEAQALLSGDTQTDATSFYDR AQALLSGDTQTDATSFYDR
2023-05-23 09:45:06,974 [INFO] 1 KACANPAAGSVILLENLR ACANPAAGSVILLENLR
2023-05-23 09:45:06,976 [INFO] 2 KACANPAAGSVILLENLR ANPAAGSVILLENLR
2023-05-23 09:45:07,007 [INFO] 1 AAQTSPSPKAGAATGR AQTSPSPKAGAATGR
2023-05-23 09:45:07,009 [INFO] 1 SSGFSLEDPQTHSNR SGFSLEDPQTHSNR
2023-05-23 09:45:07,011 [INFO] 2 SKNLKLGIHEDSTNR NLKLGIHEDSTNR
2023-05-23 09:45:07,066 [INFO] 2 SEDFSLPAYMDR DFSLPAYMDR
2023-05-23 09:45:07,104 [INFO] 2 SPVLHFYVR VLHFYVR
2023-05-23 09:45:07,137 [INFO] Finished exopeptidase activity check.

2023-05-23 09:45:07,148 [INFO] Parsed condition file
2023-05-23 09:45:07,149 [INFO] Performing general statistics annotation...
2023-05-23 09:45:07,182 [INFO] Finished general statistics annotation.
2023-05-23 09:45:07,183 [INFO] Performing statistical testing...
2023-05-23 09:45:07,195 [INFO] Finished statistical testing.
2023-05-23 09:45:07,198 [INFO] Corrected p-values for Corrected Ttest: gluc_control using fdr_bh method
2023-05-23 09:45:07,198 [INFO] Finished multiple testing correction.

2023-05-23 09:45:07,199 [INFO] Checking fold distribution...
2023-05-23 09:45:07,280 [INFO] Finished fold distribution check.

2023-05-23 09:45:07,281 [INFO] Generating figures...
