2023-05-08 16:08:16,048 [INFO] Annotator started at 2023-05-08 16:08:16.
2023-05-08 16:08:16,054 [INFO] Arguments: {'infile': '..\\tests\\HUNTER_clean_100.xlsx', 'infile_type': 'infer', 'software': 'infer', 'level': 'all', 'dropna': False, 'sleeptime': 0.2, 'noexo': False, 'nomerops': False, 'singlecpu': False, 'conditionfile': '..\\tests\\cond_HUNTER.txt', 'stat': True, 'stat_pairwise': False, 'significance': None, 'visualize': True, 'logo': None, 'pseudocounts': True, 'output_name': None, 'outfile_type': 'xlsx', 'separate': False}
2023-05-08 16:08:16,055 [INFO] Initialization successful.
2023-05-08 16:08:16,057 [INFO] Reading file...

2023-05-08 16:08:16,058 [INFO] Input is excel
2023-05-08 16:08:17,804 [INFO] Read dataframe.
2023-05-08 16:08:17,805 [INFO] Read input with 284 peptides
2023-05-08 16:08:17,806 [INFO] Input software is sm
2023-05-08 16:08:17,813 [INFO] Successfully generated indexing patterns
2023-05-08 16:08:17,813 [INFO] Format check complete

2023-05-08 16:08:17,816 [INFO] Starting annotation of peptides...
2023-05-08 16:08:17,817 [INFO] Reading MEROPS data..
2023-05-08 16:08:18,422 [INFO] Read MEROPS data
2023-05-08 16:08:18,426 [INFO] Initialized annotation dataframe.

2023-05-08 16:08:42,856 [WARNING] Peptide NLNMEADPGQYR not found in protein sequence for A0A087X2B5.
2023-05-08 16:08:42,864 [WARNING] Peptide SELHIENLNMEADPGQYR not found in protein sequence for A0A087X2B5.
2023-05-08 16:08:42,883 [WARNING] Peptide YSCVFLPEPMGTANIQLHGPPR not found in protein sequence for A0A087X2B5.
2023-05-08 16:08:42,885 [WARNING] Peptide ADPGQYR not found in protein sequence for A0A087X2B5.
2023-05-08 16:08:42,900 [WARNING] Peptide NLNMEADPGQYR not found in protein sequence for A0A087X2B5.
2023-05-08 16:08:42,901 [WARNING] Peptide NLNMEADPGQYR not found in protein sequence for A0A087X2B5.
2023-05-08 16:08:45,679 [WARNING] Peptide SCVFLPEPMGTANIQLHGPPR not found in protein sequence for A0A087X2B5.
2023-05-08 16:09:00,041 [WARNING] Error retrieving Uniprot record for A0A494C169: No SwissProt record found
2023-05-08 16:09:37,642 [INFO] Finished annotation of peptides.

2023-05-08 16:09:37,642 [INFO] Starting proteoform check...
2023-05-08 16:09:37,645 [INFO] Finished proteoform check.
2023-05-08 16:09:37,645 [INFO] Starting exopeptidase activity check...
2023-05-08 16:09:37,663 [INFO] 2 LGLGIDEDEVAAEEPNAAVPDEIPPLEGDEDASR LGIDEDEVAAEEPNAAVPDEIPPLEGDEDASR
2023-05-08 16:09:37,720 [INFO] 1 YSCVFLPEPMGTANIQLHGPPR SCVFLPEPMGTANIQLHGPPR
2023-05-08 16:09:37,725 [INFO] 2 AEAMDLGKDPNGPTHSSTLFVR AMDLGKDPNGPTHSSTLFVR
2023-05-08 16:09:37,736 [INFO] 2 AEAQALLSGDTQTDATSFYDR AQALLSGDTQTDATSFYDR
2023-05-08 16:09:37,784 [INFO] 1 KACANPAAGSVILLENLR ACANPAAGSVILLENLR
2023-05-08 16:09:37,788 [INFO] 2 KACANPAAGSVILLENLR ANPAAGSVILLENLR
2023-05-08 16:09:37,869 [INFO] 1 AAQTSPSPKAGAATGR AQTSPSPKAGAATGR
2023-05-08 16:09:37,871 [INFO] 1 SSGFSLEDPQTHSNR SGFSLEDPQTHSNR
2023-05-08 16:09:37,881 [INFO] 2 SKNLKLGIHEDSTNR NLKLGIHEDSTNR
2023-05-08 16:09:38,012 [INFO] 2 SEDFSLPAYMDR DFSLPAYMDR
2023-05-08 16:09:38,061 [INFO] 2 SPVLHFYVR VLHFYVR
2023-05-08 16:09:38,090 [INFO] Finished exopeptidase activity check.

2023-05-08 16:09:47,552 [INFO] Parsed condition file
2023-05-08 16:09:47,553 [INFO] Performing general statistics annotation...
2023-05-08 16:09:47,582 [INFO] Finished general statistics annotation.
2023-05-08 16:09:47,583 [INFO] Performing statistical testing...
2023-05-08 16:09:47,590 [INFO] Finished statistical testing.
2023-05-08 16:09:47,593 [INFO] Corrected p-values for Corrected Ttest: gluc_control using fdr_bh method
2023-05-08 16:09:47,594 [INFO] Finished multiple testing correction.

2023-05-08 16:09:47,595 [INFO] Generating figures...
2023-05-08 16:10:05,714 [INFO] Starting gallery generation...
2023-05-08 16:10:10,892 [INFO] Finished gallery generation.
2023-05-08 16:10:10,893 [INFO] Starting sequence plotting...
