2023-05-03 15:43:56,167 [INFO] Annotator started at 2023-05-03 15:43:56.
2023-05-03 15:43:56,172 [INFO] Arguments: {'infile': '..\\tests\\HUNTER_clean_100.xlsx', 'infile_type': 'infer', 'software': 'infer', 'level': 'all', 'dropna': False, 'sleeptime': 0.2, 'noexo': False, 'nomerops': False, 'singlecpu': False, 'conditionfile': '..\\tests\\cond_HUNTER.txt', 'stat': True, 'stat_pairwise': True, 'significance': None, 'visualize': True, 'logo': 'all', 'pseudocounts': True, 'output_name': None, 'outfile_type': 'xlsx', 'separate': False}
2023-05-03 15:43:56,174 [INFO] Initialization successful.
2023-05-03 15:43:56,176 [INFO] Reading file...

2023-05-03 15:43:56,176 [INFO] Input is excel
2023-05-03 15:43:57,708 [INFO] Read dataframe.
2023-05-03 15:43:57,709 [INFO] Read input with 284 peptides
2023-05-03 15:43:57,709 [INFO] Input software is sm
2023-05-03 15:43:57,715 [INFO] Successfully generated indexing patterns
2023-05-03 15:43:57,716 [INFO] Format check complete

2023-05-03 15:43:57,717 [INFO] Starting annotation of peptides...
2023-05-03 15:43:57,718 [INFO] Reading MEROPS data..
2023-05-03 15:43:58,256 [INFO] Read MEROPS data
2023-05-03 15:43:58,261 [INFO] Initialized annotation dataframe.

2023-05-03 15:44:10,192 [WARNING] Peptide NLNMEADPGQYR not found in protein sequence for A0A087X2B5.
2023-05-03 15:44:10,282 [WARNING] Peptide YSCVFLPEPMGTANIQLHGPPR not found in protein sequence for A0A087X2B5.
2023-05-03 15:44:10,283 [WARNING] Peptide NLNMEADPGQYR not found in protein sequence for A0A087X2B5.
2023-05-03 15:44:10,287 [WARNING] Peptide ADPGQYR not found in protein sequence for A0A087X2B5.
2023-05-03 15:44:10,292 [WARNING] Peptide SELHIENLNMEADPGQYR not found in protein sequence for A0A087X2B5.
2023-05-03 15:44:10,295 [WARNING] Peptide NLNMEADPGQYR not found in protein sequence for A0A087X2B5.
2023-05-03 15:44:11,365 [WARNING] Peptide SCVFLPEPMGTANIQLHGPPR not found in protein sequence for A0A087X2B5.
2023-05-03 15:44:19,961 [WARNING] Error retrieving Uniprot record for A0A494C169: No SwissProt record found
2023-05-03 15:44:38,653 [INFO] Finished annotation of peptides.

2023-05-03 15:44:38,654 [INFO] Starting proteoform check...
2023-05-03 15:44:38,655 [INFO] Finished proteoform check.
2023-05-03 15:44:38,655 [INFO] Starting exopeptidase activity check...
2023-05-03 15:44:38,672 [INFO] 2 LGLGIDEDEVAAEEPNAAVPDEIPPLEGDEDASR LGIDEDEVAAEEPNAAVPDEIPPLEGDEDASR
2023-05-03 15:44:38,712 [INFO] 1 YSCVFLPEPMGTANIQLHGPPR SCVFLPEPMGTANIQLHGPPR
2023-05-03 15:44:38,722 [INFO] 2 AEAMDLGKDPNGPTHSSTLFVR AMDLGKDPNGPTHSSTLFVR
2023-05-03 15:44:38,729 [INFO] 2 AEAQALLSGDTQTDATSFYDR AQALLSGDTQTDATSFYDR
2023-05-03 15:44:38,747 [INFO] 1 KACANPAAGSVILLENLR ACANPAAGSVILLENLR
2023-05-03 15:44:38,748 [INFO] 2 KACANPAAGSVILLENLR ANPAAGSVILLENLR
2023-05-03 15:44:38,770 [INFO] 1 AAQTSPSPKAGAATGR AQTSPSPKAGAATGR
2023-05-03 15:44:38,772 [INFO] 1 SSGFSLEDPQTHSNR SGFSLEDPQTHSNR
2023-05-03 15:44:38,774 [INFO] 2 SKNLKLGIHEDSTNR NLKLGIHEDSTNR
2023-05-03 15:44:38,805 [INFO] 2 SEDFSLPAYMDR DFSLPAYMDR
2023-05-03 15:44:38,827 [INFO] 2 SPVLHFYVR VLHFYVR
2023-05-03 15:44:38,847 [INFO] Finished exopeptidase activity check.

2023-05-03 15:44:43,622 [INFO] Parsed condition file
2023-05-03 15:44:43,622 [INFO] Performing general statistics annotation...
2023-05-03 15:44:43,650 [INFO] Finished general statistics annotation.
2023-05-03 15:44:43,650 [INFO] Performing statistical testing...
2023-05-03 15:44:43,656 [INFO] Finished statistical testing
.
2023-05-03 15:44:43,657 [INFO] Generating figures...
2023-05-03 15:44:47,150 [INFO] Starting gallery generation...
2023-05-03 15:44:52,211 [INFO] Finished gallery generation...
2023-05-03 15:44:52,211 [INFO] Finished generating figures.
2023-05-03 15:44:52,211 [INFO] Generating logos...
2023-05-03 15:44:58,886 [INFO] Finished generating logos.

2023-05-03 15:44:58,887 [INFO] Writing output files...
2023-05-03 15:45:09,082 [INFO] Finished. Wrote results to C:\Users\konka\Documents\annotator\results\20230503154356.
2023-05-03 15:45:09,775 [INFO] Finished writing output files
2023-05-03 15:45:09,776 [INFO] 
CLIPPER 2.0 pipeline completed in 0:01:13.607736.

