2023-05-22 18:35:03,998 [INFO] Annotator started at 2023-05-22 18:35:03.
2023-05-22 18:35:04,003 [INFO] Arguments: {'infile': '..\\tests\\HUNTER_clean_100.xlsx', 'infile_type': 'infer', 'software': 'infer', 'level': 'all', 'dropna': False, 'fillna': None, 'sleeptime': 0.2, 'noexo': False, 'nomerops': False, 'calcstructure': None, 'singlecpu': False, 'conditionfile': '..\\tests\\cond_HUNTER.txt', 'stat': True, 'stat_pairwise': True, 'significance': 'all', 'visualize': True, 'logo': None, 'pseudocounts': True, 'cleavagevis': None, 'enrichment': False, 'pathway': True, 'output_name': None, 'outfile_type': 'xlsx', 'separate': False}
2023-05-22 18:35:04,005 [INFO] Initialization successful.
2023-05-22 18:35:04,006 [INFO] Reading file...
2023-05-22 18:35:04,006 [INFO] Input is excel
2023-05-22 18:35:04,326 [INFO] Read dataframe.
2023-05-22 18:35:04,327 [INFO] Read input with 284 peptides

2023-05-22 18:35:04,327 [INFO] Input software is sm
2023-05-22 18:35:04,330 [INFO] Converted values in 20210512_FJ_KK_LB_HUNTER_PO.raw.PEP.TMTpro_127C to numeric type
2023-05-22 18:35:04,332 [INFO] Converted values in 20210512_FJ_KK_LB_HUNTER_PO.raw.PEP.TMTpro_128C to numeric type
2023-05-22 18:35:04,336 [INFO] Converted values in 20210512_FJ_KK_LB_HUNTER_PO.raw.PEP.TMTpro_129C to numeric type
2023-05-22 18:35:04,338 [INFO] Converted values in 20210512_FJ_KK_LB_HUNTER_PO.raw.PEP.TMTpro_130C to numeric type
2023-05-22 18:35:04,340 [INFO] Converted values in 20210512_FJ_KK_LB_HUNTER_PO.raw.PEP.TMTpro_131C to numeric type
2023-05-22 18:35:04,341 [INFO] Converted values in 20210512_FJ_KK_LB_HUNTER_PO.raw.PEP.TMTpro_132C to numeric type
2023-05-22 18:35:04,344 [INFO] Successfully generated indexing patterns.
2023-05-22 18:35:04,344 [INFO] Patterns are: {'acc': 'PG.ProteinAccessions', 'seq': 'PEP.StrippedSequence', 'amino': 'B|J|O|U|X|Z', 'mod': 'P.MoleculeID', 'quant': 'PEP\\.TMT', 'label': '\\[TMT', 'nterm': 'N-?ter', 'nterm_label': 'TMT.*_Nter', 'lysine_label': 'K\\[TMT.{0,3}_Lys\\]'}
2023-05-22 18:35:04,345 [INFO] Format check complete.

2023-05-22 18:35:04,348 [INFO] Starting annotation of peptides...
2023-05-22 18:35:04,349 [INFO] Reading MEROPS data..
2023-05-22 18:35:04,832 [INFO] Read MEROPS data
2023-05-22 18:35:04,834 [INFO] Initialized annotation dataframe.

2023-05-22 18:35:18,326 [WARNING] Peptide YSCVFLPEPMGTANIQLHGPPR not found in protein sequence for A0A087X2B5.
2023-05-22 18:35:18,333 [WARNING] Peptide ADPGQYR not found in protein sequence for A0A087X2B5.
2023-05-22 18:35:18,356 [WARNING] Peptide NLNMEADPGQYR not found in protein sequence for A0A087X2B5.
2023-05-22 18:35:18,379 [WARNING] Peptide SELHIENLNMEADPGQYR not found in protein sequence for A0A087X2B5.
2023-05-22 18:35:18,389 [WARNING] Peptide NLNMEADPGQYR not found in protein sequence for A0A087X2B5.
2023-05-22 18:35:18,507 [WARNING] Peptide NLNMEADPGQYR not found in protein sequence for A0A087X2B5.
2023-05-22 18:35:19,596 [WARNING] Peptide SCVFLPEPMGTANIQLHGPPR not found in protein sequence for A0A087X2B5.
2023-05-22 18:35:29,247 [WARNING] Error retrieving Uniprot record for A0A494C169: No SwissProt record found
2023-05-22 18:35:51,568 [INFO] Finished annotation of peptides.

2023-05-22 18:35:51,570 [INFO] Starting annotation of Protein Atlas data...
2023-05-22 18:35:51,570 [INFO] Reading Protein Atlas data..
2023-05-22 18:35:52,139 [INFO] Read Protein Atlas data.
2023-05-22 18:35:52,162 [WARNING] Duplicates found in 'Uniprot' column of 'protein_atlas_sub'. Dropping duplicates.
2023-05-22 18:35:52,177 [INFO] Finished annotation of Protein Atlas data.

2023-05-22 18:35:52,179 [INFO] Starting proteoform check...
2023-05-22 18:35:52,179 [INFO] Finished proteoform check.
2023-05-22 18:35:52,180 [INFO] Starting exopeptidase activity check...
2023-05-22 18:35:52,194 [INFO] 2 LGLGIDEDEVAAEEPNAAVPDEIPPLEGDEDASR LGIDEDEVAAEEPNAAVPDEIPPLEGDEDASR
2023-05-22 18:35:52,231 [INFO] 1 YSCVFLPEPMGTANIQLHGPPR SCVFLPEPMGTANIQLHGPPR
2023-05-22 18:35:52,234 [INFO] 2 AEAMDLGKDPNGPTHSSTLFVR AMDLGKDPNGPTHSSTLFVR
2023-05-22 18:35:52,242 [INFO] 2 AEAQALLSGDTQTDATSFYDR AQALLSGDTQTDATSFYDR
2023-05-22 18:35:52,259 [INFO] 1 KACANPAAGSVILLENLR ACANPAAGSVILLENLR
2023-05-22 18:35:52,260 [INFO] 2 KACANPAAGSVILLENLR ANPAAGSVILLENLR
2023-05-22 18:35:52,279 [INFO] 1 AAQTSPSPKAGAATGR AQTSPSPKAGAATGR
2023-05-22 18:35:52,281 [INFO] 1 SSGFSLEDPQTHSNR SGFSLEDPQTHSNR
2023-05-22 18:35:52,283 [INFO] 2 SKNLKLGIHEDSTNR NLKLGIHEDSTNR
2023-05-22 18:35:52,317 [INFO] 2 SEDFSLPAYMDR DFSLPAYMDR
2023-05-22 18:35:52,344 [INFO] 2 SPVLHFYVR VLHFYVR
2023-05-22 18:35:52,365 [INFO] Finished exopeptidase activity check.

2023-05-22 18:35:52,366 [INFO] Parsed condition file
2023-05-22 18:35:52,366 [INFO] Performing general statistics annotation...
2023-05-22 18:35:52,386 [INFO] Finished general statistics annotation.
2023-05-22 18:35:52,386 [INFO] Performing statistical testing...
2023-05-22 18:35:52,391 [INFO] Finished statistical testing.
2023-05-22 18:35:52,393 [INFO] Corrected p-values for Corrected Ttest: gluc_control using fdr_bh method
2023-05-22 18:35:52,394 [INFO] Finished multiple testing correction.

2023-05-22 18:35:52,395 [INFO] Checking fold distribution...
2023-05-22 18:35:52,451 [INFO] Finished fold distribution check.

2023-05-22 18:35:52,451 [INFO] Generating figures...
