2023-05-08 15:59:10,542 [INFO] Annotator started at 2023-05-08 15:59:10.
2023-05-08 15:59:10,560 [INFO] Arguments: {'infile': '..\\tests\\HUNTER_clean_100.xlsx', 'infile_type': 'infer', 'software': 'infer', 'level': 'all', 'dropna': False, 'sleeptime': 0.2, 'noexo': False, 'nomerops': False, 'singlecpu': False, 'conditionfile': '..\\tests\\cond_HUNTER.txt', 'stat': True, 'stat_pairwise': False, 'significance': None, 'visualize': True, 'logo': None, 'pseudocounts': True, 'output_name': None, 'outfile_type': 'xlsx', 'separate': False}
2023-05-08 15:59:10,562 [INFO] Initialization successful.
2023-05-08 15:59:10,563 [INFO] Reading file...

2023-05-08 15:59:10,564 [INFO] Input is excel
2023-05-08 15:59:12,442 [INFO] Read dataframe.
2023-05-08 15:59:12,442 [INFO] Read input with 284 peptides
2023-05-08 15:59:12,442 [INFO] Input software is sm
2023-05-08 15:59:12,466 [INFO] Successfully generated indexing patterns
2023-05-08 15:59:12,467 [INFO] Format check complete

2023-05-08 15:59:12,472 [INFO] Starting annotation of peptides...
2023-05-08 15:59:12,472 [INFO] Reading MEROPS data..
2023-05-08 15:59:13,040 [INFO] Read MEROPS data
2023-05-08 15:59:13,049 [INFO] Initialized annotation dataframe.

2023-05-08 15:59:28,866 [WARNING] Peptide ADPGQYR not found in protein sequence for A0A087X2B5.
2023-05-08 15:59:28,953 [WARNING] Peptide NLNMEADPGQYR not found in protein sequence for A0A087X2B5.
2023-05-08 15:59:28,975 [WARNING] Peptide NLNMEADPGQYR not found in protein sequence for A0A087X2B5.
2023-05-08 15:59:28,976 [WARNING] Peptide SELHIENLNMEADPGQYR not found in protein sequence for A0A087X2B5.
2023-05-08 15:59:28,996 [WARNING] Peptide YSCVFLPEPMGTANIQLHGPPR not found in protein sequence for A0A087X2B5.
2023-05-08 15:59:29,006 [WARNING] Peptide NLNMEADPGQYR not found in protein sequence for A0A087X2B5.
2023-05-08 15:59:29,980 [WARNING] Peptide SCVFLPEPMGTANIQLHGPPR not found in protein sequence for A0A087X2B5.
2023-05-08 15:59:42,152 [WARNING] Error retrieving Uniprot record for A0A494C169: No SwissProt record found
2023-05-08 16:00:19,456 [INFO] Finished annotation of peptides.

2023-05-08 16:00:19,457 [INFO] Starting proteoform check...
2023-05-08 16:00:19,459 [INFO] Finished proteoform check.
2023-05-08 16:00:19,459 [INFO] Starting exopeptidase activity check...
2023-05-08 16:00:19,474 [INFO] 2 LGLGIDEDEVAAEEPNAAVPDEIPPLEGDEDASR LGIDEDEVAAEEPNAAVPDEIPPLEGDEDASR
2023-05-08 16:00:19,526 [INFO] 1 YSCVFLPEPMGTANIQLHGPPR SCVFLPEPMGTANIQLHGPPR
2023-05-08 16:00:19,530 [INFO] 2 AEAMDLGKDPNGPTHSSTLFVR AMDLGKDPNGPTHSSTLFVR
2023-05-08 16:00:19,542 [INFO] 2 AEAQALLSGDTQTDATSFYDR AQALLSGDTQTDATSFYDR
2023-05-08 16:00:19,579 [INFO] 1 KACANPAAGSVILLENLR ACANPAAGSVILLENLR
2023-05-08 16:00:19,584 [INFO] 2 KACANPAAGSVILLENLR ANPAAGSVILLENLR
2023-05-08 16:00:19,626 [INFO] 1 AAQTSPSPKAGAATGR AQTSPSPKAGAATGR
2023-05-08 16:00:19,629 [INFO] 1 SSGFSLEDPQTHSNR SGFSLEDPQTHSNR
2023-05-08 16:00:19,631 [INFO] 2 SKNLKLGIHEDSTNR NLKLGIHEDSTNR
2023-05-08 16:00:19,694 [INFO] 2 SEDFSLPAYMDR DFSLPAYMDR
2023-05-08 16:00:19,733 [INFO] 2 SPVLHFYVR VLHFYVR
2023-05-08 16:00:19,764 [INFO] Finished exopeptidase activity check.

2023-05-08 16:00:19,778 [INFO] Parsed condition file
2023-05-08 16:00:19,779 [INFO] Performing general statistics annotation...
2023-05-08 16:00:19,805 [INFO] Finished general statistics annotation.
2023-05-08 16:00:19,806 [INFO] Performing statistical testing...
2023-05-08 16:00:19,811 [INFO] Finished statistical testing.
2023-05-08 16:00:19,814 [INFO] Corrected p-values for Corrected Ttest: gluc_control using fdr_bh method
2023-05-08 16:00:19,815 [INFO] Finished multiple testing correction.

2023-05-08 16:00:19,815 [INFO] Generating figures...
2023-05-08 16:00:38,285 [INFO] Starting gallery generation...
2023-05-08 16:00:43,506 [INFO] Finished gallery generation.
2023-05-08 16:00:43,506 [INFO] Starting sequence plotting...
