2023-05-09 11:19:42,369 [INFO] Annotator started at 2023-05-09 11:19:42.
2023-05-09 11:19:42,372 [INFO] Arguments: {'infile': '..\\tests\\HUNTER_clean_100.xlsx', 'infile_type': 'infer', 'software': 'infer', 'level': 'all', 'dropna': False, 'sleeptime': 0.2, 'noexo': False, 'nomerops': False, 'singlecpu': False, 'conditionfile': '..\\tests\\cond_HUNTER.txt', 'stat': True, 'stat_pairwise': False, 'significance': None, 'visualize': True, 'logo': None, 'pseudocounts': True, 'output_name': None, 'outfile_type': 'xlsx', 'separate': False}
2023-05-09 11:19:42,373 [INFO] Initialization successful.
2023-05-09 11:19:42,374 [INFO] Reading file...

2023-05-09 11:19:42,374 [INFO] Input is excel
2023-05-09 11:19:42,637 [INFO] Read dataframe.
2023-05-09 11:19:42,637 [INFO] Read input with 284 peptides
2023-05-09 11:19:42,638 [INFO] Input software is sm
2023-05-09 11:19:42,643 [INFO] Successfully generated indexing patterns
2023-05-09 11:19:42,643 [INFO] Format check complete

2023-05-09 11:19:42,646 [INFO] Starting annotation of peptides...
2023-05-09 11:19:42,646 [INFO] Reading MEROPS data..
2023-05-09 11:19:43,086 [INFO] Read MEROPS data
2023-05-09 11:19:43,089 [INFO] Initialized annotation dataframe.

2023-05-09 11:20:02,306 [WARNING] Peptide SELHIENLNMEADPGQYR not found in protein sequence for A0A087X2B5.
2023-05-09 11:20:02,372 [WARNING] Peptide NLNMEADPGQYR not found in protein sequence for A0A087X2B5.
2023-05-09 11:20:02,615 [WARNING] Peptide NLNMEADPGQYR not found in protein sequence for A0A087X2B5.
2023-05-09 11:20:02,751 [WARNING] Peptide NLNMEADPGQYR not found in protein sequence for A0A087X2B5.
2023-05-09 11:20:02,849 [WARNING] Peptide YSCVFLPEPMGTANIQLHGPPR not found in protein sequence for A0A087X2B5.
2023-05-09 11:20:03,110 [WARNING] Peptide ADPGQYR not found in protein sequence for A0A087X2B5.
2023-05-09 11:20:08,907 [WARNING] Peptide SCVFLPEPMGTANIQLHGPPR not found in protein sequence for A0A087X2B5.
2023-05-09 11:20:18,962 [WARNING] Error retrieving Uniprot record for A0A494C169: No SwissProt record found
2023-05-09 11:20:41,099 [INFO] Finished annotation of peptides.

2023-05-09 11:20:41,099 [INFO] Starting proteoform check...
2023-05-09 11:20:41,100 [INFO] Finished proteoform check.
2023-05-09 11:20:41,101 [INFO] Starting exopeptidase activity check...
2023-05-09 11:20:41,110 [INFO] 2 LGLGIDEDEVAAEEPNAAVPDEIPPLEGDEDASR LGIDEDEVAAEEPNAAVPDEIPPLEGDEDASR
2023-05-09 11:20:41,135 [INFO] 1 YSCVFLPEPMGTANIQLHGPPR SCVFLPEPMGTANIQLHGPPR
2023-05-09 11:20:41,137 [INFO] 2 AEAMDLGKDPNGPTHSSTLFVR AMDLGKDPNGPTHSSTLFVR
2023-05-09 11:20:41,141 [INFO] 2 AEAQALLSGDTQTDATSFYDR AQALLSGDTQTDATSFYDR
2023-05-09 11:20:41,152 [INFO] 1 KACANPAAGSVILLENLR ACANPAAGSVILLENLR
2023-05-09 11:20:41,153 [INFO] 2 KACANPAAGSVILLENLR ANPAAGSVILLENLR
2023-05-09 11:20:41,167 [INFO] 1 AAQTSPSPKAGAATGR AQTSPSPKAGAATGR
2023-05-09 11:20:41,169 [INFO] 1 SSGFSLEDPQTHSNR SGFSLEDPQTHSNR
2023-05-09 11:20:41,170 [INFO] 2 SKNLKLGIHEDSTNR NLKLGIHEDSTNR
2023-05-09 11:20:41,193 [INFO] 2 SEDFSLPAYMDR DFSLPAYMDR
2023-05-09 11:20:41,211 [INFO] 2 SPVLHFYVR VLHFYVR
2023-05-09 11:20:41,227 [INFO] Finished exopeptidase activity check.

2023-05-09 11:20:41,227 [INFO] Parsed condition file
2023-05-09 11:20:41,228 [INFO] Performing general statistics annotation...
2023-05-09 11:20:41,242 [INFO] Finished general statistics annotation.
2023-05-09 11:20:41,243 [INFO] Performing statistical testing...
2023-05-09 11:20:41,245 [INFO] Finished statistical testing.
2023-05-09 11:20:41,246 [INFO] Corrected p-values for Corrected Ttest: gluc_control using fdr_bh method
2023-05-09 11:20:41,246 [INFO] Finished multiple testing correction.

2023-05-09 11:20:41,246 [INFO] Generating figures...
2023-05-09 11:20:52,861 [INFO] Starting gallery generation...
2023-05-09 11:20:57,092 [INFO] Finished gallery generation.
2023-05-09 11:20:57,092 [INFO] Starting sequence plotting...
2023-05-09 11:23:10,099 [INFO] Finished sequence plotting.
2023-05-09 11:23:10,100 [INFO] Finished sequence plotting.
2023-05-09 11:23:10,100 [INFO] Finished generating figures.
2023-05-09 11:23:10,100 [INFO] Writing output files...
2023-05-09 11:23:15,014 [INFO] Finished. Wrote results to D:\DTU\PhD\Projects\CLIPPER\annotator\results\20230509111942.
2023-05-09 11:23:15,125 [INFO] Finished writing output files
2023-05-09 11:23:15,126 [INFO] 
CLIPPER 2.0 pipeline completed in 0:03:32.757462.

