2023-05-08 16:53:21,813 [INFO] Annotator started at 2023-05-08 16:53:21.
2023-05-08 16:53:21,819 [INFO] Arguments: {'infile': '..\\tests\\HUNTER_clean_100.xlsx', 'infile_type': 'infer', 'software': 'infer', 'level': 'all', 'dropna': False, 'sleeptime': 0.2, 'noexo': False, 'nomerops': False, 'singlecpu': False, 'conditionfile': '..\\tests\\cond_HUNTER.txt', 'stat': True, 'stat_pairwise': False, 'significance': None, 'visualize': True, 'logo': None, 'pseudocounts': True, 'output_name': None, 'outfile_type': 'xlsx', 'separate': False}
2023-05-08 16:53:21,820 [INFO] Initialization successful.
2023-05-08 16:53:21,821 [INFO] Reading file...

2023-05-08 16:53:21,822 [INFO] Input is excel
2023-05-08 16:53:24,051 [INFO] Read dataframe.
2023-05-08 16:53:24,052 [INFO] Read input with 284 peptides
2023-05-08 16:53:24,053 [INFO] Input software is sm
2023-05-08 16:53:24,060 [INFO] Successfully generated indexing patterns
2023-05-08 16:53:24,061 [INFO] Format check complete

2023-05-08 16:53:24,064 [INFO] Starting annotation of peptides...
2023-05-08 16:53:24,065 [INFO] Reading MEROPS data..
2023-05-08 16:53:24,732 [INFO] Read MEROPS data
2023-05-08 16:53:24,735 [INFO] Initialized annotation dataframe.

2023-05-08 16:53:40,452 [WARNING] Peptide ADPGQYR not found in protein sequence for A0A087X2B5.
2023-05-08 16:53:40,520 [WARNING] Peptide YSCVFLPEPMGTANIQLHGPPR not found in protein sequence for A0A087X2B5.
2023-05-08 16:53:40,528 [WARNING] Peptide NLNMEADPGQYR not found in protein sequence for A0A087X2B5.
2023-05-08 16:53:40,529 [WARNING] Peptide NLNMEADPGQYR not found in protein sequence for A0A087X2B5.
2023-05-08 16:53:40,530 [WARNING] Peptide SELHIENLNMEADPGQYR not found in protein sequence for A0A087X2B5.
2023-05-08 16:53:40,531 [WARNING] Peptide NLNMEADPGQYR not found in protein sequence for A0A087X2B5.
