2023-05-08 16:05:17,756 [INFO] Annotator started at 2023-05-08 16:05:17.
2023-05-08 16:05:17,762 [INFO] Arguments: {'infile': '..\\tests\\HUNTER_clean_100.xlsx', 'infile_type': 'infer', 'software': 'infer', 'level': 'all', 'dropna': False, 'sleeptime': 0.2, 'noexo': False, 'nomerops': False, 'singlecpu': False, 'conditionfile': '..\\tests\\cond_HUNTER.txt', 'stat': True, 'stat_pairwise': False, 'significance': None, 'visualize': True, 'logo': None, 'pseudocounts': True, 'output_name': None, 'outfile_type': 'xlsx', 'separate': False}
2023-05-08 16:05:17,763 [INFO] Initialization successful.
2023-05-08 16:05:17,773 [INFO] Reading file...

2023-05-08 16:05:17,774 [INFO] Input is excel
2023-05-08 16:05:18,139 [INFO] Read dataframe.
2023-05-08 16:05:18,139 [INFO] Read input with 284 peptides
2023-05-08 16:05:18,139 [INFO] Input software is sm
2023-05-08 16:05:18,139 [INFO] Successfully generated indexing patterns
2023-05-08 16:05:18,139 [INFO] Format check complete

2023-05-08 16:05:18,154 [INFO] Starting annotation of peptides...
2023-05-08 16:05:18,156 [INFO] Reading MEROPS data..
2023-05-08 16:05:18,690 [INFO] Read MEROPS data
2023-05-08 16:05:18,690 [INFO] Initialized annotation dataframe.

2023-05-08 16:05:38,126 [WARNING] Peptide ADPGQYR not found in protein sequence for A0A087X2B5.
2023-05-08 16:05:38,211 [WARNING] Peptide YSCVFLPEPMGTANIQLHGPPR not found in protein sequence for A0A087X2B5.
2023-05-08 16:05:38,212 [WARNING] Peptide NLNMEADPGQYR not found in protein sequence for A0A087X2B5.
2023-05-08 16:05:38,217 [WARNING] Peptide NLNMEADPGQYR not found in protein sequence for A0A087X2B5.
2023-05-08 16:05:38,218 [WARNING] Peptide NLNMEADPGQYR not found in protein sequence for A0A087X2B5.
2023-05-08 16:05:38,219 [WARNING] Peptide SELHIENLNMEADPGQYR not found in protein sequence for A0A087X2B5.
2023-05-08 16:05:39,791 [WARNING] Peptide SCVFLPEPMGTANIQLHGPPR not found in protein sequence for A0A087X2B5.
2023-05-08 16:05:56,488 [WARNING] Error retrieving Uniprot record for A0A494C169: No SwissProt record found
2023-05-08 16:06:30,175 [INFO] Finished annotation of peptides.

2023-05-08 16:06:30,175 [INFO] Starting proteoform check...
2023-05-08 16:06:30,187 [INFO] Finished proteoform check.
2023-05-08 16:06:30,187 [INFO] Starting exopeptidase activity check...
2023-05-08 16:06:30,208 [INFO] 2 LGLGIDEDEVAAEEPNAAVPDEIPPLEGDEDASR LGIDEDEVAAEEPNAAVPDEIPPLEGDEDASR
2023-05-08 16:06:30,257 [INFO] 1 YSCVFLPEPMGTANIQLHGPPR SCVFLPEPMGTANIQLHGPPR
2023-05-08 16:06:30,263 [INFO] 2 AEAMDLGKDPNGPTHSSTLFVR AMDLGKDPNGPTHSSTLFVR
2023-05-08 16:06:30,272 [INFO] 2 AEAQALLSGDTQTDATSFYDR AQALLSGDTQTDATSFYDR
2023-05-08 16:06:30,291 [INFO] 1 KACANPAAGSVILLENLR ACANPAAGSVILLENLR
2023-05-08 16:06:30,293 [INFO] 2 KACANPAAGSVILLENLR ANPAAGSVILLENLR
2023-05-08 16:06:30,314 [INFO] 1 AAQTSPSPKAGAATGR AQTSPSPKAGAATGR
2023-05-08 16:06:30,318 [INFO] 1 SSGFSLEDPQTHSNR SGFSLEDPQTHSNR
2023-05-08 16:06:30,320 [INFO] 2 SKNLKLGIHEDSTNR NLKLGIHEDSTNR
2023-05-08 16:06:30,357 [INFO] 2 SEDFSLPAYMDR DFSLPAYMDR
2023-05-08 16:06:30,381 [INFO] 2 SPVLHFYVR VLHFYVR
2023-05-08 16:06:30,402 [INFO] Finished exopeptidase activity check.

2023-05-08 16:06:30,404 [INFO] Parsed condition file
2023-05-08 16:06:30,404 [INFO] Performing general statistics annotation...
2023-05-08 16:06:30,435 [INFO] Finished general statistics annotation.
2023-05-08 16:06:30,436 [INFO] Performing statistical testing...
2023-05-08 16:06:30,440 [INFO] Finished statistical testing.
2023-05-08 16:06:30,441 [INFO] Corrected p-values for Corrected Ttest: gluc_control using fdr_bh method
2023-05-08 16:06:30,442 [INFO] Finished multiple testing correction.

2023-05-08 16:06:30,442 [INFO] Generating figures...
2023-05-08 16:06:44,133 [INFO] Starting gallery generation...
2023-05-08 16:06:48,356 [INFO] Finished gallery generation.
2023-05-08 16:06:48,356 [INFO] Starting sequence plotting...
