2023-05-08 16:16:48,014 [INFO] Annotator started at 2023-05-08 16:16:48.
2023-05-08 16:16:48,033 [INFO] Arguments: {'infile': '..\\tests\\HUNTER_clean_100.xlsx', 'infile_type': 'infer', 'software': 'infer', 'level': 'all', 'dropna': False, 'sleeptime': 0.2, 'noexo': False, 'nomerops': False, 'singlecpu': False, 'conditionfile': '..\\tests\\cond_HUNTER.txt', 'stat': True, 'stat_pairwise': False, 'significance': None, 'visualize': True, 'logo': None, 'pseudocounts': True, 'output_name': None, 'outfile_type': 'xlsx', 'separate': False}
2023-05-08 16:16:48,034 [INFO] Initialization successful.
2023-05-08 16:16:48,036 [INFO] Reading file...

2023-05-08 16:16:48,037 [INFO] Input is excel
2023-05-08 16:16:48,552 [INFO] Read dataframe.
2023-05-08 16:16:48,553 [INFO] Read input with 284 peptides
2023-05-08 16:16:48,554 [INFO] Input software is sm
2023-05-08 16:16:48,560 [INFO] Successfully generated indexing patterns
2023-05-08 16:16:48,561 [INFO] Format check complete

2023-05-08 16:16:48,564 [INFO] Starting annotation of peptides...
2023-05-08 16:16:48,565 [INFO] Reading MEROPS data..
2023-05-08 16:16:49,162 [INFO] Read MEROPS data
2023-05-08 16:16:49,165 [INFO] Initialized annotation dataframe.

2023-05-08 16:17:08,803 [WARNING] Peptide YSCVFLPEPMGTANIQLHGPPR not found in protein sequence for A0A087X2B5.
2023-05-08 16:17:08,804 [WARNING] Peptide ADPGQYR not found in protein sequence for A0A087X2B5.
2023-05-08 16:17:08,804 [WARNING] Peptide NLNMEADPGQYR not found in protein sequence for A0A087X2B5.
2023-05-08 16:17:08,805 [WARNING] Peptide SELHIENLNMEADPGQYR not found in protein sequence for A0A087X2B5.
2023-05-08 16:17:08,806 [WARNING] Peptide NLNMEADPGQYR not found in protein sequence for A0A087X2B5.
2023-05-08 16:17:08,832 [WARNING] Peptide NLNMEADPGQYR not found in protein sequence for A0A087X2B5.
2023-05-08 16:17:11,052 [WARNING] Peptide SCVFLPEPMGTANIQLHGPPR not found in protein sequence for A0A087X2B5.
2023-05-08 16:17:25,323 [WARNING] Error retrieving Uniprot record for A0A494C169: No SwissProt record found
2023-05-08 16:17:57,392 [INFO] Finished annotation of peptides.

2023-05-08 16:17:57,392 [INFO] Starting proteoform check...
2023-05-08 16:17:57,406 [INFO] Finished proteoform check.
2023-05-08 16:17:57,406 [INFO] Starting exopeptidase activity check...
2023-05-08 16:17:57,433 [INFO] 2 LGLGIDEDEVAAEEPNAAVPDEIPPLEGDEDASR LGIDEDEVAAEEPNAAVPDEIPPLEGDEDASR
2023-05-08 16:17:57,474 [INFO] 1 YSCVFLPEPMGTANIQLHGPPR SCVFLPEPMGTANIQLHGPPR
2023-05-08 16:17:57,479 [INFO] 2 AEAMDLGKDPNGPTHSSTLFVR AMDLGKDPNGPTHSSTLFVR
2023-05-08 16:17:57,489 [INFO] 2 AEAQALLSGDTQTDATSFYDR AQALLSGDTQTDATSFYDR
2023-05-08 16:17:57,539 [INFO] 1 KACANPAAGSVILLENLR ACANPAAGSVILLENLR
2023-05-08 16:17:57,543 [INFO] 2 KACANPAAGSVILLENLR ANPAAGSVILLENLR
2023-05-08 16:17:57,611 [INFO] 1 AAQTSPSPKAGAATGR AQTSPSPKAGAATGR
2023-05-08 16:17:57,613 [INFO] 1 SSGFSLEDPQTHSNR SGFSLEDPQTHSNR
2023-05-08 16:17:57,615 [INFO] 2 SKNLKLGIHEDSTNR NLKLGIHEDSTNR
2023-05-08 16:17:57,689 [INFO] 2 SEDFSLPAYMDR DFSLPAYMDR
2023-05-08 16:17:57,722 [INFO] 2 SPVLHFYVR VLHFYVR
2023-05-08 16:17:57,750 [INFO] Finished exopeptidase activity check.

2023-05-08 16:17:57,752 [INFO] Parsed condition file
2023-05-08 16:17:57,752 [INFO] Performing general statistics annotation...
2023-05-08 16:17:57,774 [INFO] Finished general statistics annotation.
2023-05-08 16:17:57,774 [INFO] Performing statistical testing...
2023-05-08 16:17:57,779 [INFO] Finished statistical testing.
2023-05-08 16:17:57,781 [INFO] Corrected p-values for Corrected Ttest: gluc_control using fdr_bh method
2023-05-08 16:17:57,781 [INFO] Finished multiple testing correction.

2023-05-08 16:17:57,781 [INFO] Generating figures...
2023-05-08 16:18:12,633 [INFO] Starting gallery generation...
2023-05-08 16:18:16,889 [INFO] Finished gallery generation.
2023-05-08 16:18:16,889 [INFO] Starting sequence plotting...
