2023-05-23 12:48:00,081 [INFO] Annotator started at 2023-05-23 12:48:00.
2023-05-23 12:48:00,085 [INFO] Arguments: {'infile': '..\\tests\\HUNTER_clean_100.xlsx', 'infile_type': 'infer', 'software': 'infer', 'level': 'all', 'dropna': False, 'fillna': None, 'sleeptime': 0.2, 'noexo': False, 'nomerops': False, 'calcstructure': None, 'singlecpu': False, 'conditionfile': '..\\tests\\cond_HUNTER.txt', 'stat': True, 'stat_pairwise': True, 'significance': 'all', 'visualize': True, 'logo': None, 'pseudocounts': True, 'cleavagevis': None, 'enrichment': False, 'pathway': True, 'output_name': None, 'outfile_type': 'xlsx', 'separate': False}
2023-05-23 12:48:00,086 [INFO] Initialization successful.
2023-05-23 12:48:00,087 [INFO] Reading file...
2023-05-23 12:48:00,087 [INFO] Input is excel
2023-05-23 12:48:00,693 [INFO] Read dataframe.
2023-05-23 12:48:00,694 [INFO] Read input with 284 peptides

2023-05-23 12:48:00,697 [INFO] Input software is sm
2023-05-23 12:48:00,702 [INFO] Converted values in 20210512_FJ_KK_LB_HUNTER_PO.raw.PEP.TMTpro_127C to numeric type
2023-05-23 12:48:00,705 [INFO] Converted values in 20210512_FJ_KK_LB_HUNTER_PO.raw.PEP.TMTpro_128C to numeric type
2023-05-23 12:48:00,709 [INFO] Converted values in 20210512_FJ_KK_LB_HUNTER_PO.raw.PEP.TMTpro_129C to numeric type
2023-05-23 12:48:00,713 [INFO] Converted values in 20210512_FJ_KK_LB_HUNTER_PO.raw.PEP.TMTpro_130C to numeric type
2023-05-23 12:48:00,717 [INFO] Converted values in 20210512_FJ_KK_LB_HUNTER_PO.raw.PEP.TMTpro_131C to numeric type
2023-05-23 12:48:00,719 [INFO] Converted values in 20210512_FJ_KK_LB_HUNTER_PO.raw.PEP.TMTpro_132C to numeric type
2023-05-23 12:48:00,726 [INFO] Successfully generated indexing patterns.
2023-05-23 12:48:00,727 [INFO] Patterns are: {'acc': 'PG.ProteinAccessions', 'seq': 'PEP.StrippedSequence', 'amino': 'B|J|O|U|X|Z', 'mod': 'P.MoleculeID', 'quant': 'PEP\\.TMT', 'label': '\\[TMT', 'nterm': 'N-?ter', 'nterm_label': 'TMT.*_Nter', 'lysine_label': 'K\\[TMT.{0,3}_Lys\\]'}
2023-05-23 12:48:00,727 [INFO] Format check complete.

2023-05-23 12:48:00,734 [INFO] Starting annotation of peptides...
2023-05-23 12:48:00,734 [INFO] Reading MEROPS data..
2023-05-23 12:48:01,506 [INFO] Read MEROPS data
2023-05-23 12:48:01,512 [INFO] Initialized annotation dataframe.

2023-05-23 12:48:16,301 [WARNING] Peptide NLNMEADPGQYR not found in protein sequence for A0A087X2B5.
2023-05-23 12:48:16,342 [WARNING] Peptide SELHIENLNMEADPGQYR not found in protein sequence for A0A087X2B5.
2023-05-23 12:48:16,365 [WARNING] Peptide YSCVFLPEPMGTANIQLHGPPR not found in protein sequence for A0A087X2B5.
2023-05-23 12:48:16,369 [WARNING] Peptide NLNMEADPGQYR not found in protein sequence for A0A087X2B5.
2023-05-23 12:48:16,377 [WARNING] Peptide NLNMEADPGQYR not found in protein sequence for A0A087X2B5.
2023-05-23 12:48:16,378 [WARNING] Peptide ADPGQYR not found in protein sequence for A0A087X2B5.
2023-05-23 12:48:17,657 [WARNING] Peptide SCVFLPEPMGTANIQLHGPPR not found in protein sequence for A0A087X2B5.
2023-05-23 12:48:29,390 [WARNING] Error retrieving Uniprot record for A0A494C169: No SwissProt record found
2023-05-23 12:48:56,646 [INFO] Finished annotation of peptides.

2023-05-23 12:48:56,647 [INFO] Starting annotation of Protein Atlas data...
2023-05-23 12:48:56,647 [INFO] Reading Protein Atlas data..
2023-05-23 12:48:57,527 [INFO] Read Protein Atlas data.
2023-05-23 12:48:57,547 [WARNING] Duplicates found in 'Uniprot' column of 'protein_atlas_sub'. Dropping duplicates.
2023-05-23 12:48:57,577 [INFO] Finished annotation of Protein Atlas data.

2023-05-23 12:48:57,579 [INFO] Starting proteoform check...
2023-05-23 12:48:57,582 [INFO] Finished proteoform check.
2023-05-23 12:48:57,582 [INFO] Starting exopeptidase activity check...
2023-05-23 12:48:57,610 [INFO] 2 LGLGIDEDEVAAEEPNAAVPDEIPPLEGDEDASR LGIDEDEVAAEEPNAAVPDEIPPLEGDEDASR
2023-05-23 12:48:57,671 [INFO] 1 YSCVFLPEPMGTANIQLHGPPR SCVFLPEPMGTANIQLHGPPR
2023-05-23 12:48:57,675 [INFO] 2 AEAMDLGKDPNGPTHSSTLFVR AMDLGKDPNGPTHSSTLFVR
2023-05-23 12:48:57,682 [INFO] 2 AEAQALLSGDTQTDATSFYDR AQALLSGDTQTDATSFYDR
2023-05-23 12:48:57,716 [INFO] 1 KACANPAAGSVILLENLR ACANPAAGSVILLENLR
2023-05-23 12:48:57,720 [INFO] 2 KACANPAAGSVILLENLR ANPAAGSVILLENLR
2023-05-23 12:48:57,769 [INFO] 1 AAQTSPSPKAGAATGR AQTSPSPKAGAATGR
2023-05-23 12:48:57,772 [INFO] 1 SSGFSLEDPQTHSNR SGFSLEDPQTHSNR
2023-05-23 12:48:57,777 [INFO] 2 SKNLKLGIHEDSTNR NLKLGIHEDSTNR
2023-05-23 12:48:57,848 [INFO] 2 SEDFSLPAYMDR DFSLPAYMDR
2023-05-23 12:48:57,902 [INFO] 2 SPVLHFYVR VLHFYVR
2023-05-23 12:48:57,940 [INFO] Finished exopeptidase activity check.

2023-05-23 12:48:57,953 [INFO] Parsed condition file
2023-05-23 12:48:57,953 [INFO] Performing general statistics annotation...
2023-05-23 12:48:57,992 [INFO] Finished general statistics annotation.
2023-05-23 12:48:57,993 [INFO] Performing statistical testing...
2023-05-23 12:48:58,007 [INFO] Finished statistical testing.
2023-05-23 12:48:58,009 [INFO] Corrected p-values for Corrected Ttest: gluc_control using fdr_bh method
2023-05-23 12:48:58,010 [INFO] Finished multiple testing correction.

2023-05-23 12:48:58,010 [INFO] Checking fold distribution...
2023-05-23 12:48:58,118 [INFO] Finished fold distribution check.

2023-05-23 12:48:58,119 [INFO] Generating figures...
2023-05-23 12:49:20,979 [WARNING] No interaction map found for pathway: R-HSA-9734195
