2023-05-09 11:37:05,612 [INFO] Annotator started at 2023-05-09 11:37:05.
2023-05-09 11:37:05,615 [INFO] Arguments: {'infile': '..\\tests\\HUNTER_clean_100.xlsx', 'infile_type': 'infer', 'software': 'infer', 'level': 'all', 'dropna': False, 'sleeptime': 0.2, 'noexo': False, 'nomerops': False, 'singlecpu': False, 'conditionfile': '..\\tests\\cond_HUNTER.txt', 'stat': True, 'stat_pairwise': True, 'significance': 'all', 'visualize': True, 'logo': 'all', 'pseudocounts': True, 'output_name': None, 'outfile_type': 'xlsx', 'separate': False}
2023-05-09 11:37:05,616 [INFO] Initialization successful.
2023-05-09 11:37:05,617 [INFO] Reading file...

2023-05-09 11:37:05,617 [INFO] Input is excel
2023-05-09 11:37:05,876 [INFO] Read dataframe.
2023-05-09 11:37:05,877 [INFO] Read input with 284 peptides
2023-05-09 11:37:05,877 [INFO] Input software is sm
2023-05-09 11:37:05,881 [INFO] Successfully generated indexing patterns
2023-05-09 11:37:05,882 [INFO] Format check complete

2023-05-09 11:37:05,885 [INFO] Starting annotation of peptides...
2023-05-09 11:37:05,885 [INFO] Reading MEROPS data..
2023-05-09 11:37:06,304 [INFO] Read MEROPS data
2023-05-09 11:37:06,306 [INFO] Initialized annotation dataframe.

2023-05-09 11:37:24,427 [WARNING] Peptide ADPGQYR not found in protein sequence for A0A087X2B5.
2023-05-09 11:37:24,700 [WARNING] Peptide YSCVFLPEPMGTANIQLHGPPR not found in protein sequence for A0A087X2B5.
2023-05-09 11:37:24,708 [WARNING] Peptide NLNMEADPGQYR not found in protein sequence for A0A087X2B5.
2023-05-09 11:37:24,720 [WARNING] Peptide NLNMEADPGQYR not found in protein sequence for A0A087X2B5.
2023-05-09 11:37:24,732 [WARNING] Peptide NLNMEADPGQYR not found in protein sequence for A0A087X2B5.
2023-05-09 11:37:24,875 [WARNING] Peptide SELHIENLNMEADPGQYR not found in protein sequence for A0A087X2B5.
2023-05-09 11:37:26,496 [WARNING] Peptide SCVFLPEPMGTANIQLHGPPR not found in protein sequence for A0A087X2B5.
2023-05-09 11:37:45,675 [WARNING] Error retrieving Uniprot record for A0A494C169: No SwissProt record found
2023-05-09 11:38:19,053 [INFO] Finished annotation of peptides.

2023-05-09 11:38:19,053 [INFO] Starting proteoform check...
2023-05-09 11:38:19,055 [INFO] Finished proteoform check.
2023-05-09 11:38:19,055 [INFO] Starting exopeptidase activity check...
2023-05-09 11:38:19,065 [INFO] 2 LGLGIDEDEVAAEEPNAAVPDEIPPLEGDEDASR LGIDEDEVAAEEPNAAVPDEIPPLEGDEDASR
2023-05-09 11:38:19,091 [INFO] 1 YSCVFLPEPMGTANIQLHGPPR SCVFLPEPMGTANIQLHGPPR
2023-05-09 11:38:19,094 [INFO] 2 AEAMDLGKDPNGPTHSSTLFVR AMDLGKDPNGPTHSSTLFVR
2023-05-09 11:38:19,098 [INFO] 2 AEAQALLSGDTQTDATSFYDR AQALLSGDTQTDATSFYDR
2023-05-09 11:38:19,111 [INFO] 1 KACANPAAGSVILLENLR ACANPAAGSVILLENLR
2023-05-09 11:38:19,112 [INFO] 2 KACANPAAGSVILLENLR ANPAAGSVILLENLR
2023-05-09 11:38:19,127 [INFO] 1 AAQTSPSPKAGAATGR AQTSPSPKAGAATGR
2023-05-09 11:38:19,129 [INFO] 1 SSGFSLEDPQTHSNR SGFSLEDPQTHSNR
2023-05-09 11:38:19,131 [INFO] 2 SKNLKLGIHEDSTNR NLKLGIHEDSTNR
2023-05-09 11:38:19,154 [INFO] 2 SEDFSLPAYMDR DFSLPAYMDR
2023-05-09 11:38:19,173 [INFO] 2 SPVLHFYVR VLHFYVR
2023-05-09 11:38:19,189 [INFO] Finished exopeptidase activity check.

2023-05-09 11:38:19,190 [INFO] Parsed condition file
2023-05-09 11:38:19,190 [INFO] Performing general statistics annotation...
2023-05-09 11:38:19,206 [INFO] Finished general statistics annotation.
2023-05-09 11:38:19,206 [INFO] Performing statistical testing...
2023-05-09 11:38:19,209 [INFO] Finished statistical testing.
2023-05-09 11:38:19,210 [INFO] Corrected p-values for Corrected Ttest: gluc_control using fdr_bh method
2023-05-09 11:38:19,210 [INFO] Finished multiple testing correction.

2023-05-09 11:38:19,210 [INFO] Checking fold distribution...
2023-05-09 11:38:19,263 [INFO] Finished fold distribution check.

2023-05-09 11:38:19,264 [INFO] Generating figures...
2023-05-09 11:38:31,829 [INFO] Starting gallery generation...
2023-05-09 11:38:36,081 [INFO] Finished gallery generation.
2023-05-09 11:38:36,081 [INFO] Starting sequence plotting...
2023-05-09 11:41:26,247 [INFO] Finished sequence plotting.
2023-05-09 11:41:26,247 [INFO] Finished sequence plotting.
2023-05-09 11:41:26,247 [INFO] Finished generating figures.
2023-05-09 11:41:26,247 [INFO] Generating logos...
2023-05-09 11:41:32,786 [INFO] Finished generating logos.

2023-05-09 11:41:32,787 [INFO] Writing output files...
2023-05-09 11:41:41,447 [INFO] Finished. Wrote results to D:\DTU\PhD\Projects\CLIPPER\annotator\results\20230509113705.
2023-05-09 11:41:41,631 [INFO] Finished writing output files
2023-05-09 11:41:41,632 [INFO] 
CLIPPER 2.0 pipeline completed in 0:04:36.019807.

