2023-05-08 16:02:35,203 [INFO] Annotator started at 2023-05-08 16:02:35.
2023-05-08 16:02:35,223 [INFO] Arguments: {'infile': '..\\tests\\HUNTER_clean_100.xlsx', 'infile_type': 'infer', 'software': 'infer', 'level': 'all', 'dropna': False, 'sleeptime': 0.2, 'noexo': False, 'nomerops': False, 'singlecpu': False, 'conditionfile': '..\\tests\\cond_HUNTER.txt', 'stat': True, 'stat_pairwise': False, 'significance': None, 'visualize': True, 'logo': None, 'pseudocounts': True, 'output_name': None, 'outfile_type': 'xlsx', 'separate': False}
2023-05-08 16:02:35,224 [INFO] Initialization successful.
2023-05-08 16:02:35,233 [INFO] Reading file...

2023-05-08 16:02:35,234 [INFO] Input is excel
2023-05-08 16:02:35,630 [INFO] Read dataframe.
2023-05-08 16:02:35,631 [INFO] Read input with 284 peptides
2023-05-08 16:02:35,632 [INFO] Input software is sm
2023-05-08 16:02:35,640 [INFO] Successfully generated indexing patterns
2023-05-08 16:02:35,640 [INFO] Format check complete

2023-05-08 16:02:35,644 [INFO] Starting annotation of peptides...
2023-05-08 16:02:35,644 [INFO] Reading MEROPS data..
2023-05-08 16:02:36,224 [INFO] Read MEROPS data
2023-05-08 16:02:36,226 [INFO] Initialized annotation dataframe.

2023-05-08 16:02:54,520 [WARNING] Peptide NLNMEADPGQYR not found in protein sequence for A0A087X2B5.
2023-05-08 16:02:54,596 [WARNING] Peptide YSCVFLPEPMGTANIQLHGPPR not found in protein sequence for A0A087X2B5.
2023-05-08 16:02:54,615 [WARNING] Peptide NLNMEADPGQYR not found in protein sequence for A0A087X2B5.
2023-05-08 16:02:54,617 [WARNING] Peptide SELHIENLNMEADPGQYR not found in protein sequence for A0A087X2B5.
2023-05-08 16:02:54,618 [WARNING] Peptide ADPGQYR not found in protein sequence for A0A087X2B5.
2023-05-08 16:02:54,619 [WARNING] Peptide NLNMEADPGQYR not found in protein sequence for A0A087X2B5.
2023-05-08 16:02:55,712 [WARNING] Peptide SCVFLPEPMGTANIQLHGPPR not found in protein sequence for A0A087X2B5.
2023-05-08 16:03:10,704 [WARNING] Error retrieving Uniprot record for A0A494C169: No SwissProt record found
2023-05-08 16:03:42,734 [INFO] Finished annotation of peptides.

2023-05-08 16:03:42,735 [INFO] Starting proteoform check...
2023-05-08 16:03:42,737 [INFO] Finished proteoform check.
2023-05-08 16:03:42,737 [INFO] Starting exopeptidase activity check...
2023-05-08 16:03:42,753 [INFO] 2 LGLGIDEDEVAAEEPNAAVPDEIPPLEGDEDASR LGIDEDEVAAEEPNAAVPDEIPPLEGDEDASR
2023-05-08 16:03:42,817 [INFO] 1 YSCVFLPEPMGTANIQLHGPPR SCVFLPEPMGTANIQLHGPPR
2023-05-08 16:03:42,820 [INFO] 2 AEAMDLGKDPNGPTHSSTLFVR AMDLGKDPNGPTHSSTLFVR
2023-05-08 16:03:42,827 [INFO] 2 AEAQALLSGDTQTDATSFYDR AQALLSGDTQTDATSFYDR
2023-05-08 16:03:42,858 [INFO] 1 KACANPAAGSVILLENLR ACANPAAGSVILLENLR
2023-05-08 16:03:42,859 [INFO] 2 KACANPAAGSVILLENLR ANPAAGSVILLENLR
2023-05-08 16:03:42,928 [INFO] 1 AAQTSPSPKAGAATGR AQTSPSPKAGAATGR
2023-05-08 16:03:42,928 [INFO] 1 SSGFSLEDPQTHSNR SGFSLEDPQTHSNR
2023-05-08 16:03:42,944 [INFO] 2 SKNLKLGIHEDSTNR NLKLGIHEDSTNR
2023-05-08 16:03:43,015 [INFO] 2 SEDFSLPAYMDR DFSLPAYMDR
2023-05-08 16:03:43,071 [INFO] 2 SPVLHFYVR VLHFYVR
2023-05-08 16:03:43,104 [INFO] Finished exopeptidase activity check.

2023-05-08 16:03:43,106 [INFO] Parsed condition file
2023-05-08 16:03:43,107 [INFO] Performing general statistics annotation...
2023-05-08 16:03:43,140 [INFO] Finished general statistics annotation.
2023-05-08 16:03:43,140 [INFO] Performing statistical testing...
2023-05-08 16:03:43,145 [INFO] Finished statistical testing.
2023-05-08 16:03:43,147 [INFO] Corrected p-values for Corrected Ttest: gluc_control using fdr_bh method
2023-05-08 16:03:43,148 [INFO] Finished multiple testing correction.

2023-05-08 16:03:43,148 [INFO] Generating figures...
2023-05-08 16:03:59,862 [INFO] Starting gallery generation...
2023-05-08 16:04:04,139 [INFO] Finished gallery generation.
2023-05-08 16:04:04,140 [INFO] Starting sequence plotting...
