2023-05-05 16:28:45,589 [INFO] Annotator started at 2023-05-05 16:28:45.
2023-05-05 16:28:45,591 [INFO] Arguments: {'infile': '..\\tests\\HUNTER_clean_100.xlsx', 'infile_type': 'infer', 'software': 'infer', 'level': 'all', 'dropna': False, 'sleeptime': 0.2, 'noexo': False, 'nomerops': False, 'singlecpu': False, 'conditionfile': '..\\tests\\cond_HUNTER.txt', 'stat': True, 'stat_pairwise': False, 'significance': None, 'visualize': True, 'logo': 'all', 'pseudocounts': True, 'output_name': None, 'outfile_type': 'xlsx', 'separate': False}
2023-05-05 16:28:45,592 [INFO] Initialization successful.
2023-05-05 16:28:45,593 [INFO] Reading file...

2023-05-05 16:28:45,593 [INFO] Input is excel
2023-05-05 16:28:45,877 [INFO] Read dataframe.
2023-05-05 16:28:45,878 [INFO] Read input with 284 peptides
2023-05-05 16:28:45,878 [INFO] Input software is sm
2023-05-05 16:28:45,882 [INFO] Successfully generated indexing patterns
2023-05-05 16:28:45,882 [INFO] Format check complete

2023-05-05 16:28:45,884 [INFO] Starting annotation of peptides...
2023-05-05 16:28:45,884 [INFO] Reading MEROPS data..
2023-05-05 16:28:46,281 [INFO] Read MEROPS data
2023-05-05 16:28:46,284 [INFO] Initialized annotation dataframe.

2023-05-05 16:28:53,808 [WARNING] Peptide YSCVFLPEPMGTANIQLHGPPR not found in protein sequence for A0A087X2B5.
2023-05-05 16:28:53,912 [WARNING] Peptide NLNMEADPGQYR not found in protein sequence for A0A087X2B5.
2023-05-05 16:28:53,925 [WARNING] Peptide ADPGQYR not found in protein sequence for A0A087X2B5.
2023-05-05 16:28:53,927 [WARNING] Peptide SELHIENLNMEADPGQYR not found in protein sequence for A0A087X2B5.
2023-05-05 16:28:53,960 [WARNING] Peptide NLNMEADPGQYR not found in protein sequence for A0A087X2B5.
2023-05-05 16:28:53,969 [WARNING] Peptide NLNMEADPGQYR not found in protein sequence for A0A087X2B5.
2023-05-05 16:28:55,376 [WARNING] Peptide SCVFLPEPMGTANIQLHGPPR not found in protein sequence for A0A087X2B5.
2023-05-05 16:29:01,246 [WARNING] Error retrieving Uniprot record for A0A494C169: No SwissProt record found
2023-05-05 16:29:12,975 [INFO] Finished annotation of peptides.

2023-05-05 16:29:12,975 [INFO] Starting proteoform check...
2023-05-05 16:29:12,977 [INFO] Finished proteoform check.
2023-05-05 16:29:12,977 [INFO] Starting exopeptidase activity check...
2023-05-05 16:29:12,986 [INFO] 2 LGLGIDEDEVAAEEPNAAVPDEIPPLEGDEDASR LGIDEDEVAAEEPNAAVPDEIPPLEGDEDASR
2023-05-05 16:29:13,011 [INFO] 1 YSCVFLPEPMGTANIQLHGPPR SCVFLPEPMGTANIQLHGPPR
2023-05-05 16:29:13,015 [INFO] 2 AEAMDLGKDPNGPTHSSTLFVR AMDLGKDPNGPTHSSTLFVR
2023-05-05 16:29:13,019 [INFO] 2 AEAQALLSGDTQTDATSFYDR AQALLSGDTQTDATSFYDR
2023-05-05 16:29:13,032 [INFO] 1 KACANPAAGSVILLENLR ACANPAAGSVILLENLR
2023-05-05 16:29:13,034 [INFO] 2 KACANPAAGSVILLENLR ANPAAGSVILLENLR
2023-05-05 16:29:13,049 [INFO] 1 AAQTSPSPKAGAATGR AQTSPSPKAGAATGR
2023-05-05 16:29:13,051 [INFO] 1 SSGFSLEDPQTHSNR SGFSLEDPQTHSNR
2023-05-05 16:29:13,052 [INFO] 2 SKNLKLGIHEDSTNR NLKLGIHEDSTNR
2023-05-05 16:29:13,076 [INFO] 2 SEDFSLPAYMDR DFSLPAYMDR
2023-05-05 16:29:13,095 [INFO] 2 SPVLHFYVR VLHFYVR
2023-05-05 16:29:13,110 [INFO] Finished exopeptidase activity check.

2023-05-05 16:29:13,110 [INFO] Parsed condition file
2023-05-05 16:29:13,111 [INFO] Performing general statistics annotation...
2023-05-05 16:29:13,127 [INFO] Finished general statistics annotation.
2023-05-05 16:29:13,128 [INFO] Performing statistical testing...
2023-05-05 16:29:13,130 [INFO] Finished statistical testing.
2023-05-05 16:29:13,131 [INFO] Corrected p-values for Corrected Ttest: gluc_control using fdr_bh method
2023-05-05 16:29:13,132 [INFO] Finished multiple testing correction.

2023-05-05 16:29:13,132 [INFO] Generating figures...
2023-05-05 16:29:16,304 [INFO] Starting gallery generation...
2023-05-05 16:29:20,644 [INFO] Finished gallery generation...
2023-05-05 16:29:20,644 [INFO] Finished generating figures.
2023-05-05 16:29:20,644 [INFO] Generating logos...
2023-05-05 16:29:20,645 [INFO] Finished generating logos.

2023-05-05 16:29:20,645 [INFO] Writing output files...
2023-05-05 16:29:25,186 [INFO] Finished. Wrote results to D:\DTU\PhD\Projects\CLIPPER\annotator\results\20230505162845.
2023-05-05 16:29:25,284 [INFO] Finished writing output files
2023-05-05 16:29:25,284 [INFO] 
CLIPPER 2.0 pipeline completed in 0:00:39.696353.

