2023-05-05 15:52:24,604 [INFO] Annotator started at 2023-05-05 15:52:24.
2023-05-05 15:52:24,606 [INFO] Arguments: {'infile': '..\\tests\\HUNTER_clean_100.xlsx', 'infile_type': 'infer', 'software': 'infer', 'level': 'all', 'dropna': False, 'sleeptime': 0.2, 'noexo': False, 'nomerops': False, 'singlecpu': False, 'conditionfile': '..\\tests\\cond_HUNTER.txt', 'stat': True, 'stat_pairwise': True, 'significance': None, 'visualize': True, 'logo': 'all', 'pseudocounts': True, 'output_name': None, 'outfile_type': 'xlsx', 'separate': False}
2023-05-05 15:52:24,607 [INFO] Initialization successful.
2023-05-05 15:52:24,607 [INFO] Reading file...

2023-05-05 15:52:24,608 [INFO] Input is excel
2023-05-05 15:52:24,936 [INFO] Read dataframe.
2023-05-05 15:52:24,937 [INFO] Read input with 284 peptides
2023-05-05 15:52:24,937 [INFO] Input software is sm
2023-05-05 15:52:24,942 [INFO] Successfully generated indexing patterns
2023-05-05 15:52:24,942 [INFO] Format check complete

2023-05-05 15:52:24,944 [INFO] Starting annotation of peptides...
2023-05-05 15:52:24,944 [INFO] Reading MEROPS data..
2023-05-05 15:52:25,347 [INFO] Read MEROPS data
2023-05-05 15:52:25,349 [INFO] Initialized annotation dataframe.

2023-05-05 15:52:32,938 [WARNING] Peptide YSCVFLPEPMGTANIQLHGPPR not found in protein sequence for A0A087X2B5.
2023-05-05 15:52:33,063 [WARNING] Peptide SELHIENLNMEADPGQYR not found in protein sequence for A0A087X2B5.
2023-05-05 15:52:33,095 [WARNING] Peptide ADPGQYR not found in protein sequence for A0A087X2B5.
2023-05-05 15:52:33,127 [WARNING] Peptide NLNMEADPGQYR not found in protein sequence for A0A087X2B5.
2023-05-05 15:52:33,134 [WARNING] Peptide NLNMEADPGQYR not found in protein sequence for A0A087X2B5.
2023-05-05 15:52:33,160 [WARNING] Peptide NLNMEADPGQYR not found in protein sequence for A0A087X2B5.
2023-05-05 15:52:34,564 [WARNING] Peptide SCVFLPEPMGTANIQLHGPPR not found in protein sequence for A0A087X2B5.
2023-05-05 15:52:40,775 [WARNING] Error retrieving Uniprot record for A0A494C169: No SwissProt record found
2023-05-05 15:52:53,029 [INFO] Finished annotation of peptides.

2023-05-05 15:52:53,030 [INFO] Starting proteoform check...
2023-05-05 15:52:53,030 [INFO] Finished proteoform check.
2023-05-05 15:52:53,030 [INFO] Starting exopeptidase activity check...
2023-05-05 15:52:53,040 [INFO] 2 LGLGIDEDEVAAEEPNAAVPDEIPPLEGDEDASR LGIDEDEVAAEEPNAAVPDEIPPLEGDEDASR
2023-05-05 15:52:53,064 [INFO] 1 YSCVFLPEPMGTANIQLHGPPR SCVFLPEPMGTANIQLHGPPR
2023-05-05 15:52:53,066 [INFO] 2 AEAMDLGKDPNGPTHSSTLFVR AMDLGKDPNGPTHSSTLFVR
2023-05-05 15:52:53,069 [INFO] 2 AEAQALLSGDTQTDATSFYDR AQALLSGDTQTDATSFYDR
2023-05-05 15:52:53,081 [INFO] 1 KACANPAAGSVILLENLR ACANPAAGSVILLENLR
2023-05-05 15:52:53,081 [INFO] 2 KACANPAAGSVILLENLR ANPAAGSVILLENLR
2023-05-05 15:52:53,096 [INFO] 1 AAQTSPSPKAGAATGR AQTSPSPKAGAATGR
2023-05-05 15:52:53,097 [INFO] 1 SSGFSLEDPQTHSNR SGFSLEDPQTHSNR
2023-05-05 15:52:53,098 [INFO] 2 SKNLKLGIHEDSTNR NLKLGIHEDSTNR
2023-05-05 15:52:53,121 [INFO] 2 SEDFSLPAYMDR DFSLPAYMDR
2023-05-05 15:52:53,139 [INFO] 2 SPVLHFYVR VLHFYVR
2023-05-05 15:52:53,154 [INFO] Finished exopeptidase activity check.

2023-05-05 15:52:53,155 [INFO] Parsed condition file
2023-05-05 15:52:53,155 [INFO] Performing general statistics annotation...
2023-05-05 15:52:53,169 [INFO] Finished general statistics annotation.
2023-05-05 15:52:53,169 [INFO] Performing statistical testing...
2023-05-05 15:52:53,172 [INFO] Finished statistical testing
.
2023-05-05 15:52:53,172 [INFO] Generating figures...
2023-05-05 15:52:56,614 [INFO] Starting gallery generation...
2023-05-05 15:53:00,895 [INFO] Finished gallery generation...
2023-05-05 15:53:00,895 [INFO] Finished generating figures.
2023-05-05 15:53:00,896 [INFO] Generating logos...
2023-05-05 15:53:07,218 [INFO] Finished generating logos.

2023-05-05 15:53:07,219 [INFO] Writing output files...
2023-05-05 15:53:15,452 [INFO] Finished. Wrote results to D:\DTU\PhD\Projects\CLIPPER\annotator\results\20230505155224.
2023-05-05 15:53:15,674 [INFO] Finished writing output files
2023-05-05 15:53:15,674 [INFO] 
CLIPPER 2.0 pipeline completed in 0:00:51.070441.

