2023-05-08 17:40:49,195 [INFO] Annotator started at 2023-05-08 17:40:49.
2023-05-08 17:40:49,204 [INFO] Arguments: {'infile': '..\\tests\\HUNTER_clean_100.xlsx', 'infile_type': 'infer', 'software': 'infer', 'level': 'all', 'dropna': False, 'sleeptime': 0.2, 'noexo': False, 'nomerops': False, 'singlecpu': False, 'conditionfile': '..\\tests\\cond_HUNTER.txt', 'stat': True, 'stat_pairwise': False, 'significance': None, 'visualize': True, 'logo': None, 'pseudocounts': True, 'output_name': None, 'outfile_type': 'xlsx', 'separate': False}
2023-05-08 17:40:49,205 [INFO] Initialization successful.
2023-05-08 17:40:49,207 [INFO] Reading file...

2023-05-08 17:40:49,207 [INFO] Input is excel
2023-05-08 17:40:51,334 [INFO] Read dataframe.
2023-05-08 17:40:51,334 [INFO] Read input with 284 peptides
2023-05-08 17:40:51,335 [INFO] Input software is sm
2023-05-08 17:40:51,341 [INFO] Successfully generated indexing patterns
2023-05-08 17:40:51,342 [INFO] Format check complete

2023-05-08 17:40:51,344 [INFO] Starting annotation of peptides...
2023-05-08 17:40:51,345 [INFO] Reading MEROPS data..
2023-05-08 17:40:52,067 [INFO] Read MEROPS data
2023-05-08 17:40:52,083 [INFO] Initialized annotation dataframe.

2023-05-08 17:41:18,305 [WARNING] Peptide ADPGQYR not found in protein sequence for A0A087X2B5.
2023-05-08 17:41:18,367 [WARNING] Peptide NLNMEADPGQYR not found in protein sequence for A0A087X2B5.
2023-05-08 17:41:18,373 [WARNING] Peptide SELHIENLNMEADPGQYR not found in protein sequence for A0A087X2B5.
2023-05-08 17:41:18,376 [WARNING] Peptide NLNMEADPGQYR not found in protein sequence for A0A087X2B5.
2023-05-08 17:41:18,377 [WARNING] Peptide YSCVFLPEPMGTANIQLHGPPR not found in protein sequence for A0A087X2B5.
2023-05-08 17:41:18,415 [WARNING] Peptide NLNMEADPGQYR not found in protein sequence for A0A087X2B5.
2023-05-08 17:41:19,429 [WARNING] Peptide SCVFLPEPMGTANIQLHGPPR not found in protein sequence for A0A087X2B5.
2023-05-08 17:41:31,716 [WARNING] Error retrieving Uniprot record for A0A494C169: No SwissProt record found
2023-05-08 17:42:03,143 [INFO] Finished annotation of peptides.

2023-05-08 17:42:03,143 [INFO] Starting proteoform check...
2023-05-08 17:42:03,154 [INFO] Finished proteoform check.
2023-05-08 17:42:03,154 [INFO] Starting exopeptidase activity check...
2023-05-08 17:42:03,182 [INFO] 2 LGLGIDEDEVAAEEPNAAVPDEIPPLEGDEDASR LGIDEDEVAAEEPNAAVPDEIPPLEGDEDASR
2023-05-08 17:42:03,220 [INFO] 1 YSCVFLPEPMGTANIQLHGPPR SCVFLPEPMGTANIQLHGPPR
2023-05-08 17:42:03,223 [INFO] 2 AEAMDLGKDPNGPTHSSTLFVR AMDLGKDPNGPTHSSTLFVR
2023-05-08 17:42:03,229 [INFO] 2 AEAQALLSGDTQTDATSFYDR AQALLSGDTQTDATSFYDR
2023-05-08 17:42:03,245 [INFO] 1 KACANPAAGSVILLENLR ACANPAAGSVILLENLR
2023-05-08 17:42:03,248 [INFO] 2 KACANPAAGSVILLENLR ANPAAGSVILLENLR
2023-05-08 17:42:03,267 [INFO] 1 AAQTSPSPKAGAATGR AQTSPSPKAGAATGR
2023-05-08 17:42:03,269 [INFO] 1 SSGFSLEDPQTHSNR SGFSLEDPQTHSNR
2023-05-08 17:42:03,271 [INFO] 2 SKNLKLGIHEDSTNR NLKLGIHEDSTNR
2023-05-08 17:42:03,305 [INFO] 2 SEDFSLPAYMDR DFSLPAYMDR
2023-05-08 17:42:03,332 [INFO] 2 SPVLHFYVR VLHFYVR
2023-05-08 17:42:03,353 [INFO] Finished exopeptidase activity check.

2023-05-08 17:42:03,360 [INFO] Parsed condition file
2023-05-08 17:42:03,360 [INFO] Performing general statistics annotation...
2023-05-08 17:42:03,382 [INFO] Finished general statistics annotation.
2023-05-08 17:42:03,383 [INFO] Performing statistical testing...
2023-05-08 17:42:03,385 [INFO] Finished statistical testing.
2023-05-08 17:42:03,386 [INFO] Corrected p-values for Corrected Ttest: gluc_control using fdr_bh method
2023-05-08 17:42:03,387 [INFO] Finished multiple testing correction.

2023-05-08 17:42:03,387 [INFO] Generating figures...
2023-05-08 17:42:17,070 [INFO] Starting gallery generation...
2023-05-08 17:42:21,235 [INFO] Finished gallery generation.
2023-05-08 17:42:21,235 [INFO] Starting sequence plotting...
2023-05-08 17:44:02,045 [INFO] Finished sequence plotting.
2023-05-08 17:44:02,046 [INFO] Finished sequence plotting.
2023-05-08 17:44:02,046 [INFO] Finished generating figures.
2023-05-08 17:44:02,048 [INFO] Writing output files...
2023-05-08 17:44:07,019 [INFO] Finished. Wrote results to C:\Users\konka\Documents\annotator\results\20230508174049.
2023-05-08 17:44:07,442 [INFO] Finished writing output files
2023-05-08 17:44:07,442 [INFO] 
CLIPPER 2.0 pipeline completed in 0:03:18.260345.

