2023-05-19 12:32:08,082 [INFO] Annotator started at 2023-05-19 12:32:08.
2023-05-19 12:32:08,085 [INFO] Arguments: {'infile': '..\\tests\\HUNTER_clean_100.xlsx', 'infile_type': 'infer', 'software': 'infer', 'level': 'all', 'dropna': False, 'fillna': None, 'sleeptime': 0.2, 'noexo': False, 'nomerops': False, 'calcstructure': None, 'singlecpu': False, 'conditionfile': '..\\tests\\cond_HUNTER.txt', 'stat': True, 'stat_pairwise': True, 'significance': None, 'visualize': True, 'logo': None, 'pseudocounts': True, 'cleavagevis': None, 'enrichment': False, 'pathway': True, 'output_name': None, 'outfile_type': 'xlsx', 'separate': False}
2023-05-19 12:32:08,085 [INFO] Initialization successful.
2023-05-19 12:32:08,090 [INFO] Reading file...
2023-05-19 12:32:08,090 [INFO] Input is excel
2023-05-19 12:32:08,376 [INFO] Read dataframe.
2023-05-19 12:32:08,376 [INFO] Read input with 284 peptides

2023-05-19 12:32:08,377 [INFO] Input software is sm
2023-05-19 12:32:08,379 [INFO] Converted values in 20210512_FJ_KK_LB_HUNTER_PO.raw.PEP.TMTpro_127C to numeric type
2023-05-19 12:32:08,381 [INFO] Converted values in 20210512_FJ_KK_LB_HUNTER_PO.raw.PEP.TMTpro_128C to numeric type
2023-05-19 12:32:08,383 [INFO] Converted values in 20210512_FJ_KK_LB_HUNTER_PO.raw.PEP.TMTpro_129C to numeric type
2023-05-19 12:32:08,385 [INFO] Converted values in 20210512_FJ_KK_LB_HUNTER_PO.raw.PEP.TMTpro_130C to numeric type
2023-05-19 12:32:08,387 [INFO] Converted values in 20210512_FJ_KK_LB_HUNTER_PO.raw.PEP.TMTpro_131C to numeric type
2023-05-19 12:32:08,388 [INFO] Converted values in 20210512_FJ_KK_LB_HUNTER_PO.raw.PEP.TMTpro_132C to numeric type
2023-05-19 12:32:08,390 [INFO] Successfully generated indexing patterns.
2023-05-19 12:32:08,391 [INFO] Patterns are: {'acc': 'PG.ProteinAccessions', 'seq': 'PEP.StrippedSequence', 'amino': 'B|J|O|U|X|Z', 'mod': 'P.MoleculeID', 'quant': 'PEP\\.TMT', 'label': '\\[TMT', 'nterm': 'N-?ter', 'nterm_label': 'TMT.*_Nter', 'lysine_label': 'K\\[TMT.{0,3}_Lys\\]'}
2023-05-19 12:32:08,391 [INFO] Format check complete.

2023-05-19 12:32:08,399 [INFO] Starting annotation of peptides...
2023-05-19 12:32:08,399 [INFO] Reading MEROPS data..
2023-05-19 12:32:08,794 [INFO] Read MEROPS data
2023-05-19 12:32:08,796 [INFO] Initialized annotation dataframe.

2023-05-19 12:32:18,926 [WARNING] Peptide YSCVFLPEPMGTANIQLHGPPR not found in protein sequence for A0A087X2B5.
2023-05-19 12:32:18,995 [WARNING] Peptide NLNMEADPGQYR not found in protein sequence for A0A087X2B5.
2023-05-19 12:32:19,073 [WARNING] Peptide ADPGQYR not found in protein sequence for A0A087X2B5.
2023-05-19 12:32:19,082 [WARNING] Peptide NLNMEADPGQYR not found in protein sequence for A0A087X2B5.
2023-05-19 12:32:19,113 [WARNING] Peptide NLNMEADPGQYR not found in protein sequence for A0A087X2B5.
2023-05-19 12:32:19,143 [WARNING] Peptide SELHIENLNMEADPGQYR not found in protein sequence for A0A087X2B5.
2023-05-19 12:32:20,954 [WARNING] Peptide SCVFLPEPMGTANIQLHGPPR not found in protein sequence for A0A087X2B5.
2023-05-19 12:32:28,748 [WARNING] Error retrieving Uniprot record for A0A494C169: No SwissProt record found
2023-05-19 12:32:45,452 [INFO] Finished annotation of peptides.

2023-05-19 12:32:45,452 [INFO] Starting annotation of Protein Atlas data...
2023-05-19 12:32:45,453 [INFO] Reading Protein Atlas data..
2023-05-19 12:32:45,893 [INFO] Read Protein Atlas data.
2023-05-19 12:32:45,901 [WARNING] Duplicates found in 'Uniprot' column of 'protein_atlas_sub'. Dropping duplicates.
2023-05-19 12:32:45,916 [INFO] Finished annotation of Protein Atlas data.

2023-05-19 12:32:45,917 [INFO] Starting proteoform check...
2023-05-19 12:32:45,918 [INFO] Finished proteoform check.
2023-05-19 12:32:45,918 [INFO] Starting exopeptidase activity check...
2023-05-19 12:32:45,928 [INFO] 2 LGLGIDEDEVAAEEPNAAVPDEIPPLEGDEDASR LGIDEDEVAAEEPNAAVPDEIPPLEGDEDASR
2023-05-19 12:32:45,957 [INFO] 1 YSCVFLPEPMGTANIQLHGPPR SCVFLPEPMGTANIQLHGPPR
2023-05-19 12:32:45,960 [INFO] 2 AEAMDLGKDPNGPTHSSTLFVR AMDLGKDPNGPTHSSTLFVR
2023-05-19 12:32:45,965 [INFO] 2 AEAQALLSGDTQTDATSFYDR AQALLSGDTQTDATSFYDR
2023-05-19 12:32:45,982 [INFO] 1 KACANPAAGSVILLENLR ACANPAAGSVILLENLR
2023-05-19 12:32:45,982 [INFO] 2 KACANPAAGSVILLENLR ANPAAGSVILLENLR
2023-05-19 12:32:45,998 [INFO] 1 AAQTSPSPKAGAATGR AQTSPSPKAGAATGR
2023-05-19 12:32:46,000 [INFO] 1 SSGFSLEDPQTHSNR SGFSLEDPQTHSNR
2023-05-19 12:32:46,001 [INFO] 2 SKNLKLGIHEDSTNR NLKLGIHEDSTNR
2023-05-19 12:32:46,030 [INFO] 2 SEDFSLPAYMDR DFSLPAYMDR
2023-05-19 12:32:46,052 [INFO] 2 SPVLHFYVR VLHFYVR
2023-05-19 12:32:46,070 [INFO] Finished exopeptidase activity check.

2023-05-19 12:32:46,071 [INFO] Parsed condition file
2023-05-19 12:32:46,071 [INFO] Performing general statistics annotation...
2023-05-19 12:32:46,087 [INFO] Finished general statistics annotation.
2023-05-19 12:32:46,088 [INFO] Performing statistical testing...
2023-05-19 12:32:46,090 [INFO] Finished statistical testing.
2023-05-19 12:32:46,090 [INFO] Corrected p-values for Corrected Ttest: gluc_control using fdr_bh method
2023-05-19 12:32:46,091 [INFO] Finished multiple testing correction.

2023-05-19 12:32:46,091 [INFO] Generating figures...
2023-05-19 12:33:00,837 [INFO] Starting gallery generation...
2023-05-19 12:33:04,746 [INFO] Finished gallery generation.
2023-05-19 12:33:04,746 [INFO] Finished generating figures.
2023-05-19 12:33:04,746 [INFO] Writing output files...
2023-05-19 12:33:11,704 [INFO] Finished. Wrote results to D:\DTU\PhD\Projects\CLIPPER\annotator\results\20230519123208.
2023-05-19 12:33:11,820 [INFO] Finished writing output files
2023-05-19 12:33:11,821 [INFO] 
CLIPPER 2.0 pipeline completed in 0:01:03.739539.

