2023-05-08 16:55:22,455 [INFO] Annotator started at 2023-05-08 16:55:22.
2023-05-08 16:55:22,461 [INFO] Arguments: {'infile': '..\\tests\\HUNTER_clean_100.xlsx', 'infile_type': 'infer', 'software': 'infer', 'level': 'all', 'dropna': False, 'sleeptime': 0.2, 'noexo': False, 'nomerops': False, 'singlecpu': False, 'conditionfile': '..\\tests\\cond_HUNTER.txt', 'stat': True, 'stat_pairwise': False, 'significance': None, 'visualize': True, 'logo': None, 'pseudocounts': True, 'output_name': None, 'outfile_type': 'xlsx', 'separate': False}
2023-05-08 16:55:22,461 [INFO] Initialization successful.
2023-05-08 16:55:22,461 [INFO] Reading file...

2023-05-08 16:55:22,461 [INFO] Input is excel
2023-05-08 16:55:22,872 [INFO] Read dataframe.
2023-05-08 16:55:22,873 [INFO] Read input with 284 peptides
2023-05-08 16:55:22,874 [INFO] Input software is sm
2023-05-08 16:55:22,879 [INFO] Successfully generated indexing patterns
2023-05-08 16:55:22,880 [INFO] Format check complete

2023-05-08 16:55:22,883 [INFO] Starting annotation of peptides...
2023-05-08 16:55:22,883 [INFO] Reading MEROPS data..
2023-05-08 16:55:23,506 [INFO] Read MEROPS data
2023-05-08 16:55:23,506 [INFO] Initialized annotation dataframe.

2023-05-08 16:55:40,488 [WARNING] Peptide SELHIENLNMEADPGQYR not found in protein sequence for A0A087X2B5.
2023-05-08 16:55:40,572 [WARNING] Peptide ADPGQYR not found in protein sequence for A0A087X2B5.
2023-05-08 16:55:40,572 [WARNING] Peptide NLNMEADPGQYR not found in protein sequence for A0A087X2B5.
2023-05-08 16:55:40,573 [WARNING] Peptide YSCVFLPEPMGTANIQLHGPPR not found in protein sequence for A0A087X2B5.
2023-05-08 16:55:40,574 [WARNING] Peptide NLNMEADPGQYR not found in protein sequence for A0A087X2B5.
2023-05-08 16:55:40,586 [WARNING] Peptide NLNMEADPGQYR not found in protein sequence for A0A087X2B5.
2023-05-08 16:55:41,748 [WARNING] Peptide SCVFLPEPMGTANIQLHGPPR not found in protein sequence for A0A087X2B5.
2023-05-08 16:55:53,112 [WARNING] Error retrieving Uniprot record for A0A494C169: No SwissProt record found
2023-05-08 16:56:25,820 [INFO] Finished annotation of peptides.

2023-05-08 16:56:25,821 [INFO] Starting proteoform check...
2023-05-08 16:56:25,823 [INFO] Finished proteoform check.
2023-05-08 16:56:25,823 [INFO] Starting exopeptidase activity check...
2023-05-08 16:56:25,839 [INFO] 2 LGLGIDEDEVAAEEPNAAVPDEIPPLEGDEDASR LGIDEDEVAAEEPNAAVPDEIPPLEGDEDASR
2023-05-08 16:56:25,873 [INFO] 1 YSCVFLPEPMGTANIQLHGPPR SCVFLPEPMGTANIQLHGPPR
2023-05-08 16:56:25,876 [INFO] 2 AEAMDLGKDPNGPTHSSTLFVR AMDLGKDPNGPTHSSTLFVR
2023-05-08 16:56:25,882 [INFO] 2 AEAQALLSGDTQTDATSFYDR AQALLSGDTQTDATSFYDR
2023-05-08 16:56:25,898 [INFO] 1 KACANPAAGSVILLENLR ACANPAAGSVILLENLR
2023-05-08 16:56:25,899 [INFO] 2 KACANPAAGSVILLENLR ANPAAGSVILLENLR
2023-05-08 16:56:25,918 [INFO] 1 AAQTSPSPKAGAATGR AQTSPSPKAGAATGR
2023-05-08 16:56:25,920 [INFO] 1 SSGFSLEDPQTHSNR SGFSLEDPQTHSNR
2023-05-08 16:56:25,922 [INFO] 2 SKNLKLGIHEDSTNR NLKLGIHEDSTNR
2023-05-08 16:56:25,952 [INFO] 2 SEDFSLPAYMDR DFSLPAYMDR
2023-05-08 16:56:25,976 [INFO] 2 SPVLHFYVR VLHFYVR
2023-05-08 16:56:26,001 [INFO] Finished exopeptidase activity check.

2023-05-08 16:56:26,008 [INFO] Parsed condition file
2023-05-08 16:56:26,008 [INFO] Performing general statistics annotation...
2023-05-08 16:56:26,030 [INFO] Finished general statistics annotation.
2023-05-08 16:56:26,030 [INFO] Performing statistical testing...
2023-05-08 16:56:26,032 [INFO] Finished statistical testing.
2023-05-08 16:56:26,033 [INFO] Corrected p-values for Corrected Ttest: gluc_control using fdr_bh method
2023-05-08 16:56:26,035 [INFO] Finished multiple testing correction.

2023-05-08 16:56:26,035 [INFO] Generating figures...
2023-05-08 16:56:42,556 [INFO] Starting gallery generation...
2023-05-08 16:56:47,053 [INFO] Finished gallery generation.
2023-05-08 16:56:47,054 [INFO] Starting sequence plotting...
