2023-05-22 18:14:25,753 [INFO] Annotator started at 2023-05-22 18:14:25.
2023-05-22 18:14:25,757 [INFO] Arguments: {'infile': '..\\tests\\HUNTER_clean_100.xlsx', 'infile_type': 'infer', 'software': 'infer', 'level': 'all', 'dropna': False, 'fillna': None, 'sleeptime': 0.2, 'noexo': False, 'nomerops': False, 'calcstructure': None, 'singlecpu': False, 'conditionfile': '..\\tests\\cond_HUNTER.txt', 'stat': True, 'stat_pairwise': True, 'significance': 'all', 'visualize': True, 'logo': None, 'pseudocounts': True, 'cleavagevis': None, 'enrichment': False, 'pathway': True, 'output_name': None, 'outfile_type': 'xlsx', 'separate': False}
2023-05-22 18:14:25,758 [INFO] Initialization successful.
2023-05-22 18:14:25,758 [INFO] Reading file...
2023-05-22 18:14:25,758 [INFO] Input is excel
2023-05-22 18:14:26,233 [INFO] Read dataframe.
2023-05-22 18:14:26,234 [INFO] Read input with 284 peptides

2023-05-22 18:14:26,237 [INFO] Input software is sm
2023-05-22 18:14:26,244 [INFO] Converted values in 20210512_FJ_KK_LB_HUNTER_PO.raw.PEP.TMTpro_127C to numeric type
2023-05-22 18:14:26,248 [INFO] Converted values in 20210512_FJ_KK_LB_HUNTER_PO.raw.PEP.TMTpro_128C to numeric type
2023-05-22 18:14:26,250 [INFO] Converted values in 20210512_FJ_KK_LB_HUNTER_PO.raw.PEP.TMTpro_129C to numeric type
2023-05-22 18:14:26,252 [INFO] Converted values in 20210512_FJ_KK_LB_HUNTER_PO.raw.PEP.TMTpro_130C to numeric type
2023-05-22 18:14:26,256 [INFO] Converted values in 20210512_FJ_KK_LB_HUNTER_PO.raw.PEP.TMTpro_131C to numeric type
2023-05-22 18:14:26,258 [INFO] Converted values in 20210512_FJ_KK_LB_HUNTER_PO.raw.PEP.TMTpro_132C to numeric type
2023-05-22 18:14:26,264 [INFO] Successfully generated indexing patterns.
2023-05-22 18:14:26,265 [INFO] Patterns are: {'acc': 'PG.ProteinAccessions', 'seq': 'PEP.StrippedSequence', 'amino': 'B|J|O|U|X|Z', 'mod': 'P.MoleculeID', 'quant': 'PEP\\.TMT', 'label': '\\[TMT', 'nterm': 'N-?ter', 'nterm_label': 'TMT.*_Nter', 'lysine_label': 'K\\[TMT.{0,3}_Lys\\]'}
2023-05-22 18:14:26,265 [INFO] Format check complete.

2023-05-22 18:14:26,268 [INFO] Starting annotation of peptides...
2023-05-22 18:14:26,268 [INFO] Reading MEROPS data..
2023-05-22 18:14:26,766 [INFO] Read MEROPS data
2023-05-22 18:14:26,770 [INFO] Initialized annotation dataframe.

2023-05-22 18:14:42,283 [WARNING] Peptide NLNMEADPGQYR not found in protein sequence for A0A087X2B5.
2023-05-22 18:14:42,286 [WARNING] Peptide NLNMEADPGQYR not found in protein sequence for A0A087X2B5.
2023-05-22 18:14:42,288 [WARNING] Peptide NLNMEADPGQYR not found in protein sequence for A0A087X2B5.
2023-05-22 18:14:42,289 [WARNING] Peptide ADPGQYR not found in protein sequence for A0A087X2B5.
2023-05-22 18:14:42,291 [WARNING] Peptide YSCVFLPEPMGTANIQLHGPPR not found in protein sequence for A0A087X2B5.
2023-05-22 18:14:42,293 [WARNING] Peptide SELHIENLNMEADPGQYR not found in protein sequence for A0A087X2B5.
2023-05-22 18:14:43,925 [WARNING] Peptide SCVFLPEPMGTANIQLHGPPR not found in protein sequence for A0A087X2B5.
2023-05-22 18:14:55,192 [WARNING] Error retrieving Uniprot record for A0A494C169: No SwissProt record found
2023-05-22 18:15:17,944 [INFO] Finished annotation of peptides.

2023-05-22 18:15:17,946 [INFO] Starting annotation of Protein Atlas data...
2023-05-22 18:15:17,947 [INFO] Reading Protein Atlas data..
2023-05-22 18:15:18,574 [INFO] Read Protein Atlas data.
2023-05-22 18:15:18,591 [WARNING] Duplicates found in 'Uniprot' column of 'protein_atlas_sub'. Dropping duplicates.
2023-05-22 18:15:18,629 [INFO] Finished annotation of Protein Atlas data.

2023-05-22 18:15:18,641 [INFO] Starting proteoform check...
2023-05-22 18:15:18,644 [INFO] Finished proteoform check.
2023-05-22 18:15:18,651 [INFO] Starting exopeptidase activity check...
2023-05-22 18:15:18,720 [INFO] 2 LGLGIDEDEVAAEEPNAAVPDEIPPLEGDEDASR LGIDEDEVAAEEPNAAVPDEIPPLEGDEDASR
2023-05-22 18:15:18,807 [INFO] 1 YSCVFLPEPMGTANIQLHGPPR SCVFLPEPMGTANIQLHGPPR
2023-05-22 18:15:18,810 [INFO] 2 AEAMDLGKDPNGPTHSSTLFVR AMDLGKDPNGPTHSSTLFVR
2023-05-22 18:15:18,821 [INFO] 2 AEAQALLSGDTQTDATSFYDR AQALLSGDTQTDATSFYDR
2023-05-22 18:15:18,849 [INFO] 1 KACANPAAGSVILLENLR ACANPAAGSVILLENLR
2023-05-22 18:15:18,851 [INFO] 2 KACANPAAGSVILLENLR ANPAAGSVILLENLR
2023-05-22 18:15:18,884 [INFO] 1 AAQTSPSPKAGAATGR AQTSPSPKAGAATGR
2023-05-22 18:15:18,886 [INFO] 1 SSGFSLEDPQTHSNR SGFSLEDPQTHSNR
2023-05-22 18:15:18,888 [INFO] 2 SKNLKLGIHEDSTNR NLKLGIHEDSTNR
2023-05-22 18:15:19,024 [INFO] 2 SEDFSLPAYMDR DFSLPAYMDR
2023-05-22 18:15:19,080 [INFO] 2 SPVLHFYVR VLHFYVR
2023-05-22 18:15:19,101 [INFO] Finished exopeptidase activity check.

2023-05-22 18:15:19,103 [INFO] Parsed condition file
2023-05-22 18:15:19,103 [INFO] Performing general statistics annotation...
2023-05-22 18:15:19,123 [INFO] Finished general statistics annotation.
2023-05-22 18:15:19,123 [INFO] Performing statistical testing...
2023-05-22 18:15:19,135 [INFO] Finished statistical testing.
2023-05-22 18:15:19,136 [INFO] Corrected p-values for Corrected Ttest: gluc_control using fdr_bh method
2023-05-22 18:15:19,137 [INFO] Finished multiple testing correction.

2023-05-22 18:15:19,137 [INFO] Checking fold distribution...
2023-05-22 18:15:19,182 [INFO] Finished fold distribution check.

2023-05-22 18:15:19,186 [INFO] Generating figures...
