2023-05-23 11:18:25,007 [INFO] Annotator started at 2023-05-23 11:18:25.
2023-05-23 11:18:25,012 [INFO] Arguments: {'infile': '..\\tests\\HUNTER_clean_100.xlsx', 'infile_type': 'infer', 'software': 'infer', 'level': 'all', 'dropna': False, 'fillna': None, 'sleeptime': 0.2, 'noexo': False, 'nomerops': False, 'calcstructure': None, 'singlecpu': False, 'conditionfile': '..\\tests\\cond_HUNTER.txt', 'stat': True, 'stat_pairwise': True, 'significance': 'all', 'visualize': True, 'logo': None, 'pseudocounts': True, 'cleavagevis': None, 'enrichment': False, 'pathway': True, 'output_name': None, 'outfile_type': 'xlsx', 'separate': False}
2023-05-23 11:18:25,015 [INFO] Initialization successful.
2023-05-23 11:18:25,016 [INFO] Reading file...
2023-05-23 11:18:25,017 [INFO] Input is excel
2023-05-23 11:18:25,461 [INFO] Read dataframe.
2023-05-23 11:18:25,462 [INFO] Read input with 284 peptides

2023-05-23 11:18:25,463 [INFO] Input software is sm
2023-05-23 11:18:25,465 [INFO] Converted values in 20210512_FJ_KK_LB_HUNTER_PO.raw.PEP.TMTpro_127C to numeric type
2023-05-23 11:18:25,468 [INFO] Converted values in 20210512_FJ_KK_LB_HUNTER_PO.raw.PEP.TMTpro_128C to numeric type
2023-05-23 11:18:25,471 [INFO] Converted values in 20210512_FJ_KK_LB_HUNTER_PO.raw.PEP.TMTpro_129C to numeric type
2023-05-23 11:18:25,473 [INFO] Converted values in 20210512_FJ_KK_LB_HUNTER_PO.raw.PEP.TMTpro_130C to numeric type
2023-05-23 11:18:25,476 [INFO] Converted values in 20210512_FJ_KK_LB_HUNTER_PO.raw.PEP.TMTpro_131C to numeric type
2023-05-23 11:18:25,478 [INFO] Converted values in 20210512_FJ_KK_LB_HUNTER_PO.raw.PEP.TMTpro_132C to numeric type
2023-05-23 11:18:25,481 [INFO] Successfully generated indexing patterns.
2023-05-23 11:18:25,482 [INFO] Patterns are: {'acc': 'PG.ProteinAccessions', 'seq': 'PEP.StrippedSequence', 'amino': 'B|J|O|U|X|Z', 'mod': 'P.MoleculeID', 'quant': 'PEP\\.TMT', 'label': '\\[TMT', 'nterm': 'N-?ter', 'nterm_label': 'TMT.*_Nter', 'lysine_label': 'K\\[TMT.{0,3}_Lys\\]'}
2023-05-23 11:18:25,482 [INFO] Format check complete.

2023-05-23 11:18:25,485 [INFO] Starting annotation of peptides...
2023-05-23 11:18:25,486 [INFO] Reading MEROPS data..
2023-05-23 11:18:26,091 [INFO] Read MEROPS data
2023-05-23 11:18:26,096 [INFO] Initialized annotation dataframe.

2023-05-23 11:18:40,557 [WARNING] Peptide YSCVFLPEPMGTANIQLHGPPR not found in protein sequence for A0A087X2B5.
2023-05-23 11:18:40,563 [WARNING] Peptide NLNMEADPGQYR not found in protein sequence for A0A087X2B5.
2023-05-23 11:18:40,591 [WARNING] Peptide NLNMEADPGQYR not found in protein sequence for A0A087X2B5.
2023-05-23 11:18:40,621 [WARNING] Peptide SELHIENLNMEADPGQYR not found in protein sequence for A0A087X2B5.
2023-05-23 11:18:40,711 [WARNING] Peptide ADPGQYR not found in protein sequence for A0A087X2B5.
2023-05-23 11:18:40,713 [WARNING] Peptide NLNMEADPGQYR not found in protein sequence for A0A087X2B5.
2023-05-23 11:18:41,737 [WARNING] Peptide SCVFLPEPMGTANIQLHGPPR not found in protein sequence for A0A087X2B5.
2023-05-23 11:18:53,183 [WARNING] Error retrieving Uniprot record for A0A494C169: No SwissProt record found
2023-05-23 11:19:17,601 [INFO] Finished annotation of peptides.

2023-05-23 11:19:17,604 [INFO] Starting annotation of Protein Atlas data...
2023-05-23 11:19:17,605 [INFO] Reading Protein Atlas data..
2023-05-23 11:19:18,433 [INFO] Read Protein Atlas data.
2023-05-23 11:19:18,445 [WARNING] Duplicates found in 'Uniprot' column of 'protein_atlas_sub'. Dropping duplicates.
2023-05-23 11:19:18,466 [INFO] Finished annotation of Protein Atlas data.

2023-05-23 11:19:18,467 [INFO] Starting proteoform check...
2023-05-23 11:19:18,468 [INFO] Finished proteoform check.
2023-05-23 11:19:18,469 [INFO] Starting exopeptidase activity check...
2023-05-23 11:19:18,496 [INFO] 2 LGLGIDEDEVAAEEPNAAVPDEIPPLEGDEDASR LGIDEDEVAAEEPNAAVPDEIPPLEGDEDASR
2023-05-23 11:19:18,558 [INFO] 1 YSCVFLPEPMGTANIQLHGPPR SCVFLPEPMGTANIQLHGPPR
2023-05-23 11:19:18,561 [INFO] 2 AEAMDLGKDPNGPTHSSTLFVR AMDLGKDPNGPTHSSTLFVR
2023-05-23 11:19:18,566 [INFO] 2 AEAQALLSGDTQTDATSFYDR AQALLSGDTQTDATSFYDR
2023-05-23 11:19:18,595 [INFO] 1 KACANPAAGSVILLENLR ACANPAAGSVILLENLR
2023-05-23 11:19:18,596 [INFO] 2 KACANPAAGSVILLENLR ANPAAGSVILLENLR
2023-05-23 11:19:18,627 [INFO] 1 AAQTSPSPKAGAATGR AQTSPSPKAGAATGR
2023-05-23 11:19:18,629 [INFO] 1 SSGFSLEDPQTHSNR SGFSLEDPQTHSNR
2023-05-23 11:19:18,631 [INFO] 2 SKNLKLGIHEDSTNR NLKLGIHEDSTNR
2023-05-23 11:19:18,695 [INFO] 2 SEDFSLPAYMDR DFSLPAYMDR
2023-05-23 11:19:18,741 [INFO] 2 SPVLHFYVR VLHFYVR
2023-05-23 11:19:18,768 [INFO] Finished exopeptidase activity check.

2023-05-23 11:19:18,769 [INFO] Parsed condition file
2023-05-23 11:19:18,769 [INFO] Performing general statistics annotation...
2023-05-23 11:19:18,799 [INFO] Finished general statistics annotation.
2023-05-23 11:19:18,800 [INFO] Performing statistical testing...
2023-05-23 11:19:18,805 [INFO] Finished statistical testing.
2023-05-23 11:19:18,807 [INFO] Corrected p-values for Corrected Ttest: gluc_control using fdr_bh method
2023-05-23 11:19:18,808 [INFO] Finished multiple testing correction.

2023-05-23 11:19:18,809 [INFO] Checking fold distribution...
2023-05-23 11:19:18,889 [INFO] Finished fold distribution check.

2023-05-23 11:19:18,889 [INFO] Generating figures...
