2023-05-08 16:44:26,234 [INFO] Annotator started at 2023-05-08 16:44:26.
2023-05-08 16:44:26,240 [INFO] Arguments: {'infile': '..\\tests\\HUNTER_clean_100.xlsx', 'infile_type': 'infer', 'software': 'infer', 'level': 'all', 'dropna': False, 'sleeptime': 0.2, 'noexo': False, 'nomerops': False, 'singlecpu': False, 'conditionfile': '..\\tests\\cond_HUNTER.txt', 'stat': True, 'stat_pairwise': False, 'significance': None, 'visualize': True, 'logo': None, 'pseudocounts': True, 'output_name': None, 'outfile_type': 'xlsx', 'separate': False}
2023-05-08 16:44:26,242 [INFO] Initialization successful.
2023-05-08 16:44:26,252 [INFO] Reading file...

2023-05-08 16:44:26,253 [INFO] Input is excel
2023-05-08 16:44:28,692 [INFO] Read dataframe.
2023-05-08 16:44:28,692 [INFO] Read input with 284 peptides
2023-05-08 16:44:28,693 [INFO] Input software is sm
2023-05-08 16:44:28,699 [INFO] Successfully generated indexing patterns
2023-05-08 16:44:28,700 [INFO] Format check complete

2023-05-08 16:44:28,705 [INFO] Starting annotation of peptides...
2023-05-08 16:44:28,706 [INFO] Reading MEROPS data..
2023-05-08 16:44:29,406 [INFO] Read MEROPS data
2023-05-08 16:44:29,408 [INFO] Initialized annotation dataframe.

2023-05-08 16:44:57,174 [WARNING] Peptide NLNMEADPGQYR not found in protein sequence for A0A087X2B5.
2023-05-08 16:44:57,197 [WARNING] Peptide NLNMEADPGQYR not found in protein sequence for A0A087X2B5.
2023-05-08 16:44:57,218 [WARNING] Peptide SELHIENLNMEADPGQYR not found in protein sequence for A0A087X2B5.
2023-05-08 16:44:57,223 [WARNING] Peptide YSCVFLPEPMGTANIQLHGPPR not found in protein sequence for A0A087X2B5.
2023-05-08 16:44:57,239 [WARNING] Peptide ADPGQYR not found in protein sequence for A0A087X2B5.
2023-05-08 16:44:57,240 [WARNING] Peptide NLNMEADPGQYR not found in protein sequence for A0A087X2B5.
2023-05-08 16:44:58,182 [WARNING] Peptide SCVFLPEPMGTANIQLHGPPR not found in protein sequence for A0A087X2B5.
2023-05-08 16:45:13,366 [WARNING] Error retrieving Uniprot record for A0A494C169: No SwissProt record found
2023-05-08 16:45:47,375 [INFO] Finished annotation of peptides.

2023-05-08 16:45:47,375 [INFO] Starting proteoform check...
2023-05-08 16:45:47,386 [INFO] Finished proteoform check.
2023-05-08 16:45:47,387 [INFO] Starting exopeptidase activity check...
2023-05-08 16:45:47,405 [INFO] 2 LGLGIDEDEVAAEEPNAAVPDEIPPLEGDEDASR LGIDEDEVAAEEPNAAVPDEIPPLEGDEDASR
2023-05-08 16:45:47,445 [INFO] 1 YSCVFLPEPMGTANIQLHGPPR SCVFLPEPMGTANIQLHGPPR
2023-05-08 16:45:47,448 [INFO] 2 AEAMDLGKDPNGPTHSSTLFVR AMDLGKDPNGPTHSSTLFVR
2023-05-08 16:45:47,453 [INFO] 2 AEAQALLSGDTQTDATSFYDR AQALLSGDTQTDATSFYDR
2023-05-08 16:45:47,469 [INFO] 1 KACANPAAGSVILLENLR ACANPAAGSVILLENLR
2023-05-08 16:45:47,470 [INFO] 2 KACANPAAGSVILLENLR ANPAAGSVILLENLR
2023-05-08 16:45:47,488 [INFO] 1 AAQTSPSPKAGAATGR AQTSPSPKAGAATGR
2023-05-08 16:45:47,491 [INFO] 1 SSGFSLEDPQTHSNR SGFSLEDPQTHSNR
2023-05-08 16:45:47,494 [INFO] 2 SKNLKLGIHEDSTNR NLKLGIHEDSTNR
2023-05-08 16:45:47,527 [INFO] 2 SEDFSLPAYMDR DFSLPAYMDR
2023-05-08 16:45:47,550 [INFO] 2 SPVLHFYVR VLHFYVR
2023-05-08 16:45:47,570 [INFO] Finished exopeptidase activity check.

2023-05-08 16:45:47,580 [INFO] Parsed condition file
2023-05-08 16:45:47,581 [INFO] Performing general statistics annotation...
2023-05-08 16:45:47,601 [INFO] Finished general statistics annotation.
2023-05-08 16:45:47,601 [INFO] Performing statistical testing...
2023-05-08 16:45:47,604 [INFO] Finished statistical testing.
2023-05-08 16:45:47,605 [INFO] Corrected p-values for Corrected Ttest: gluc_control using fdr_bh method
2023-05-08 16:45:47,605 [INFO] Finished multiple testing correction.

2023-05-08 16:45:47,606 [INFO] Generating figures...
2023-05-08 16:46:01,320 [INFO] Starting gallery generation...
2023-05-08 16:46:05,434 [INFO] Finished gallery generation.
2023-05-08 16:46:05,435 [INFO] Starting sequence plotting...
