2023-05-08 15:12:35,989 [INFO] Annotator started at 2023-05-08 15:12:35.
2023-05-08 15:12:35,993 [INFO] Arguments: {'infile': '..\\tests\\HUNTER_clean_100.xlsx', 'infile_type': 'infer', 'software': 'infer', 'level': 'all', 'dropna': False, 'sleeptime': 0.2, 'noexo': False, 'nomerops': False, 'singlecpu': False, 'conditionfile': '..\\tests\\cond_HUNTER.txt', 'stat': True, 'stat_pairwise': False, 'significance': None, 'visualize': False, 'logo': None, 'pseudocounts': True, 'output_name': None, 'outfile_type': 'xlsx', 'separate': False}
2023-05-08 15:12:35,994 [INFO] Initialization successful.
2023-05-08 15:12:35,995 [INFO] Reading file...

2023-05-08 15:12:35,996 [INFO] Input is excel
2023-05-08 15:12:37,748 [INFO] Read dataframe.
2023-05-08 15:12:37,749 [INFO] Read input with 284 peptides
2023-05-08 15:12:37,750 [INFO] Input software is sm
2023-05-08 15:12:37,759 [INFO] Successfully generated indexing patterns
2023-05-08 15:12:37,760 [INFO] Format check complete

2023-05-08 15:12:37,762 [INFO] Starting annotation of peptides...
2023-05-08 15:12:37,763 [INFO] Reading MEROPS data..
2023-05-08 15:12:38,657 [INFO] Read MEROPS data
2023-05-08 15:12:38,662 [INFO] Initialized annotation dataframe.

2023-05-08 15:12:58,757 [WARNING] Peptide ADPGQYR not found in protein sequence for A0A087X2B5.
2023-05-08 15:12:58,799 [WARNING] Peptide NLNMEADPGQYR not found in protein sequence for A0A087X2B5.
2023-05-08 15:12:58,810 [WARNING] Peptide SELHIENLNMEADPGQYR not found in protein sequence for A0A087X2B5.
2023-05-08 15:12:58,863 [WARNING] Peptide NLNMEADPGQYR not found in protein sequence for A0A087X2B5.
2023-05-08 15:12:58,879 [WARNING] Peptide YSCVFLPEPMGTANIQLHGPPR not found in protein sequence for A0A087X2B5.
2023-05-08 15:12:58,912 [WARNING] Peptide NLNMEADPGQYR not found in protein sequence for A0A087X2B5.
2023-05-08 15:12:59,873 [WARNING] Peptide SCVFLPEPMGTANIQLHGPPR not found in protein sequence for A0A087X2B5.
2023-05-08 15:13:13,999 [WARNING] Error retrieving Uniprot record for A0A494C169: No SwissProt record found
