2023-06-14 19:29:57,983 [INFO] 
2023-06-14 19:29:57,983 [INFO] Annotator started at 2023-06-14 19:29:57.
2023-06-14 19:29:57,984 [DEBUG] Arguments: {'infile': '../tests/Mahima_DIA_TAILS_small.xlsx', 'infile_type': 'infer', 'software': 'infer', 'level': 'all', 'dropna': False, 'fillna': None, 'sleeptime': 0.2, 'noexo': False, 'nomerops': False, 'calcstructure': 'all', 'singlecpu': False, 'conditionfile': '../tests/Mahima_DIA_TAILS_cond.txt', 'stat': True, 'stat_pairwise': True, 'significance': 'all', 'visualize': True, 'logo': 'all', 'pseudocounts': True, 'cleavagevis': 'both', 'enrichment': True, 'pathway': True, 'proteasefile': None, 'output_name': None, 'outfile_type': 'xlsx', 'separate': False}
2023-06-14 19:29:57,984 [INFO] Startup complete!

2023-06-14 19:29:57,985 [INFO] Reading file...
2023-06-14 19:29:57,985 [INFO] Input is excel
2023-06-14 19:29:58,048 [INFO] Read dataframe.
2023-06-14 19:29:58,048 [INFO] Read input with 62 peptides.
2023-06-14 19:29:58,048 [INFO] Input software is sm
2023-06-14 19:29:58,049 [DEBUG] Converted values in [1] 20230525_EV_EVO_KK_FAIMS_1CV_Endurance_15SPD_1655_Mahima_TAILS_WT1_UT_PO.raw.EG.TotalQuantity (Settings) to numeric type
2023-06-14 19:29:58,050 [DEBUG] Converted values in [2] 20230525_EV_EVO_KK_FAIMS_1CV_Endurance_15SPD_1655_Mahima_TAILS_WT1_TNP_PO.raw.EG.TotalQuantity (Settings) to numeric type
2023-06-14 19:29:58,050 [DEBUG] Converted values in [3] 20230525_EV_EVO_KK_FAIMS_1CV_Endurance_15SPD_1655_Mahima_TAILS_WT3_UT_PO.raw.EG.TotalQuantity (Settings) to numeric type
2023-06-14 19:29:58,050 [DEBUG] Converted values in [4] 20230525_EV_EVO_KK_FAIMS_1CV_Endurance_15SPD_1655_Mahima_TAILS_WT3_TNP_PO.raw.EG.TotalQuantity (Settings) to numeric type
2023-06-14 19:29:58,051 [DEBUG] Converted values in [5] 20230525_EV_EVO_KK_FAIMS_1CV_Endurance_15SPD_1655_Mahima_TAILS_KO2_UT_PO.raw.EG.TotalQuantity (Settings) to numeric type
2023-06-14 19:29:58,051 [DEBUG] Converted values in [6] 20230525_EV_EVO_KK_FAIMS_1CV_Endurance_15SPD_1655_Mahima_TAILS_KO2_TNP_PO.raw.EG.TotalQuantity (Settings) to numeric type
2023-06-14 19:29:58,052 [DEBUG] Converted values in [7] 20230525_EV_EVO_KK_FAIMS_1CV_Endurance_15SPD_1655_Mahima_TAILS_KO3_UT_PO.raw.EG.TotalQuantity (Settings) to numeric type
2023-06-14 19:29:58,052 [DEBUG] Converted values in [8] 20230525_EV_EVO_KK_FAIMS_1CV_Endurance_15SPD_1655_Mahima_TAILS_KO3_TNP_PO.raw.EG.TotalQuantity (Settings) to numeric type
2023-06-14 19:29:58,052 [DEBUG] Converted values in [9] 20230525_EV_EVO_KK_FAIMS_1CV_Endurance_15SPD_1655_Mahima_TAILS_WT3_TNP_NPO.raw.EG.TotalQuantity (Settings) to numeric type
2023-06-14 19:29:58,053 [DEBUG] Converted values in [10] 20230525_EV_EVO_KK_FAIMS_1CV_Endurance_15SPD_1655_Mahima_TAILS_WT3_UT_NPO.raw.EG.TotalQuantity (Settings) to numeric type
2023-06-14 19:29:58,054 [DEBUG] Converted values in [11] 20230525_EV_EVO_KK_FAIMS_1CV_Endurance_15SPD_1655_Mahima_TAILS_WT1_TNP_NPO.raw.EG.TotalQuantity (Settings) to numeric type
2023-06-14 19:29:58,054 [DEBUG] Converted values in [12] 20230525_EV_EVO_KK_FAIMS_1CV_Endurance_15SPD_1655_Mahima_TAILS_WT1_UT_NPO.raw.EG.TotalQuantity (Settings) to numeric type
2023-06-14 19:29:58,055 [DEBUG] Converted values in [13] 20230525_EV_EVO_KK_FAIMS_1CV_Endurance_15SPD_1655_Mahima_TAILS_KO2_TNP_NPO.raw.EG.TotalQuantity (Settings) to numeric type
2023-06-14 19:29:58,055 [DEBUG] Converted values in [14] 20230525_EV_EVO_KK_FAIMS_1CV_Endurance_15SPD_1655_Mahima_TAILS_KO2_UT_NPO.raw.EG.TotalQuantity (Settings) to numeric type
2023-06-14 19:29:58,055 [DEBUG] Converted values in [15] 20230525_EV_EVO_KK_FAIMS_1CV_Endurance_15SPD_1655_Mahima_TAILS_KO3_TNP_NPO.raw.EG.TotalQuantity (Settings) to numeric type
2023-06-14 19:29:58,056 [DEBUG] Converted values in [16] 20230525_EV_EVO_KK_FAIMS_1CV_Endurance_15SPD_1655_Mahima_TAILS_KO3_UT_NPO.raw.EG.TotalQuantity (Settings) to numeric type
2023-06-14 19:29:58,056 [DEBUG] Converted values in [17] 20230208_EV_EVO_EM_FAIMS_1CV_standard_15SPD_Mahima__DIA_TAILS_PO_30_WT2_TNP_PO.raw.EG.TotalQuantity (Settings) to numeric type
2023-06-14 19:29:58,057 [DEBUG] Converted values in [18] 20230208_EV_EVO_EM_FAIMS_1CV_standard_15SPD_Mahima__DIA_TAILS_NPO_30_WT2_TNP_NPO.raw.EG.TotalQuantity (Settings) to numeric type
2023-06-14 19:29:58,057 [DEBUG] Converted values in [19] 20230208_EV_EVO_EM_FAIMS_1CV_standard_15SPD_Mahima__DIA_TAILS_PO_27_WT2_UT_PO.raw.EG.TotalQuantity (Settings) to numeric type
2023-06-14 19:29:58,057 [DEBUG] Converted values in [20] 20230208_EV_EVO_EM_FAIMS_1CV_standard_15SPD_Mahima__DIA_TAILS_NPO_27_WT2_UT_NPO.raw.EG.TotalQuantity (Settings) to numeric type
2023-06-14 19:29:58,058 [DEBUG] Converted values in [21] 20230208_EV_EVO_EM_FAIMS_1CV_standard_15SPD_Mahima__DIA_TAILS_PO_5_KO1_TNP_PO.raw.EG.TotalQuantity (Settings) to numeric type
2023-06-14 19:29:58,058 [DEBUG] Converted values in [22] 20230208_EV_EVO_EM_FAIMS_1CV_standard_15SPD_Mahima__DIA_TAILS_NPO_5_KO1_TNP_NPO.raw.EG.TotalQuantity (Settings) to numeric type
2023-06-14 19:29:58,058 [DEBUG] Converted values in [23] 20230208_EV_EVO_EM_FAIMS_1CV_standard_15SPD_Mahima__DIA_TAILS_PO_2_KO1_UT_PO.raw.EG.TotalQuantity (Settings) to numeric type
2023-06-14 19:29:58,059 [DEBUG] Converted values in [24] 20230208_EV_EVO_EM_FAIMS_1CV_standard_15SPD_Mahima__DIA_TAILS_NPO_2_KO1_UT_NPO.raw.EG.TotalQuantity (Settings) to numeric type
2023-06-14 19:29:58,059 [INFO] Finished converting quantification values to floats.
2023-06-14 19:29:58,060 [DEBUG] Patterns are: {'acc': 'PG.ProteinAccessions', 'seq': 'PEP.StrippedSequence', 'amino': 'B|J|O|U|X|Z', 'mod': 'EG.PrecursorId', 'quant': 'EG\\.TotalQuantity', 'label': 'Dimeth', 'nterm': 'DimethNter0', 'nterm_label': '\\[DimethNter0\\]', 'lysine_label': 'K\\[DimethLys0\\]'}
2023-06-14 19:29:58,060 [INFO] Successfully generated indexing patterns for sm input. See logfile for the found patterns.
2023-06-14 19:29:58,060 [INFO] Format check complete.

2023-06-14 19:29:58,060 [INFO] Initialization complete!

2023-06-14 19:29:58,060 [INFO] Filtering and sanitizing input...
2023-06-14 19:29:58,060 [WARNING] There were rows with no accession numbers in the loaded file, please check the log file for further information
2023-06-14 19:29:58,060 [DEBUG] Empty accession rows: 52
2023-06-14 19:29:58,060 [DEBUG] Empty accession rows: 53
2023-06-14 19:29:58,060 [DEBUG] Empty accession rows: 54
2023-06-14 19:29:58,060 [DEBUG] Empty accession rows: 55
2023-06-14 19:29:58,060 [DEBUG] Empty accession rows: 56
2023-06-14 19:29:58,060 [DEBUG] Empty accession rows: 57
2023-06-14 19:29:58,060 [DEBUG] Empty accession rows: 58
2023-06-14 19:29:58,060 [DEBUG] Empty accession rows: 59
2023-06-14 19:29:58,060 [DEBUG] Empty accession rows: 60
2023-06-14 19:29:58,060 [DEBUG] Empty accession rows: 61
2023-06-14 19:29:58,061 [DEBUG] Empty accession rows: 62
2023-06-14 19:29:58,061 [DEBUG] Starting annotation of peptides...
2023-06-14 19:29:58,061 [INFO] Reading MEROPS data..
2023-06-14 19:29:58,624 [INFO] Read MEROPS data
2023-06-14 19:29:58,625 [INFO] Initialized annotation dataframe.

2023-06-14 19:30:03,960 [INFO] Finished annotation of peptides.

2023-06-14 19:30:03,960 [INFO] Starting annotation of Protein Atlas data...
2023-06-14 19:30:03,960 [INFO] Reading Protein Atlas data..
2023-06-14 19:30:04,229 [INFO] Read Protein Atlas data.
2023-06-14 19:30:04,232 [WARNING] Duplicates found in 'Uniprot' column of 'protein_atlas_sub'. Dropping duplicates.
2023-06-14 19:30:04,236 [INFO] Finished annotation of Protein Atlas data.

2023-06-14 19:30:04,236 [INFO] Starting proteoform check...
2023-06-14 19:30:04,236 [INFO] Finished proteoform check.
2023-06-14 19:30:04,236 [INFO] Starting exopeptidase activity check...
2023-06-14 19:30:04,240 [DEBUG] 1 RFDTAFFLCCLR FDTAFFLCCLR
2023-06-14 19:30:04,241 [INFO] Exopeptidase activity was found, check logfile or output for more details on exact peptide sequences
2023-06-14 19:30:04,243 [INFO] Finished exopeptidase activity check.

2023-06-14 19:30:04,244 [INFO] Parsed condition file
2023-06-14 19:30:04,244 [INFO] Performing general statistics annotation...
2023-06-14 19:30:04,262 [INFO] Finished general statistics annotation.
2023-06-14 19:30:04,262 [INFO] Performing statistical testing...
2023-06-14 19:30:04,269 [INFO] Finished statistical testing.
2023-06-14 19:30:04,269 [DEBUG] Corrected p-values for Corrected Independent T-test: WT_untreated/WT_Treated using fdr_bh method
2023-06-14 19:30:04,269 [DEBUG] Corrected p-values for Corrected Independent T-test: WT_untreated/KO_untreated using fdr_bh method
2023-06-14 19:30:04,270 [DEBUG] Corrected p-values for Corrected Independent T-test: WT_untreated/KO_treated using fdr_bh method
2023-06-14 19:30:04,270 [DEBUG] Corrected p-values for Corrected Independent T-test: WT_Treated/KO_untreated using fdr_bh method
2023-06-14 19:30:04,270 [DEBUG] Corrected p-values for Corrected Independent T-test: WT_Treated/KO_treated using fdr_bh method
2023-06-14 19:30:04,270 [DEBUG] Corrected p-values for Corrected Independent T-test: KO_untreated/KO_treated using fdr_bh method
2023-06-14 19:30:04,270 [INFO] Finished multiple testing correction.

2023-06-14 19:30:04,270 [INFO] Checking fold distribution...
2023-06-14 19:30:04,297 [INFO] Finished fold distribution check.

2023-06-14 19:30:04,297 [INFO] Computing structural properties...
2023-06-14 19:30:04,297 [INFO] Reading available AlphaFold models...
2023-06-14 19:30:04,311 [INFO] Read available AlphaFold models.
