2023-05-02 17:17:38,861 [INFO] Annotator started at 2023-05-02 17:17:38
2023-05-02 17:17:38,866 [INFO] Arguments: {'infile': '..\\tests\\HUNTER_clean_100.xlsx', 'infile_type': 'infer', 'software': 'infer', 'level': 'all', 'dropna': False, 'sleeptime': 0.2, 'noexo': False, 'nomerops': False, 'singlecpu': False, 'conditionfile': '..\\tests\\cond_HUNTER.txt', 'stat': True, 'stat_pairwise': True, 'significance': None, 'visualize': True, 'logo': 'all', 'pseudocounts': True, 'output_name': None, 'outfile_type': 'xlsx', 'separate': False}
2023-05-02 17:17:38,867 [INFO] Initialization successful
2023-05-02 17:17:38,869 [INFO] Input is excel
2023-05-02 17:17:39,265 [INFO] Read dataframe
2023-05-02 17:17:39,266 [INFO] Read input with 284 peptides
2023-05-02 17:17:39,267 [INFO] Input software is sm
2023-05-02 17:17:39,273 [INFO] Successfully generated indexing patterns
2023-05-02 17:17:39,274 [INFO] Format check complete
2023-05-02 17:17:39,274 [INFO] Sanitizing
2023-05-02 17:17:39,276 [INFO] Sanitized dataframe, 284 peptides remaining
2023-05-02 17:17:39,278 [INFO] Starting annotation
2023-05-02 17:17:39,279 [INFO] Reading MEROPS data..
2023-05-02 17:17:40,162 [INFO] Read MEROPS data
2023-05-02 17:17:40,166 [INFO] Initialized annotation dataframe..
2023-05-02 17:17:52,169 [WARNING] Peptide NLNMEADPGQYR not found in protein sequence for A0A087X2B5.
2023-05-02 17:17:52,248 [WARNING] Peptide NLNMEADPGQYR not found in protein sequence for A0A087X2B5.
2023-05-02 17:17:52,250 [WARNING] Peptide NLNMEADPGQYR not found in protein sequence for A0A087X2B5.
2023-05-02 17:17:52,256 [WARNING] Peptide ADPGQYR not found in protein sequence for A0A087X2B5.
2023-05-02 17:17:52,259 [WARNING] Peptide YSCVFLPEPMGTANIQLHGPPR not found in protein sequence for A0A087X2B5.
2023-05-02 17:17:52,260 [WARNING] Peptide SELHIENLNMEADPGQYR not found in protein sequence for A0A087X2B5.
2023-05-02 17:17:53,221 [WARNING] Peptide SCVFLPEPMGTANIQLHGPPR not found in protein sequence for A0A087X2B5.
2023-05-02 17:18:01,715 [WARNING] Error retrieving Uniprot record for A0A494C169: No SwissProt record found
2023-05-02 17:18:20,867 [INFO] Finished annotation
2023-05-02 17:18:20,887 [INFO] Finished proteoform check
2023-05-02 17:18:20,887 [INFO] Starting exopeptidase check
2023-05-02 17:18:20,900 [INFO] 2 LGLGIDEDEVAAEEPNAAVPDEIPPLEGDEDASR LGIDEDEVAAEEPNAAVPDEIPPLEGDEDASR
2023-05-02 17:18:20,931 [INFO] 1 YSCVFLPEPMGTANIQLHGPPR SCVFLPEPMGTANIQLHGPPR
2023-05-02 17:18:20,934 [INFO] 2 AEAMDLGKDPNGPTHSSTLFVR AMDLGKDPNGPTHSSTLFVR
2023-05-02 17:18:20,939 [INFO] 2 AEAQALLSGDTQTDATSFYDR AQALLSGDTQTDATSFYDR
2023-05-02 17:18:20,955 [INFO] 1 KACANPAAGSVILLENLR ACANPAAGSVILLENLR
2023-05-02 17:18:20,956 [INFO] 2 KACANPAAGSVILLENLR ANPAAGSVILLENLR
2023-05-02 17:18:20,973 [INFO] 1 AAQTSPSPKAGAATGR AQTSPSPKAGAATGR
2023-05-02 17:18:20,974 [INFO] 1 SSGFSLEDPQTHSNR SGFSLEDPQTHSNR
2023-05-02 17:18:20,976 [INFO] 2 SKNLKLGIHEDSTNR NLKLGIHEDSTNR
2023-05-02 17:18:21,008 [INFO] 2 SEDFSLPAYMDR DFSLPAYMDR
2023-05-02 17:18:21,034 [INFO] 2 SPVLHFYVR VLHFYVR
2023-05-02 17:18:21,055 [INFO] Finished exopeptidase check
2023-05-02 17:18:21,056 [INFO] Parsed condition file
2023-05-02 17:18:21,057 [INFO] Starting general statistics annotation
2023-05-02 17:18:22,936 [INFO] Finished general statistics annotation
2023-05-02 17:18:23,292 [INFO] Finished statistical testing
2023-05-02 17:18:26,333 [INFO] Starting gallery generation...
2023-05-02 17:18:30,742 [INFO] Finished gallery generation...
2023-05-02 17:18:30,743 [INFO] Finished generating figures
2023-05-02 17:18:37,886 [INFO] Finished generating logos
2023-05-02 17:18:46,565 [INFO] Finished. Wrote results to C:\Users\konka\Documents\annotator\results\20230502171738
2023-05-02 17:18:47,262 [INFO] Finished writing output files
2023-05-02 17:18:47,263 [INFO] Pipeline completed in 0:01:08.400822
