2023-05-02 14:03:34,594 [INFO] Annotator started at 2023-05-02 14:03:34
2023-05-02 14:03:34,598 [INFO] Arguments: {'infile': '..\\tests\\HUNTER_clean_100.xlsx', 'infile_type': 'infer', 'software': 'infer', 'level': 'all', 'dropna': False, 'sleeptime': 0.2, 'noexo': False, 'nomerops': False, 'singlecpu': False, 'conditionfile': '..\\tests\\cond_HUNTER.txt', 'stat': False, 'stat_pairwise': False, 'significance': None, 'visualize': False, 'logo': 'all', 'pseudocounts': True, 'output_name': None, 'outfile_type': 'xlsx', 'separate': False}
2023-05-02 14:03:34,598 [INFO] Initialization successful
2023-05-02 14:03:34,601 [INFO] Input is excel
2023-05-02 14:03:36,244 [INFO] Read dataframe
2023-05-02 14:03:36,244 [INFO] Read input with 284 peptides
2023-05-02 14:03:36,249 [INFO] Input software is sm
2023-05-02 14:03:36,254 [INFO] Successfully generated indexing patterns
2023-05-02 14:03:36,255 [INFO] Format check complete
2023-05-02 14:03:36,255 [INFO] Sanitizing
2023-05-02 14:03:36,258 [INFO] Sanitized dataframe, 284 peptides remaining
2023-05-02 14:03:36,260 [INFO] Starting annotation
2023-05-02 14:03:36,261 [INFO] Reading MEROPS data..
2023-05-02 14:03:36,839 [INFO] Read MEROPS data
2023-05-02 14:03:36,854 [INFO] Initialized annotation dataframe..
2023-05-02 14:03:49,538 [WARNING] Peptide SELHIENLNMEADPGQYR not found in protein sequence for A0A087X2B5.
2023-05-02 14:03:49,538 [WARNING] Peptide YSCVFLPEPMGTANIQLHGPPR not found in protein sequence for A0A087X2B5.
2023-05-02 14:03:49,554 [WARNING] Peptide NLNMEADPGQYR not found in protein sequence for A0A087X2B5.
2023-05-02 14:03:49,557 [WARNING] Peptide ADPGQYR not found in protein sequence for A0A087X2B5.
2023-05-02 14:03:49,558 [WARNING] Peptide NLNMEADPGQYR not found in protein sequence for A0A087X2B5.
2023-05-02 14:03:49,559 [WARNING] Peptide NLNMEADPGQYR not found in protein sequence for A0A087X2B5.
2023-05-02 14:03:50,541 [WARNING] Peptide SCVFLPEPMGTANIQLHGPPR not found in protein sequence for A0A087X2B5.
2023-05-02 14:03:59,988 [WARNING] Error retrieving Uniprot record for A0A494C169: No SwissProt record found
2023-05-02 14:04:21,134 [INFO] Finished annotation
2023-05-02 14:04:21,153 [INFO] Finished proteoform check
2023-05-02 14:04:21,153 [INFO] Starting exopeptidase check
2023-05-02 14:04:21,188 [INFO] 2 LGLGIDEDEVAAEEPNAAVPDEIPPLEGDEDASR LGIDEDEVAAEEPNAAVPDEIPPLEGDEDASR
2023-05-02 14:04:21,230 [INFO] 1 YSCVFLPEPMGTANIQLHGPPR SCVFLPEPMGTANIQLHGPPR
2023-05-02 14:04:21,233 [INFO] 2 AEAMDLGKDPNGPTHSSTLFVR AMDLGKDPNGPTHSSTLFVR
2023-05-02 14:04:21,240 [INFO] 2 AEAQALLSGDTQTDATSFYDR AQALLSGDTQTDATSFYDR
2023-05-02 14:04:21,257 [INFO] 1 KACANPAAGSVILLENLR ACANPAAGSVILLENLR
2023-05-02 14:04:21,259 [INFO] 2 KACANPAAGSVILLENLR ANPAAGSVILLENLR
2023-05-02 14:04:21,279 [INFO] 1 AAQTSPSPKAGAATGR AQTSPSPKAGAATGR
2023-05-02 14:04:21,281 [INFO] 1 SSGFSLEDPQTHSNR SGFSLEDPQTHSNR
2023-05-02 14:04:21,283 [INFO] 2 SKNLKLGIHEDSTNR NLKLGIHEDSTNR
2023-05-02 14:04:21,316 [INFO] 2 SEDFSLPAYMDR DFSLPAYMDR
2023-05-02 14:04:21,342 [INFO] 2 SPVLHFYVR VLHFYVR
2023-05-02 14:04:21,364 [INFO] Finished exopeptidase check
2023-05-02 14:04:21,365 [INFO] Parsed condition file
2023-05-02 14:04:21,365 [INFO] Starting general statistics annotation
2023-05-02 14:04:22,543 [INFO] Finished general statistics annotation
