2023-05-02 14:04:55,844 [INFO] Annotator started at 2023-05-02 14:04:55
2023-05-02 14:04:55,861 [INFO] Arguments: {'infile': '..\\tests\\HUNTER_clean_100.xlsx', 'infile_type': 'infer', 'software': 'infer', 'level': 'all', 'dropna': False, 'sleeptime': 0.2, 'noexo': False, 'nomerops': False, 'singlecpu': False, 'conditionfile': '..\\tests\\cond_HUNTER.txt', 'stat': True, 'stat_pairwise': True, 'significance': None, 'visualize': False, 'logo': 'all', 'pseudocounts': True, 'output_name': None, 'outfile_type': 'xlsx', 'separate': False}
2023-05-02 14:04:55,863 [INFO] Initialization successful
2023-05-02 14:04:55,873 [INFO] Input is excel
2023-05-02 14:04:56,221 [INFO] Read dataframe
2023-05-02 14:04:56,221 [INFO] Read input with 284 peptides
2023-05-02 14:04:56,228 [INFO] Input software is sm
2023-05-02 14:04:56,233 [INFO] Successfully generated indexing patterns
2023-05-02 14:04:56,234 [INFO] Format check complete
2023-05-02 14:04:56,234 [INFO] Sanitizing
2023-05-02 14:04:56,239 [INFO] Sanitized dataframe, 284 peptides remaining
2023-05-02 14:04:56,241 [INFO] Starting annotation
2023-05-02 14:04:56,243 [INFO] Reading MEROPS data..
2023-05-02 14:04:56,724 [INFO] Read MEROPS data
2023-05-02 14:04:56,732 [INFO] Initialized annotation dataframe..
2023-05-02 14:05:08,699 [WARNING] Peptide ADPGQYR not found in protein sequence for A0A087X2B5.
2023-05-02 14:05:08,710 [WARNING] Peptide YSCVFLPEPMGTANIQLHGPPR not found in protein sequence for A0A087X2B5.
2023-05-02 14:05:08,732 [WARNING] Peptide SELHIENLNMEADPGQYR not found in protein sequence for A0A087X2B5.
2023-05-02 14:05:08,768 [WARNING] Peptide NLNMEADPGQYR not found in protein sequence for A0A087X2B5.
2023-05-02 14:05:08,776 [WARNING] Peptide NLNMEADPGQYR not found in protein sequence for A0A087X2B5.
2023-05-02 14:05:08,792 [WARNING] Peptide NLNMEADPGQYR not found in protein sequence for A0A087X2B5.
2023-05-02 14:05:09,718 [WARNING] Peptide SCVFLPEPMGTANIQLHGPPR not found in protein sequence for A0A087X2B5.
2023-05-02 14:05:18,586 [WARNING] Error retrieving Uniprot record for A0A494C169: No SwissProt record found
2023-05-02 14:05:38,080 [INFO] Finished annotation
2023-05-02 14:05:38,119 [INFO] Finished proteoform check
2023-05-02 14:05:38,120 [INFO] Starting exopeptidase check
2023-05-02 14:05:38,135 [INFO] 2 LGLGIDEDEVAAEEPNAAVPDEIPPLEGDEDASR LGIDEDEVAAEEPNAAVPDEIPPLEGDEDASR
2023-05-02 14:05:38,175 [INFO] 1 YSCVFLPEPMGTANIQLHGPPR SCVFLPEPMGTANIQLHGPPR
2023-05-02 14:05:38,179 [INFO] 2 AEAMDLGKDPNGPTHSSTLFVR AMDLGKDPNGPTHSSTLFVR
2023-05-02 14:05:38,183 [INFO] 2 AEAQALLSGDTQTDATSFYDR AQALLSGDTQTDATSFYDR
2023-05-02 14:05:38,201 [INFO] 1 KACANPAAGSVILLENLR ACANPAAGSVILLENLR
2023-05-02 14:05:38,202 [INFO] 2 KACANPAAGSVILLENLR ANPAAGSVILLENLR
2023-05-02 14:05:38,231 [INFO] 1 AAQTSPSPKAGAATGR AQTSPSPKAGAATGR
2023-05-02 14:05:38,233 [INFO] 1 SSGFSLEDPQTHSNR SGFSLEDPQTHSNR
2023-05-02 14:05:38,234 [INFO] 2 SKNLKLGIHEDSTNR NLKLGIHEDSTNR
2023-05-02 14:05:38,267 [INFO] 2 SEDFSLPAYMDR DFSLPAYMDR
2023-05-02 14:05:38,311 [INFO] 2 SPVLHFYVR VLHFYVR
2023-05-02 14:05:38,343 [INFO] Finished exopeptidase check
2023-05-02 14:05:38,344 [INFO] Parsed condition file
2023-05-02 14:05:38,345 [INFO] Starting general statistics annotation
2023-05-02 14:05:39,543 [INFO] Finished general statistics annotation
2023-05-02 14:05:39,829 [INFO] Finished statistical testing
