2023-05-05 16:18:38,400 [INFO] Annotator started at 2023-05-05 16:18:38.
2023-05-05 16:18:38,402 [INFO] Arguments: {'infile': '..\\tests\\HUNTER_clean_100.xlsx', 'infile_type': 'infer', 'software': 'infer', 'level': 'all', 'dropna': False, 'sleeptime': 0.2, 'noexo': False, 'nomerops': False, 'singlecpu': False, 'conditionfile': '..\\tests\\cond_HUNTER.txt', 'stat': True, 'stat_pairwise': False, 'significance': None, 'visualize': True, 'logo': 'all', 'pseudocounts': True, 'output_name': None, 'outfile_type': 'xlsx', 'separate': False}
2023-05-05 16:18:38,404 [INFO] Initialization successful.
2023-05-05 16:18:38,404 [INFO] Reading file...

2023-05-05 16:18:38,405 [INFO] Input is excel
2023-05-05 16:18:38,687 [INFO] Read dataframe.
2023-05-05 16:18:38,687 [INFO] Read input with 284 peptides
2023-05-05 16:18:38,688 [INFO] Input software is sm
2023-05-05 16:18:38,691 [INFO] Successfully generated indexing patterns
2023-05-05 16:18:38,692 [INFO] Format check complete

2023-05-05 16:18:38,694 [INFO] Starting annotation of peptides...
2023-05-05 16:18:38,694 [INFO] Reading MEROPS data..
2023-05-05 16:18:39,072 [INFO] Read MEROPS data
2023-05-05 16:18:39,074 [INFO] Initialized annotation dataframe.

2023-05-05 16:18:46,506 [WARNING] Peptide NLNMEADPGQYR not found in protein sequence for A0A087X2B5.
2023-05-05 16:18:46,546 [WARNING] Peptide ADPGQYR not found in protein sequence for A0A087X2B5.
2023-05-05 16:18:46,552 [WARNING] Peptide NLNMEADPGQYR not found in protein sequence for A0A087X2B5.
2023-05-05 16:18:46,598 [WARNING] Peptide YSCVFLPEPMGTANIQLHGPPR not found in protein sequence for A0A087X2B5.
2023-05-05 16:18:46,627 [WARNING] Peptide NLNMEADPGQYR not found in protein sequence for A0A087X2B5.
2023-05-05 16:18:46,646 [WARNING] Peptide SELHIENLNMEADPGQYR not found in protein sequence for A0A087X2B5.
2023-05-05 16:18:48,038 [WARNING] Peptide SCVFLPEPMGTANIQLHGPPR not found in protein sequence for A0A087X2B5.
2023-05-05 16:18:54,040 [WARNING] Error retrieving Uniprot record for A0A494C169: No SwissProt record found
2023-05-05 16:19:06,174 [INFO] Finished annotation of peptides.

2023-05-05 16:19:06,174 [INFO] Starting proteoform check...
2023-05-05 16:19:06,175 [INFO] Finished proteoform check.
2023-05-05 16:19:06,176 [INFO] Starting exopeptidase activity check...
2023-05-05 16:19:06,187 [INFO] 2 LGLGIDEDEVAAEEPNAAVPDEIPPLEGDEDASR LGIDEDEVAAEEPNAAVPDEIPPLEGDEDASR
2023-05-05 16:19:06,216 [INFO] 1 YSCVFLPEPMGTANIQLHGPPR SCVFLPEPMGTANIQLHGPPR
2023-05-05 16:19:06,219 [INFO] 2 AEAMDLGKDPNGPTHSSTLFVR AMDLGKDPNGPTHSSTLFVR
2023-05-05 16:19:06,222 [INFO] 2 AEAQALLSGDTQTDATSFYDR AQALLSGDTQTDATSFYDR
2023-05-05 16:19:06,235 [INFO] 1 KACANPAAGSVILLENLR ACANPAAGSVILLENLR
2023-05-05 16:19:06,236 [INFO] 2 KACANPAAGSVILLENLR ANPAAGSVILLENLR
2023-05-05 16:19:06,250 [INFO] 1 AAQTSPSPKAGAATGR AQTSPSPKAGAATGR
2023-05-05 16:19:06,252 [INFO] 1 SSGFSLEDPQTHSNR SGFSLEDPQTHSNR
2023-05-05 16:19:06,254 [INFO] 2 SKNLKLGIHEDSTNR NLKLGIHEDSTNR
2023-05-05 16:19:06,276 [INFO] 2 SEDFSLPAYMDR DFSLPAYMDR
2023-05-05 16:19:06,299 [INFO] 2 SPVLHFYVR VLHFYVR
2023-05-05 16:19:06,315 [INFO] Finished exopeptidase activity check.

2023-05-05 16:19:06,315 [INFO] Parsed condition file
2023-05-05 16:19:06,316 [INFO] Performing general statistics annotation...
2023-05-05 16:19:06,332 [INFO] Finished general statistics annotation.
2023-05-05 16:19:06,332 [INFO] Performing statistical testing...
2023-05-05 16:19:06,334 [INFO] Finished statistical testing.
2023-05-05 16:19:06,335 [INFO] Corrected p-values for Corrected Ttest: gluc_control using fdr_bh method
2023-05-05 16:19:06,335 [INFO] Finished multiple testing correction.

2023-05-05 16:19:06,335 [INFO] Generating figures...
2023-05-05 16:19:09,405 [INFO] Starting gallery generation...
2023-05-05 16:19:13,436 [INFO] Finished gallery generation...
2023-05-05 16:19:13,436 [INFO] Finished generating figures.
2023-05-05 16:19:13,437 [INFO] Generating logos...
2023-05-05 16:19:13,437 [INFO] Finished generating logos.

2023-05-05 16:19:13,437 [INFO] Writing output files...
2023-05-05 16:19:18,008 [INFO] Finished. Wrote results to D:\DTU\PhD\Projects\CLIPPER\annotator\results\20230505161838.
2023-05-05 16:19:18,103 [INFO] Finished writing output files
2023-05-05 16:19:18,104 [INFO] 
CLIPPER 2.0 pipeline completed in 0:00:39.704817.

