2023-05-25 18:30:24,301 [INFO] Annotator started at 2023-05-25 18:30:24.
2023-05-25 18:30:24,309 [INFO] Arguments: {'infile': '..\\tests\\HUNTER_clean_100.xlsx', 'infile_type': 'infer', 'software': 'infer', 'level': 'all', 'dropna': False, 'fillna': None, 'sleeptime': 0.2, 'noexo': False, 'nomerops': False, 'calcstructure': None, 'singlecpu': False, 'conditionfile': '..\\tests\\cond_HUNTER.txt', 'stat': True, 'stat_pairwise': True, 'significance': 'all', 'visualize': False, 'logo': None, 'pseudocounts': True, 'cleavagevis': None, 'enrichment': False, 'pathway': False, 'proteasefile': '..\\tests\\proteases.txt', 'output_name': None, 'outfile_type': 'xlsx', 'separate': False}
2023-05-25 18:30:24,311 [INFO] Initialization successful.
2023-05-25 18:30:24,311 [INFO] Reading file...
2023-05-25 18:30:24,312 [INFO] Input is excel
2023-05-25 18:30:25,140 [INFO] Read dataframe.
2023-05-25 18:30:25,141 [INFO] Read input with 284 peptides

2023-05-25 18:30:25,142 [INFO] Input software is sm
2023-05-25 18:30:25,148 [INFO] Converted values in 20210512_FJ_KK_LB_HUNTER_PO.raw.PEP.TMTpro_127C to numeric type
2023-05-25 18:30:25,159 [INFO] Converted values in 20210512_FJ_KK_LB_HUNTER_PO.raw.PEP.TMTpro_128C to numeric type
2023-05-25 18:30:25,163 [INFO] Converted values in 20210512_FJ_KK_LB_HUNTER_PO.raw.PEP.TMTpro_129C to numeric type
2023-05-25 18:30:25,172 [INFO] Converted values in 20210512_FJ_KK_LB_HUNTER_PO.raw.PEP.TMTpro_130C to numeric type
2023-05-25 18:30:25,175 [INFO] Converted values in 20210512_FJ_KK_LB_HUNTER_PO.raw.PEP.TMTpro_131C to numeric type
2023-05-25 18:30:25,179 [INFO] Converted values in 20210512_FJ_KK_LB_HUNTER_PO.raw.PEP.TMTpro_132C to numeric type
2023-05-25 18:30:25,188 [INFO] Successfully generated indexing patterns.
2023-05-25 18:30:25,189 [INFO] Patterns are: {'acc': 'PG.ProteinAccessions', 'seq': 'PEP.StrippedSequence', 'amino': 'B|J|O|U|X|Z', 'mod': 'P.MoleculeID', 'quant': 'PEP\\.TMT', 'label': '\\[TMT', 'nterm': 'N-?ter', 'nterm_label': 'TMT.*_Nter', 'lysine_label': 'K\\[TMT.{0,3}_Lys\\]'}
2023-05-25 18:30:25,190 [INFO] Format check complete.

2023-05-25 18:30:25,193 [INFO] Starting annotation of peptides...
2023-05-25 18:30:25,193 [INFO] Reading MEROPS data..
2023-05-25 18:30:27,001 [INFO] Read MEROPS data
2023-05-25 18:30:27,005 [INFO] Initialized annotation dataframe.

2023-05-25 18:30:43,407 [WARNING] Peptide NLNMEADPGQYR not found in protein sequence for A0A087X2B5.
2023-05-25 18:30:43,483 [WARNING] Peptide NLNMEADPGQYR not found in protein sequence for A0A087X2B5.
2023-05-25 18:30:43,500 [WARNING] Peptide YSCVFLPEPMGTANIQLHGPPR not found in protein sequence for A0A087X2B5.
2023-05-25 18:30:43,527 [WARNING] Peptide NLNMEADPGQYR not found in protein sequence for A0A087X2B5.
2023-05-25 18:30:43,529 [WARNING] Peptide SELHIENLNMEADPGQYR not found in protein sequence for A0A087X2B5.
2023-05-25 18:30:43,534 [WARNING] Peptide ADPGQYR not found in protein sequence for A0A087X2B5.
2023-05-25 18:30:44,864 [WARNING] Peptide SCVFLPEPMGTANIQLHGPPR not found in protein sequence for A0A087X2B5.
2023-05-25 18:30:55,383 [WARNING] Error retrieving Uniprot record for A0A494C169: No SwissProt record found
2023-05-25 18:31:20,024 [INFO] Finished annotation of peptides.

2023-05-25 18:31:20,025 [INFO] Starting annotation of Protein Atlas data...
2023-05-25 18:31:20,026 [INFO] Reading Protein Atlas data..
2023-05-25 18:31:20,809 [INFO] Read Protein Atlas data.
2023-05-25 18:31:20,822 [WARNING] Duplicates found in 'Uniprot' column of 'protein_atlas_sub'. Dropping duplicates.
2023-05-25 18:31:20,841 [INFO] Finished annotation of Protein Atlas data.

2023-05-25 18:31:20,841 [INFO] Starting proteoform check...
2023-05-25 18:31:20,843 [INFO] Finished proteoform check.
2023-05-25 18:31:20,844 [INFO] Starting exopeptidase activity check...
2023-05-25 18:31:20,865 [INFO] 2 LGLGIDEDEVAAEEPNAAVPDEIPPLEGDEDASR LGIDEDEVAAEEPNAAVPDEIPPLEGDEDASR
2023-05-25 18:31:20,913 [INFO] 1 YSCVFLPEPMGTANIQLHGPPR SCVFLPEPMGTANIQLHGPPR
2023-05-25 18:31:20,916 [INFO] 2 AEAMDLGKDPNGPTHSSTLFVR AMDLGKDPNGPTHSSTLFVR
2023-05-25 18:31:20,923 [INFO] 2 AEAQALLSGDTQTDATSFYDR AQALLSGDTQTDATSFYDR
2023-05-25 18:31:20,954 [INFO] 1 KACANPAAGSVILLENLR ACANPAAGSVILLENLR
2023-05-25 18:31:20,955 [INFO] 2 KACANPAAGSVILLENLR ANPAAGSVILLENLR
2023-05-25 18:31:20,981 [INFO] 1 AAQTSPSPKAGAATGR AQTSPSPKAGAATGR
2023-05-25 18:31:20,985 [INFO] 1 SSGFSLEDPQTHSNR SGFSLEDPQTHSNR
2023-05-25 18:31:20,987 [INFO] 2 SKNLKLGIHEDSTNR NLKLGIHEDSTNR
2023-05-25 18:31:21,026 [INFO] 2 SEDFSLPAYMDR DFSLPAYMDR
2023-05-25 18:31:21,063 [INFO] 2 SPVLHFYVR VLHFYVR
2023-05-25 18:31:21,094 [INFO] Finished exopeptidase activity check.

2023-05-25 18:31:21,095 [INFO] Parsed condition file
2023-05-25 18:31:21,096 [INFO] Performing general statistics annotation...
2023-05-25 18:31:21,121 [INFO] Finished general statistics annotation.
2023-05-25 18:31:21,122 [INFO] Performing statistical testing...
2023-05-25 18:31:21,125 [INFO] Finished statistical testing.
2023-05-25 18:31:21,126 [INFO] Corrected p-values for Corrected Ttest: gluc_control using fdr_bh method
2023-05-25 18:31:21,127 [INFO] Finished multiple testing correction.

2023-05-25 18:31:21,127 [INFO] Checking fold distribution...
2023-05-25 18:31:21,217 [INFO] Finished fold distribution check.

2023-05-25 18:31:21,218 [INFO] Predicting protease activity...
