2023-05-05 16:12:39,956 [INFO] Annotator started at 2023-05-05 16:12:39.
2023-05-05 16:12:39,959 [INFO] Arguments: {'infile': '..\\tests\\HUNTER_clean_100.xlsx', 'infile_type': 'infer', 'software': 'infer', 'level': 'all', 'dropna': False, 'sleeptime': 0.2, 'noexo': False, 'nomerops': False, 'singlecpu': False, 'conditionfile': '..\\tests\\cond_HUNTER.txt', 'stat': True, 'stat_pairwise': False, 'significance': 'all', 'visualize': True, 'logo': 'all', 'pseudocounts': True, 'output_name': None, 'outfile_type': 'xlsx', 'separate': False}
2023-05-05 16:12:39,960 [INFO] Initialization successful.
2023-05-05 16:12:39,961 [INFO] Reading file...

2023-05-05 16:12:39,962 [INFO] Input is excel
2023-05-05 16:12:40,223 [INFO] Read dataframe.
2023-05-05 16:12:40,223 [INFO] Read input with 284 peptides
2023-05-05 16:12:40,224 [INFO] Input software is sm
2023-05-05 16:12:40,228 [INFO] Successfully generated indexing patterns
2023-05-05 16:12:40,228 [INFO] Format check complete

2023-05-05 16:12:40,229 [INFO] Starting annotation of peptides...
2023-05-05 16:12:40,229 [INFO] Reading MEROPS data..
2023-05-05 16:12:40,594 [INFO] Read MEROPS data
2023-05-05 16:12:40,596 [INFO] Initialized annotation dataframe.

2023-05-05 16:12:48,033 [WARNING] Peptide NLNMEADPGQYR not found in protein sequence for A0A087X2B5.
2023-05-05 16:12:48,082 [WARNING] Peptide SELHIENLNMEADPGQYR not found in protein sequence for A0A087X2B5.
2023-05-05 16:12:48,153 [WARNING] Peptide YSCVFLPEPMGTANIQLHGPPR not found in protein sequence for A0A087X2B5.
2023-05-05 16:12:48,154 [WARNING] Peptide ADPGQYR not found in protein sequence for A0A087X2B5.
2023-05-05 16:12:48,180 [WARNING] Peptide NLNMEADPGQYR not found in protein sequence for A0A087X2B5.
2023-05-05 16:12:48,204 [WARNING] Peptide NLNMEADPGQYR not found in protein sequence for A0A087X2B5.
2023-05-05 16:12:49,726 [WARNING] Peptide SCVFLPEPMGTANIQLHGPPR not found in protein sequence for A0A087X2B5.
2023-05-05 16:12:55,697 [WARNING] Error retrieving Uniprot record for A0A494C169: No SwissProt record found
2023-05-05 16:13:07,721 [INFO] Finished annotation of peptides.

2023-05-05 16:13:07,721 [INFO] Starting proteoform check...
2023-05-05 16:13:07,722 [INFO] Finished proteoform check.
2023-05-05 16:13:07,723 [INFO] Starting exopeptidase activity check...
2023-05-05 16:13:07,736 [INFO] 2 LGLGIDEDEVAAEEPNAAVPDEIPPLEGDEDASR LGIDEDEVAAEEPNAAVPDEIPPLEGDEDASR
2023-05-05 16:13:07,762 [INFO] 1 YSCVFLPEPMGTANIQLHGPPR SCVFLPEPMGTANIQLHGPPR
2023-05-05 16:13:07,765 [INFO] 2 AEAMDLGKDPNGPTHSSTLFVR AMDLGKDPNGPTHSSTLFVR
2023-05-05 16:13:07,769 [INFO] 2 AEAQALLSGDTQTDATSFYDR AQALLSGDTQTDATSFYDR
2023-05-05 16:13:07,783 [INFO] 1 KACANPAAGSVILLENLR ACANPAAGSVILLENLR
2023-05-05 16:13:07,784 [INFO] 2 KACANPAAGSVILLENLR ANPAAGSVILLENLR
2023-05-05 16:13:07,799 [INFO] 1 AAQTSPSPKAGAATGR AQTSPSPKAGAATGR
2023-05-05 16:13:07,801 [INFO] 1 SSGFSLEDPQTHSNR SGFSLEDPQTHSNR
2023-05-05 16:13:07,803 [INFO] 2 SKNLKLGIHEDSTNR NLKLGIHEDSTNR
2023-05-05 16:13:07,830 [INFO] 2 SEDFSLPAYMDR DFSLPAYMDR
2023-05-05 16:13:07,848 [INFO] 2 SPVLHFYVR VLHFYVR
2023-05-05 16:13:07,866 [INFO] Finished exopeptidase activity check.

2023-05-05 16:13:07,866 [INFO] Parsed condition file
2023-05-05 16:13:07,866 [INFO] Performing general statistics annotation...
2023-05-05 16:13:07,882 [INFO] Finished general statistics annotation.
2023-05-05 16:13:07,883 [INFO] Performing statistical testing...
2023-05-05 16:13:07,884 [INFO] Finished statistical testing.
2023-05-05 16:13:07,886 [INFO] Corrected p-values for Corrected Ttest: gluc_control using fdr_bh method
2023-05-05 16:13:07,886 [INFO] Finished multiple testing correction.

2023-05-05 16:13:07,886 [INFO] Checking fold distribution...
