2023-05-05 16:07:11,441 [INFO] Annotator started at 2023-05-05 16:07:11.
2023-05-05 16:07:11,443 [INFO] Arguments: {'infile': '..\\tests\\HUNTER_clean_100.xlsx', 'infile_type': 'infer', 'software': 'infer', 'level': 'all', 'dropna': False, 'sleeptime': 0.2, 'noexo': False, 'nomerops': False, 'singlecpu': False, 'conditionfile': '..\\tests\\cond_HUNTER.txt', 'stat': True, 'stat_pairwise': False, 'significance': None, 'visualize': True, 'logo': 'all', 'pseudocounts': True, 'output_name': None, 'outfile_type': 'xlsx', 'separate': False}
2023-05-05 16:07:11,444 [INFO] Initialization successful.
2023-05-05 16:07:11,445 [INFO] Reading file...

2023-05-05 16:07:11,445 [INFO] Input is excel
2023-05-05 16:07:11,740 [INFO] Read dataframe.
2023-05-05 16:07:11,740 [INFO] Read input with 284 peptides
2023-05-05 16:07:11,740 [INFO] Input software is sm
2023-05-05 16:07:11,745 [INFO] Successfully generated indexing patterns
2023-05-05 16:07:11,745 [INFO] Format check complete

2023-05-05 16:07:11,747 [INFO] Starting annotation of peptides...
2023-05-05 16:07:11,747 [INFO] Reading MEROPS data..
2023-05-05 16:07:12,127 [INFO] Read MEROPS data
2023-05-05 16:07:12,129 [INFO] Initialized annotation dataframe.

2023-05-05 16:07:20,057 [WARNING] Peptide NLNMEADPGQYR not found in protein sequence for A0A087X2B5.
2023-05-05 16:07:20,089 [WARNING] Peptide ADPGQYR not found in protein sequence for A0A087X2B5.
2023-05-05 16:07:20,137 [WARNING] Peptide SELHIENLNMEADPGQYR not found in protein sequence for A0A087X2B5.
2023-05-05 16:07:20,215 [WARNING] Peptide NLNMEADPGQYR not found in protein sequence for A0A087X2B5.
2023-05-05 16:07:20,243 [WARNING] Peptide YSCVFLPEPMGTANIQLHGPPR not found in protein sequence for A0A087X2B5.
2023-05-05 16:07:20,271 [WARNING] Peptide NLNMEADPGQYR not found in protein sequence for A0A087X2B5.
2023-05-05 16:07:21,554 [WARNING] Peptide SCVFLPEPMGTANIQLHGPPR not found in protein sequence for A0A087X2B5.
2023-05-05 16:07:27,571 [WARNING] Error retrieving Uniprot record for A0A494C169: No SwissProt record found
2023-05-05 16:07:39,501 [INFO] Finished annotation of peptides.

2023-05-05 16:07:39,501 [INFO] Starting proteoform check...
2023-05-05 16:07:39,503 [INFO] Finished proteoform check.
2023-05-05 16:07:39,503 [INFO] Starting exopeptidase activity check...
2023-05-05 16:07:39,512 [INFO] 2 LGLGIDEDEVAAEEPNAAVPDEIPPLEGDEDASR LGIDEDEVAAEEPNAAVPDEIPPLEGDEDASR
2023-05-05 16:07:39,536 [INFO] 1 YSCVFLPEPMGTANIQLHGPPR SCVFLPEPMGTANIQLHGPPR
2023-05-05 16:07:39,537 [INFO] 2 AEAMDLGKDPNGPTHSSTLFVR AMDLGKDPNGPTHSSTLFVR
2023-05-05 16:07:39,541 [INFO] 2 AEAQALLSGDTQTDATSFYDR AQALLSGDTQTDATSFYDR
2023-05-05 16:07:39,553 [INFO] 1 KACANPAAGSVILLENLR ACANPAAGSVILLENLR
2023-05-05 16:07:39,554 [INFO] 2 KACANPAAGSVILLENLR ANPAAGSVILLENLR
2023-05-05 16:07:39,567 [INFO] 1 AAQTSPSPKAGAATGR AQTSPSPKAGAATGR
2023-05-05 16:07:39,568 [INFO] 1 SSGFSLEDPQTHSNR SGFSLEDPQTHSNR
2023-05-05 16:07:39,569 [INFO] 2 SKNLKLGIHEDSTNR NLKLGIHEDSTNR
2023-05-05 16:07:39,592 [INFO] 2 SEDFSLPAYMDR DFSLPAYMDR
2023-05-05 16:07:39,610 [INFO] 2 SPVLHFYVR VLHFYVR
2023-05-05 16:07:39,625 [INFO] Finished exopeptidase activity check.

2023-05-05 16:07:39,626 [INFO] Parsed condition file
2023-05-05 16:07:39,626 [INFO] Performing general statistics annotation...
2023-05-05 16:07:39,641 [INFO] Finished general statistics annotation.
2023-05-05 16:07:39,642 [INFO] Performing statistical testing...
2023-05-05 16:07:39,644 [INFO] Finished statistical testing.

2023-05-05 16:07:39,645 [INFO] Corrected p-values for Corrected Ttest: gluc_control using fdr_bh method
2023-05-05 16:07:39,645 [INFO] Finished multiple testing correction.

2023-05-05 16:07:39,646 [INFO] Generating figures...
2023-05-05 16:07:42,522 [INFO] Starting gallery generation...
2023-05-05 16:07:46,939 [INFO] Finished gallery generation...
2023-05-05 16:07:46,940 [INFO] Finished generating figures.
2023-05-05 16:07:46,940 [INFO] Generating logos...
2023-05-05 16:07:46,940 [INFO] Finished generating logos.

2023-05-05 16:07:46,940 [INFO] Writing output files...
2023-05-05 16:07:51,277 [INFO] Finished. Wrote results to D:\DTU\PhD\Projects\CLIPPER\annotator\results\20230505160711.
2023-05-05 16:07:51,365 [INFO] Finished writing output files
2023-05-05 16:07:51,365 [INFO] 
CLIPPER 2.0 pipeline completed in 0:00:39.924906.

