2023-05-09 11:44:10,176 [INFO] Annotator started at 2023-05-09 11:44:10.
2023-05-09 11:44:10,180 [INFO] Arguments: {'infile': '..\\tests\\HUNTER_clean_100.xlsx', 'infile_type': 'infer', 'software': 'infer', 'level': 'all', 'dropna': False, 'sleeptime': 0.2, 'noexo': False, 'nomerops': False, 'singlecpu': False, 'conditionfile': '..\\tests\\cond_HUNTER.txt', 'stat': True, 'stat_pairwise': True, 'significance': 'all', 'visualize': True, 'logo': 'all', 'pseudocounts': True, 'output_name': None, 'outfile_type': 'xlsx', 'separate': False}
2023-05-09 11:44:10,181 [INFO] Initialization successful.
2023-05-09 11:44:10,181 [INFO] Reading file...

2023-05-09 11:44:10,181 [INFO] Input is excel
2023-05-09 11:44:10,506 [INFO] Read dataframe.
2023-05-09 11:44:10,507 [INFO] Read input with 284 peptides
2023-05-09 11:44:10,508 [INFO] Input software is sm
2023-05-09 11:44:10,512 [INFO] Successfully generated indexing patterns
2023-05-09 11:44:10,513 [INFO] Format check complete

2023-05-09 11:44:10,520 [INFO] Starting annotation of peptides...
2023-05-09 11:44:10,521 [INFO] Reading MEROPS data..
2023-05-09 11:44:11,021 [INFO] Read MEROPS data
2023-05-09 11:44:11,024 [INFO] Initialized annotation dataframe.

2023-05-09 11:44:31,910 [WARNING] Peptide NLNMEADPGQYR not found in protein sequence for A0A087X2B5.
2023-05-09 11:44:31,960 [WARNING] Peptide NLNMEADPGQYR not found in protein sequence for A0A087X2B5.
2023-05-09 11:44:32,016 [WARNING] Peptide YSCVFLPEPMGTANIQLHGPPR not found in protein sequence for A0A087X2B5.
2023-05-09 11:44:32,018 [WARNING] Peptide SELHIENLNMEADPGQYR not found in protein sequence for A0A087X2B5.
2023-05-09 11:44:32,406 [WARNING] Peptide ADPGQYR not found in protein sequence for A0A087X2B5.
2023-05-09 11:44:32,503 [WARNING] Peptide NLNMEADPGQYR not found in protein sequence for A0A087X2B5.
2023-05-09 11:44:36,279 [WARNING] Peptide SCVFLPEPMGTANIQLHGPPR not found in protein sequence for A0A087X2B5.
2023-05-09 11:44:54,952 [WARNING] Error retrieving Uniprot record for A0A494C169: No SwissProt record found
2023-05-09 11:45:24,114 [INFO] Finished annotation of peptides.

2023-05-09 11:45:24,115 [INFO] Starting proteoform check...
2023-05-09 11:45:24,116 [INFO] Finished proteoform check.
2023-05-09 11:45:24,116 [INFO] Starting exopeptidase activity check...
2023-05-09 11:45:24,127 [INFO] 2 LGLGIDEDEVAAEEPNAAVPDEIPPLEGDEDASR LGIDEDEVAAEEPNAAVPDEIPPLEGDEDASR
2023-05-09 11:45:24,153 [INFO] 1 YSCVFLPEPMGTANIQLHGPPR SCVFLPEPMGTANIQLHGPPR
2023-05-09 11:45:24,156 [INFO] 2 AEAMDLGKDPNGPTHSSTLFVR AMDLGKDPNGPTHSSTLFVR
2023-05-09 11:45:24,159 [INFO] 2 AEAQALLSGDTQTDATSFYDR AQALLSGDTQTDATSFYDR
2023-05-09 11:45:24,172 [INFO] 1 KACANPAAGSVILLENLR ACANPAAGSVILLENLR
2023-05-09 11:45:24,172 [INFO] 2 KACANPAAGSVILLENLR ANPAAGSVILLENLR
2023-05-09 11:45:24,188 [INFO] 1 AAQTSPSPKAGAATGR AQTSPSPKAGAATGR
2023-05-09 11:45:24,189 [INFO] 1 SSGFSLEDPQTHSNR SGFSLEDPQTHSNR
2023-05-09 11:45:24,190 [INFO] 2 SKNLKLGIHEDSTNR NLKLGIHEDSTNR
2023-05-09 11:45:24,214 [INFO] 2 SEDFSLPAYMDR DFSLPAYMDR
2023-05-09 11:45:24,233 [INFO] 2 SPVLHFYVR VLHFYVR
2023-05-09 11:45:24,249 [INFO] Finished exopeptidase activity check.

2023-05-09 11:45:24,250 [INFO] Parsed condition file
2023-05-09 11:45:24,250 [INFO] Performing general statistics annotation...
2023-05-09 11:45:24,266 [INFO] Finished general statistics annotation.
2023-05-09 11:45:24,266 [INFO] Performing statistical testing...
2023-05-09 11:45:24,268 [INFO] Finished statistical testing.
2023-05-09 11:45:24,269 [INFO] Corrected p-values for Corrected Ttest: gluc_control using fdr_bh method
2023-05-09 11:45:24,270 [INFO] Finished multiple testing correction.

2023-05-09 11:45:24,270 [INFO] Checking fold distribution...
2023-05-09 11:45:24,322 [INFO] Finished fold distribution check.

2023-05-09 11:45:24,322 [INFO] Generating figures...
2023-05-09 11:45:36,041 [INFO] Starting gallery generation...
2023-05-09 11:45:40,196 [INFO] Finished gallery generation.
2023-05-09 11:45:40,196 [INFO] Starting sequence plotting...
2023-05-09 11:48:52,039 [INFO] Finished sequence plotting.
2023-05-09 11:48:52,039 [INFO] Finished sequence plotting.
2023-05-09 11:48:52,039 [INFO] Finished generating figures.
2023-05-09 11:48:52,040 [INFO] Generating logos...
2023-05-09 11:48:58,336 [INFO] Finished generating logos.

2023-05-09 11:48:58,336 [INFO] Writing output files...
2023-05-09 11:49:06,941 [INFO] Finished. Wrote results to D:\DTU\PhD\Projects\CLIPPER\annotator\results\20230509114410.
2023-05-09 11:49:07,126 [INFO] Finished writing output files
2023-05-09 11:49:07,126 [INFO] 
CLIPPER 2.0 pipeline completed in 0:04:56.950181.

