2023-05-08 16:13:54,303 [INFO] Annotator started at 2023-05-08 16:13:54.
2023-05-08 16:13:54,319 [INFO] Arguments: {'infile': '..\\tests\\HUNTER_clean_100.xlsx', 'infile_type': 'infer', 'software': 'infer', 'level': 'all', 'dropna': False, 'sleeptime': 0.2, 'noexo': False, 'nomerops': False, 'singlecpu': False, 'conditionfile': '..\\tests\\cond_HUNTER.txt', 'stat': True, 'stat_pairwise': False, 'significance': None, 'visualize': True, 'logo': None, 'pseudocounts': True, 'output_name': None, 'outfile_type': 'xlsx', 'separate': False}
2023-05-08 16:13:54,319 [INFO] Initialization successful.
2023-05-08 16:13:54,328 [INFO] Reading file...

2023-05-08 16:13:54,329 [INFO] Input is excel
2023-05-08 16:13:54,692 [INFO] Read dataframe.
2023-05-08 16:13:54,692 [INFO] Read input with 284 peptides
2023-05-08 16:13:54,693 [INFO] Input software is sm
2023-05-08 16:13:54,698 [INFO] Successfully generated indexing patterns
2023-05-08 16:13:54,699 [INFO] Format check complete

2023-05-08 16:13:54,702 [INFO] Starting annotation of peptides...
2023-05-08 16:13:54,702 [INFO] Reading MEROPS data..
2023-05-08 16:13:55,242 [INFO] Read MEROPS data
2023-05-08 16:13:55,245 [INFO] Initialized annotation dataframe.

2023-05-08 16:14:11,900 [WARNING] Peptide NLNMEADPGQYR not found in protein sequence for A0A087X2B5.
2023-05-08 16:14:12,297 [WARNING] Peptide YSCVFLPEPMGTANIQLHGPPR not found in protein sequence for A0A087X2B5.
2023-05-08 16:14:12,298 [WARNING] Peptide SELHIENLNMEADPGQYR not found in protein sequence for A0A087X2B5.
2023-05-08 16:14:12,299 [WARNING] Peptide NLNMEADPGQYR not found in protein sequence for A0A087X2B5.
2023-05-08 16:14:12,828 [WARNING] Peptide ADPGQYR not found in protein sequence for A0A087X2B5.
2023-05-08 16:14:12,829 [WARNING] Peptide NLNMEADPGQYR not found in protein sequence for A0A087X2B5.
2023-05-08 16:14:14,712 [WARNING] Peptide SCVFLPEPMGTANIQLHGPPR not found in protein sequence for A0A087X2B5.
2023-05-08 16:14:33,002 [WARNING] Error retrieving Uniprot record for A0A494C169: No SwissProt record found
2023-05-08 16:15:04,114 [INFO] Finished annotation of peptides.

2023-05-08 16:15:04,115 [INFO] Starting proteoform check...
2023-05-08 16:15:04,117 [INFO] Finished proteoform check.
2023-05-08 16:15:04,118 [INFO] Starting exopeptidase activity check...
2023-05-08 16:15:04,136 [INFO] 2 LGLGIDEDEVAAEEPNAAVPDEIPPLEGDEDASR LGIDEDEVAAEEPNAAVPDEIPPLEGDEDASR
2023-05-08 16:15:04,194 [INFO] 1 YSCVFLPEPMGTANIQLHGPPR SCVFLPEPMGTANIQLHGPPR
2023-05-08 16:15:04,202 [INFO] 2 AEAMDLGKDPNGPTHSSTLFVR AMDLGKDPNGPTHSSTLFVR
2023-05-08 16:15:04,207 [INFO] 2 AEAQALLSGDTQTDATSFYDR AQALLSGDTQTDATSFYDR
2023-05-08 16:15:04,229 [INFO] 1 KACANPAAGSVILLENLR ACANPAAGSVILLENLR
2023-05-08 16:15:04,233 [INFO] 2 KACANPAAGSVILLENLR ANPAAGSVILLENLR
2023-05-08 16:15:04,270 [INFO] 1 AAQTSPSPKAGAATGR AQTSPSPKAGAATGR
2023-05-08 16:15:04,274 [INFO] 1 SSGFSLEDPQTHSNR SGFSLEDPQTHSNR
2023-05-08 16:15:04,277 [INFO] 2 SKNLKLGIHEDSTNR NLKLGIHEDSTNR
2023-05-08 16:15:04,329 [INFO] 2 SEDFSLPAYMDR DFSLPAYMDR
2023-05-08 16:15:04,368 [INFO] 2 SPVLHFYVR VLHFYVR
2023-05-08 16:15:04,397 [INFO] Finished exopeptidase activity check.

2023-05-08 16:15:04,399 [INFO] Parsed condition file
2023-05-08 16:15:04,400 [INFO] Performing general statistics annotation...
2023-05-08 16:15:04,443 [INFO] Finished general statistics annotation.
2023-05-08 16:15:04,455 [INFO] Performing statistical testing...
2023-05-08 16:15:04,463 [INFO] Finished statistical testing.
2023-05-08 16:15:04,474 [INFO] Corrected p-values for Corrected Ttest: gluc_control using fdr_bh method
2023-05-08 16:15:04,475 [INFO] Finished multiple testing correction.

2023-05-08 16:15:04,476 [INFO] Generating figures...
2023-05-08 16:15:20,883 [INFO] Starting gallery generation...
2023-05-08 16:15:25,939 [INFO] Finished gallery generation.
2023-05-08 16:15:25,939 [INFO] Starting sequence plotting...
