2023-05-30 18:18:51,210 [INFO] Annotator started at 2023-05-30 18:18:51.
2023-05-30 18:18:51,214 [INFO] Arguments: {'infile': '..\\tests\\HUNTER_clean_100.xlsx', 'infile_type': 'infer', 'software': 'infer', 'level': 'all', 'dropna': False, 'fillna': None, 'sleeptime': 0.2, 'noexo': False, 'nomerops': False, 'calcstructure': 'sig', 'singlecpu': False, 'conditionfile': '..\\tests\\cond_HUNTER.txt', 'stat': True, 'stat_pairwise': True, 'significance': 'all', 'visualize': True, 'logo': None, 'pseudocounts': True, 'cleavagevis': None, 'enrichment': True, 'pathway': True, 'proteasefile': '..\\tests\\proteases.txt', 'output_name': None, 'outfile_type': 'xlsx', 'separate': False}
2023-05-30 18:18:51,217 [INFO] Initialization successful.
2023-05-30 18:18:51,217 [INFO] Reading file...
2023-05-30 18:18:51,218 [INFO] Input is excel
2023-05-30 18:18:51,815 [INFO] Read dataframe.
2023-05-30 18:18:51,816 [INFO] Read input with 284 peptides

2023-05-30 18:18:51,819 [INFO] Input software is sm
2023-05-30 18:18:51,826 [INFO] Converted values in 20210512_FJ_KK_LB_HUNTER_PO.raw.PEP.TMTpro_127C to numeric type
2023-05-30 18:18:51,831 [INFO] Converted values in 20210512_FJ_KK_LB_HUNTER_PO.raw.PEP.TMTpro_128C to numeric type
2023-05-30 18:18:51,835 [INFO] Converted values in 20210512_FJ_KK_LB_HUNTER_PO.raw.PEP.TMTpro_129C to numeric type
2023-05-30 18:18:51,838 [INFO] Converted values in 20210512_FJ_KK_LB_HUNTER_PO.raw.PEP.TMTpro_130C to numeric type
2023-05-30 18:18:51,845 [INFO] Converted values in 20210512_FJ_KK_LB_HUNTER_PO.raw.PEP.TMTpro_131C to numeric type
2023-05-30 18:18:51,849 [INFO] Converted values in 20210512_FJ_KK_LB_HUNTER_PO.raw.PEP.TMTpro_132C to numeric type
2023-05-30 18:18:51,854 [INFO] Successfully generated indexing patterns.
2023-05-30 18:18:51,856 [INFO] Patterns are: {'acc': 'PG.ProteinAccessions', 'seq': 'PEP.StrippedSequence', 'amino': 'B|J|O|U|X|Z', 'mod': 'P.MoleculeID', 'quant': 'PEP\\.TMT', 'label': '\\[TMT', 'nterm': 'N-?ter', 'nterm_label': 'TMT.*_Nter', 'lysine_label': 'K\\[TMT.{0,3}_Lys\\]'}
2023-05-30 18:18:51,857 [INFO] Format check complete.

2023-05-30 18:18:51,865 [INFO] Starting annotation of peptides...
2023-05-30 18:18:51,866 [INFO] Reading MEROPS data..
2023-05-30 18:18:53,840 [INFO] Read MEROPS data
2023-05-30 18:18:53,845 [INFO] Initialized annotation dataframe.

2023-05-30 18:19:09,563 [WARNING] Peptide SELHIENLNMEADPGQYR not found in protein sequence for A0A087X2B5.
2023-05-30 18:19:09,625 [WARNING] Peptide ADPGQYR not found in protein sequence for A0A087X2B5.
2023-05-30 18:19:09,633 [WARNING] Peptide NLNMEADPGQYR not found in protein sequence for A0A087X2B5.
2023-05-30 18:19:09,660 [WARNING] Peptide NLNMEADPGQYR not found in protein sequence for A0A087X2B5.
2023-05-30 18:19:09,685 [WARNING] Peptide NLNMEADPGQYR not found in protein sequence for A0A087X2B5.
2023-05-30 18:19:09,690 [WARNING] Peptide YSCVFLPEPMGTANIQLHGPPR not found in protein sequence for A0A087X2B5.
2023-05-30 18:19:11,013 [WARNING] Peptide SCVFLPEPMGTANIQLHGPPR not found in protein sequence for A0A087X2B5.
2023-05-30 18:19:23,613 [WARNING] Error retrieving Uniprot record for A0A494C169: No SwissProt record found
2023-05-30 18:19:55,906 [INFO] Finished annotation of peptides.

2023-05-30 18:19:55,910 [INFO] Starting annotation of Protein Atlas data...
2023-05-30 18:19:55,911 [INFO] Reading Protein Atlas data..
2023-05-30 18:19:57,095 [INFO] Read Protein Atlas data.
2023-05-30 18:19:57,118 [WARNING] Duplicates found in 'Uniprot' column of 'protein_atlas_sub'. Dropping duplicates.
2023-05-30 18:19:57,161 [INFO] Finished annotation of Protein Atlas data.

2023-05-30 18:19:57,161 [INFO] Starting proteoform check...
2023-05-30 18:19:57,165 [INFO] Finished proteoform check.
2023-05-30 18:19:57,165 [INFO] Starting exopeptidase activity check...
2023-05-30 18:19:57,196 [INFO] 2 LGLGIDEDEVAAEEPNAAVPDEIPPLEGDEDASR LGIDEDEVAAEEPNAAVPDEIPPLEGDEDASR
2023-05-30 18:19:57,268 [INFO] 1 YSCVFLPEPMGTANIQLHGPPR SCVFLPEPMGTANIQLHGPPR
2023-05-30 18:19:57,271 [INFO] 2 AEAMDLGKDPNGPTHSSTLFVR AMDLGKDPNGPTHSSTLFVR
2023-05-30 18:19:57,278 [INFO] 2 AEAQALLSGDTQTDATSFYDR AQALLSGDTQTDATSFYDR
2023-05-30 18:19:57,318 [INFO] 1 KACANPAAGSVILLENLR ACANPAAGSVILLENLR
2023-05-30 18:19:57,320 [INFO] 2 KACANPAAGSVILLENLR ANPAAGSVILLENLR
2023-05-30 18:19:57,369 [INFO] 1 AAQTSPSPKAGAATGR AQTSPSPKAGAATGR
2023-05-30 18:19:57,372 [INFO] 1 SSGFSLEDPQTHSNR SGFSLEDPQTHSNR
2023-05-30 18:19:57,375 [INFO] 2 SKNLKLGIHEDSTNR NLKLGIHEDSTNR
2023-05-30 18:19:57,442 [INFO] 2 SEDFSLPAYMDR DFSLPAYMDR
2023-05-30 18:19:57,494 [INFO] 2 SPVLHFYVR VLHFYVR
2023-05-30 18:19:57,543 [INFO] Finished exopeptidase activity check.

2023-05-30 18:19:57,556 [INFO] Parsed condition file
2023-05-30 18:19:57,557 [INFO] Performing general statistics annotation...
2023-05-30 18:19:57,595 [INFO] Finished general statistics annotation.
2023-05-30 18:19:57,596 [INFO] Performing statistical testing...
2023-05-30 18:19:57,619 [INFO] Finished statistical testing.
2023-05-30 18:19:57,622 [INFO] Corrected p-values for Corrected Ttest: gluc_control using fdr_bh method
2023-05-30 18:19:57,623 [INFO] Finished multiple testing correction.

2023-05-30 18:19:57,624 [INFO] Checking fold distribution...
2023-05-30 18:19:57,738 [INFO] Finished fold distribution check.

2023-05-30 18:19:57,739 [INFO] Computing structural properties...
2023-05-30 18:19:57,739 [INFO] Reading available AlphaFold models...
2023-05-30 18:19:57,855 [INFO] Read available AlphaFold models.
2023-05-30 18:20:02,730 [WARNING] Model for A0A0C4DG17 not available
2023-05-30 18:20:02,764 [WARNING] Model for C9J6D1 not available
2023-05-30 18:20:04,098 [WARNING] Model for E9PB61 not available
2023-05-30 18:20:05,132 [WARNING] Model for A0A0A0MS45 not available
2023-05-30 18:20:07,529 [WARNING] Model for E7EVA0 not available
2023-05-30 18:20:08,267 [WARNING] Model for C9J329 not available
2023-05-30 18:20:08,927 [WARNING] Model for P62913-2 not available
2023-05-30 18:20:15,149 [WARNING] Model for E5RGS9 not available
2023-05-30 18:20:17,231 [WARNING] Model for K7ELL7 not available
2023-05-30 18:20:17,268 [WARNING] Model for H3BUP2 not available
2023-05-30 18:20:17,302 [WARNING] Model for H3BT13 not available
2023-05-30 18:20:17,337 [WARNING] Model for P58107 not available
2023-05-30 18:20:24,268 [WARNING] Model for F8WAS3 not available
2023-05-30 18:20:24,287 [WARNING] Model for A0A2R8YF49 not available
2023-05-30 18:20:25,975 [WARNING] Model for H3BN72 not available
2023-05-30 18:20:25,992 [WARNING] Model for C9J9C1 not available
2023-05-30 18:20:26,010 [WARNING] Model for A0A0U1RQF0 not available
2023-05-30 18:20:28,490 [WARNING] Model for B4E0Y9 not available
2023-05-30 18:20:28,518 [WARNING] Model for D6RAT0 not available
2023-05-30 18:20:28,533 [WARNING] Model for A0A0D9SEI7 not available
2023-05-30 18:20:29,834 [WARNING] Model for Q01105-2 not available
2023-05-30 18:20:29,890 [INFO] Finished computing structural properties.
2023-05-30 18:20:29,891 [INFO] Predicting protease activity...
2023-05-30 18:20:29,901 [INFO] Protease codes: ['M10.002', 'M10.009', 'S01.001']
2023-05-30 18:20:32,425 [INFO] Finished predicting protease activity.
2023-05-30 18:20:32,426 [INFO] Generating figures...
2023-05-30 18:20:55,971 [INFO] Significant pathways for Log2_fold_change: gluc/control: ['R-HSA-9734195', 'R-HSA-75108', 'R-HSA-9673766', 'R-HSA-111367', 'R-HSA-77588', 'R-HSA-9013418', 'R-HSA-9700645', 'R-HSA-72165', 'R-HSA-72649', 'R-HSA-72702', 'R-HSA-975956', 'R-HSA-380284', 'R-HSA-380259', 'R-HSA-8854518', 'R-HSA-380270', 'R-HSA-927802', 'R-HSA-975957', 'R-HSA-380287', 'R-HSA-72163', 'R-HSA-72172']
2023-05-30 18:20:56,673 [WARNING] No interaction map found for pathway: R-HSA-9734195
2023-05-30 18:22:11,136 [INFO] Starting gallery generation...
2023-05-30 18:22:15,948 [INFO] Finished gallery generation.
2023-05-30 18:22:15,949 [INFO] Finished generating figures.
2023-05-30 18:22:15,950 [INFO] Writing output files...
2023-05-30 18:22:22,469 [INFO] Finished. Wrote results to C:\Users\konka\Documents\annotator\results\20230530181851.
2023-05-30 18:22:23,209 [INFO] Finished writing output files
2023-05-30 18:22:23,210 [INFO] 
CLIPPER 2.0 pipeline completed in 0:03:32.001430.

