2023-05-23 12:51:02,377 [INFO] Annotator started at 2023-05-23 12:51:02.
2023-05-23 12:51:02,381 [INFO] Arguments: {'infile': '..\\tests\\HUNTER_clean_100.xlsx', 'infile_type': 'infer', 'software': 'infer', 'level': 'all', 'dropna': False, 'fillna': None, 'sleeptime': 0.2, 'noexo': False, 'nomerops': False, 'calcstructure': None, 'singlecpu': False, 'conditionfile': '..\\tests\\cond_HUNTER.txt', 'stat': True, 'stat_pairwise': True, 'significance': 'all', 'visualize': True, 'logo': None, 'pseudocounts': True, 'cleavagevis': None, 'enrichment': False, 'pathway': True, 'output_name': None, 'outfile_type': 'xlsx', 'separate': False}
2023-05-23 12:51:02,382 [INFO] Initialization successful.
2023-05-23 12:51:02,383 [INFO] Reading file...
2023-05-23 12:51:02,383 [INFO] Input is excel
2023-05-23 12:51:02,870 [INFO] Read dataframe.
2023-05-23 12:51:02,871 [INFO] Read input with 284 peptides

2023-05-23 12:51:02,871 [INFO] Input software is sm
2023-05-23 12:51:02,874 [INFO] Converted values in 20210512_FJ_KK_LB_HUNTER_PO.raw.PEP.TMTpro_127C to numeric type
2023-05-23 12:51:02,878 [INFO] Converted values in 20210512_FJ_KK_LB_HUNTER_PO.raw.PEP.TMTpro_128C to numeric type
2023-05-23 12:51:02,882 [INFO] Converted values in 20210512_FJ_KK_LB_HUNTER_PO.raw.PEP.TMTpro_129C to numeric type
2023-05-23 12:51:02,886 [INFO] Converted values in 20210512_FJ_KK_LB_HUNTER_PO.raw.PEP.TMTpro_130C to numeric type
2023-05-23 12:51:02,888 [INFO] Converted values in 20210512_FJ_KK_LB_HUNTER_PO.raw.PEP.TMTpro_131C to numeric type
2023-05-23 12:51:02,891 [INFO] Converted values in 20210512_FJ_KK_LB_HUNTER_PO.raw.PEP.TMTpro_132C to numeric type
2023-05-23 12:51:02,897 [INFO] Successfully generated indexing patterns.
2023-05-23 12:51:02,897 [INFO] Patterns are: {'acc': 'PG.ProteinAccessions', 'seq': 'PEP.StrippedSequence', 'amino': 'B|J|O|U|X|Z', 'mod': 'P.MoleculeID', 'quant': 'PEP\\.TMT', 'label': '\\[TMT', 'nterm': 'N-?ter', 'nterm_label': 'TMT.*_Nter', 'lysine_label': 'K\\[TMT.{0,3}_Lys\\]'}
2023-05-23 12:51:02,899 [INFO] Format check complete.

2023-05-23 12:51:02,904 [INFO] Starting annotation of peptides...
2023-05-23 12:51:02,904 [INFO] Reading MEROPS data..
2023-05-23 12:51:03,547 [INFO] Read MEROPS data
2023-05-23 12:51:03,559 [INFO] Initialized annotation dataframe.

2023-05-23 12:51:21,112 [WARNING] Peptide NLNMEADPGQYR not found in protein sequence for A0A087X2B5.
2023-05-23 12:51:21,123 [WARNING] Peptide ADPGQYR not found in protein sequence for A0A087X2B5.
2023-05-23 12:51:21,131 [WARNING] Peptide SELHIENLNMEADPGQYR not found in protein sequence for A0A087X2B5.
2023-05-23 12:51:21,134 [WARNING] Peptide NLNMEADPGQYR not found in protein sequence for A0A087X2B5.
2023-05-23 12:51:21,167 [WARNING] Peptide YSCVFLPEPMGTANIQLHGPPR not found in protein sequence for A0A087X2B5.
2023-05-23 12:51:21,171 [WARNING] Peptide NLNMEADPGQYR not found in protein sequence for A0A087X2B5.
2023-05-23 12:51:22,766 [WARNING] Peptide SCVFLPEPMGTANIQLHGPPR not found in protein sequence for A0A087X2B5.
2023-05-23 12:51:38,505 [WARNING] Error retrieving Uniprot record for A0A494C169: No SwissProt record found
2023-05-23 12:52:06,685 [INFO] Finished annotation of peptides.

2023-05-23 12:52:06,687 [INFO] Starting annotation of Protein Atlas data...
2023-05-23 12:52:06,688 [INFO] Reading Protein Atlas data..
2023-05-23 12:52:08,130 [INFO] Read Protein Atlas data.
2023-05-23 12:52:08,168 [WARNING] Duplicates found in 'Uniprot' column of 'protein_atlas_sub'. Dropping duplicates.
2023-05-23 12:52:08,223 [INFO] Finished annotation of Protein Atlas data.

2023-05-23 12:52:08,226 [INFO] Starting proteoform check...
2023-05-23 12:52:08,232 [INFO] Finished proteoform check.
2023-05-23 12:52:08,235 [INFO] Starting exopeptidase activity check...
2023-05-23 12:52:08,324 [INFO] 2 LGLGIDEDEVAAEEPNAAVPDEIPPLEGDEDASR LGIDEDEVAAEEPNAAVPDEIPPLEGDEDASR
2023-05-23 12:52:08,506 [INFO] 1 YSCVFLPEPMGTANIQLHGPPR SCVFLPEPMGTANIQLHGPPR
2023-05-23 12:52:08,512 [INFO] 2 AEAMDLGKDPNGPTHSSTLFVR AMDLGKDPNGPTHSSTLFVR
2023-05-23 12:52:08,541 [INFO] 2 AEAQALLSGDTQTDATSFYDR AQALLSGDTQTDATSFYDR
2023-05-23 12:52:08,640 [INFO] 1 KACANPAAGSVILLENLR ACANPAAGSVILLENLR
2023-05-23 12:52:08,650 [INFO] 2 KACANPAAGSVILLENLR ANPAAGSVILLENLR
2023-05-23 12:52:08,747 [INFO] 1 AAQTSPSPKAGAATGR AQTSPSPKAGAATGR
2023-05-23 12:52:08,753 [INFO] 1 SSGFSLEDPQTHSNR SGFSLEDPQTHSNR
2023-05-23 12:52:08,757 [INFO] 2 SKNLKLGIHEDSTNR NLKLGIHEDSTNR
2023-05-23 12:52:08,873 [INFO] 2 SEDFSLPAYMDR DFSLPAYMDR
2023-05-23 12:52:08,956 [INFO] 2 SPVLHFYVR VLHFYVR
2023-05-23 12:52:09,073 [INFO] Finished exopeptidase activity check.

2023-05-23 12:52:09,094 [INFO] Parsed condition file
2023-05-23 12:52:09,096 [INFO] Performing general statistics annotation...
2023-05-23 12:52:09,178 [INFO] Finished general statistics annotation.
2023-05-23 12:52:09,179 [INFO] Performing statistical testing...
2023-05-23 12:52:09,195 [INFO] Finished statistical testing.
2023-05-23 12:52:09,198 [INFO] Corrected p-values for Corrected Ttest: gluc_control using fdr_bh method
2023-05-23 12:52:09,200 [INFO] Finished multiple testing correction.

2023-05-23 12:52:09,203 [INFO] Checking fold distribution...
2023-05-23 12:52:09,391 [INFO] Finished fold distribution check.

2023-05-23 12:52:09,392 [INFO] Generating figures...
2023-05-23 12:52:35,217 [WARNING] No interaction map found for pathway: R-HSA-9734195
