2023-05-08 16:22:53,773 [INFO] Annotator started at 2023-05-08 16:22:53.
2023-05-08 16:22:53,773 [INFO] Arguments: {'infile': '..\\tests\\HUNTER_clean_100.xlsx', 'infile_type': 'infer', 'software': 'infer', 'level': 'all', 'dropna': False, 'sleeptime': 0.2, 'noexo': False, 'nomerops': False, 'singlecpu': False, 'conditionfile': '..\\tests\\cond_HUNTER.txt', 'stat': True, 'stat_pairwise': False, 'significance': None, 'visualize': True, 'logo': None, 'pseudocounts': True, 'output_name': None, 'outfile_type': 'xlsx', 'separate': False}
2023-05-08 16:22:53,773 [INFO] Initialization successful.
2023-05-08 16:22:53,788 [INFO] Reading file...

2023-05-08 16:22:53,788 [INFO] Input is excel
2023-05-08 16:22:55,729 [INFO] Read dataframe.
2023-05-08 16:22:55,729 [INFO] Read input with 284 peptides
2023-05-08 16:22:55,730 [INFO] Input software is sm
2023-05-08 16:22:55,737 [INFO] Successfully generated indexing patterns
2023-05-08 16:22:55,737 [INFO] Format check complete

2023-05-08 16:22:55,740 [INFO] Starting annotation of peptides...
2023-05-08 16:22:55,741 [INFO] Reading MEROPS data..
2023-05-08 16:22:56,383 [INFO] Read MEROPS data
2023-05-08 16:22:56,386 [INFO] Initialized annotation dataframe.

2023-05-08 16:23:17,102 [WARNING] Peptide ADPGQYR not found in protein sequence for A0A087X2B5.
2023-05-08 16:23:17,183 [WARNING] Peptide NLNMEADPGQYR not found in protein sequence for A0A087X2B5.
2023-05-08 16:23:17,185 [WARNING] Peptide NLNMEADPGQYR not found in protein sequence for A0A087X2B5.
2023-05-08 16:23:17,199 [WARNING] Peptide NLNMEADPGQYR not found in protein sequence for A0A087X2B5.
2023-05-08 16:23:17,200 [WARNING] Peptide YSCVFLPEPMGTANIQLHGPPR not found in protein sequence for A0A087X2B5.
2023-05-08 16:23:17,203 [WARNING] Peptide SELHIENLNMEADPGQYR not found in protein sequence for A0A087X2B5.
2023-05-08 16:23:18,430 [WARNING] Peptide SCVFLPEPMGTANIQLHGPPR not found in protein sequence for A0A087X2B5.
2023-05-08 16:23:35,543 [WARNING] Error retrieving Uniprot record for A0A494C169: No SwissProt record found
2023-05-08 16:24:15,043 [INFO] Finished annotation of peptides.

2023-05-08 16:24:15,043 [INFO] Starting proteoform check...
2023-05-08 16:24:15,051 [INFO] Finished proteoform check.
2023-05-08 16:24:15,052 [INFO] Starting exopeptidase activity check...
2023-05-08 16:24:15,069 [INFO] 2 LGLGIDEDEVAAEEPNAAVPDEIPPLEGDEDASR LGIDEDEVAAEEPNAAVPDEIPPLEGDEDASR
2023-05-08 16:24:15,106 [INFO] 1 YSCVFLPEPMGTANIQLHGPPR SCVFLPEPMGTANIQLHGPPR
2023-05-08 16:24:15,111 [INFO] 2 AEAMDLGKDPNGPTHSSTLFVR AMDLGKDPNGPTHSSTLFVR
2023-05-08 16:24:15,118 [INFO] 2 AEAQALLSGDTQTDATSFYDR AQALLSGDTQTDATSFYDR
2023-05-08 16:24:15,134 [INFO] 1 KACANPAAGSVILLENLR ACANPAAGSVILLENLR
2023-05-08 16:24:15,135 [INFO] 2 KACANPAAGSVILLENLR ANPAAGSVILLENLR
2023-05-08 16:24:15,155 [INFO] 1 AAQTSPSPKAGAATGR AQTSPSPKAGAATGR
2023-05-08 16:24:15,157 [INFO] 1 SSGFSLEDPQTHSNR SGFSLEDPQTHSNR
2023-05-08 16:24:15,160 [INFO] 2 SKNLKLGIHEDSTNR NLKLGIHEDSTNR
2023-05-08 16:24:15,196 [INFO] 2 SEDFSLPAYMDR DFSLPAYMDR
2023-05-08 16:24:15,221 [INFO] 2 SPVLHFYVR VLHFYVR
2023-05-08 16:24:15,243 [INFO] Finished exopeptidase activity check.

2023-05-08 16:24:15,254 [INFO] Parsed condition file
2023-05-08 16:24:15,254 [INFO] Performing general statistics annotation...
2023-05-08 16:24:15,274 [INFO] Finished general statistics annotation.
2023-05-08 16:24:15,275 [INFO] Performing statistical testing...
2023-05-08 16:24:15,279 [INFO] Finished statistical testing.
2023-05-08 16:24:15,282 [INFO] Corrected p-values for Corrected Ttest: gluc_control using fdr_bh method
2023-05-08 16:24:15,282 [INFO] Finished multiple testing correction.

2023-05-08 16:24:15,283 [INFO] Generating figures...
2023-05-08 16:24:28,977 [INFO] Starting gallery generation...
2023-05-08 16:24:33,208 [INFO] Finished gallery generation.
2023-05-08 16:24:33,209 [INFO] Starting sequence plotting...
2023-05-08 16:25:59,073 [INFO] Finished sequence plotting.
2023-05-08 16:25:59,074 [INFO] Finished generating figures.
2023-05-08 16:25:59,074 [INFO] Writing output files...
2023-05-08 16:26:04,038 [INFO] Finished. Wrote results to C:\Users\konka\Documents\annotator\results\20230508162253.
2023-05-08 16:26:04,452 [INFO] Finished writing output files
2023-05-08 16:26:04,452 [INFO] 
CLIPPER 2.0 pipeline completed in 0:03:10.677643.

