2023-05-22 18:37:08,451 [INFO] Annotator started at 2023-05-22 18:37:08.
2023-05-22 18:37:08,455 [INFO] Arguments: {'infile': '..\\tests\\HUNTER_clean_100.xlsx', 'infile_type': 'infer', 'software': 'infer', 'level': 'all', 'dropna': False, 'fillna': None, 'sleeptime': 0.2, 'noexo': False, 'nomerops': False, 'calcstructure': None, 'singlecpu': False, 'conditionfile': '..\\tests\\cond_HUNTER.txt', 'stat': True, 'stat_pairwise': True, 'significance': 'all', 'visualize': True, 'logo': None, 'pseudocounts': True, 'cleavagevis': None, 'enrichment': False, 'pathway': True, 'output_name': None, 'outfile_type': 'xlsx', 'separate': False}
2023-05-22 18:37:08,457 [INFO] Initialization successful.
2023-05-22 18:37:08,457 [INFO] Reading file...
2023-05-22 18:37:08,457 [INFO] Input is excel
2023-05-22 18:37:08,899 [INFO] Read dataframe.
2023-05-22 18:37:08,900 [INFO] Read input with 284 peptides

2023-05-22 18:37:08,901 [INFO] Input software is sm
2023-05-22 18:37:08,905 [INFO] Converted values in 20210512_FJ_KK_LB_HUNTER_PO.raw.PEP.TMTpro_127C to numeric type
2023-05-22 18:37:08,909 [INFO] Converted values in 20210512_FJ_KK_LB_HUNTER_PO.raw.PEP.TMTpro_128C to numeric type
2023-05-22 18:37:08,914 [INFO] Converted values in 20210512_FJ_KK_LB_HUNTER_PO.raw.PEP.TMTpro_129C to numeric type
2023-05-22 18:37:08,917 [INFO] Converted values in 20210512_FJ_KK_LB_HUNTER_PO.raw.PEP.TMTpro_130C to numeric type
2023-05-22 18:37:08,921 [INFO] Converted values in 20210512_FJ_KK_LB_HUNTER_PO.raw.PEP.TMTpro_131C to numeric type
2023-05-22 18:37:08,926 [INFO] Converted values in 20210512_FJ_KK_LB_HUNTER_PO.raw.PEP.TMTpro_132C to numeric type
2023-05-22 18:37:08,929 [INFO] Successfully generated indexing patterns.
2023-05-22 18:37:08,930 [INFO] Patterns are: {'acc': 'PG.ProteinAccessions', 'seq': 'PEP.StrippedSequence', 'amino': 'B|J|O|U|X|Z', 'mod': 'P.MoleculeID', 'quant': 'PEP\\.TMT', 'label': '\\[TMT', 'nterm': 'N-?ter', 'nterm_label': 'TMT.*_Nter', 'lysine_label': 'K\\[TMT.{0,3}_Lys\\]'}
2023-05-22 18:37:08,931 [INFO] Format check complete.

2023-05-22 18:37:08,936 [INFO] Starting annotation of peptides...
2023-05-22 18:37:08,938 [INFO] Reading MEROPS data..
2023-05-22 18:37:09,584 [INFO] Read MEROPS data
2023-05-22 18:37:09,588 [INFO] Initialized annotation dataframe.

2023-05-22 18:37:24,100 [WARNING] Peptide ADPGQYR not found in protein sequence for A0A087X2B5.
2023-05-22 18:37:24,165 [WARNING] Peptide NLNMEADPGQYR not found in protein sequence for A0A087X2B5.
2023-05-22 18:37:24,167 [WARNING] Peptide NLNMEADPGQYR not found in protein sequence for A0A087X2B5.
2023-05-22 18:37:24,169 [WARNING] Peptide YSCVFLPEPMGTANIQLHGPPR not found in protein sequence for A0A087X2B5.
2023-05-22 18:37:24,171 [WARNING] Peptide NLNMEADPGQYR not found in protein sequence for A0A087X2B5.
2023-05-22 18:37:24,285 [WARNING] Peptide SELHIENLNMEADPGQYR not found in protein sequence for A0A087X2B5.
2023-05-22 18:37:25,423 [WARNING] Peptide SCVFLPEPMGTANIQLHGPPR not found in protein sequence for A0A087X2B5.
2023-05-22 18:37:38,180 [WARNING] Error retrieving Uniprot record for A0A494C169: No SwissProt record found
2023-05-22 18:38:02,436 [INFO] Finished annotation of peptides.

2023-05-22 18:38:02,438 [INFO] Starting annotation of Protein Atlas data...
2023-05-22 18:38:02,438 [INFO] Reading Protein Atlas data..
2023-05-22 18:38:03,285 [INFO] Read Protein Atlas data.
2023-05-22 18:38:03,304 [WARNING] Duplicates found in 'Uniprot' column of 'protein_atlas_sub'. Dropping duplicates.
2023-05-22 18:38:03,323 [INFO] Finished annotation of Protein Atlas data.

2023-05-22 18:38:03,324 [INFO] Starting proteoform check...
2023-05-22 18:38:03,325 [INFO] Finished proteoform check.
2023-05-22 18:38:03,326 [INFO] Starting exopeptidase activity check...
2023-05-22 18:38:03,343 [INFO] 2 LGLGIDEDEVAAEEPNAAVPDEIPPLEGDEDASR LGIDEDEVAAEEPNAAVPDEIPPLEGDEDASR
2023-05-22 18:38:03,387 [INFO] 1 YSCVFLPEPMGTANIQLHGPPR SCVFLPEPMGTANIQLHGPPR
2023-05-22 18:38:03,390 [INFO] 2 AEAMDLGKDPNGPTHSSTLFVR AMDLGKDPNGPTHSSTLFVR
2023-05-22 18:38:03,400 [INFO] 2 AEAQALLSGDTQTDATSFYDR AQALLSGDTQTDATSFYDR
2023-05-22 18:38:03,422 [INFO] 1 KACANPAAGSVILLENLR ACANPAAGSVILLENLR
2023-05-22 18:38:03,424 [INFO] 2 KACANPAAGSVILLENLR ANPAAGSVILLENLR
2023-05-22 18:38:03,459 [INFO] 1 AAQTSPSPKAGAATGR AQTSPSPKAGAATGR
2023-05-22 18:38:03,461 [INFO] 1 SSGFSLEDPQTHSNR SGFSLEDPQTHSNR
2023-05-22 18:38:03,464 [INFO] 2 SKNLKLGIHEDSTNR NLKLGIHEDSTNR
2023-05-22 18:38:03,512 [INFO] 2 SEDFSLPAYMDR DFSLPAYMDR
2023-05-22 18:38:03,545 [INFO] 2 SPVLHFYVR VLHFYVR
2023-05-22 18:38:03,573 [INFO] Finished exopeptidase activity check.

2023-05-22 18:38:03,574 [INFO] Parsed condition file
2023-05-22 18:38:03,574 [INFO] Performing general statistics annotation...
2023-05-22 18:38:03,607 [INFO] Finished general statistics annotation.
2023-05-22 18:38:03,608 [INFO] Performing statistical testing...
2023-05-22 18:38:03,610 [INFO] Finished statistical testing.
2023-05-22 18:38:03,612 [INFO] Corrected p-values for Corrected Ttest: gluc_control using fdr_bh method
2023-05-22 18:38:03,612 [INFO] Finished multiple testing correction.

2023-05-22 18:38:03,614 [INFO] Checking fold distribution...
2023-05-22 18:38:03,698 [INFO] Finished fold distribution check.

2023-05-22 18:38:03,698 [INFO] Generating figures...
