2023-05-05 15:54:15,587 [INFO] Annotator started at 2023-05-05 15:54:15.
2023-05-05 15:54:15,589 [INFO] Arguments: {'infile': '..\\tests\\HUNTER_clean_100.xlsx', 'infile_type': 'infer', 'software': 'infer', 'level': 'all', 'dropna': False, 'sleeptime': 0.2, 'noexo': False, 'nomerops': False, 'singlecpu': False, 'conditionfile': '..\\tests\\cond_HUNTER.txt', 'stat': True, 'stat_pairwise': True, 'significance': None, 'visualize': True, 'logo': 'all', 'pseudocounts': True, 'output_name': None, 'outfile_type': 'xlsx', 'separate': False}
2023-05-05 15:54:15,589 [INFO] Initialization successful.
2023-05-05 15:54:15,590 [INFO] Reading file...

2023-05-05 15:54:15,591 [INFO] Input is excel
2023-05-05 15:54:15,887 [INFO] Read dataframe.
2023-05-05 15:54:15,887 [INFO] Read input with 284 peptides
2023-05-05 15:54:15,887 [INFO] Input software is sm
2023-05-05 15:54:15,891 [INFO] Successfully generated indexing patterns
2023-05-05 15:54:15,892 [INFO] Format check complete

2023-05-05 15:54:15,893 [INFO] Starting annotation of peptides...
2023-05-05 15:54:15,894 [INFO] Reading MEROPS data..
2023-05-05 15:54:16,297 [INFO] Read MEROPS data
2023-05-05 15:54:16,299 [INFO] Initialized annotation dataframe.

2023-05-05 15:54:23,888 [WARNING] Peptide NLNMEADPGQYR not found in protein sequence for A0A087X2B5.
2023-05-05 15:54:23,946 [WARNING] Peptide SELHIENLNMEADPGQYR not found in protein sequence for A0A087X2B5.
2023-05-05 15:54:23,956 [WARNING] Peptide ADPGQYR not found in protein sequence for A0A087X2B5.
2023-05-05 15:54:24,005 [WARNING] Peptide NLNMEADPGQYR not found in protein sequence for A0A087X2B5.
2023-05-05 15:54:24,052 [WARNING] Peptide YSCVFLPEPMGTANIQLHGPPR not found in protein sequence for A0A087X2B5.
2023-05-05 15:54:24,090 [WARNING] Peptide NLNMEADPGQYR not found in protein sequence for A0A087X2B5.
2023-05-05 15:54:25,286 [WARNING] Peptide SCVFLPEPMGTANIQLHGPPR not found in protein sequence for A0A087X2B5.
2023-05-05 15:54:31,347 [WARNING] Error retrieving Uniprot record for A0A494C169: No SwissProt record found
2023-05-05 15:54:43,597 [INFO] Finished annotation of peptides.

2023-05-05 15:54:43,597 [INFO] Starting proteoform check...
2023-05-05 15:54:43,598 [INFO] Finished proteoform check.
2023-05-05 15:54:43,599 [INFO] Starting exopeptidase activity check...
2023-05-05 15:54:43,608 [INFO] 2 LGLGIDEDEVAAEEPNAAVPDEIPPLEGDEDASR LGIDEDEVAAEEPNAAVPDEIPPLEGDEDASR
2023-05-05 15:54:43,631 [INFO] 1 YSCVFLPEPMGTANIQLHGPPR SCVFLPEPMGTANIQLHGPPR
2023-05-05 15:54:43,633 [INFO] 2 AEAMDLGKDPNGPTHSSTLFVR AMDLGKDPNGPTHSSTLFVR
2023-05-05 15:54:43,637 [INFO] 2 AEAQALLSGDTQTDATSFYDR AQALLSGDTQTDATSFYDR
2023-05-05 15:54:43,647 [INFO] 1 KACANPAAGSVILLENLR ACANPAAGSVILLENLR
2023-05-05 15:54:43,648 [INFO] 2 KACANPAAGSVILLENLR ANPAAGSVILLENLR
2023-05-05 15:54:43,662 [INFO] 1 AAQTSPSPKAGAATGR AQTSPSPKAGAATGR
2023-05-05 15:54:43,663 [INFO] 1 SSGFSLEDPQTHSNR SGFSLEDPQTHSNR
2023-05-05 15:54:43,664 [INFO] 2 SKNLKLGIHEDSTNR NLKLGIHEDSTNR
2023-05-05 15:54:43,686 [INFO] 2 SEDFSLPAYMDR DFSLPAYMDR
2023-05-05 15:54:43,703 [INFO] 2 SPVLHFYVR VLHFYVR
2023-05-05 15:54:43,717 [INFO] Finished exopeptidase activity check.

2023-05-05 15:54:43,718 [INFO] Parsed condition file
2023-05-05 15:54:43,718 [INFO] Performing general statistics annotation...
2023-05-05 15:54:43,732 [INFO] Finished general statistics annotation.
2023-05-05 15:54:43,733 [INFO] Performing statistical testing...
2023-05-05 15:54:43,735 [INFO] Finished statistical testing
.
2023-05-05 15:54:43,735 [INFO] Generating figures...
2023-05-05 15:54:46,960 [INFO] Starting gallery generation...
2023-05-05 15:54:51,129 [INFO] Finished gallery generation...
2023-05-05 15:54:51,129 [INFO] Finished generating figures.
2023-05-05 15:54:51,129 [INFO] Generating logos...
2023-05-05 15:54:57,379 [INFO] Finished generating logos.

2023-05-05 15:54:57,379 [INFO] Writing output files...
2023-05-05 15:55:05,274 [INFO] Finished. Wrote results to D:\DTU\PhD\Projects\CLIPPER\annotator\results\20230505155415.
2023-05-05 15:55:05,476 [INFO] Finished writing output files
2023-05-05 15:55:05,476 [INFO] 
CLIPPER 2.0 pipeline completed in 0:00:49.890588.

