2023-05-09 16:06:00,175 [INFO] Annotator started at 2023-05-09 16:06:00.
2023-05-09 16:06:00,181 [INFO] Arguments: {'infile': '..\\tests\\HUNTER_clean_100.xlsx', 'infile_type': 'infer', 'software': 'infer', 'level': 'all', 'dropna': False, 'sleeptime': 0.2, 'noexo': False, 'nomerops': False, 'singlecpu': False, 'conditionfile': '..\\tests\\cond_HUNTER.txt', 'stat': True, 'stat_pairwise': True, 'significance': 'all', 'visualize': True, 'logo': 'all', 'pseudocounts': True, 'output_name': None, 'outfile_type': 'xlsx', 'separate': False}
2023-05-09 16:06:00,183 [INFO] Initialization successful.
2023-05-09 16:06:00,183 [INFO] Reading file...

2023-05-09 16:06:00,184 [INFO] Input is excel
2023-05-09 16:06:00,550 [INFO] Read dataframe.
2023-05-09 16:06:00,550 [INFO] Read input with 284 peptides
2023-05-09 16:06:00,551 [INFO] Input software is sm
2023-05-09 16:06:00,555 [INFO] Successfully generated indexing patterns
2023-05-09 16:06:00,556 [INFO] Format check complete

2023-05-09 16:06:00,560 [INFO] Starting annotation of peptides...
2023-05-09 16:06:00,560 [INFO] Reading MEROPS data..
2023-05-09 16:06:00,967 [INFO] Read MEROPS data
2023-05-09 16:06:00,969 [INFO] Initialized annotation dataframe.

2023-05-09 16:06:19,397 [WARNING] Peptide NLNMEADPGQYR not found in protein sequence for A0A087X2B5.
2023-05-09 16:06:19,410 [WARNING] Peptide SELHIENLNMEADPGQYR not found in protein sequence for A0A087X2B5.
2023-05-09 16:06:19,424 [WARNING] Peptide ADPGQYR not found in protein sequence for A0A087X2B5.
2023-05-09 16:06:19,427 [WARNING] Peptide NLNMEADPGQYR not found in protein sequence for A0A087X2B5.
2023-05-09 16:06:19,429 [WARNING] Peptide NLNMEADPGQYR not found in protein sequence for A0A087X2B5.
2023-05-09 16:06:19,495 [WARNING] Peptide YSCVFLPEPMGTANIQLHGPPR not found in protein sequence for A0A087X2B5.
2023-05-09 16:06:22,899 [WARNING] Peptide SCVFLPEPMGTANIQLHGPPR not found in protein sequence for A0A087X2B5.
2023-05-09 16:06:32,211 [WARNING] Error retrieving Uniprot record for A0A494C169: No SwissProt record found
2023-05-09 16:06:52,556 [INFO] Finished annotation of peptides.

2023-05-09 16:06:52,556 [INFO] Starting proteoform check...
2023-05-09 16:06:52,558 [INFO] Finished proteoform check.
2023-05-09 16:06:52,558 [INFO] Starting exopeptidase activity check...
2023-05-09 16:06:52,573 [INFO] 2 LGLGIDEDEVAAEEPNAAVPDEIPPLEGDEDASR LGIDEDEVAAEEPNAAVPDEIPPLEGDEDASR
2023-05-09 16:06:52,605 [INFO] 1 YSCVFLPEPMGTANIQLHGPPR SCVFLPEPMGTANIQLHGPPR
2023-05-09 16:06:52,609 [INFO] 2 AEAMDLGKDPNGPTHSSTLFVR AMDLGKDPNGPTHSSTLFVR
2023-05-09 16:06:52,616 [INFO] 2 AEAQALLSGDTQTDATSFYDR AQALLSGDTQTDATSFYDR
2023-05-09 16:06:52,630 [INFO] 1 KACANPAAGSVILLENLR ACANPAAGSVILLENLR
2023-05-09 16:06:52,630 [INFO] 2 KACANPAAGSVILLENLR ANPAAGSVILLENLR
2023-05-09 16:06:52,646 [INFO] 1 AAQTSPSPKAGAATGR AQTSPSPKAGAATGR
2023-05-09 16:06:52,647 [INFO] 1 SSGFSLEDPQTHSNR SGFSLEDPQTHSNR
2023-05-09 16:06:52,648 [INFO] 2 SKNLKLGIHEDSTNR NLKLGIHEDSTNR
2023-05-09 16:06:52,677 [INFO] 2 SEDFSLPAYMDR DFSLPAYMDR
2023-05-09 16:06:52,700 [INFO] 2 SPVLHFYVR VLHFYVR
2023-05-09 16:06:52,717 [INFO] Finished exopeptidase activity check.

2023-05-09 16:06:52,720 [INFO] Parsed condition file
2023-05-09 16:06:52,720 [INFO] Performing general statistics annotation...
2023-05-09 16:06:52,738 [INFO] Finished general statistics annotation.
2023-05-09 16:06:52,738 [INFO] Performing statistical testing...
2023-05-09 16:06:52,741 [INFO] Finished statistical testing.
2023-05-09 16:06:52,742 [INFO] Corrected p-values for Corrected Ttest: gluc_control using fdr_bh method
2023-05-09 16:06:52,743 [INFO] Finished multiple testing correction.

2023-05-09 16:06:52,743 [INFO] Checking fold distribution...
2023-05-09 16:06:52,801 [INFO] Finished fold distribution check.

2023-05-09 16:06:52,802 [INFO] Generating figures...
2023-05-09 16:07:06,980 [INFO] Starting gallery generation...
2023-05-09 16:07:12,065 [INFO] Finished gallery generation.
2023-05-09 16:07:12,065 [INFO] Starting sequence plotting...
2023-05-09 16:08:21,782 [INFO] Finished sequence plotting.
2023-05-09 16:08:21,782 [INFO] Finished sequence plotting.
2023-05-09 16:08:21,783 [INFO] Finished generating figures.
2023-05-09 16:08:21,783 [INFO] Generating logos...
2023-05-09 16:08:30,441 [INFO] Finished generating logos.

2023-05-09 16:08:30,442 [INFO] Writing output files...
2023-05-09 16:08:41,950 [INFO] Finished. Wrote results to D:\DTU\PhD\Projects\CLIPPER\annotator\results\20230509160600.
