2023-05-02 11:11:41,726 [INFO] Annotator started at 2023-05-02 11:11:41
2023-05-02 11:11:41,741 [INFO] Arguments: {'infile': '..\\tests\\HUNTER_clean_100.xlsx', 'infile_type': 'infer', 'software': 'infer', 'level': 'all', 'dropna': False, 'sleeptime': 0.2, 'noexo': False, 'nomerops': False, 'singlecpu': False, 'conditionfile': None, 'stat': False, 'stat_pairwise': False, 'significance': None, 'visualize': False, 'logo': None, 'pseudocounts': True, 'output_name': None, 'outfile_type': 'xlsx', 'separate': False}
2023-05-02 11:11:41,741 [INFO] Initialization successful
2023-05-02 11:11:41,741 [INFO] Input is excel
2023-05-02 11:11:43,729 [INFO] Read dataframe
2023-05-02 11:11:43,729 [INFO] Read input with 284 peptides
2023-05-02 11:11:43,732 [INFO] Input software is sm
2023-05-02 11:11:43,740 [INFO] Successfully generated indexing patterns
2023-05-02 11:11:43,740 [INFO] Format check complete
2023-05-02 11:11:43,740 [INFO] Sanitizing
2023-05-02 11:11:43,745 [INFO] Sanitized dataframe, 284 peptides remaining
2023-05-02 11:11:43,747 [INFO] Starting annotation
2023-05-02 11:11:43,747 [INFO] Reading MEROPS data..
2023-05-02 11:11:44,469 [INFO] Read MEROPS data
2023-05-02 11:11:44,474 [INFO] Initialized annotation dataframe..
2023-05-02 11:11:58,141 [WARNING] Peptide NLNMEADPGQYR not found in protein sequence for A0A087X2B5.
2023-05-02 11:11:58,153 [WARNING] Peptide NLNMEADPGQYR not found in protein sequence for A0A087X2B5.
2023-05-02 11:11:58,157 [WARNING] Peptide YSCVFLPEPMGTANIQLHGPPR not found in protein sequence for A0A087X2B5.
2023-05-02 11:11:58,162 [WARNING] Peptide ADPGQYR not found in protein sequence for A0A087X2B5.
2023-05-02 11:11:58,165 [WARNING] Peptide NLNMEADPGQYR not found in protein sequence for A0A087X2B5.
2023-05-02 11:11:58,174 [WARNING] Peptide SELHIENLNMEADPGQYR not found in protein sequence for A0A087X2B5.
2023-05-02 11:11:59,175 [WARNING] Peptide SCVFLPEPMGTANIQLHGPPR not found in protein sequence for A0A087X2B5.
2023-05-02 11:12:09,355 [WARNING] Error retrieving Uniprot record for A0A494C169: No SwissProt record found
2023-05-02 11:12:31,372 [INFO] Finished annotation
2023-05-02 11:12:31,408 [INFO] Finished proteoform check
2023-05-02 11:12:31,409 [INFO] Starting exopeptidase check
2023-05-02 11:12:31,441 [INFO] 2 LGLGIDEDEVAAEEPNAAVPDEIPPLEGDEDASR LGIDEDEVAAEEPNAAVPDEIPPLEGDEDASR
2023-05-02 11:12:31,501 [INFO] 1 YSCVFLPEPMGTANIQLHGPPR SCVFLPEPMGTANIQLHGPPR
2023-05-02 11:12:31,504 [INFO] 2 AEAMDLGKDPNGPTHSSTLFVR AMDLGKDPNGPTHSSTLFVR
2023-05-02 11:12:31,516 [INFO] 2 AEAQALLSGDTQTDATSFYDR AQALLSGDTQTDATSFYDR
2023-05-02 11:12:31,544 [INFO] 1 KACANPAAGSVILLENLR ACANPAAGSVILLENLR
2023-05-02 11:12:31,548 [INFO] 2 KACANPAAGSVILLENLR ANPAAGSVILLENLR
2023-05-02 11:12:31,574 [INFO] 1 AAQTSPSPKAGAATGR AQTSPSPKAGAATGR
2023-05-02 11:12:31,580 [INFO] 1 SSGFSLEDPQTHSNR SGFSLEDPQTHSNR
2023-05-02 11:12:31,583 [INFO] 2 SKNLKLGIHEDSTNR NLKLGIHEDSTNR
2023-05-02 11:12:31,627 [INFO] 2 SEDFSLPAYMDR DFSLPAYMDR
2023-05-02 11:12:31,684 [INFO] 2 SPVLHFYVR VLHFYVR
2023-05-02 11:12:31,739 [INFO] Finished exopeptidase check
2023-05-02 11:12:31,740 [INFO] Starting general statistics annotation
2023-05-02 11:12:32,193 [INFO] Finished general statistics annotation
2023-05-02 11:12:32,560 [INFO] Finished. Wrote results to C:\Users\konka\Documents\annotator\results\20230502111141
