2023-11-09 17:01:07,593 [INFO] 
2023-11-09 17:01:07,593 [INFO] Annotator started at 2023-11-09 17:01:07.
2023-11-09 17:01:07,593 [DEBUG] Arguments: {'infile': '../tests/tests for paper/MMP9_rep/MMP9_dimethyl_peptide_report_rep.xlsx', 'infile_type': 'infer', 'preannotated': False, 'conditionfile': '../tests/tests for paper/MMP9_rep/cond_MMP9.txt', 'alpha': 0.05, 'software': 'infer', 'level': 'all', 'dropna': False, 'fillna': None, 'sleeptime': 0.2, 'noexo': True, 'nomerops': False, 'calcstructure': None, 'threadingcores': 8, 'stat': False, 'stat_pairwise': False, 'significance': None, 'multipletesting': False, 'multipletestingmethod': 'fdr_bh', 'visualize': False, 'logo': None, 'logo_fc': 3, 'cleavagesitesize': 4, 'volcano_foldchange': 1.5, 'pseudocounts': True, 'cleavagevis': None, 'enrichment': False, 'pathway': False, 'proteasefile': None, 'output_name': 'MMP9_rep', 'output_filetype': 'xlsx', 'separate': False, 'pymol_verbose': False}
2023-11-09 17:01:07,593 [WARNING] You have supplied a condition file, but are not doing condition specific statistics. Consider adding the -stat flag to your query!
2023-11-09 17:01:07,593 [INFO] Startup complete!

2023-11-09 17:01:07,594 [INFO] Reading file...
2023-11-09 17:01:07,594 [INFO] Input is excel
2023-11-09 17:01:11,027 [INFO] Read dataframe.
2023-11-09 17:01:11,027 [INFO] Read input with 17536 peptides.
2023-11-09 17:01:11,027 [INFO] Input software is pd
2023-11-09 17:01:11,039 [DEBUG] Converted values in Abundances (Scaled): F13: Sample, Ctrl to numeric type
2023-11-09 17:01:11,050 [DEBUG] Converted values in Abundances (Scaled): F14: Sample, Ctrl to numeric type
2023-11-09 17:01:11,060 [DEBUG] Converted values in Abundances (Scaled): F15: Sample, Ctrl to numeric type
2023-11-09 17:01:11,071 [DEBUG] Converted values in Abundances (Scaled): F16: Sample, MMP9 to numeric type
2023-11-09 17:01:11,082 [DEBUG] Converted values in Abundances (Scaled): F17: Sample, MMP9 to numeric type
2023-11-09 17:01:11,093 [DEBUG] Converted values in Abundances (Scaled): F18: Sample, MMP9 to numeric type
2023-11-09 17:01:11,093 [INFO] Finished converting quantification values to floats.
2023-11-09 17:01:11,101 [DEBUG] Patterns are: {'acc': 'Master Protein Accessions', 'mod': 'Modifications', 'nterm': '\\[N-Term\\]', 'seq': 'Annotated Sequence', 'amino': '\\.[A-Z]*(B|J|O|U|X|Z)[A-Z]*\\.', 'quant': 'Abundances \\(?Scaled\\):.*', 'label': 'Dimethyl', 'nterm_label': 'Dimethyl \\[N-Term\\]', 'lysine_label': 'Dimethyl \\[K'}
2023-11-09 17:01:11,101 [INFO] Successfully generated indexing patterns for pd input. See logfile for the found patterns.
2023-11-09 17:01:11,101 [INFO] Format check complete.

2023-11-09 17:01:11,102 [INFO] Initialization complete!

2023-11-09 17:01:11,102 [INFO] Filtering and sanitizing input...
2023-11-09 17:01:11,105 [WARNING] There were rows with no accession numbers in the loaded file, please check the log file for further information
2023-11-09 17:01:11,106 [DEBUG] Empty accession rows: 8762
2023-11-09 17:01:11,106 [DEBUG] Empty accession rows: 14402
2023-11-09 17:01:11,106 [DEBUG] Empty accession rows: 16132
2023-11-09 17:01:11,114 [DEBUG] Starting annotation of peptides...
2023-11-09 17:01:11,117 [INFO] Initialized annotation dataframe.

2023-11-09 17:01:11,117 [INFO] Reading MEROPS data..
2023-11-09 17:01:11,671 [INFO] Read MEROPS data
2023-11-09 17:01:11,671 [INFO] Fetching information from Uniprot...
2023-11-09 17:34:25,290 [WARNING] There were "peptides not found" errors
2023-11-09 17:34:25,292 [WARNING]   - Peptide IFVGGIKEDTEEHHLR not found in protein sequence for P22626.
2023-11-09 17:34:25,292 [WARNING]   - Peptide GITNLCVIGGDGSLTGANIFR not found in protein sequence for Q01813.
2023-11-09 17:34:25,292 [WARNING]   - Peptide VFDKEGNGTVMGAELR not found in protein sequence for P60660.
2023-11-09 17:34:25,292 [WARNING]   - Peptide KEAESCDCLQGFQLTHSLGGGTGSGMGTLLLSKIR not found in protein sequence for P04350.
2023-11-09 17:34:25,292 [WARNING]   - Peptide KEAESCDCLQGFQLTHSLGGGTGSGMGTLLLSKIR not found in protein sequence for P04350.
2023-11-09 17:34:25,292 [WARNING]   - Peptide GVVDSEDIPLNLSR not found in protein sequence for P07900.
2023-11-09 17:34:25,292 [WARNING]   - Peptide GVVDSEDIPLNLSR not found in protein sequence for P07900.
2023-11-09 17:34:25,292 [WARNING]   - Peptide SLGGGTGSGMGTLLLSKIR not found in protein sequence for P04350.
2023-11-09 17:34:25,292 [WARNING]   - Peptide SLHDALCVIR not found in protein sequence for P50991.
2023-11-09 17:34:25,292 [WARNING]   - Peptide SLGGGTGSGMGTLLLSK not found in protein sequence for P04350.
2023-11-09 17:34:25,292 [WARNING]   - Peptide SLGGGTGSGMGTLLLSK not found in protein sequence for P04350.
2023-11-09 17:34:25,292 [WARNING]   - Peptide SLGGGTGSGMGTLLLSK not found in protein sequence for P04350.
2023-11-09 17:34:25,292 [WARNING]   - Peptide SLGGGTGSGMGTLLLSK not found in protein sequence for P04350.
2023-11-09 17:34:25,292 [WARNING]   - Peptide FLGYPITLYLEKER not found in protein sequence for P08238.
2023-11-09 17:34:25,292 [WARNING]   - Peptide MREIVHIQAGQCGN not found in protein sequence for P04350.
2023-11-09 17:34:25,292 [WARNING]   - Peptide ESLIDGIKR not found in protein sequence for O43865.
2023-11-09 17:34:25,292 [WARNING]   - Peptide NITWTLSNLCR not found in protein sequence for P52292.
2023-11-09 17:34:25,292 [WARNING]   - Peptide VEIIANDQGNR not found in protein sequence for P17066.
2023-11-09 17:34:25,292 [WARNING]   - Peptide FMLQDVIDLR not found in protein sequence for Q04637.
2023-11-09 17:34:25,292 [WARNING]   - Peptide ALEDIAMFR not found in protein sequence for P29401.
2023-11-09 17:34:25,292 [WARNING]   - Peptide VEIIANDQGNR not found in protein sequence for P17066.
2023-11-09 17:34:25,292 [WARNING]   - Peptide VEIIANDQGNR not found in protein sequence for P17066.
2023-11-09 17:34:25,292 [WARNING]   - Peptide AIEHTIQWAR not found in protein sequence for P22314.
2023-11-09 17:34:25,292 [WARNING]   - Peptide GIPLDLLDR not found in protein sequence for Q9Y230.
2023-11-09 17:34:25,292 [WARNING]   - Peptide FLKIDGKVR not found in protein sequence for P22090.
2023-11-09 17:34:25,292 [WARNING]   - Peptide SGPFGQLFR not found in protein sequence for P04350.
2023-11-09 17:34:25,292 [WARNING]   - Peptide KILKVIR not found in protein sequence for P14625.
2023-11-09 17:34:25,292 [WARNING]   - Peptide TLLLSKIR not found in protein sequence for P04350.
2023-11-09 17:34:25,292 [WARNING]   - Peptide LTPEELER not found in protein sequence for P11021.
2023-11-09 17:34:25,292 [WARNING]   - Peptide NIDEDLLR not found in protein sequence for P22314.
2023-11-09 17:34:25,292 [WARNING]   - Peptide TGSGMGTLLLSKIR not found in protein sequence for P04350.
2023-11-09 17:34:25,292 [WARNING]   - Peptide TLLALLR not found in protein sequence for P33993.
2023-11-09 17:34:25,292 [WARNING]   - Peptide LIVKIYR not found in protein sequence for Q07020.
2023-11-09 17:34:25,292 [WARNING]   - Peptide DVVALLR not found in protein sequence for P52789.
2023-11-09 17:34:25,292 [WARNING]   - Peptide QQLITIR not found in protein sequence for Q15645.
2023-11-09 17:34:25,292 [WARNING]   - Peptide ALLFVPR not found in protein sequence for Q9NQH7.
2023-11-09 17:34:25,798 [INFO] Gathering info from Uniprot took 00:33:13 hh:mm:ss
2023-11-09 17:34:30,900 [INFO] Finished annotation of peptides.

2023-11-09 17:34:30,900 [INFO] Starting annotation of Protein Atlas data...
2023-11-09 17:34:30,900 [INFO] Reading Protein Atlas data..
2023-11-09 17:34:31,164 [INFO] Read Protein Atlas data.
2023-11-09 17:34:31,170 [WARNING] Duplicates found in 'Uniprot' column of 'protein_atlas_sub'. Dropping duplicates.
2023-11-09 17:34:31,187 [INFO] Finished annotation of Protein Atlas data.

2023-11-09 17:34:31,187 [INFO] Starting proteoform check...
2023-11-09 17:34:31,192 [INFO] Finished proteoform check.
2023-11-09 17:34:31,192 [INFO] Parsed condition file
2023-11-09 17:34:31,193 [INFO] Performing general condition statistics annotation...
2023-11-09 17:34:31,221 [INFO] Finished general condition statistics annotation.
2023-11-09 17:34:31,221 [INFO] Writing output files...
2023-11-09 17:34:44,214 [INFO] Finished. Wrote results to /Users/aleksanderhaack/Desktop/TAILS annotator v3/annotator/annotator/results/MMP9_rep.
