2023-05-23 13:29:12,439 [INFO] Annotator started at 2023-05-23 13:29:12.
2023-05-23 13:29:12,443 [INFO] Arguments: {'infile': '..\\tests\\HUNTER_clean_100.xlsx', 'infile_type': 'infer', 'software': 'infer', 'level': 'all', 'dropna': False, 'fillna': None, 'sleeptime': 0.2, 'noexo': False, 'nomerops': False, 'calcstructure': None, 'singlecpu': False, 'conditionfile': '..\\tests\\cond_HUNTER.txt', 'stat': True, 'stat_pairwise': True, 'significance': 'all', 'visualize': True, 'logo': None, 'pseudocounts': True, 'cleavagevis': None, 'enrichment': False, 'pathway': True, 'output_name': None, 'outfile_type': 'xlsx', 'separate': False}
2023-05-23 13:29:12,444 [INFO] Initialization successful.
2023-05-23 13:29:12,444 [INFO] Reading file...
2023-05-23 13:29:12,445 [INFO] Input is excel
2023-05-23 13:29:13,018 [INFO] Read dataframe.
2023-05-23 13:29:13,018 [INFO] Read input with 284 peptides

2023-05-23 13:29:13,019 [INFO] Input software is sm
2023-05-23 13:29:13,023 [INFO] Converted values in 20210512_FJ_KK_LB_HUNTER_PO.raw.PEP.TMTpro_127C to numeric type
2023-05-23 13:29:13,025 [INFO] Converted values in 20210512_FJ_KK_LB_HUNTER_PO.raw.PEP.TMTpro_128C to numeric type
2023-05-23 13:29:13,028 [INFO] Converted values in 20210512_FJ_KK_LB_HUNTER_PO.raw.PEP.TMTpro_129C to numeric type
2023-05-23 13:29:13,030 [INFO] Converted values in 20210512_FJ_KK_LB_HUNTER_PO.raw.PEP.TMTpro_130C to numeric type
2023-05-23 13:29:13,033 [INFO] Converted values in 20210512_FJ_KK_LB_HUNTER_PO.raw.PEP.TMTpro_131C to numeric type
2023-05-23 13:29:13,037 [INFO] Converted values in 20210512_FJ_KK_LB_HUNTER_PO.raw.PEP.TMTpro_132C to numeric type
2023-05-23 13:29:13,044 [INFO] Successfully generated indexing patterns.
2023-05-23 13:29:13,044 [INFO] Patterns are: {'acc': 'PG.ProteinAccessions', 'seq': 'PEP.StrippedSequence', 'amino': 'B|J|O|U|X|Z', 'mod': 'P.MoleculeID', 'quant': 'PEP\\.TMT', 'label': '\\[TMT', 'nterm': 'N-?ter', 'nterm_label': 'TMT.*_Nter', 'lysine_label': 'K\\[TMT.{0,3}_Lys\\]'}
2023-05-23 13:29:13,045 [INFO] Format check complete.

2023-05-23 13:29:13,056 [INFO] Starting annotation of peptides...
2023-05-23 13:29:13,057 [INFO] Reading MEROPS data..
2023-05-23 13:29:13,738 [INFO] Read MEROPS data
2023-05-23 13:29:13,741 [INFO] Initialized annotation dataframe.

2023-05-23 13:29:29,584 [WARNING] Peptide NLNMEADPGQYR not found in protein sequence for A0A087X2B5.
2023-05-23 13:29:29,621 [WARNING] Peptide ADPGQYR not found in protein sequence for A0A087X2B5.
2023-05-23 13:29:29,623 [WARNING] Peptide NLNMEADPGQYR not found in protein sequence for A0A087X2B5.
2023-05-23 13:29:29,624 [WARNING] Peptide YSCVFLPEPMGTANIQLHGPPR not found in protein sequence for A0A087X2B5.
2023-05-23 13:29:29,640 [WARNING] Peptide NLNMEADPGQYR not found in protein sequence for A0A087X2B5.
2023-05-23 13:29:29,675 [WARNING] Peptide SELHIENLNMEADPGQYR not found in protein sequence for A0A087X2B5.
2023-05-23 13:29:30,937 [WARNING] Peptide SCVFLPEPMGTANIQLHGPPR not found in protein sequence for A0A087X2B5.
2023-05-23 13:29:42,167 [WARNING] Error retrieving Uniprot record for A0A494C169: No SwissProt record found
2023-05-23 13:30:05,881 [INFO] Finished annotation of peptides.

2023-05-23 13:30:05,882 [INFO] Starting annotation of Protein Atlas data...
2023-05-23 13:30:05,883 [INFO] Reading Protein Atlas data..
2023-05-23 13:30:06,553 [INFO] Read Protein Atlas data.
2023-05-23 13:30:06,570 [WARNING] Duplicates found in 'Uniprot' column of 'protein_atlas_sub'. Dropping duplicates.
2023-05-23 13:30:06,592 [INFO] Finished annotation of Protein Atlas data.

2023-05-23 13:30:06,593 [INFO] Starting proteoform check...
2023-05-23 13:30:06,597 [INFO] Finished proteoform check.
2023-05-23 13:30:06,598 [INFO] Starting exopeptidase activity check...
2023-05-23 13:30:06,619 [INFO] 2 LGLGIDEDEVAAEEPNAAVPDEIPPLEGDEDASR LGIDEDEVAAEEPNAAVPDEIPPLEGDEDASR
2023-05-23 13:30:06,691 [INFO] 1 YSCVFLPEPMGTANIQLHGPPR SCVFLPEPMGTANIQLHGPPR
2023-05-23 13:30:06,694 [INFO] 2 AEAMDLGKDPNGPTHSSTLFVR AMDLGKDPNGPTHSSTLFVR
2023-05-23 13:30:06,706 [INFO] 2 AEAQALLSGDTQTDATSFYDR AQALLSGDTQTDATSFYDR
2023-05-23 13:30:06,748 [INFO] 1 KACANPAAGSVILLENLR ACANPAAGSVILLENLR
2023-05-23 13:30:06,750 [INFO] 2 KACANPAAGSVILLENLR ANPAAGSVILLENLR
2023-05-23 13:30:06,782 [INFO] 1 AAQTSPSPKAGAATGR AQTSPSPKAGAATGR
2023-05-23 13:30:06,786 [INFO] 1 SSGFSLEDPQTHSNR SGFSLEDPQTHSNR
2023-05-23 13:30:06,788 [INFO] 2 SKNLKLGIHEDSTNR NLKLGIHEDSTNR
2023-05-23 13:30:06,856 [INFO] 2 SEDFSLPAYMDR DFSLPAYMDR
2023-05-23 13:30:06,918 [INFO] 2 SPVLHFYVR VLHFYVR
2023-05-23 13:30:06,956 [INFO] Finished exopeptidase activity check.

2023-05-23 13:30:06,973 [INFO] Parsed condition file
2023-05-23 13:30:06,973 [INFO] Performing general statistics annotation...
2023-05-23 13:30:07,018 [INFO] Finished general statistics annotation.
2023-05-23 13:30:07,018 [INFO] Performing statistical testing...
2023-05-23 13:30:07,021 [INFO] Finished statistical testing.
2023-05-23 13:30:07,022 [INFO] Corrected p-values for Corrected Ttest: gluc_control using fdr_bh method
2023-05-23 13:30:07,022 [INFO] Finished multiple testing correction.

2023-05-23 13:30:07,023 [INFO] Checking fold distribution...
2023-05-23 13:30:07,087 [INFO] Finished fold distribution check.

2023-05-23 13:30:07,088 [INFO] Generating figures...
2023-05-23 13:30:22,811 [WARNING] No interaction map found for pathway: R-HSA-9734195
2023-05-23 13:31:55,561 [INFO] Starting gallery generation...
2023-05-23 13:32:00,961 [INFO] Finished gallery generation.
2023-05-23 13:32:00,962 [INFO] Finished generating figures.
2023-05-23 13:32:00,962 [INFO] Writing output files...
2023-05-23 13:32:06,754 [INFO] Finished. Wrote results to C:\Users\konka\Documents\annotator\results\20230523132912.
