2023-05-09 19:33:31,550 [INFO] Annotator started at 2023-05-09 19:33:31.
2023-05-09 19:33:31,554 [INFO] Arguments: {'infile': '..\\tests\\HUNTER_clean_100.xlsx', 'infile_type': 'infer', 'software': 'infer', 'level': 'all', 'dropna': False, 'sleeptime': 0.2, 'noexo': False, 'nomerops': False, 'singlecpu': False, 'conditionfile': '..\\tests\\cond_HUNTER.txt', 'stat': True, 'stat_pairwise': True, 'significance': 'all', 'visualize': True, 'logo': 'all', 'pseudocounts': True, 'output_name': None, 'outfile_type': 'xlsx', 'separate': False}
2023-05-09 19:33:31,555 [INFO] Initialization successful.
2023-05-09 19:33:31,556 [INFO] Reading file...

2023-05-09 19:33:31,556 [INFO] Input is excel
2023-05-09 19:33:31,841 [INFO] Read dataframe.
2023-05-09 19:33:31,841 [INFO] Read input with 284 peptides
2023-05-09 19:33:31,842 [INFO] Input software is sm
2023-05-09 19:33:31,848 [INFO] Successfully generated indexing patterns
2023-05-09 19:33:31,848 [INFO] Format check complete

2023-05-09 19:33:31,853 [INFO] Starting annotation of peptides...
2023-05-09 19:33:31,853 [INFO] Reading MEROPS data..
2023-05-09 19:33:32,237 [INFO] Read MEROPS data
2023-05-09 19:33:32,240 [INFO] Initialized annotation dataframe.

2023-05-09 19:33:43,110 [WARNING] Peptide ADPGQYR not found in protein sequence for A0A087X2B5.
2023-05-09 19:33:43,112 [WARNING] Peptide YSCVFLPEPMGTANIQLHGPPR not found in protein sequence for A0A087X2B5.
2023-05-09 19:33:43,150 [WARNING] Peptide NLNMEADPGQYR not found in protein sequence for A0A087X2B5.
2023-05-09 19:33:43,152 [WARNING] Peptide SELHIENLNMEADPGQYR not found in protein sequence for A0A087X2B5.
2023-05-09 19:33:43,157 [WARNING] Peptide NLNMEADPGQYR not found in protein sequence for A0A087X2B5.
2023-05-09 19:33:43,160 [WARNING] Peptide NLNMEADPGQYR not found in protein sequence for A0A087X2B5.
2023-05-09 19:33:45,620 [WARNING] Peptide SCVFLPEPMGTANIQLHGPPR not found in protein sequence for A0A087X2B5.
2023-05-09 19:33:54,773 [WARNING] Error retrieving Uniprot record for A0A494C169: No SwissProt record found
2023-05-09 19:34:12,782 [INFO] Finished annotation of peptides.

2023-05-09 19:34:12,782 [INFO] Starting proteoform check...
2023-05-09 19:34:12,783 [INFO] Finished proteoform check.
2023-05-09 19:34:12,784 [INFO] Starting exopeptidase activity check...
2023-05-09 19:34:12,795 [INFO] 2 LGLGIDEDEVAAEEPNAAVPDEIPPLEGDEDASR LGIDEDEVAAEEPNAAVPDEIPPLEGDEDASR
2023-05-09 19:34:12,827 [INFO] 1 YSCVFLPEPMGTANIQLHGPPR SCVFLPEPMGTANIQLHGPPR
2023-05-09 19:34:12,831 [INFO] 2 AEAMDLGKDPNGPTHSSTLFVR AMDLGKDPNGPTHSSTLFVR
2023-05-09 19:34:12,837 [INFO] 2 AEAQALLSGDTQTDATSFYDR AQALLSGDTQTDATSFYDR
2023-05-09 19:34:12,851 [INFO] 1 KACANPAAGSVILLENLR ACANPAAGSVILLENLR
2023-05-09 19:34:12,853 [INFO] 2 KACANPAAGSVILLENLR ANPAAGSVILLENLR
2023-05-09 19:34:12,872 [INFO] 1 AAQTSPSPKAGAATGR AQTSPSPKAGAATGR
2023-05-09 19:34:12,873 [INFO] 1 SSGFSLEDPQTHSNR SGFSLEDPQTHSNR
2023-05-09 19:34:12,875 [INFO] 2 SKNLKLGIHEDSTNR NLKLGIHEDSTNR
2023-05-09 19:34:12,902 [INFO] 2 SEDFSLPAYMDR DFSLPAYMDR
2023-05-09 19:34:12,924 [INFO] 2 SPVLHFYVR VLHFYVR
2023-05-09 19:34:12,943 [INFO] Finished exopeptidase activity check.

2023-05-09 19:34:12,944 [INFO] Parsed condition file
2023-05-09 19:34:12,944 [INFO] Performing general statistics annotation...
2023-05-09 19:34:12,960 [INFO] Finished general statistics annotation.
2023-05-09 19:34:12,960 [INFO] Performing statistical testing...
2023-05-09 19:34:12,963 [INFO] Finished statistical testing.
2023-05-09 19:34:12,964 [INFO] Corrected p-values for Corrected Ttest: gluc_control using fdr_bh method
2023-05-09 19:34:12,964 [INFO] Finished multiple testing correction.

2023-05-09 19:34:12,964 [INFO] Checking fold distribution...
2023-05-09 19:34:13,022 [INFO] Finished fold distribution check.

2023-05-09 19:34:13,023 [INFO] Generating figures...
2023-05-09 19:34:24,182 [INFO] Starting gallery generation...
2023-05-09 19:34:28,168 [INFO] Finished gallery generation.
2023-05-09 19:34:28,168 [INFO] Reading available AlphaFold models...
2023-05-09 19:34:28,220 [INFO] Read available AlphaFold models.
2023-05-09 19:34:28,221 [INFO] Starting protein plotting...
2023-05-09 19:34:40,292 [INFO] Alphafold model for A0A0C4DG17 not available.
2023-05-09 19:34:41,371 [INFO] Alphafold model for C9J6D1 not available.
2023-05-09 19:34:46,508 [INFO] Alphafold model for E9PB61 not available.
2023-05-09 19:34:56,050 [INFO] Alphafold model for E7EVA0 not available.
2023-05-09 19:34:59,699 [INFO] Alphafold model for C9J329 not available.
2023-05-09 19:35:00,500 [INFO] Alphafold model for A0A087X2B5 not available.
2023-05-09 19:35:03,469 [INFO] Alphafold model for P62913-2 not available.
2023-05-09 19:35:20,302 [INFO] Alphafold model for E5RGS9 not available.
2023-05-09 19:35:26,129 [INFO] Alphafold model for K7ELL7 not available.
2023-05-09 19:35:26,923 [INFO] Alphafold model for H3BUP2 not available.
2023-05-09 19:35:27,702 [INFO] Alphafold model for H3BT13 not available.
2023-05-09 19:35:28,626 [INFO] Alphafold model for P58107 not available.
2023-05-09 19:35:46,869 [INFO] Alphafold model for F8WAS3 not available.
2023-05-09 19:35:47,818 [INFO] Alphafold model for A0A2R8YF49 not available.
2023-05-09 19:36:00,031 [INFO] Alphafold model for H3BN72 not available.
2023-05-09 19:36:01,109 [INFO] Alphafold model for C9J9C1 not available.
2023-05-09 19:36:02,266 [INFO] Alphafold model for A0A0U1RQF0 not available.
2023-05-09 19:36:11,171 [INFO] Alphafold model for B4E0Y9 not available.
2023-05-09 19:36:12,224 [INFO] Alphafold model for D6RAT0 not available.
2023-05-09 19:36:13,023 [INFO] Alphafold model for A0A0D9SEI7 not available.
2023-05-09 19:36:19,532 [INFO] Alphafold model for Q01105-2 not available.
2023-05-09 19:36:20,562 [INFO] Finished protein plotting.
2023-05-09 19:36:20,563 [INFO] Finished protein plotting.
2023-05-09 19:36:20,563 [INFO] Finished generating figures.
2023-05-09 19:36:20,563 [INFO] Generating logos...
2023-05-09 19:36:27,008 [INFO] Finished generating logos.

2023-05-09 19:36:27,008 [INFO] Writing output files...
2023-05-09 19:36:37,997 [INFO] Finished. Wrote results to D:\DTU\PhD\Projects\CLIPPER\annotator\results\20230509193331.
