2023-05-09 11:50:26,000 [INFO] Annotator started at 2023-05-09 11:50:26.
2023-05-09 11:50:26,002 [INFO] Arguments: {'infile': '..\\tests\\HUNTER_clean_100.xlsx', 'infile_type': 'infer', 'software': 'infer', 'level': 'all', 'dropna': False, 'sleeptime': 0.2, 'noexo': False, 'nomerops': False, 'singlecpu': False, 'conditionfile': '..\\tests\\cond_HUNTER.txt', 'stat': True, 'stat_pairwise': True, 'significance': 'all', 'visualize': True, 'logo': 'all', 'pseudocounts': True, 'output_name': None, 'outfile_type': 'xlsx', 'separate': False}
2023-05-09 11:50:26,003 [INFO] Initialization successful.
2023-05-09 11:50:26,003 [INFO] Reading file...

2023-05-09 11:50:26,004 [INFO] Input is excel
2023-05-09 11:50:26,245 [INFO] Read dataframe.
2023-05-09 11:50:26,246 [INFO] Read input with 284 peptides
2023-05-09 11:50:26,247 [INFO] Input software is sm
2023-05-09 11:50:26,252 [INFO] Successfully generated indexing patterns
2023-05-09 11:50:26,252 [INFO] Format check complete

2023-05-09 11:50:26,255 [INFO] Starting annotation of peptides...
2023-05-09 11:50:26,255 [INFO] Reading MEROPS data..
2023-05-09 11:50:26,658 [INFO] Read MEROPS data
2023-05-09 11:50:26,660 [INFO] Initialized annotation dataframe.

2023-05-09 11:50:49,748 [WARNING] Peptide NLNMEADPGQYR not found in protein sequence for A0A087X2B5.
2023-05-09 11:50:50,150 [WARNING] Peptide SELHIENLNMEADPGQYR not found in protein sequence for A0A087X2B5.
2023-05-09 11:50:50,152 [WARNING] Peptide NLNMEADPGQYR not found in protein sequence for A0A087X2B5.
2023-05-09 11:50:50,152 [WARNING] Peptide ADPGQYR not found in protein sequence for A0A087X2B5.
2023-05-09 11:50:50,483 [WARNING] Peptide NLNMEADPGQYR not found in protein sequence for A0A087X2B5.
2023-05-09 11:50:50,485 [WARNING] Peptide YSCVFLPEPMGTANIQLHGPPR not found in protein sequence for A0A087X2B5.
2023-05-09 11:50:55,603 [WARNING] Peptide SCVFLPEPMGTANIQLHGPPR not found in protein sequence for A0A087X2B5.
2023-05-09 11:51:10,646 [WARNING] Error retrieving Uniprot record for A0A494C169: No SwissProt record found
2023-05-09 11:51:46,800 [INFO] Finished annotation of peptides.

2023-05-09 11:51:46,801 [INFO] Starting proteoform check...
2023-05-09 11:51:46,802 [INFO] Finished proteoform check.
2023-05-09 11:51:46,802 [INFO] Starting exopeptidase activity check...
2023-05-09 11:51:46,814 [INFO] 2 LGLGIDEDEVAAEEPNAAVPDEIPPLEGDEDASR LGIDEDEVAAEEPNAAVPDEIPPLEGDEDASR
2023-05-09 11:51:46,841 [INFO] 1 YSCVFLPEPMGTANIQLHGPPR SCVFLPEPMGTANIQLHGPPR
2023-05-09 11:51:46,843 [INFO] 2 AEAMDLGKDPNGPTHSSTLFVR AMDLGKDPNGPTHSSTLFVR
2023-05-09 11:51:46,846 [INFO] 2 AEAQALLSGDTQTDATSFYDR AQALLSGDTQTDATSFYDR
2023-05-09 11:51:46,859 [INFO] 1 KACANPAAGSVILLENLR ACANPAAGSVILLENLR
2023-05-09 11:51:46,860 [INFO] 2 KACANPAAGSVILLENLR ANPAAGSVILLENLR
2023-05-09 11:51:46,875 [INFO] 1 AAQTSPSPKAGAATGR AQTSPSPKAGAATGR
2023-05-09 11:51:46,877 [INFO] 1 SSGFSLEDPQTHSNR SGFSLEDPQTHSNR
2023-05-09 11:51:46,879 [INFO] 2 SKNLKLGIHEDSTNR NLKLGIHEDSTNR
2023-05-09 11:51:46,903 [INFO] 2 SEDFSLPAYMDR DFSLPAYMDR
2023-05-09 11:51:46,926 [INFO] 2 SPVLHFYVR VLHFYVR
2023-05-09 11:51:46,952 [INFO] Finished exopeptidase activity check.

2023-05-09 11:51:46,952 [INFO] Parsed condition file
2023-05-09 11:51:46,952 [INFO] Performing general statistics annotation...
2023-05-09 11:51:46,975 [INFO] Finished general statistics annotation.
2023-05-09 11:51:46,976 [INFO] Performing statistical testing...
2023-05-09 11:51:46,978 [INFO] Finished statistical testing.
2023-05-09 11:51:46,979 [INFO] Corrected p-values for Corrected Ttest: gluc_control using fdr_bh method
2023-05-09 11:51:46,980 [INFO] Finished multiple testing correction.

2023-05-09 11:51:46,980 [INFO] Checking fold distribution...
2023-05-09 11:51:47,030 [INFO] Finished fold distribution check.

2023-05-09 11:51:47,030 [INFO] Generating figures...
2023-05-09 11:51:58,820 [INFO] Starting gallery generation...
2023-05-09 11:52:02,994 [INFO] Finished gallery generation.
2023-05-09 11:52:02,994 [INFO] Starting sequence plotting...
2023-05-09 11:55:04,620 [INFO] Finished sequence plotting.
2023-05-09 11:55:04,621 [INFO] Finished sequence plotting.
2023-05-09 11:55:04,621 [INFO] Finished generating figures.
2023-05-09 11:55:04,621 [INFO] Generating logos...
2023-05-09 11:55:11,077 [INFO] Finished generating logos.

2023-05-09 11:55:11,077 [INFO] Writing output files...
2023-05-09 11:55:19,705 [INFO] Finished. Wrote results to D:\DTU\PhD\Projects\CLIPPER\annotator\results\20230509115025.
