INFO:root:Annotator started, Thursday October 13 2022, 16:27:05
INFO:root:Arguments added
INFO:root:Arguments parsed
INFO:root:Arguments returned with values:{'infile': '../tests/Alif_both_Nterm.xlsx', 'infile_type': 'infer', 'software': 'infer', 'level': 'all', 'dropna': False, 'sleeptime': 0.2, 'noexo': False, 'nomerops': False, 'singlecpu': False, 'conditionfile': None, 'stat': False, 'stat_pairwise': False, 'significance': None, 'visualize': False, 'logo': None, 'pseudocounts': True, 'output_name': None, 'outfile_type': 'xlsx', 'separate': False, 'timestamp': '131022162705', 'logfile': 'C:\\Users\\konka\\Documents\\Python_Scripts\\Annotator\\annotator-4.1.0\\log/Annotator_131022162705.log'}
INFO:root:Initialization successful
INFO:root:Input is excel
INFO:root:Read dataframe
INFO:root:Read input with 3101 peptides
INFO:root:Input software is pd
INFO:root:Successfully generated indexing patterns
INFO:root:Format check complete
INFO:root:Sanitizing
INFO:root:Sanitized dataframe, 3101 peptides remaining
INFO:root:Reading MEROPS data..
INFO:root:Read MEROPS data
INFO:root:Initialized annotation dataframe..
INFO:root:HTTP error for P53803
INFO:root:HTTP error for Q8NFW8
INFO:root:HTTP error for P52895
INFO:root:HTTP error for P42330
INFO:root:HTTP error for Q13813
INFO:root:HTTP error for Q13613
INFO:root:HTTP error for Q9Y6K5
INFO:root:HTTP error for P06576
INFO:root:HTTP error for P02795
INFO:root:HTTP error for P02511
INFO:root:HTTP error for P02511
INFO:root:HTTP error for Q16644
INFO:root:HTTP error for P12814
INFO:root:HTTP error for P19623
INFO:root:HTTP error for P36954
INFO:root:HTTP error for O95749
INFO:root:HTTP error for P16615
INFO:root:HTTP error for Q9UNH7
INFO:root:HTTP error for P37268
INFO:root:HTTP error for O43707
INFO:root:HTTP error for O15111
INFO:root:HTTP error for P14625
INFO:root:HTTP error for P35580
INFO:root:HTTP error for Q9H2U2
INFO:root:HTTP error for P20930
INFO:root:HTTP error for P49585
INFO:root:HTTP error for P35579
INFO:root:HTTP error for P55072
INFO:root:HTTP error for P46734
INFO:root:HTTP error for Q13586
INFO:root:HTTP error for Q13813
INFO:root:HTTP error for Q13586
INFO:root:HTTP error for Q71U36
INFO:root:HTTP error for O00244
INFO:root:HTTP error for O00244
INFO:root:HTTP error for P48735
INFO:root:HTTP error for P09960
INFO:root:HTTP error for P04083
INFO:root:HTTP error for Q5D862
INFO:root:HTTP error for P35241
INFO:root:HTTP error for P29401
INFO:root:HTTP error for P05109
INFO:root:HTTP error for P09211
INFO:root:HTTP error for P17980
INFO:root:HTTP error for P49189
INFO:root:HTTP error for P14324
INFO:root:HTTP error for P05109
INFO:root:HTTP error for P14324
INFO:root:HTTP error for P14324
INFO:root:HTTP error for Q9UBQ0
INFO:root:HTTP error for P05109
INFO:root:HTTP error for P11142
INFO:root:HTTP error for P0DMV9
INFO:root:HTTP error for O43707
INFO:root:HTTP error for P04406
INFO:root:HTTP error for Q5D862
INFO:root:HTTP error for Q96HE7
INFO:root:HTTP error for P20930
INFO:root:HTTP error for Q13885
INFO:root:HTTP error for P20930
INFO:root:HTTP error for P20930
INFO:root:HTTP error for P20930
INFO:root:HTTP error for P20930
INFO:root:HTTP error for P20930
INFO:root:HTTP error for P20930
INFO:root:HTTP error for Q13011
INFO:root:HTTP error for P06702
INFO:root:HTTP error for P17066
INFO:root:HTTP error for P14618
INFO:root:HTTP error for P53634
INFO:root:HTTP error for P07900
INFO:root:HTTP error for Q86UT6
INFO:root:HTTP error for P22314
INFO:root:HTTP error for P20930
INFO:root:HTTP error for Q5D862
INFO:root:HTTP error for P62273
INFO:root:HTTP error for P68366
INFO:root:HTTP error for P06702
INFO:root:HTTP error for P02452
INFO:root:HTTP error for Q14257
INFO:root:HTTP error for P04406
INFO:root:HTTP error for P11216
INFO:root:HTTP error for Q5D862
INFO:root:HTTP error for Q5D862
INFO:root:HTTP error for Q5D862
INFO:root:HTTP error for Q5D862
INFO:root:HTTP error for Q9UI42
INFO:root:HTTP error for P04075
INFO:root:HTTP error for Q5D862
INFO:root:HTTP error for Q5D862
INFO:root:HTTP error for P13639
INFO:root:HTTP error for P14384
INFO:root:HTTP error for P47929
INFO:root:HTTP error for P02452
INFO:root:HTTP error for Q05639
INFO:root:HTTP error for O95302
INFO:root:HTTP error for Q05639
INFO:root:HTTP error for P47929
INFO:root:HTTP error for P54136
INFO:root:HTTP error for P53634
INFO:root:HTTP error for O14773
INFO:root:HTTP error for P53634
INFO:root:HTTP error for P07900
INFO:root:HTTP error for Q99643
INFO:root:HTTP error for P0DMV9
INFO:root:HTTP error for P04083
INFO:root:HTTP error for P30038
INFO:root:HTTP error for Q05639
INFO:root:HTTP error for P13797
INFO:root:HTTP error for P02649
INFO:root:HTTP error for P04083
INFO:root:HTTP error for P04075
INFO:root:HTTP error for P35579
INFO:root:HTTP error for P11021
INFO:root:HTTP error for Q13011
INFO:root:HTTP error for Q71U36
INFO:root:HTTP error for O00212
INFO:root:HTTP error for Q03154
INFO:root:HTTP error for P20930
INFO:root:HTTP error for P04083
INFO:root:HTTP error for Q96D71
INFO:root:HTTP error for Q01469
INFO:root:HTTP error for P10109
INFO:root:HTTP error for Q96RP9
INFO:root:HTTP error for P20930
INFO:root:HTTP error for P27797
INFO:root:HTTP error for P20930
INFO:root:HTTP error for Q5D862
INFO:root:HTTP error for O75208
INFO:root:HTTP error for Q5D862
INFO:root:HTTP error for Q92947
INFO:root:HTTP error for O14920
INFO:root:HTTP error for Q9ULV0
INFO:root:HTTP error for P54819
INFO:root:HTTP error for P20930
INFO:root:HTTP error for O75439
INFO:root:HTTP error for P26640
INFO:root:HTTP error for P20930
INFO:root:HTTP error for Q6JQN1
INFO:root:HTTP error for P11498
INFO:root:HTTP error for P20930
INFO:root:HTTP error for P06396
INFO:root:HTTP error for P20930
INFO:root:HTTP error for Q9NSE4
INFO:root:HTTP error for P35914
INFO:root:HTTP error for Q9BV57
INFO:root:HTTP error for P20930
INFO:root:HTTP error for Q9Y3A3
INFO:root:HTTP error for Q9BV57
INFO:root:HTTP error for P13639
INFO:root:HTTP error for P10809
INFO:root:HTTP error for P54803
INFO:root:HTTP error for Q96HE7
INFO:root:HTTP error for P00558
INFO:root:HTTP error for Q71U36
INFO:root:HTTP error for P68104
INFO:root:HTTP error for P20930
INFO:root:HTTP error for P20930
INFO:root:HTTP error for P07437
INFO:root:HTTP error for Q5D862
INFO:root:HTTP error for P18669
INFO:root:HTTP error for P49591
INFO:root:HTTP error for P49327
INFO:root:HTTP error for O00151
INFO:root:HTTP error for P28074
INFO:root:HTTP error for Q96S99
INFO:root:HTTP error for Q71U36
INFO:root:HTTP error for P68366
INFO:root:HTTP error for Q13885
INFO:root:HTTP error for P68104
INFO:root:HTTP error for O75251
INFO:root:HTTP error for P49327
INFO:root:HTTP error for P05091
INFO:root:HTTP error for P11142
INFO:root:HTTP error for P35579
INFO:root:HTTP error for P05091
INFO:root:HTTP error for P20930
INFO:root:HTTP error for P20930
INFO:root:HTTP error for P20930
INFO:root:HTTP error for P20930
INFO:root:HTTP error for P04083
INFO:root:HTTP error for O95747
INFO:root:HTTP error for P30519
INFO:root:HTTP error for P10809
INFO:root:HTTP error for Q14204
INFO:root:HTTP error for P20930
INFO:root:HTTP error for P62136
INFO:root:HTTP error for P04632
INFO:root:HTTP error for P08574
INFO:root:HTTP error for P20930
INFO:root:HTTP error for P20930
INFO:root:HTTP error for Q01469
INFO:root:HTTP error for O95487
INFO:root:HTTP error for O95630
INFO:root:HTTP error for P04075
INFO:root:HTTP error for P27797
INFO:root:HTTP error for P04075
INFO:root:HTTP error for P14625
INFO:root:HTTP error for Q71U36
INFO:root:HTTP error for P54819
INFO:root:HTTP error for O75251
INFO:root:HTTP error for P06576
INFO:root:HTTP error for P09211
INFO:root:HTTP error for P14174
INFO:root:HTTP error for P14174
INFO:root:HTTP error for P02794
INFO:root:HTTP error for Q71U36
INFO:root:HTTP error for P20930
INFO:root:HTTP error for P25705
INFO:root:HTTP error for P06702
INFO:root:HTTP error for P07384
INFO:root:HTTP error for P14174
INFO:root:HTTP error for O00204
INFO:root:HTTP error for P51398
INFO:root:HTTP error for Q5D862
INFO:root:HTTP error for Q5D862
INFO:root:HTTP error for O00754
INFO:root:HTTP error for P47929
INFO:root:HTTP error for P07108
INFO:root:HTTP error for Q16851
INFO:root:HTTP error for Q71U36
INFO:root:HTTP error for P04632
INFO:root:HTTP error for Q15019
INFO:root:HTTP error for P07900
INFO:root:HTTP error for O00204
INFO:root:HTTP error for P00558
INFO:root:HTTP error for O60825
INFO:root:HTTP error for O00754
INFO:root:HTTP error for P02452
INFO:root:HTTP error for P12814
INFO:root:HTTP error for P35579
INFO:root:HTTP error for Q08209
INFO:root:HTTP error for O00151
INFO:root:HTTP error for P20930
INFO:root:HTTP error for Q71U36
INFO:root:HTTP error for O15523
INFO:root:HTTP error for O75874
INFO:root:HTTP error for P47985
INFO:root:HTTP error for O75874
INFO:root:HTTP error for O00571
INFO:root:HTTP error for Q5D862
INFO:root:HTTP error for O14521
INFO:root:HTTP error for P20930
INFO:root:HTTP error for P20930
INFO:root:HTTP error for P47929
INFO:root:HTTP error for P68104
INFO:root:HTTP error for P14625
INFO:root:HTTP error for P35579
INFO:root:HTTP error for P14625
INFO:root:HTTP error for P04083
INFO:root:HTTP error for P49257
INFO:root:HTTP error for P54652
INFO:root:HTTP error for P00338
INFO:root:HTTP error for P06744
INFO:root:HTTP error for P04083
INFO:root:HTTP error for Q9BV79
INFO:root:HTTP error for P47895
INFO:root:HTTP error for P10606
INFO:root:HTTP error for P21796
INFO:root:HTTP error for Q3ZCM7
INFO:root:HTTP error for P22061
INFO:root:HTTP error for P11142
INFO:root:HTTP error for P49411
INFO:root:HTTP error for P38919
INFO:root:HTTP error for Q9Y230
INFO:root:HTTP error for P25705
INFO:root:HTTP error for P11021
INFO:root:HTTP error for Q12907
INFO:root:HTTP error for Q14257
INFO:root:HTTP error for P13639
INFO:root:HTTP error for P49327
INFO:root:HTTP error for P35579
INFO:root:HTTP error for P35579
INFO:root:HTTP error for P20061
INFO:root:HTTP error for Q6XPR3
INFO:root:HTTP error for Q71U36
INFO:root:HTTP error for P35579
INFO:root:HTTP error for O43707
INFO:root:HTTP error for P47929
INFO:root:HTTP error for Q96HE7
INFO:root:HTTP error for P04083
INFO:root:HTTP error for P13639
INFO:root:HTTP error for P06702
INFO:root:HTTP error for P35579
INFO:root:HTTP error for O43707
INFO:root:HTTP error for P20930
INFO:root:HTTP error for P21796
INFO:root:HTTP error for P53634
INFO:root:HTTP error for P04083
INFO:root:HTTP error for Q9H4A4
INFO:root:HTTP error for P30084
INFO:root:HTTP error for P49790
INFO:root:HTTP error for Q96AT9
INFO:root:HTTP error for P62140
INFO:root:HTTP error for P43304
INFO:root:HTTP error for P09382
INFO:root:HTTP error for P18669
INFO:root:HTTP error for P17858
INFO:root:HTTP error for Q16831
INFO:root:HTTP error for Q16831
INFO:root:HTTP error for O95361
INFO:root:HTTP error for P20930
INFO:root:HTTP error for O95361
INFO:root:HTTP error for Q9NY33
INFO:root:HTTP error for P36873
INFO:root:HTTP error for Q13263
INFO:root:HTTP error for P30566
INFO:root:HTTP error for P49773
INFO:root:HTTP error for P62877
INFO:root:HTTP error for P62877
INFO:root:HTTP error for A6NDG6
INFO:root:HTTP error for Q00796
INFO:root:HTTP error for Q9NX46
INFO:root:HTTP error for Q9BX68
INFO:root:HTTP error for P06576
INFO:root:HTTP error for P27361
INFO:root:HTTP error for O00116
INFO:root:HTTP error for Q96LJ7
INFO:root:HTTP error for Q96LJ7
INFO:root:HTTP error for Q96LJ7
INFO:root:HTTP error for P06396
INFO:root:HTTP error for Q96G03
INFO:root:HTTP error for Q9UJ70
INFO:root:HTTP error for P06744
INFO:root:HTTP error for Q9UBM7
INFO:root:HTTP error for Q9UBM7
INFO:root:HTTP error for P13639
INFO:root:HTTP error for P35354
INFO:root:HTTP error for O14569
INFO:root:HTTP error for P11021
INFO:root:HTTP error for P62195
INFO:root:HTTP error for P06576
INFO:root:HTTP error for O95716
INFO:root:HTTP error for Q92841
INFO:root:HTTP error for P55072
INFO:root:HTTP error for Q16181
INFO:root:HTTP error for P04083
INFO:root:HTTP error for P21912
INFO:root:HTTP error for Q9ULX3
INFO:root:HTTP error for P54819
INFO:root:HTTP error for P62195
INFO:root:HTTP error for P49748
INFO:root:HTTP error for P41091
INFO:root:HTTP error for P04406
INFO:root:HTTP error for P20930
INFO:root:HTTP error for P20930
INFO:root:HTTP error for P41091
INFO:root:HTTP error for P11216
INFO:root:HTTP error for P31949
INFO:root:HTTP error for P06737
INFO:root:HTTP error for P22314
INFO:root:HTTP error for Q9Y2Z4
INFO:root:HTTP error for Q7RTV0
INFO:root:HTTP error for P17655
INFO:root:HTTP error for Q14257
INFO:root:HTTP error for P35579
INFO:root:HTTP error for P68104
INFO:root:HTTP error for P54577
INFO:root:HTTP error for P20930
INFO:root:HTTP error for P27797
INFO:root:HTTP error for P20930
INFO:root:HTTP error for P06396
INFO:root:HTTP error for Q01469
INFO:root:HTTP error for P30419
INFO:root:HTTP error for P23229
INFO:root:HTTP error for O14950
INFO:root:HTTP error for Q92620
INFO:root:HTTP error for Q7LG56
INFO:root:HTTP error for P68366
INFO:root:HTTP error for O00204
INFO:root:HTTP error for P02452
INFO:root:HTTP error for P02452
INFO:root:HTTP error for P14625
INFO:root:HTTP error for Q71U36
INFO:root:HTTP error for P10809
INFO:root:HTTP error for P35579
INFO:root:HTTP error for P19404
INFO:root:HTTP error for Q71U36
INFO:root:HTTP error for Q5D862
INFO:root:HTTP error for P49748
INFO:root:HTTP error for P47929
INFO:root:HTTP error for P54652
INFO:root:HTTP error for O00204
INFO:root:HTTP error for Q01469
INFO:root:HTTP error for P11021
INFO:root:HTTP error for P11021
INFO:root:HTTP error for P04406
INFO:root:HTTP error for O95861
INFO:root:HTTP error for Q13813
INFO:root:HTTP error for P20930
INFO:root:HTTP error for P20930
INFO:root:HTTP error for P30519
INFO:root:HTTP error for Q99643
INFO:root:HTTP error for Q5D862
INFO:root:HTTP error for Q99798
INFO:root:HTTP error for P43155
INFO:root:HTTP error for P20340
INFO:root:HTTP error for P20930
INFO:root:HTTP error for P20930
INFO:root:HTTP error for P20930
INFO:root:HTTP error for P14324
INFO:root:HTTP error for P47929
INFO:root:HTTP error for P47929
INFO:root:HTTP error for O14773
INFO:root:HTTP error for P20930
INFO:root:HTTP error for Q96L46
INFO:root:HTTP error for P11021
INFO:root:HTTP error for Q5D862
INFO:root:HTTP error for Q5D862
INFO:root:HTTP error for P20930
INFO:root:HTTP error for P11142
INFO:root:HTTP error for Q5D862
INFO:root:HTTP error for P35579
INFO:root:HTTP error for P29373
INFO:root:HTTP error for P04406
INFO:root:HTTP error for P07900
INFO:root:HTTP error for Q01469
INFO:root:HTTP error for Q8WUH1
INFO:root:HTTP error for P11021
INFO:root:HTTP error for P20930
INFO:root:HTTP error for P13639
INFO:root:HTTP error for P14314
INFO:root:HTTP error for P06733
INFO:root:HTTP error for Q01469
INFO:root:HTTP error for O00204
INFO:root:HTTP error for Q5D862
INFO:root:HTTP error for Q9GZT9
INFO:root:HTTP error for P43686
INFO:root:HTTP error for P27797
INFO:root:HTTP error for Q9NQT8
INFO:root:HTTP error for Q9Y265
INFO:root:HTTP error for P12814
INFO:root:HTTP error for P17066
INFO:root:HTTP error for Q96LJ7
INFO:root:HTTP error for Q14134
INFO:root:HTTP error for Q5D862
INFO:root:HTTP error for Q12931
INFO:root:HTTP error for P04075
INFO:root:HTTP error for P31949
INFO:root:HTTP error for P12532
INFO:root:HTTP error for P60842
INFO:root:HTTP error for P35579
INFO:root:HTTP error for P04406
INFO:root:HTTP error for P04083
INFO:root:HTTP error for Q5D862
INFO:root:HTTP error for P06576
INFO:root:HTTP error for P54652
INFO:root:HTTP error for Q13418
INFO:root:HTTP error for P12814
INFO:root:HTTP error for P35579
INFO:root:HTTP error for Q71U36
INFO:root:HTTP error for P04406
INFO:root:HTTP error for P35579
INFO:root:HTTP error for P62877
INFO:root:HTTP error for Q05639
INFO:root:HTTP error for Q13523
INFO:root:HTTP error for Q5D862
INFO:root:HTTP error for P09417
INFO:root:HTTP error for P12814
INFO:root:HTTP error for P11216
INFO:root:HTTP error for P13639
INFO:root:HTTP error for P02452
INFO:root:HTTP error for Q71U36
INFO:root:HTTP error for Q9Y3B8
INFO:root:HTTP error for O60502
INFO:root:HTTP error for P68104
INFO:root:HTTP error for Q9NSE4
INFO:root:HTTP error for Q9Y3B8
INFO:root:HTTP error for P06702
INFO:root:HTTP error for P14625
INFO:root:HTTP error for P53634
INFO:root:HTTP error for P22392
INFO:root:HTTP error for P04406
INFO:root:HTTP error for P06702
INFO:root:HTTP error for P49589
INFO:root:HTTP error for P04406
INFO:root:HTTP error for P22314
INFO:root:HTTP error for P09601
INFO:root:HTTP error for Q8WWM9
INFO:root:HTTP error for Q5D862
INFO:root:HTTP error for Q9H0V9
INFO:root:HTTP error for Q9BV68
INFO:root:HTTP error for Q5D862
INFO:root:HTTP error for P04406
INFO:root:HTTP error for P35579
INFO:root:HTTP error for Q9Y2R4
INFO:root:HTTP error for P35241
INFO:root:HTTP error for P12814
INFO:root:HTTP error for Q6XQN6
INFO:root:HTTP error for Q96P53
INFO:root:HTTP error for P35579
INFO:root:HTTP error for P20930
INFO:root:HTTP error for Q15738
INFO:root:HTTP error for P04083
INFO:root:HTTP error for Q05639
INFO:root:HTTP error for Q9NPJ3
INFO:root:HTTP error for Q04912
INFO:root:HTTP error for Q9BQS8
INFO:root:HTTP error for P10809
INFO:root:HTTP error for Q5D862
INFO:root:HTTP error for Q9BYJ9
INFO:root:HTTP error for P35579
INFO:root:HTTP error for P52888
INFO:root:HTTP error for P06576
INFO:root:HTTP error for P02794
INFO:root:HTTP error for Q9NTJ4
INFO:root:HTTP error for P62877
INFO:root:HTTP error for O00204
INFO:root:HTTP error for P49327
INFO:root:HTTP error for P04083
INFO:root:HTTP error for Q96LJ7
INFO:root:HTTP error for Q13263
INFO:root:HTTP error for P02458
INFO:root:HTTP error for Q9UJS0
INFO:root:HTTP error for P20930
INFO:root:HTTP error for P04083
INFO:root:HTTP error for Q5D862
INFO:root:HTTP error for Q15118
INFO:root:HTTP error for Q15126
INFO:root:HTTP error for P62273
INFO:root:HTTP error for P60510
INFO:root:HTTP error for P21980
INFO:root:HTTP error for P20930
INFO:root:HTTP error for Q96QA5
INFO:root:HTTP error for P20930
INFO:root:HTTP error for P18669
INFO:root:HTTP error for Q5D862
INFO:root:HTTP error for P07437
INFO:root:HTTP error for P06702
INFO:root:HTTP error for Q05639
INFO:root:HTTP error for P35580
INFO:root:HTTP error for P78330
INFO:root:HTTP error for P08123
INFO:root:HTTP error for P11021
INFO:root:HTTP error for P02795
INFO:root:HTTP error for Q9Y4K4
INFO:root:No match found for peptide in P02533. Peptide sequence: ILQIDNAR
INFO:root:HTTP error for P35998
INFO:root:HTTP error for P62195
INFO:root:HTTP error for P20930
INFO:root:HTTP error for P35579
INFO:root:HTTP error for P0DP23
INFO:root:HTTP error for P35579
INFO:root:HTTP error for Q7L7V1
INFO:root:HTTP error for P07900
INFO:root:HTTP error for Q9NVJ2
INFO:root:HTTP error for P14735
INFO:root:HTTP error for Q8WV74
INFO:root:HTTP error for P49591
INFO:root:HTTP error for P20930
INFO:root:HTTP error for Q9BTU6
INFO:root:HTTP error for P24928
INFO:root:HTTP error for P52888
INFO:root:HTTP error for Q13885
INFO:root:HTTP error for O14744
INFO:root:HTTP error for P27797
INFO:root:HTTP error for P14174
INFO:root:HTTP error for Q9Y285
INFO:root:HTTP error for P35579
INFO:root:HTTP error for Q00839
INFO:root:HTTP error for P47929
INFO:root:HTTP error for Q05639
INFO:root:HTTP error for Q9H2U2
INFO:root:HTTP error for O00204
INFO:root:HTTP error for P04083
INFO:root:HTTP error for P04083
INFO:root:HTTP error for P14174
INFO:root:HTTP error for O43707
INFO:root:HTTP error for O43707
INFO:root:HTTP error for P11216
INFO:root:HTTP error for P20930
INFO:root:HTTP error for Q8N4T8
INFO:root:HTTP error for Q05209
INFO:root:HTTP error for P49327
INFO:root:HTTP error for P11413
INFO:root:HTTP error for P02452
INFO:root:HTTP error for Q5D862
INFO:root:HTTP error for P52209
INFO:root:HTTP error for Q13596
INFO:root:HTTP error for O95394
INFO:root:HTTP error for Q14134
INFO:root:HTTP error for P55010
INFO:root:HTTP error for Q5D862
INFO:root:HTTP error for O00204
INFO:root:HTTP error for P49588
INFO:root:HTTP error for O14595
INFO:root:HTTP error for P20930
INFO:root:HTTP error for P20930
INFO:root:HTTP error for P35579
INFO:root:HTTP error for P31949
INFO:root:HTTP error for Q13885
INFO:root:HTTP error for P20930
INFO:root:HTTP error for P58004
INFO:root:HTTP error for Q13885
INFO:root:HTTP error for Q6NUK1
INFO:root:HTTP error for P25705
INFO:root:HTTP error for P20930
INFO:root:HTTP error for P35579
INFO:root:HTTP error for Q9Y2S0
INFO:root:HTTP error for Q15738
INFO:root:HTTP error for Q9NZ45
INFO:root:HTTP error for P54652
INFO:root:HTTP error for P25815
INFO:root:HTTP error for P11142
INFO:root:HTTP error for Q05639
INFO:root:HTTP error for P02795
INFO:root:HTTP error for P02452
INFO:root:HTTP error for Q9Y530
INFO:root:HTTP error for P10809
INFO:root:HTTP error for Q5D862
INFO:root:HTTP error for P09211
INFO:root:HTTP error for P25705
INFO:root:HTTP error for P47895
INFO:root:HTTP error for O00754
INFO:root:HTTP error for P35579
INFO:root:HTTP error for Q13813
INFO:root:HTTP error for Q6PI48
INFO:root:HTTP error for P17066
INFO:root:HTTP error for Q13131
INFO:root:HTTP error for P32929
INFO:root:HTTP error for Q96L46
INFO:root:HTTP error for P04083
INFO:root:HTTP error for P14625
INFO:root:HTTP error for P09104
INFO:root:HTTP error for Q9NPJ3
INFO:root:HTTP error for Q00839
INFO:root:HTTP error for P13639
INFO:root:HTTP error for P07900
INFO:root:HTTP error for P32455
INFO:root:HTTP error for P17066
INFO:root:HTTP error for Q13586
INFO:root:HTTP error for Q00169
INFO:root:HTTP error for P04406
INFO:root:HTTP error for P20930
INFO:root:HTTP error for Q9UHD1
INFO:root:HTTP error for P35579
INFO:root:HTTP error for P04406
INFO:root:HTTP error for P13639
INFO:root:HTTP error for Q9BZG1
INFO:root:HTTP error for P11142
INFO:root:HTTP error for P20930
INFO:root:HTTP error for P02452
INFO:root:HTTP error for Q5D862
INFO:root:HTTP error for Q01469
INFO:root:HTTP error for P05109
INFO:root:HTTP error for Q05639
INFO:root:HTTP error for P04075
INFO:root:HTTP error for Q5D862
INFO:root:HTTP error for P20930
INFO:root:HTTP error for P08238
INFO:root:HTTP error for P11021
INFO:root:HTTP error for Q92979
INFO:root:HTTP error for P14625
INFO:root:HTTP error for P10606
INFO:root:HTTP error for Q96QA5
INFO:root:HTTP error for P49914
INFO:root:HTTP error for P10809
INFO:root:HTTP error for Q02750
INFO:root:HTTP error for P06396
INFO:root:HTTP error for P19971
INFO:root:HTTP error for P54652
INFO:root:HTTP error for Q99598
INFO:root:HTTP error for P14625
INFO:root:HTTP error for P30519
INFO:root:HTTP error for Q96QA5
INFO:root:HTTP error for O43707
INFO:root:HTTP error for P04083
INFO:root:HTTP error for P00558
INFO:root:HTTP error for P62877
INFO:root:HTTP error for P12814
INFO:root:HTTP error for Q9ULV8
INFO:root:HTTP error for P29373
INFO:root:HTTP error for Q9UHD8
INFO:root:HTTP error for P35579
INFO:root:HTTP error for P20930
INFO:root:HTTP error for P35579
INFO:root:HTTP error for P25815
INFO:root:HTTP error for P12236
INFO:root:HTTP error for Q05639
INFO:root:HTTP error for P35579
INFO:root:HTTP error for P04406
INFO:root:HTTP error for Q71U36
INFO:root:HTTP error for P22314
INFO:root:HTTP error for O43707
INFO:root:HTTP error for Q15181
INFO:root:HTTP error for Q86TI2
INFO:root:HTTP error for Q00839
INFO:root:HTTP error for Q13509
INFO:root:HTTP error for Q96I99
INFO:root:HTTP error for P61160
INFO:root:HTTP error for P27824
INFO:root:HTTP error for O60493
INFO:root:HTTP error for Q6XPR3
INFO:root:HTTP error for P35241
INFO:root:HTTP error for Q71U36
INFO:root:HTTP error for P12814
INFO:root:HTTP error for P54619
INFO:root:HTTP error for Q08257
INFO:root:HTTP error for Q13572
INFO:root:HTTP error for Q14149
INFO:root:HTTP error for P49327
INFO:root:HTTP error for Q01469
INFO:root:HTTP error for P05109
INFO:root:HTTP error for P16455
INFO:root:HTTP error for P04632
INFO:root:HTTP error for P07954
INFO:root:HTTP error for P07384
INFO:root:HTTP error for P20930
INFO:root:HTTP error for O75746
INFO:root:HTTP error for P55042
INFO:root:HTTP error for P04083
INFO:root:HTTP error for P35579
INFO:root:HTTP error for Q13043
INFO:root:HTTP error for Q5D862
INFO:root:HTTP error for P20930
INFO:root:HTTP error for Q00839
INFO:root:HTTP error for Q86YZ3
INFO:root:HTTP error for P61204
INFO:root:HTTP error for Q13885
INFO:root:HTTP error for Q9UIV1
INFO:root:HTTP error for Q16566
INFO:root:HTTP error for Q71U36
INFO:root:HTTP error for P37268
INFO:root:HTTP error for P35580
INFO:root:HTTP error for Q71U36
INFO:root:HTTP error for Q13813
INFO:root:HTTP error for P08238
INFO:root:HTTP error for Q96LJ7
INFO:root:HTTP error for P20930
INFO:root:HTTP error for P0DP23
INFO:root:HTTP error for Q5D862
INFO:root:HTTP error for Q14344
INFO:root:HTTP error for P10809
INFO:root:HTTP error for P12814
INFO:root:HTTP error for P63000
INFO:root:HTTP error for P06576
INFO:root:HTTP error for P20930
INFO:root:HTTP error for P29401
INFO:root:HTTP error for Q9P2J5
INFO:root:HTTP error for P21817
INFO:root:HTTP error for P10809
INFO:root:HTTP error for P08123
INFO:root:HTTP error for P09429
INFO:root:HTTP error for P35579
INFO:root:HTTP error for O14773
INFO:root:HTTP error for P61160
INFO:root:HTTP error for P11021
INFO:root:HTTP error for P35580
INFO:root:HTTP error for P35579
INFO:root:HTTP error for Q8IY92
INFO:root:HTTP error for Q71U36
INFO:root:HTTP error for P0DP23
INFO:root:HTTP error for P04406
INFO:root:HTTP error for P35580
INFO:root:HTTP error for P11142
INFO:root:HTTP error for Q15208
INFO:root:HTTP error for Q5SY16
INFO:root:HTTP error for Q86VE3
INFO:root:HTTP error for Q05639
INFO:root:HTTP error for P20930
INFO:root:HTTP error for Q9UGJ0
INFO:root:HTTP error for O43149
INFO:root:HTTP error for Q9H2U2
INFO:root:HTTP error for P52209
INFO:root:HTTP error for P62826
INFO:root:HTTP error for Q9Y5P8
INFO:root:Finished annotation
INFO:root:Finished proteoform check
INFO:root:Starting exopeptidase check
INFO:root:2 GSGGSSYGSGGGSYGSGGGGGGHGSYGSGSSSGGYR GGSSYGSGGGSYGSGGGGGGHGSYGSGSSSGGYR
INFO:root:2 EQEMATAASSSSLEKSYELPDGQVITIGNER EMATAASSSSLEKSYELPDGQVITIGNER
INFO:root:1 EQEMATAASSSSLEKSYELPDGQVITIGNER MATAASSSSLEKSYELPDGQVITIGNER
INFO:root:1 EQEMATAASSSSLEKSYELPDGQVITIGNER ATAASSSSLEKSYELPDGQVITIGNER
INFO:root:1 EQEMATAASSSSLEKSYELPDGQVITIGNER TAASSSSLEKSYELPDGQVITIGNER
INFO:root:2 SGGGYGGGSSSGGHKSSSSGSVGESSSKGPR GGYGGGSSSGGHKSSSSGSVGESSSKGPR
INFO:root:1 SGGGYGGGSSSGGHKSSSSGSVGESSSKGPR GYGGGSSSGGHKSSSSGSVGESSSKGPR
INFO:root:1 MTTDEGAKNNEESPTATVAEQGEDITSKKDR TTDEGAKNNEESPTATVAEQGEDITSKKDR
INFO:root:2 GGGFGGGFAGGDGLLVGSEKVTMQNLNDR GFGGGFAGGDGLLVGSEKVTMQNLNDR
INFO:root:2 GGGFGGGFAGGDGLLVGSEKVTMQNLNDR GGGFAGGDGLLVGSEKVTMQNLNDR
INFO:root:1 GGGFGGGFAGGDGLLVGSEKVTMQNLNDR GGFAGGDGLLVGSEKVTMQNLNDR
INFO:root:1 GGGFGGGFAGGDGLLVGSEKVTMQNLNDR GFAGGDGLLVGSEKVTMQNLNDR
INFO:root:1 GGGFGGGFAGGDGLLVGSEKVTMQNLNDR FAGGDGLLVGSEKVTMQNLNDR
INFO:root:1 GGGFGGGFAGGDGLLVGSEKVTMQNLNDR AGGDGLLVGSEKVTMQNLNDR
INFO:root:1 GGGFGGGFAGGDGLLVGSEKVTMQNLNDR GGDGLLVGSEKVTMQNLNDR
INFO:root:1 GGGFGGGFAGGDGLLVGSEKVTMQNLNDR GDGLLVGSEKVTMQNLNDR
INFO:root:1 GGGFGGGFAGGDGLLVGSEKVTMQNLNDR DGLLVGSEKVTMQNLNDR
INFO:root:1 GEMALKDAKNKLEGLEDALQKAKQDLAR EMALKDAKNKLEGLEDALQKAKQDLAR
INFO:root:1 SKTEELNREVATNSELVQSGKSEISELR KTEELNREVATNSELVQSGKSEISELR
INFO:root:1 SKTEELNREVATNSELVQSGKSEISELR TEELNREVATNSELVQSGKSEISELR
INFO:root:1 SKTEELNREVATNSELVQSGKSEISELR EELNREVATNSELVQSGKSEISELR
INFO:root:1 PPGGIQEVTVNQSLLTPLNLQIDPTIQR PGGIQEVTVNQSLLTPLNLQIDPTIQR
INFO:root:1 DDDIAALVVDNGSGMCKAGFAGDDAPR DDIAALVVDNGSGMCKAGFAGDDAPR
INFO:root:2 AIGGGLSSVGGGSSTIKYTTTSSSSR GGGLSSVGGGSSTIKYTTTSSSSR
INFO:root:2 ATGGGLSSVGGGSSTIKYTTTSSSSR GGGLSSVGGGSSTIKYTTTSSSSR
INFO:root:2 SLEGDHSTPPSAYGSVKAYTNFDAER EGDHSTPPSAYGSVKAYTNFDAER
INFO:root:1 SLEGDHSTPPSAYGSVKAYTNFDAER GDHSTPPSAYGSVKAYTNFDAER
INFO:root:2 GLGGGSSYSYGSGLGVGGGFSSSSGR GGGSSYSYGSGLGVGGGFSSSSGR
INFO:root:2 LRSEIDHVKKQCANLQAAIADAEQR SEIDHVKKQCANLQAAIADAEQR
INFO:root:1 LRSEIDHVKKQCANLQAAIADAEQR EIDHVKKQCANLQAAIADAEQR
INFO:root:1 LRSEIDHVKKQCANLQAAIADAEQR IDHVKKQCANLQAAIADAEQR
INFO:root:1 LRSEIDHVKKQCANLQAAIADAEQR DHVKKQCANLQAAIADAEQR
INFO:root:2 GAGGGHPEAFESSTPLHQAEDSQVR GGGHPEAFESSTPLHQAEDSQVR
INFO:root:1 GAGGGHPEAFESSTPLHQAEDSQVR GGHPEAFESSTPLHQAEDSQVR
INFO:root:1 GAGGGHPEAFESSTPLHQAEDSQVR GHPEAFESSTPLHQAEDSQVR
INFO:root:1 YDAELSQMQTHISDTSVVLSMDNNR DAELSQMQTHISDTSVVLSMDNNR
INFO:root:1 WFLSKTEELNKEVASNSELVQSSR FLSKTEELNKEVASNSELVQSSR
INFO:root:2 WFLSKTEELNKEVASNSELVQSSR SKTEELNKEVASNSELVQSSR
INFO:root:1 WFLSKTEELNKEVASNSELVQSSR KTEELNKEVASNSELVQSSR
INFO:root:1 WFLSKTEELNKEVASNSELVQSSR TEELNKEVASNSELVQSSR
INFO:root:1 WFLSKTEELNKEVASNSELVQSSR EELNKEVASNSELVQSSR
INFO:root:1 WFLSKTEELNKEVASNSELVQSSR ELNKEVASNSELVQSSR
INFO:root:1 WFLSKTEELNKEVASNSELVQSSR LNKEVASNSELVQSSR
INFO:root:2 WFLSKTEELNKEVASNSELVQSSR KEVASNSELVQSSR
INFO:root:1 WFLSKTEELNKEVASNSELVQSSR EVASNSELVQSSR
INFO:root:1 WFLSKTEELNKEVASNSELVQSSR VASNSELVQSSR
INFO:root:1 WFLSKTEELNKEVASNSELVQSSR ASNSELVQSSR
INFO:root:1 WFLSKTEELNKEVASNSELVQSSR SNSELVQSSR
INFO:root:1 WFLSKTEELNKEVASNSELVQSSR NSELVQSSR
INFO:root:1 WFLSKTEELNKEVASNSELVQSSR SELVQSSR
INFO:root:1 DAELSQMQTHVSDTSVVLSMDNNR AELSQMQTHVSDTSVVLSMDNNR
INFO:root:2 DAELSQMQTHVSDTSVVLSMDNNR LSQMQTHVSDTSVVLSMDNNR
INFO:root:1 DAELSQMQTHVSDTSVVLSMDNNR SQMQTHVSDTSVVLSMDNNR
INFO:root:1 DAELSQMQTHVSDTSVVLSMDNNR QMQTHVSDTSVVLSMDNNR
INFO:root:1 DAELSQMQTHVSDTSVVLSMDNNR MQTHVSDTSVVLSMDNNR
INFO:root:1 DAELSQMQTHVSDTSVVLSMDNNR QTHVSDTSVVLSMDNNR
INFO:root:1 DAELSQMQTHVSDTSVVLSMDNNR THVSDTSVVLSMDNNR
INFO:root:1 DAELSQMQTHVSDTSVVLSMDNNR HVSDTSVVLSMDNNR
INFO:root:1 DAELSQMQTHVSDTSVVLSMDNNR VSDTSVVLSMDNNR
INFO:root:1 DAELSQMQTHVSDTSVVLSMDNNR SDTSVVLSMDNNR
INFO:root:1 DAELSQMQTHVSDTSVVLSMDNNR DTSVVLSMDNNR
INFO:root:1 DAELSQMQTHVSDTSVVLSMDNNR TSVVLSMDNNR
INFO:root:1 DAELSQMQTHVSDTSVVLSMDNNR SVVLSMDNNR
INFO:root:1 DAELSQMQTHVSDTSVVLSMDNNR VVLSMDNNR
INFO:root:1 DAELSQMQTHVSDTSVVLSMDNNR VLSMDNNR
INFO:root:1 AAYMNKVELQAKADTLTDEINFLR AYMNKVELQAKADTLTDEINFLR
INFO:root:2 AAYMNKVELQAKADTLTDEINFLR MNKVELQAKADTLTDEINFLR
INFO:root:2 QFTSSSSMKGSCGIGGGIGGGSSR TSSSSMKGSCGIGGGIGGGSSR
INFO:root:1 QFTSSSSMKGSCGIGGGIGGGSSR SSSSMKGSCGIGGGIGGGSSR
INFO:root:1 QIENLKEELAYLKKNHEEEMNALR IENLKEELAYLKKNHEEEMNALR
INFO:root:1 QIENLKEELAYLKKNHEEEMNALR ENLKEELAYLKKNHEEEMNALR
INFO:root:1 QIENLKEELAYLKKNHEEEMNALR NLKEELAYLKKNHEEEMNALR
INFO:root:1 QIENLKEELAYLKKNHEEEMNALR LKEELAYLKKNHEEEMNALR
INFO:root:1 QIENLKEELAYLKKNHEEEMNALR KEELAYLKKNHEEEMNALR
INFO:root:1 QIENLKEELAYLKKNHEEEMNALR EELAYLKKNHEEEMNALR
INFO:root:1 QIENLKEELAYLKKNHEEEMNALR ELAYLKKNHEEEMNALR
INFO:root:2 QIENLKEELAYLKKNHEEEMNALR AYLKKNHEEEMNALR
INFO:root:1 QIENLKEELAYLKKNHEEEMNALR YLKKNHEEEMNALR
INFO:root:1 QIENLKEELAYLKKNHEEEMNALR LKKNHEEEMNALR
INFO:root:1 QIENLKEELAYLKKNHEEEMNALR KKNHEEEMNALR
INFO:root:1 QIENLKEELAYLKKNHEEEMNALR KNHEEEMNALR
INFO:root:1 QIENLKEELAYLKKNHEEEMNALR NHEEEMNALR
INFO:root:1 QIENLKEELAYLKKNHEEEMNALR HEEEMNALR
INFO:root:1 QIENLKEELAYLKKNHEEEMNALR EEEMNALR
INFO:root:1 QIENLKEELAYLKKNHEEEMNALR EEMNALR
INFO:root:2 TESGDPEEEEEEEEELVDPLTTVR SGDPEEEEEEEEELVDPLTTVR
INFO:root:1 LEQQNKVLDTKWTLLQEQGTKTVR EQQNKVLDTKWTLLQEQGTKTVR
INFO:root:2 LEQQNKVLDTKWTLLQEQGTKTVR QNKVLDTKWTLLQEQGTKTVR
INFO:root:2 MMCGAPSATQPATAETQHIADQVR CGAPSATQPATAETQHIADQVR
INFO:root:1 MMCGAPSATQPATAETQHIADQVR GAPSATQPATAETQHIADQVR
INFO:root:1 MMCGAPSATQPATAETQHIADQVR APSATQPATAETQHIADQVR
INFO:root:1 AEIDNVKKQCANLQNAIADAEQR EIDNVKKQCANLQNAIADAEQR
INFO:root:2 AEIDNVKKQCANLQNAIADAEQR DNVKKQCANLQNAIADAEQR
INFO:root:2 AEIDNVKKQCANLQNAIADAEQR VKKQCANLQNAIADAEQR
INFO:root:1 AEIDNVKKQCANLQNAIADAEQR KKQCANLQNAIADAEQR
INFO:root:1 AEIDNVKKQCANLQNAIADAEQR KQCANLQNAIADAEQR
INFO:root:2 AEIDNVKKQCANLQNAIADAEQR CANLQNAIADAEQR
INFO:root:1 AEIDNVKKQCANLQNAIADAEQR ANLQNAIADAEQR
INFO:root:1 AEIDNVKKQCANLQNAIADAEQR NLQNAIADAEQR
INFO:root:1 AEIDNVKKQCANLQNAIADAEQR LQNAIADAEQR
INFO:root:1 AEIDNVKKQCANLQNAIADAEQR QNAIADAEQR
INFO:root:1 AEIDNVKKQCANLQNAIADAEQR NAIADAEQR
INFO:root:1 AEIDNVKKQCANLQNAIADAEQR AIADAEQR
INFO:root:1 AEIDNVKKQCANLQNAIADAEQR IADAEQR
INFO:root:1 YGSGGGGGGHGSYGSGSSSGGYR GSGGGGGGHGSYGSGSSSGGYR
INFO:root:2 YGSGGGGGGHGSYGSGSSSGGYR GGGGGGHGSYGSGSSSGGYR
INFO:root:1 YGSGGGGGGHGSYGSGSSSGGYR GGGGGHGSYGSGSSSGGYR
INFO:root:2 YGSGGGGGGHGSYGSGSSSGGYR GGGHGSYGSGSSSGGYR
INFO:root:2 YGSGGGGGGHGSYGSGSSSGGYR GHGSYGSGSSSGGYR
INFO:root:2 HQGVMVGMGQKDSYVGDEAQSKR GVMVGMGQKDSYVGDEAQSKR
INFO:root:1 HQGVMVGMGQKDSYVGDEAQSKR VMVGMGQKDSYVGDEAQSKR
INFO:root:1 HQGVMVGMGQKDSYVGDEAQSKR MVGMGQKDSYVGDEAQSKR
INFO:root:2 HQGVMVGMGQKDSYVGDEAQSKR GMGQKDSYVGDEAQSKR
INFO:root:2 MVGVKPVGSDPDFQPELSGAGSR GVKPVGSDPDFQPELSGAGSR
INFO:root:2 EIESVKKQCANLETAIADAEQR ESVKKQCANLETAIADAEQR
INFO:root:2 ESLKEELAYLKKNHEEEMNALR LKEELAYLKKNHEEEMNALR
INFO:root:1 ESLKEELAYLKKNHEEEMNALR KEELAYLKKNHEEEMNALR
INFO:root:1 ESLKEELAYLKKNHEEEMNALR EELAYLKKNHEEEMNALR
INFO:root:1 ESLKEELAYLKKNHEEEMNALR ELAYLKKNHEEEMNALR
INFO:root:2 ESLKEELAYLKKNHEEEMNALR AYLKKNHEEEMNALR
INFO:root:1 ESLKEELAYLKKNHEEEMNALR YLKKNHEEEMNALR
INFO:root:1 ESLKEELAYLKKNHEEEMNALR LKKNHEEEMNALR
INFO:root:1 ESLKEELAYLKKNHEEEMNALR KKNHEEEMNALR
INFO:root:1 ESLKEELAYLKKNHEEEMNALR KNHEEEMNALR
INFO:root:1 ESLKEELAYLKKNHEEEMNALR NHEEEMNALR
INFO:root:1 ESLKEELAYLKKNHEEEMNALR HEEEMNALR
INFO:root:1 ESLKEELAYLKKNHEEEMNALR EEEMNALR
INFO:root:1 ESLKEELAYLKKNHEEEMNALR EEMNALR
INFO:root:1 ELQSQLSMKASLENSLEETKGR LQSQLSMKASLENSLEETKGR
INFO:root:1 ELQSQLSMKASLENSLEETKGR QSQLSMKASLENSLEETKGR
INFO:root:1 ELQSQLSMKASLENSLEETKGR SQLSMKASLENSLEETKGR
INFO:root:1 ELQSQLSMKASLENSLEETKGR QLSMKASLENSLEETKGR
INFO:root:1 ELQSQLSMKASLENSLEETKGR LSMKASLENSLEETKGR
INFO:root:2 ELQSQLSMKASLENSLEETKGR MKASLENSLEETKGR
INFO:root:1 ELQSQLSMKASLENSLEETKGR KASLENSLEETKGR
INFO:root:1 ELQSQLSMKASLENSLEETKGR ASLENSLEETKGR
INFO:root:2 ELQSQLSMKASLENSLEETKGR LENSLEETKGR
INFO:root:1 ELQSQLSMKASLENSLEETKGR ENSLEETKGR
INFO:root:1 ELQSQLSMKASLENSLEETKGR NSLEETKGR
INFO:root:2 AQEPVKGPVSTKPGSCPIILIR EPVKGPVSTKPGSCPIILIR
INFO:root:1 AQEPVKGPVSTKPGSCPIILIR PVKGPVSTKPGSCPIILIR
INFO:root:1 LLEGEDAHLSSSQFSSGSQSSR LEGEDAHLSSSQFSSGSQSSR
INFO:root:1 LLEGEDAHLSSSQFSSGSQSSR EGEDAHLSSSQFSSGSQSSR
INFO:root:1 LLEGEDAHLSSSQFSSGSQSSR GEDAHLSSSQFSSGSQSSR
INFO:root:2 LLEGEDAHLSSSQFSSGSQSSR DAHLSSSQFSSGSQSSR
INFO:root:2 LLEGEDAHLSSSQFSSGSQSSR HLSSSQFSSGSQSSR
INFO:root:1 LLEGEDAHLSSSQFSSGSQSSR LSSSQFSSGSQSSR
INFO:root:1 LLEGEDAHLSSSQFSSGSQSSR SSSQFSSGSQSSR
INFO:root:1 LLEGEDAHLSSSQFSSGSQSSR SSQFSSGSQSSR
INFO:root:1 LLEGEDAHLSSSQFSSGSQSSR SQFSSGSQSSR
INFO:root:1 LLEGEDAHLSSSQFSSGSQSSR QFSSGSQSSR
INFO:root:1 LLEGEDAHLSSSQFSSGSQSSR FSSGSQSSR
INFO:root:1 QNKILTATVDNANILLQIDNAR NKILTATVDNANILLQIDNAR
INFO:root:1 RVAPEEHPVLLTEAPLNPKANR VAPEEHPVLLTEAPLNPKANR
INFO:root:1 RVAPEEHPVLLTEAPLNPKANR APEEHPVLLTEAPLNPKANR
INFO:root:1 RVAPEEHPVLLTEAPLNPKANR PEEHPVLLTEAPLNPKANR
INFO:root:1 RVAPEEHPVLLTEAPLNPKANR EEHPVLLTEAPLNPKANR
INFO:root:1 RVAPEEHPVLLTEAPLNPKANR EHPVLLTEAPLNPKANR
INFO:root:1 RVAPEEHPVLLTEAPLNPKANR HPVLLTEAPLNPKANR
INFO:root:1 RVAPEEHPVLLTEAPLNPKANR PVLLTEAPLNPKANR
INFO:root:1 RVAPEEHPVLLTEAPLNPKANR VLLTEAPLNPKANR
INFO:root:1 RVAPEEHPVLLTEAPLNPKANR LLTEAPLNPKANR
INFO:root:1 RVAPEEHPVLLTEAPLNPKANR LTEAPLNPKANR
INFO:root:1 RVAPEEHPVLLTEAPLNPKANR TEAPLNPKANR
INFO:root:1 RVAPEEHPVLLTEAPLNPKANR EAPLNPKANR
INFO:root:1 RVAPEEHPVLLTEAPLNPKANR APLNPKANR
INFO:root:2 VLSSIEQKSNEEGSEEKGPEVR SSIEQKSNEEGSEEKGPEVR
INFO:root:1 VLSSIEQKSNEEGSEEKGPEVR SIEQKSNEEGSEEKGPEVR
INFO:root:2 VLSSIEQKSNEEGSEEKGPEVR EQKSNEEGSEEKGPEVR
INFO:root:2 VLSSIEQKSNEEGSEEKGPEVR KSNEEGSEEKGPEVR
INFO:root:1 VLSSIEQKSNEEGSEEKGPEVR SNEEGSEEKGPEVR
INFO:root:2 VLSSIEQKSNEEGSEEKGPEVR EEGSEEKGPEVR
INFO:root:1 VLSSIEQKSNEEGSEEKGPEVR EGSEEKGPEVR
INFO:root:1 SSSLEKSYELPDGQVITIGNER SSLEKSYELPDGQVITIGNER
INFO:root:1 SSSLEKSYELPDGQVITIGNER SLEKSYELPDGQVITIGNER
INFO:root:1 LLEGEDAHLSSQQASGQSYSSR LEGEDAHLSSQQASGQSYSSR
INFO:root:1 LLEGEDAHLSSQQASGQSYSSR EGEDAHLSSQQASGQSYSSR
INFO:root:1 LLEGEDAHLSSQQASGQSYSSR GEDAHLSSQQASGQSYSSR
INFO:root:1 LLEGEDAHLSSQQASGQSYSSR EDAHLSSQQASGQSYSSR
INFO:root:2 GQVGGDVNVEMDAAPGVDLSR VGGDVNVEMDAAPGVDLSR
INFO:root:1 GQVGGDVNVEMDAAPGVDLSR GGDVNVEMDAAPGVDLSR
INFO:root:1 GQVGGDVNVEMDAAPGVDLSR GDVNVEMDAAPGVDLSR
INFO:root:2 GQVGGDVNVEMDAAPGVDLSR VNVEMDAAPGVDLSR
INFO:root:1 GQVGGDVNVEMDAAPGVDLSR NVEMDAAPGVDLSR
INFO:root:1 GQVGGDVNVEMDAAPGVDLSR VEMDAAPGVDLSR
INFO:root:1 GQVGGDVNVEMDAAPGVDLSR EMDAAPGVDLSR
INFO:root:1 GQVGGDVNVEMDAAPGVDLSR MDAAPGVDLSR
INFO:root:1 GQVGGDVNVEMDAAPGVDLSR DAAPGVDLSR
INFO:root:1 GQVGGDVNVEMDAAPGVDLSR AAPGVDLSR
INFO:root:1 GGDGGLLSGNEKVTMQNLNDR GDGGLLSGNEKVTMQNLNDR
INFO:root:2 GGDGGLLSGNEKVTMQNLNDR GGLLSGNEKVTMQNLNDR
INFO:root:1 REVATNSELVQSGKSEISELR EVATNSELVQSGKSEISELR
INFO:root:1 REVATNSELVQSGKSEISELR VATNSELVQSGKSEISELR
INFO:root:1 REVATNSELVQSGKSEISELR ATNSELVQSGKSEISELR
INFO:root:1 REVATNSELVQSGKSEISELR TNSELVQSGKSEISELR
INFO:root:1 REVATNSELVQSGKSEISELR NSELVQSGKSEISELR
INFO:root:1 REVATNSELVQSGKSEISELR SELVQSGKSEISELR
INFO:root:1 REVATNSELVQSGKSEISELR ELVQSGKSEISELR
INFO:root:2 REVATNSELVQSGKSEISELR VQSGKSEISELR
INFO:root:1 REVATNSELVQSGKSEISELR QSGKSEISELR
INFO:root:1 REVATNSELVQSGKSEISELR SGKSEISELR
INFO:root:1 REVATNSELVQSGKSEISELR GKSEISELR
INFO:root:2 REVATNSELVQSGKSEISELR SEISELR
INFO:root:1 VRPLPPAAIESPAVAAPAYSR RPLPPAAIESPAVAAPAYSR
INFO:root:1 KEVSTNTAMIQTSKTEITELR EVSTNTAMIQTSKTEITELR
INFO:root:1 GGVDGLLAGGEKATMQNLNDR GVDGLLAGGEKATMQNLNDR
INFO:root:1 GGVDGLLAGGEKATMQNLNDR VDGLLAGGEKATMQNLNDR
INFO:root:1 GGVDGLLAGGEKATMQNLNDR DGLLAGGEKATMQNLNDR
INFO:root:1 GGVDGLLAGGEKATMQNLNDR GLLAGGEKATMQNLNDR
INFO:root:2 GGVDGLLAGGEKATMQNLNDR LAGGEKATMQNLNDR
INFO:root:1 GGVDGLLAGGEKATMQNLNDR AGGEKATMQNLNDR
INFO:root:1 GGVDGLLAGGEKATMQNLNDR GGEKATMQNLNDR
INFO:root:1 GGVDGLLAGGEKATMQNLNDR GEKATMQNLNDR
INFO:root:2 GGVDGLLAGGEKATMQNLNDR KATMQNLNDR
INFO:root:1 GGVDGLLAGGEKATMQNLNDR ATMQNLNDR
INFO:root:1 GGVDGLLAGGEKATMQNLNDR TMQNLNDR
INFO:root:1 GGVDGLLAGGEKATMQNLNDR MQNLNDR
INFO:root:1 LSQMQTHISDTSVVLSMDNNR SQMQTHISDTSVVLSMDNNR
INFO:root:1 LSQMQTHISDTSVVLSMDNNR QMQTHISDTSVVLSMDNNR
INFO:root:2 LSQMQTHISDTSVVLSMDNNR QTHISDTSVVLSMDNNR
INFO:root:1 LSQMQTHISDTSVVLSMDNNR THISDTSVVLSMDNNR
INFO:root:1 LSQMQTHISDTSVVLSMDNNR HISDTSVVLSMDNNR
INFO:root:1 LSQMQTHISDTSVVLSMDNNR ISDTSVVLSMDNNR
INFO:root:1 LSQMQTHISDTSVVLSMDNNR SDTSVVLSMDNNR
INFO:root:1 LSQMQTHISDTSVVLSMDNNR DTSVVLSMDNNR
INFO:root:1 LSQMQTHISDTSVVLSMDNNR TSVVLSMDNNR
INFO:root:1 LSQMQTHISDTSVVLSMDNNR SVVLSMDNNR
INFO:root:1 LSQMQTHISDTSVVLSMDNNR VVLSMDNNR
INFO:root:1 LSQMQTHISDTSVVLSMDNNR VLSMDNNR
INFO:root:1 VVDNGSGMCKAGFAGDDAPR VDNGSGMCKAGFAGDDAPR
INFO:root:1 VVDNGSGMCKAGFAGDDAPR DNGSGMCKAGFAGDDAPR
INFO:root:2 VVDNGSGMCKAGFAGDDAPR GSGMCKAGFAGDDAPR
INFO:root:2 AEAESWYQTKYEELQITAGR AESWYQTKYEELQITAGR
INFO:root:1 AEAESWYQTKYEELQVTAGR EAESWYQTKYEELQVTAGR
INFO:root:1 AEAESWYQTKYEELQVTAGR AESWYQTKYEELQVTAGR
INFO:root:1 AEAESWYQTKYEELQVTAGR ESWYQTKYEELQVTAGR
INFO:root:1 AEAESWYQTKYEELQVTAGR SWYQTKYEELQVTAGR
INFO:root:2 AEAESWYQTKYEELQVTAGR YQTKYEELQVTAGR
INFO:root:1 AEAESWYQTKYEELQVTAGR QTKYEELQVTAGR
INFO:root:1 AEAESWYQTKYEELQVTAGR TKYEELQVTAGR
INFO:root:1 AEAESWYQTKYEELQVTAGR KYEELQVTAGR
INFO:root:2 AEAESWYQTKYEELQVTAGR EELQVTAGR
INFO:root:2 AEAESWYQTKYEELQVTAGR LQVTAGR
INFO:root:1 QFTSSSSIKGSSGLGGGSSR FTSSSSIKGSSGLGGGSSR
INFO:root:1 QFTSSSSIKGSSGLGGGSSR TSSSSIKGSSGLGGGSSR
INFO:root:1 QFTSSSSIKGSSGLGGGSSR SSSSIKGSSGLGGGSSR
INFO:root:1 QFTSSSSIKGSSGLGGGSSR SSSIKGSSGLGGGSSR
INFO:root:1 QFTSSSSIKGSSGLGGGSSR SSIKGSSGLGGGSSR
INFO:root:1 QFTSSSSIKGSSGLGGGSSR SIKGSSGLGGGSSR
INFO:root:1 QFTSSSSIKGSSGLGGGSSR IKGSSGLGGGSSR
INFO:root:1 QFTSSSSIKGSSGLGGGSSR KGSSGLGGGSSR
INFO:root:1 QFTSSSSIKGSSGLGGGSSR GSSGLGGGSSR
INFO:root:1 TEAESWYQTKYEELQQTAGR EAESWYQTKYEELQQTAGR
INFO:root:1 TEAESWYQTKYEELQQTAGR AESWYQTKYEELQQTAGR
INFO:root:1 LLEGEDAHLTQYKKEPVTTR LEGEDAHLTQYKKEPVTTR
INFO:root:1 LLEGEDAHLTQYKKEPVTTR EGEDAHLTQYKKEPVTTR
INFO:root:1 NVEMNAAPGVDLTQLLNNMR VEMNAAPGVDLTQLLNNMR
INFO:root:1 NVEMNAAPGVDLTQLLNNMR EMNAAPGVDLTQLLNNMR
INFO:root:1 SQLSMKASLEGNLAETENR QLSMKASLEGNLAETENR
INFO:root:2 SQLSMKASLEGNLAETENR SMKASLEGNLAETENR
INFO:root:1 SQLSMKASLEGNLAETENR MKASLEGNLAETENR
INFO:root:1 SQLSMKASLEGNLAETENR KASLEGNLAETENR
INFO:root:1 SQLSMKASLEGNLAETENR ASLEGNLAETENR
INFO:root:1 SQLSMKASLEGNLAETENR SLEGNLAETENR
INFO:root:1 SQLSMKASLEGNLAETENR LEGNLAETENR
INFO:root:1 SQLSMKASLEGNLAETENR EGNLAETENR
INFO:root:1 SQLSMKASLEGNLAETENR GNLAETENR
INFO:root:1 SQLSMKASLEGNLAETENR NLAETENR
INFO:root:1 SQLSMKASLEGNLAETENR LAETENR
INFO:root:2 CFKSDPPQCHTDQDCLGER KSDPPQCHTDQDCLGER
INFO:root:1 CFKSDPPQCHTDQDCLGER SDPPQCHTDQDCLGER
INFO:root:2 FIDQGNRPLFEDMTDSDCR DQGNRPLFEDMTDSDCR
INFO:root:1 GDVKCDMEVSCPDGYTCCR DVKCDMEVSCPDGYTCCR
INFO:root:1 CEMEQQNQEYKILLDVKTR EMEQQNQEYKILLDVKTR
INFO:root:1 CEMEQQNQEYKILLDVKTR MEQQNQEYKILLDVKTR
INFO:root:1 CEMEQQNQEYKILLDVKTR EQQNQEYKILLDVKTR
INFO:root:2 VTTQSAEVGAAETTLTELR TQSAEVGAAETTLTELR
INFO:root:2 VTTQSAEVGAAETTLTELR SAEVGAAETTLTELR
INFO:root:1 VTTQSAEVGAAETTLTELR AEVGAAETTLTELR
INFO:root:1 TEELAYLKKNHEEEMKDLR EELAYLKKNHEEEMKDLR
INFO:root:1 MQDLVEDFKNKYEDEINKR QDLVEDFKNKYEDEINKR
INFO:root:1 MQDLVEDFKNKYEDEINKR DLVEDFKNKYEDEINKR
INFO:root:1 MQDLVEDFKNKYEDEINKR LVEDFKNKYEDEINKR
INFO:root:1 MQDLVEDFKNKYEDEINKR VEDFKNKYEDEINKR
INFO:root:1 MQDLVEDFKNKYEDEINKR EDFKNKYEDEINKR
INFO:root:1 IKNPVPAQDEALYQQLLR KNPVPAQDEALYQQLLR
INFO:root:1 FGQGAHHAAGQAGNEAGR GQGAHHAAGQAGNEAGR
INFO:root:1 EMEQQSQEYQILLDVKTR MEQQSQEYQILLDVKTR
INFO:root:2 ANTVLSGGTTMYPGIADR TVLSGGTTMYPGIADR
INFO:root:2 ANTVLSGGTTMYPGIADR LSGGTTMYPGIADR
INFO:root:1 ANTVLSGGTTMYPGIADR SGGTTMYPGIADR
INFO:root:1 AAVAATAAAKGNGGGGGR AVAATAAAKGNGGGGGR
INFO:root:1 VELQAKADTLTDEINFLR ELQAKADTLTDEINFLR
INFO:root:2 VELQAKADTLTDEINFLR QAKADTLTDEINFLR
INFO:root:1 VELQAKADTLTDEINFLR AKADTLTDEINFLR
INFO:root:1 VELQAKADTLTDEINFLR KADTLTDEINFLR
INFO:root:2 VELQAKADTLTDEINFLR DTLTDEINFLR
INFO:root:1 VELQAKADTLTDEINFLR TLTDEINFLR
INFO:root:1 VELQAKADTLTDEINFLR LTDEINFLR
INFO:root:1 VELQAKADTLTDEINFLR TDEINFLR
INFO:root:1 VELQAKADTLTDEINFLR DEINFLR
INFO:root:1 TVKTKDGVVEITGKHEER VKTKDGVVEITGKHEER
INFO:root:1 TVKTKDGVVEITGKHEER KTKDGVVEITGKHEER
INFO:root:2 TVKTKDGVVEITGKHEER KDGVVEITGKHEER
INFO:root:1 TVKTKDGVVEITGKHEER DGVVEITGKHEER
INFO:root:1 TVKTKDGVVEITGKHEER GVVEITGKHEER
INFO:root:1 TVKTKDGVVEITGKHEER VVEITGKHEER
INFO:root:1 TVKTKDGVVEITGKHEER VEITGKHEER
INFO:root:1 TVKTKDGVVEITGKHEER EITGKHEER
INFO:root:2 SYELPDGQVITIGNERFR ELPDGQVITIGNERFR
INFO:root:1 SYGSGLGVGGGFSSSSGR YGSGLGVGGGFSSSSGR
INFO:root:1 SYGSGLGVGGGFSSSSGR GSGLGVGGGFSSSSGR
INFO:root:1 SYGSGLGVGGGFSSSSGR SGLGVGGGFSSSSGR
INFO:root:2 IAATIENAQPILQIDNAR ATIENAQPILQIDNAR
INFO:root:1 IAATIENAQPILQIDNAR TIENAQPILQIDNAR
INFO:root:1 IAATIENAQPILQIDNAR IENAQPILQIDNAR
INFO:root:1 IAATIENAQPILQIDNAR ENAQPILQIDNAR
INFO:root:1 IAATIENAQPILQIDNAR NAQPILQIDNAR
INFO:root:1 IAATIENAQPILQIDNAR AQPILQIDNAR
INFO:root:2 IAATIENAQPILQIDNAR PILQIDNAR
INFO:root:1 IAATIENAQPILQIDNAR ILQIDNAR
INFO:root:1 IAATIENAQPILQIDNAR LQIDNAR
INFO:root:1 IAATIENAQPILQIDNAR QIDNAR
INFO:root:1 LGLLDSHLIKEAGDAESR GLLDSHLIKEAGDAESR
INFO:root:2 LGLLDSHLIKEAGDAESR LDSHLIKEAGDAESR
INFO:root:2 GGEINVEMDAAPGVDLSR EINVEMDAAPGVDLSR
INFO:root:1 GGEINVEMDAAPGVDLSR INVEMDAAPGVDLSR
INFO:root:1 GGEINVEMDAAPGVDLSR NVEMDAAPGVDLSR
INFO:root:1 GGEINVEMDAAPGVDLSR VEMDAAPGVDLSR
INFO:root:1 GGEINVEMDAAPGVDLSR EMDAAPGVDLSR
INFO:root:1 GGEINVEMDAAPGVDLSR MDAAPGVDLSR
INFO:root:1 GGEINVEMDAAPGVDLSR DAAPGVDLSR
INFO:root:1 GGEINVEMDAAPGVDLSR AAPGVDLSR
INFO:root:1 LYSSSDDVIELTPSNFNR YSSSDDVIELTPSNFNR
INFO:root:1 LSGAPQASAADVVVVHGR SGAPQASAADVVVVHGR
INFO:root:1 SFSWDNCDEGKDPAVIR FSWDNCDEGKDPAVIR
INFO:root:1 YGDAPGEVVPSGESGLR GDAPGEVVPSGESGLR
INFO:root:1 YGDAPGEVVPSGESGLR DAPGEVVPSGESGLR
INFO:root:1 AEPVPGIKAEPDESNAR EPVPGIKAEPDESNAR
INFO:root:2 AAAEIDEEPVSKAKQSR AEIDEEPVSKAKQSR
INFO:root:2 AAAEIDEEPVSKAKQSR IDEEPVSKAKQSR
INFO:root:2 AEDGSVIDYELIDQDAR DGSVIDYELIDQDAR
INFO:root:1 AEDGSVIDYELIDQDAR GSVIDYELIDQDAR
INFO:root:1 AEDGSVIDYELIDQDAR SVIDYELIDQDAR
INFO:root:1 PPAAIESPAVAAPAYSR PAAIESPAVAAPAYSR
INFO:root:1 PPAAIESPAVAAPAYSR AAIESPAVAAPAYSR
INFO:root:2 PPAAIESPAVAAPAYSR IESPAVAAPAYSR
INFO:root:1 PPAAIESPAVAAPAYSR ESPAVAAPAYSR
INFO:root:2 PPAAIESPAVAAPAYSR PAVAAPAYSR
INFO:root:1 VKEGIEKAGVCPADNVR KEGIEKAGVCPADNVR
INFO:root:1 KSYELPDGQVITIGNER SYELPDGQVITIGNER
INFO:root:1 KSYELPDGQVITIGNER YELPDGQVITIGNER
INFO:root:1 KSYELPDGQVITIGNER ELPDGQVITIGNER
INFO:root:2 KSYELPDGQVITIGNER PDGQVITIGNER
INFO:root:1 KSYELPDGQVITIGNER DGQVITIGNER
INFO:root:1 KSYELPDGQVITIGNER GQVITIGNER
INFO:root:1 KTDLEKDIISDTSGDFR TDLEKDIISDTSGDFR
INFO:root:1 KKQISNLQQSISDAEQR KQISNLQQSISDAEQR
INFO:root:1 KKQCASLQAAIADAEQR KQCASLQAAIADAEQR
INFO:root:1 KKQCASLQAAIADAEQR QCASLQAAIADAEQR
INFO:root:2 KKQCASLQAAIADAEQR ASLQAAIADAEQR
INFO:root:1 KKQCASLQAAIADAEQR SLQAAIADAEQR
INFO:root:1 KKQCASLQAAIADAEQR LQAAIADAEQR
INFO:root:1 KKQCASLQAAIADAEQR QAAIADAEQR
INFO:root:1 KKQCASLQAAIADAEQR AAIADAEQR
INFO:root:1 KKQCASLQAAIADAEQR AIADAEQR
INFO:root:1 KKQCASLQAAIADAEQR IADAEQR
INFO:root:1 LDTKWTLLQEQGTKTVR DTKWTLLQEQGTKTVR
INFO:root:1 LDTKWTLLQEQGTKTVR TKWTLLQEQGTKTVR
INFO:root:1 LDTKWTLLQEQGTKTVR KWTLLQEQGTKTVR
INFO:root:1 LDTKWTLLQEQGTKTVR WTLLQEQGTKTVR
INFO:root:1 LDTKWTLLQEQGTKTVR TLLQEQGTKTVR
INFO:root:1 LDTKWTLLQEQGTKTVR LLQEQGTKTVR
INFO:root:1 LDTKWTLLQEQGTKTVR LQEQGTKTVR
INFO:root:1 LDTKWTLLQEQGTKTVR QEQGTKTVR
INFO:root:1 LDTKWTLLQEQGTKTVR EQGTKTVR
INFO:root:1 LDTKWTLLQEQGTKTVR QGTKTVR
INFO:root:2 LETKWTLLQEQGTKTVR TKWTLLQEQGTKTVR
INFO:root:1 LETKWTLLQEQGTKTVR KWTLLQEQGTKTVR
INFO:root:1 LETKWTLLQEQGTKTVR WTLLQEQGTKTVR
INFO:root:1 LETKWTLLQEQGTKTVR TLLQEQGTKTVR
INFO:root:1 LETKWTLLQEQGTKTVR LLQEQGTKTVR
INFO:root:1 LETKWTLLQEQGTKTVR LQEQGTKTVR
INFO:root:1 LETKWTLLQEQGTKTVR QEQGTKTVR
INFO:root:1 LETKWTLLQEQGTKTVR EQGTKTVR
INFO:root:1 LETKWTLLQEQGTKTVR QGTKTVR
INFO:root:1 GSGGLGGACGGAGFGSR SGGLGGACGGAGFGSR
INFO:root:2 MKGSCGIGGGIGGGSSR GSCGIGGGIGGGSSR
INFO:root:1 MKGSCGIGGGIGGGSSR SCGIGGGIGGGSSR
INFO:root:1 MKGSCGIGGGIGGGSSR CGIGGGIGGGSSR
INFO:root:1 MKGSCGIGGGIGGGSSR GIGGGIGGGSSR
INFO:root:1 MKGSCGIGGGIGGGSSR IGGGIGGGSSR
INFO:root:1 MKGSCGIGGGIGGGSSR GGGIGGGSSR
INFO:root:1 MKGSCGIGGGIGGGSSR GGIGGGSSR
INFO:root:1 ISIGGGSCAISGGYGSR SIGGGSCAISGGYGSR
INFO:root:2 ISIGGGSCAISGGYGSR GGGSCAISGGYGSR
INFO:root:1 KEWYEKHGNSHQGEPR EWYEKHGNSHQGEPR
INFO:root:2 KEWYEKHGNSHQGEPR YEKHGNSHQGEPR
INFO:root:1 KEWYEKHGNSHQGEPR EKHGNSHQGEPR
INFO:root:2 KEWYEKHGNSHQGEPR HGNSHQGEPR
INFO:root:1 ATVDNANVLLQIDNAR TVDNANVLLQIDNAR
INFO:root:1 ATVDNANVLLQIDNAR VDNANVLLQIDNAR
INFO:root:1 ATVDNANVLLQIDNAR DNANVLLQIDNAR
INFO:root:2 ATVDNANVLLQIDNAR ANVLLQIDNAR
INFO:root:2 AVTGVPVKGQDTVKGR TGVPVKGQDTVKGR
INFO:root:1 AVTGVPVKGQDTVKGR GVPVKGQDTVKGR
INFO:root:1 AVTGVPVKGQDTVKGR VPVKGQDTVKGR
INFO:root:2 AVTGVPVKGQDTVKGR VKGQDTVKGR
INFO:root:2 DLISHDEMFSDIYKIR ISHDEMFSDIYKIR
INFO:root:1 DLISHDEMFSDIYKIR SHDEMFSDIYKIR
INFO:root:1 SHISDTSVVLSMDNNR HISDTSVVLSMDNNR
INFO:root:1 SHISDTSVVLSMDNNR ISDTSVVLSMDNNR
INFO:root:1 SHISDTSVVLSMDNNR SDTSVVLSMDNNR
INFO:root:1 SHISDTSVVLSMDNNR DTSVVLSMDNNR
INFO:root:1 SHISDTSVVLSMDNNR TSVVLSMDNNR
INFO:root:1 SHISDTSVVLSMDNNR SVVLSMDNNR
INFO:root:1 SHISDTSVVLSMDNNR VVLSMDNNR
INFO:root:1 SHISDTSVVLSMDNNR VLSMDNNR
INFO:root:2 SLLTPLNLQIDPTIQR LTPLNLQIDPTIQR
INFO:root:1 SLLTPLNLQIDPTIQR TPLNLQIDPTIQR
INFO:root:1 SLLTPLNLQIDPTIQR PLNLQIDPTIQR
INFO:root:1 SLLTPLNLQIDPTIQR LNLQIDPTIQR
INFO:root:1 SLLTPLNLQIDPTIQR NLQIDPTIQR
INFO:root:1 SLLTPLNLQIDPTIQR LQIDPTIQR
INFO:root:1 SLLTPLNLQIDPTIQR QIDPTIQR
INFO:root:2 PLNVEIDPEIQKVKSR NVEIDPEIQKVKSR
INFO:root:1 SSSSGSVGESSSKGPR SSSGSVGESSSKGPR
INFO:root:2 LKHLVQQEGQLEQQER HLVQQEGQLEQQER
INFO:root:1 LKHLVQQEGQLEQQER LVQQEGQLEQQER
INFO:root:1 LKHLVQQEGQLEQQER VQQEGQLEQQER
INFO:root:2 LKHLVQQEGQLEQQER QEGQLEQQER
INFO:root:2 LKHLVQQEGQLEQQER GQLEQQER
INFO:root:2 MKSVTEQGAELSNEER SVTEQGAELSNEER
INFO:root:2 PLAKDLLHPSPEEEKR AKDLLHPSPEEEKR
INFO:root:1 NSNLVGAAHEELQQSR SNLVGAAHEELQQSR
INFO:root:2 NIEQISSYKSEITELR EQISSYKSEITELR
INFO:root:2 NIEQISSYKSEITELR ISSYKSEITELR
INFO:root:1 NIEQISSYKSEITELR SSYKSEITELR
INFO:root:1 NIEQISSYKSEITELR SYKSEITELR
INFO:root:1 NIEQISSYKSEITELR YKSEITELR
INFO:root:1 ISKQEYDESGPSIVHR SKQEYDESGPSIVHR
INFO:root:2 FVGGIKEDTEEHHLR GGIKEDTEEHHLR
INFO:root:1 FVGGIKEDTEEHHLR GIKEDTEEHHLR
INFO:root:1 TAMIQTSKTEITELR AMIQTSKTEITELR
INFO:root:1 TAMIQTSKTEITELR MIQTSKTEITELR
INFO:root:1 TAMIQTSKTEITELR IQTSKTEITELR
INFO:root:1 TAMIQTSKTEITELR QTSKTEITELR
INFO:root:1 TAMIQTSKTEITELR TSKTEITELR
INFO:root:2 EMQIEGLKEELAYLR QIEGLKEELAYLR
INFO:root:2 EMQIEGLKEELAYLR EGLKEELAYLR
INFO:root:1 APSTYGGGLSVSSSR PSTYGGGLSVSSSR
INFO:root:1 APSTYGGGLSVSSSR STYGGGLSVSSSR
INFO:root:1 APSTYGGGLSVSSSR TYGGGLSVSSSR
INFO:root:1 APSTYGGGLSVSSSR YGGGLSVSSSR
INFO:root:1 APSTYGGGLSVSSSR GGGLSVSSSR
INFO:root:1 APSTYGGGLSVSSSR GGLSVSSSR
INFO:root:2 AAPGVDLTQLLNNMR PGVDLTQLLNNMR
INFO:root:1 AAPGVDLTQLLNNMR GVDLTQLLNNMR
INFO:root:2 AAPGVDLTQLLNNMR DLTQLLNNMR
INFO:root:1 AAPGVDLTQLLNNMR LTQLLNNMR
INFO:root:1 AAPGVDLTQLLNNMR TQLLNNMR
INFO:root:1 AAPGVDLTQLLNNMR QLLNNMR
INFO:root:1 QEMIGSVEEQLAQLR EMIGSVEEQLAQLR
INFO:root:1 QEMIGSVEEQLAQLR MIGSVEEQLAQLR
INFO:root:1 QEMIGSVEEQLAQLR IGSVEEQLAQLR
INFO:root:1 QEMIGSVEEQLAQLR GSVEEQLAQLR
INFO:root:2 QEMIGSVEEQLAQLR VEEQLAQLR
INFO:root:2 QLEAEYQQLQEDHQR EAEYQQLQEDHQR
INFO:root:1 QLEAEYQQLQEDHQR AEYQQLQEDHQR
INFO:root:1 QAQISALEEQLQQIR AQISALEEQLQQIR
INFO:root:2 QAQISALEEQLQQIR ISALEEQLQQIR
INFO:root:1 QYLTGGLVDPEVHGR YLTGGLVDPEVHGR
INFO:root:1 TTDNANILLQIDNAR TDNANILLQIDNAR
INFO:root:1 TTDNANILLQIDNAR DNANILLQIDNAR
INFO:root:2 WYQTKYEELQITAGR QTKYEELQITAGR
INFO:root:1 WYQTKYEELQITAGR TKYEELQITAGR
INFO:root:1 WYQTKYEELQITAGR KYEELQITAGR
INFO:root:2 WYQTKYEELQITAGR EELQITAGR
INFO:root:1 VSLAGACGVGGYGSR SLAGACGVGGYGSR
INFO:root:2 TIVEEVQDGKVISSR VEEVQDGKVISSR
INFO:root:1 TIVEEVQDGKVISSR EEVQDGKVISSR
INFO:root:1 TIVEEVQDGKVISSR EVQDGKVISSR
INFO:root:1 TIVEEVQDGKVISSR VQDGKVISSR
INFO:root:1 KSIGTFSDPCKDPTR SIGTFSDPCKDPTR
INFO:root:2 KGAVEKGEELSCEER AVEKGEELSCEER
INFO:root:1 KGAVEKGEELSCEER VEKGEELSCEER
INFO:root:1 LKQSLEASLAETEGR KQSLEASLAETEGR
INFO:root:1 LKQSLEASLAETEGR QSLEASLAETEGR
INFO:root:2 LKQSLEASLAETEGR LEASLAETEGR
INFO:root:1 LKQSLEASLAETEGR EASLAETEGR
INFO:root:1 IIAEVKAQYEEIAQR IAEVKAQYEEIAQR
INFO:root:1 IIAEVKAQYEEIAQR AEVKAQYEEIAQR
INFO:root:1 IIAEVKAQYEEIAQR EVKAQYEEIAQR
INFO:root:1 IIAEVKAQYEEIAQR VKAQYEEIAQR
INFO:root:1 IIAEVKAQYEEIAQR KAQYEEIAQR
INFO:root:1 IIAEVKAQYEEIAQR AQYEEIAQR
INFO:root:1 IIAEVKAQYEEIAQR QYEEIAQR
INFO:root:1 IIAEVKAQYEEIAQR YEEIAQR
INFO:root:1 LEAQAATGGIIDPHR EAQAATGGIIDPHR
INFO:root:1 LEAQAATGGIIDPHR AQAATGGIIDPHR
INFO:root:2 LEAQAATGGIIDPHR AATGGIIDPHR
INFO:root:1 HLSSQQASGQSYSSR LSSQQASGQSYSSR
INFO:root:1 HLSSQQASGQSYSSR SSQQASGQSYSSR
INFO:root:1 HLSSQQASGQSYSSR SQQASGQSYSSR
INFO:root:1 HLSSQQASGQSYSSR QQASGQSYSSR
INFO:root:1 HLSSQQASGQSYSSR QASGQSYSSR
INFO:root:1 HLSSQQASGQSYSSR ASGQSYSSR
INFO:root:1 MTENSTSAPAAKPKR TENSTSAPAAKPKR
INFO:root:1 LVGSEKVTMQNLNDR VGSEKVTMQNLNDR
INFO:root:1 LVGSEKVTMQNLNDR GSEKVTMQNLNDR
INFO:root:2 LVGSEKVTMQNLNDR EKVTMQNLNDR
INFO:root:1 LVGSEKVTMQNLNDR KVTMQNLNDR
INFO:root:1 LVGSEKVTMQNLNDR VTMQNLNDR
INFO:root:1 LVGSEKVTMQNLNDR TMQNLNDR
INFO:root:1 LVGSEKVTMQNLNDR MQNLNDR
INFO:root:1 LRPGDCEVCISYLGR RPGDCEVCISYLGR
INFO:root:2 SKSSQSSTLSHSNR SSQSSTLSHSNR
INFO:root:1 LTPLNLQIDPSIQR TPLNLQIDPSIQR
INFO:root:1 LTPLNLQIDPSIQR PLNLQIDPSIQR
INFO:root:1 LTPLNLQIDPSIQR LNLQIDPSIQR
INFO:root:1 LTPLNLQIDPSIQR NLQIDPSIQR
INFO:root:1 LTPLNLQIDPSIQR LQIDPSIQR
INFO:root:1 LTPLNLQIDPSIQR QIDPSIQR
INFO:root:2 GETAKGDYPLEAVR TAKGDYPLEAVR
INFO:root:1 VDNANILLQIDNAR DNANILLQIDNAR
INFO:root:2 ALEEANADLEVKIR EEANADLEVKIR
INFO:root:1 ALEEANADLEVKIR EANADLEVKIR
INFO:root:1 ALEEANADLEVKIR ANADLEVKIR
INFO:root:2 AVTEQGHELSNEER TEQGHELSNEER
INFO:root:1 CANLQAAIADAEQR ANLQAAIADAEQR
INFO:root:1 CANLQAAIADAEQR NLQAAIADAEQR
INFO:root:1 CANLQAAIADAEQR LQAAIADAEQR
INFO:root:1 CANLQAAIADAEQR QAAIADAEQR
INFO:root:1 CANLQAAIADAEQR AAIADAEQR
INFO:root:1 CANLQAAIADAEQR AIADAEQR
INFO:root:1 CANLQAAIADAEQR IADAEQR
INFO:root:1 SFSTASAITPSVSR FSTASAITPSVSR
INFO:root:1 SFSTASAITPSVSR STASAITPSVSR
INFO:root:1 SFSTASAITPSVSR TASAITPSVSR
INFO:root:1 SFSTASAITPSVSR ASAITPSVSR
INFO:root:1 SLLEGEGSSGGGGR LLEGEGSSGGGGR
INFO:root:1 SLLEGEGSSGGGGR LEGEGSSGGGGR
INFO:root:1 SLLEGEGSSGGGGR EGEGSSGGGGR
INFO:root:2 QNTEYQQLLDIKIR TEYQQLLDIKIR
INFO:root:1 QNTEYQQLLDIKIR EYQQLLDIKIR
INFO:root:1 QNTEYQQLLDIKIR YQQLLDIKIR
INFO:root:1 QNTEYQQLLDIKIR QQLLDIKIR
INFO:root:1 YQTKYEELQQTAGR QTKYEELQQTAGR
INFO:root:1 YQTKYEELQQTAGR TKYEELQQTAGR
INFO:root:1 YQTKYEELQQTAGR KYEELQQTAGR
INFO:root:1 YQTKYEELQQTAGR YEELQQTAGR
INFO:root:1 YQTKYEELQQTAGR EELQQTAGR
INFO:root:1 YQTKYEELQQTAGR ELQQTAGR
INFO:root:1 IAEVKAQYEEIANR AEVKAQYEEIANR
INFO:root:1 IAEVKAQYEEIANR EVKAQYEEIANR
INFO:root:1 IAEVKAQYEEIANR VKAQYEEIANR
INFO:root:1 IAEVKAQYEEIANR KAQYEEIANR
INFO:root:1 IAEVKAQYEEIANR AQYEEIANR
INFO:root:1 IAEVKAQYEEIANR QYEEIANR
INFO:root:1 IAEVKAQYEEIANR YEEIANR
INFO:root:1 LTPTHYLTKHDVER TPTHYLTKHDVER
INFO:root:1 KDSYVGDEAQSKR DSYVGDEAQSKR
INFO:root:1 KDSYVGDEAQSKR SYVGDEAQSKR
INFO:root:1 KDSYVGDEAQSKR YVGDEAQSKR
INFO:root:1 KDSYVGDEAQSKR VGDEAQSKR
INFO:root:2 DLASVEQHINSHR ASVEQHINSHR
INFO:root:1 EVAGHTEQLQMSR VAGHTEQLQMSR
INFO:root:1 EDALQKAKQDLAR DALQKAKQDLAR
INFO:root:1 EDALQKAKQDLAR ALQKAKQDLAR
INFO:root:2 EDALQKAKQDLAR QKAKQDLAR
INFO:root:1 EEWFFTKTEELNR EWFFTKTEELNR
INFO:root:1 EEWFFTKTEELNR WFFTKTEELNR
INFO:root:1 EEWFFTKTEELNR FFTKTEELNR
INFO:root:1 EEWFFTKTEELNR FTKTEELNR
INFO:root:1 EEWFFTKTEELNR TKTEELNR
INFO:root:1 EEWFFTKTEELNR KTEELNR
INFO:root:1 EKDIISDTSGDFR KDIISDTSGDFR
INFO:root:1 EKDIISDTSGDFR DIISDTSGDFR
INFO:root:2 EKDIISDTSGDFR ISDTSGDFR
INFO:root:1 EKDIISDTSGDFR SDTSGDFR
INFO:root:1 EKDIISDTSGDFR DTSGDFR
INFO:root:1 EDWFFSKTEELNR DWFFSKTEELNR
INFO:root:2 EDWFFSKTEELNR FFSKTEELNR
INFO:root:1 EDWFFSKTEELNR FSKTEELNR
INFO:root:1 EDWFFSKTEELNR SKTEELNR
INFO:root:1 EDWFFSKTEELNR KTEELNR
INFO:root:1 EEALQKAKQDMAR EALQKAKQDMAR
INFO:root:1 EEALQKAKQDMAR ALQKAKQDMAR
INFO:root:1 SNLQQSISDAEQR NLQQSISDAEQR
INFO:root:1 SNLQQSISDAEQR LQQSISDAEQR
INFO:root:2 SNLQQSISDAEQR QSISDAEQR
INFO:root:1 SNLQQSISDAEQR SISDAEQR
INFO:root:1 SNLQQSISDAEQR ISDAEQR
INFO:root:2 SKSESPKEPEQLR SESPKEPEQLR
INFO:root:2 VEMDATPGIDLTR MDATPGIDLTR
INFO:root:1 TPLNLQIDPAIQR PLNLQIDPAIQR
INFO:root:1 TPLNLQIDPAIQR LNLQIDPAIQR
INFO:root:1 TPLNLQIDPAIQR NLQIDPAIQR
INFO:root:1 TPLNLQIDPAIQR LQIDPAIQR
INFO:root:1 TPLNLQIDPAIQR QIDPAIQR
INFO:root:1 KIISKIENHEGVR IISKIENHEGVR
INFO:root:1 KIISKIENHEGVR ISKIENHEGVR
INFO:root:1 MSSGAHGEEGSAR SSGAHGEEGSAR
INFO:root:1 MVMEKPSPLLVGR VMEKPSPLLVGR
INFO:root:1 MVMEKPSPLLVGR MEKPSPLLVGR
INFO:root:1 LNNKFASFIDKVR NNKFASFIDKVR
INFO:root:1 LNNKFASFIDKVR NKFASFIDKVR
INFO:root:1 LNNKFASFIDKVR KFASFIDKVR
INFO:root:1 LNNKFASFIDKVR FASFIDKVR
INFO:root:1 MTNEEPLPKKVR TNEEPLPKKVR
INFO:root:1 AEDAQEFSDVER EDAQEFSDVER
INFO:root:1 CIQNKPLYFADR IQNKPLYFADR
INFO:root:1 CIQNKPLYFADR QNKPLYFADR
INFO:root:1 CIQNKPLYFADR NKPLYFADR
INFO:root:1 EPLFEQYINNLR PLFEQYINNLR
INFO:root:1 EPLFEQYINNLR LFEQYINNLR
INFO:root:1 EPLFEQYINNLR FEQYINNLR
INFO:root:1 EPLFEQYINNLR EQYINNLR
INFO:root:1 EPLFEQYINNLR QYINNLR
INFO:root:2 IGMDVAASEFFR MDVAASEFFR
INFO:root:1 IGMDVAASEFFR DVAASEFFR
INFO:root:2 IGMDVAASEFFR AASEFFR
INFO:root:2 DPKAESEVANLR KAESEVANLR
INFO:root:1 VGDDLTVTNPKR GDDLTVTNPKR
INFO:root:1 KKNHEEEMKDLR KNHEEEMKDLR
INFO:root:1 KKNHEEEMKDLR NHEEEMKDLR
INFO:root:1 KKNHEEEMKDLR HEEEMKDLR
INFO:root:1 HLIKEAGDAESR LIKEAGDAESR
INFO:root:1 HLIKEAGDAESR IKEAGDAESR
INFO:root:1 HLIKEAGDAESR KEAGDAESR
INFO:root:1 HLIKEAGDAESR EAGDAESR
INFO:root:1 GEDDETIPSEYR EDDETIPSEYR
INFO:root:1 EEANTELEVKIR EANTELEVKIR
INFO:root:2 EEANTELEVKIR NTELEVKIR
INFO:root:1 TVADSGTNHDSR VADSGTNHDSR
INFO:root:2 GVGGGFSSSSGR GGGFSSSSGR
INFO:root:1 MTKAGSKGGNLR TKAGSKGGNLR
INFO:root:1 LEASDGIMVAR EASDGIMVAR
INFO:root:1 EYKILLDVKTR YKILLDVKTR
INFO:root:1 EYKILLDVKTR KILLDVKTR
INFO:root:1 EYKILLDVKTR ILLDVKTR
INFO:root:1 CGGGGGVSSLR GGGGGVSSLR
INFO:root:2 NRFASFINKVR FASFINKVR
INFO:root:1 EAEKAADESER AEKAADESER
INFO:root:2 EAEKAADESER KAADESER
INFO:root:1 MMIHGFQSSHR MIHGFQSSHR
INFO:root:1 DQYEQMAEKNR QYEQMAEKNR
INFO:root:1 DQYEQMAEKNR YEQMAEKNR
INFO:root:1 DQYEQMAEKNR EQMAEKNR
INFO:root:1 DQYEQMAEKNR QMAEKNR
INFO:root:1 LSVEADINGLR SVEADINGLR
INFO:root:1 LSVEADINGLR VEADINGLR
INFO:root:1 LSVEADINGLR EADINGLR
INFO:root:1 KNKYEDEINKR NKYEDEINKR
INFO:root:1 KNKYEDEINKR KYEDEINKR
INFO:root:2 KNKYEDEINKR EDEINKR
INFO:root:1 NYQDDAELATR YQDDAELATR
INFO:root:1 NYQDDAELATR QDDAELATR
INFO:root:1 QSVEADINGLR SVEADINGLR
INFO:root:1 QSVEADINGLR VEADINGLR
INFO:root:1 QSVEADINGLR EADINGLR
INFO:root:2 SCAISGGYGSR AISGGYGSR
INFO:root:2 SCAISGGYGSR SGGYGSR
INFO:root:1 KNHEEEMLALR NHEEEMLALR
INFO:root:1 KNHEEEMLALR HEEEMLALR
INFO:root:1 KNHEEEMLALR EEEMLALR
INFO:root:1 KNHEEEMLALR EEMLALR
INFO:root:2 EVEVTHETLQR EVTHETLQR
INFO:root:2 ELLQQVDTSTR LQQVDTSTR
INFO:root:1 ELLQQVDTSTR QQVDTSTR
INFO:root:2 GACGGAGFGSR CGGAGFGSR
INFO:root:1 GACGGAGFGSR GGAGFGSR
INFO:root:1 GACGGAGFGSR GAGFGSR
INFO:root:2 GACGVGGYGSR CGVGGYGSR
INFO:root:1 GACGVGGYGSR GVGGYGSR
INFO:root:1 GACGVGGYGSR VGGYGSR
INFO:root:1 FGSDQSENVDR GSDQSENVDR
INFO:root:1 FGSDQSENVDR SDQSENVDR
INFO:root:1 FGSDQSENVDR DQSENVDR
INFO:root:1 GAAHEELQQSR AAHEELQQSR
INFO:root:1 ALQQAKEDLAR LQQAKEDLAR
INFO:root:1 ALQQAKEDLAR QQAKEDLAR
INFO:root:1 AAGQAGNEAGR AGQAGNEAGR
INFO:root:1 AEGPDEDSSNR EGPDEDSSNR
INFO:root:1 AEGPDEDSSNR GPDEDSSNR
INFO:root:1 DQQLDQELVKR QQLDQELVKR
INFO:root:1 DQQLDQELVKR QLDQELVKR
INFO:root:2 DQYEKMAEKNR YEKMAEKNR
INFO:root:2 QSVENDIHGLR VENDIHGLR
INFO:root:1 QTVEADVNGLR TVEADVNGLR
INFO:root:1 QTVEADVNGLR VEADVNGLR
INFO:root:1 QTVEADVNGLR EADVNGLR
INFO:root:1 SQYEQLAEQNR QYEQLAEQNR
INFO:root:1 SQYEQLAEQNR YEQLAEQNR
INFO:root:1 SQYEQLAEQNR EQLAEQNR
INFO:root:1 SQYEQLAEQNR QLAEQNR
INFO:root:1 KAGFAGDDAPR AGFAGDDAPR
INFO:root:1 KAGFAGDDAPR GFAGDDAPR
INFO:root:1 KAGFAGDDAPR FAGDDAPR
INFO:root:1 ILQEAADVHAR LQEAADVHAR
INFO:root:1 ILQEAADVHAR QEAADVHAR
INFO:root:1 MKFNPFVTSDR KFNPFVTSDR
INFO:root:1 MSVEADINGLR SVEADINGLR
INFO:root:1 MSVEADINGLR VEADINGLR
INFO:root:1 MSVEADINGLR EADINGLR
INFO:root:1 NTKQEIAEINR TKQEIAEINR
INFO:root:1 NTKQEIAEINR KQEIAEINR
INFO:root:1 NTKQEIAEINR QEIAEINR
INFO:root:1 NTKQEIAEINR EIAEINR
INFO:root:1 NTKHEISEMNR TKHEISEMNR
INFO:root:1 NTKHEISEMNR KHEISEMNR
INFO:root:1 NTKHEISEMNR HEISEMNR
INFO:root:1 ISISTSGGSFR SISTSGGSFR
INFO:root:1 ISISTSGGSFR ISTSGGSFR
INFO:root:2 ISISTSGGSFR TSGGSFR
INFO:root:2 ISSVLAGGSCR SVLAGGSCR
INFO:root:1 LSGGLGAGSCR SGGLGAGSCR
INFO:root:1 VDISQDNALR DISQDNALR
INFO:root:1 LKVQEQELTR KVQEQELTR
INFO:root:1 LKQSPASPER KQSPASPER
INFO:root:2 QLQLLEEQHR QLLEEQHR
INFO:root:1 TKYEHELALR KYEHELALR
INFO:root:1 TKYEHELALR YEHELALR
INFO:root:1 TKYEHELALR EHELALR
INFO:root:1 DFKSPDDPSR FKSPDDPSR
INFO:root:2 DFANAPEESR ANAPEESR
INFO:root:1 NILLQIDNAR ILLQIDNAR
INFO:root:1 NILLQIDNAR LLQIDNAR
INFO:root:1 NILLQIDNAR LQIDNAR
INFO:root:1 NILLQIDNAR QIDNAR
INFO:root:2 ESDLAAHQDR DLAAHQDR
INFO:root:1 ALDVEIATYR LDVEIATYR
INFO:root:1 ALDVEIATYR DVEIATYR
INFO:root:2 DYELIDQDAR ELIDQDAR
INFO:root:1 QLSSGVSEIR LSSGVSEIR
INFO:root:1 QLSSGVSEIR SSGVSEIR
INFO:root:1 PYFKTIEDLR YFKTIEDLR
INFO:root:1 TKYETELNLR KYETELNLR
INFO:root:1 TKYETELNLR YETELNLR
INFO:root:1 TKYETELNLR ETELNLR
INFO:root:1 TKFETEQALR KFETEQALR
INFO:root:1 TKFETEQALR FETEQALR
INFO:root:1 TKFETEQALR ETEQALR
INFO:root:1 LKYENEVALR KYENEVALR
INFO:root:1 LKYENEVALR YENEVALR
INFO:root:1 DAIADAEQR AIADAEQR
INFO:root:1 DAIADAEQR IADAEQR
INFO:root:1 SLIEIICSR LIEIICSR
INFO:root:1 GELALKDAR ELALKDAR
INFO:root:1 NQELQEINR QELQEINR
INFO:root:2 QKSTELLIR STELLIR
INFO:root:1 KLLEGEESR LLEGEESR
INFO:root:1 SSVMCPDAR SVMCPDAR
INFO:root:2 MIQGGDFTR QGGDFTR
INFO:root:1 QILLDVKTR ILLDVKTR
INFO:root:1 TLLEGEESR LLEGEESR
INFO:root:2 ADMQNLVER MQNLVER
INFO:root:1 DLPKSWDWR LPKSWDWR
INFO:root:2 GPDEDLSHR DEDLSHR
INFO:root:1 LEQEIATYR EQEIATYR
INFO:root:1 LEQEIATYR QEIATYR
INFO:root:1 IKIIAPPER KIIAPPER
INFO:root:1 VLDELTLAR LDELTLAR
INFO:root:1 VLDELTLAR DELTLAR
INFO:root:1 KIEISELNR IEISELNR
INFO:root:1 KIEISELNR EISELNR
INFO:root:1 KLLEGEECR LLEGEECR
INFO:root:1 KLLEGEECR LEGEECR
INFO:root:1 APEVLPKPR PEVLPKPR
INFO:root:1 QLDSIVGER LDSIVGER
INFO:root:1 QLDSIVGER DSIVGER
INFO:root:1 AYTNFDAER YTNFDAER
INFO:root:1 AYTNFDAER TNFDAER
INFO:root:1 QLDNIVGER LDNIVGER
INFO:root:1 VLLQEEGTR LLQEEGTR
INFO:root:1 KASDVHEVR ASDVHEVR
INFO:root:2 HQAEDSQVR AEDSQVR
INFO:root:1 PHLQKVFDR HLQKVFDR
INFO:root:1 GWACCPYR WACCPYR
INFO:root:1 MAWNTNLR AWNTNLR
INFO:root:1 ENEIQTYR NEIQTYR
INFO:root:Finished exopeptidase check
INFO:root:Finished general stats
INFO:root:Finished. Wrote results to C:\Users\konka\Documents\Python_Scripts\Annotator\annotator-4.1.0\results\131022162705
