2023-06-23 18:22:30,308 [INFO] 
2023-06-23 18:22:30,356 [INFO] Annotator started at 2023-06-23 18:22:30.
2023-06-23 18:22:30,757 [DEBUG] Arguments: {'infile': 'C:\\Users\\konka\\Documents\\CLIPPER\\annotator\\annotator\\upload\\HUNTER_clean_100.xlsx', 'infile_type': 'infer', 'software': 'infer', 'level': 'all', 'dropna': False, 'fillna': None, 'sleeptime': 0.2, 'noexo': False, 'nomerops': False, 'calcstructure': None, 'singlecpu': False, 'conditionfile': 'C:\\Users\\konka\\Documents\\CLIPPER\\annotator\\annotator\\upload\\cond.txt', 'proteasefile': None, 'stat': False, 'stat_pairwise': False, 'significance': None, 'visualize': False, 'logo': None, 'pseudocounts': False, 'cleavagevis': 'None', 'enrichment': False, 'pathway': False, 'output_name': '20230623182230_annotated_data', 'output_filetype': 'xlsx', 'separate': False, 'pymol_verbose': False, 'jobid': '108', 'logfile': 'C:\\Users\\konka\\Documents\\CLIPPER\\annotator\\annotator\\log\\108.log', 'resultdest': 'C:\\Users\\konka\\Documents\\CLIPPER\\annotator\\annotator\\results', 'datafolder': 'C:\\Users\\konka\\Documents\\CLIPPER\\annotator\\annotator\\data', 'email': 'kostassvi@gmail.com'}
2023-06-23 18:22:30,804 [INFO] Startup complete!

2023-06-23 18:22:30,805 [INFO] Reading file...
2023-06-23 18:22:30,806 [INFO] Input is excel
2023-06-23 18:22:30,972 [INFO] Read dataframe.
2023-06-23 18:22:30,984 [INFO] Read input with 284 peptides.
2023-06-23 18:22:30,992 [INFO] Input software is sm
2023-06-23 18:22:31,001 [DEBUG] Converted values in 20210512_FJ_KK_LB_HUNTER_PO.raw.PEP.TMTpro_127C to numeric type
2023-06-23 18:22:31,005 [DEBUG] Converted values in 20210512_FJ_KK_LB_HUNTER_PO.raw.PEP.TMTpro_128C to numeric type
2023-06-23 18:22:31,012 [DEBUG] Converted values in 20210512_FJ_KK_LB_HUNTER_PO.raw.PEP.TMTpro_129C to numeric type
2023-06-23 18:22:31,016 [DEBUG] Converted values in 20210512_FJ_KK_LB_HUNTER_PO.raw.PEP.TMTpro_130C to numeric type
2023-06-23 18:22:31,020 [DEBUG] Converted values in 20210512_FJ_KK_LB_HUNTER_PO.raw.PEP.TMTpro_131C to numeric type
2023-06-23 18:22:31,024 [DEBUG] Converted values in 20210512_FJ_KK_LB_HUNTER_PO.raw.PEP.TMTpro_132C to numeric type
2023-06-23 18:22:31,026 [INFO] Finished converting quantification values to floats.
2023-06-23 18:22:31,033 [DEBUG] Patterns are: {'acc': 'PG.ProteinAccessions', 'seq': 'PEP.StrippedSequence', 'amino': 'B|J|O|U|X|Z', 'mod': 'P.MoleculeID', 'quant': 'PEP\\.TMT', 'label': '\\[TMT', 'nterm': 'N-?ter', 'nterm_label': 'TMT.*_Nter', 'lysine_label': 'K\\[TMT.{0,3}_Lys\\]'}
2023-06-23 18:22:31,033 [INFO] Successfully generated indexing patterns for sm input. See logfile for the found patterns.
2023-06-23 18:22:31,037 [INFO] Format check complete.

2023-06-23 18:22:31,053 [INFO] Initialization complete!

2023-06-23 18:22:31,067 [INFO] Filtering and sanitizing input...
2023-06-23 18:22:31,069 [DEBUG] Starting annotation of peptides...
2023-06-23 18:22:31,074 [INFO] Reading MEROPS data..
2023-06-23 18:22:33,538 [INFO] Read MEROPS data
2023-06-23 18:22:33,545 [INFO] Initialized annotation dataframe.

2023-06-23 18:22:33,548 [INFO] Fetching information from Uniprot...
2023-06-23 18:23:18,475 [WARNING] Peptide SELHIENLNMEADPGQYR not found in protein sequence for A0A087X2B5.
2023-06-23 18:23:18,549 [WARNING] Peptide NLNMEADPGQYR not found in protein sequence for A0A087X2B5.
2023-06-23 18:23:18,687 [WARNING] Peptide NLNMEADPGQYR not found in protein sequence for A0A087X2B5.
2023-06-23 18:23:18,745 [WARNING] Peptide YSCVFLPEPMGTANIQLHGPPR not found in protein sequence for A0A087X2B5.
2023-06-23 18:23:18,847 [WARNING] Peptide ADPGQYR not found in protein sequence for A0A087X2B5.
2023-06-23 18:23:19,045 [WARNING] Peptide NLNMEADPGQYR not found in protein sequence for A0A087X2B5.
2023-06-23 18:23:22,631 [WARNING] Peptide SCVFLPEPMGTANIQLHGPPR not found in protein sequence for A0A087X2B5.
