2023-06-23 16:43:17,237 [INFO] 
2023-06-23 16:43:17,237 [INFO] Annotator started at 2023-06-23 16:43:17.
2023-06-23 16:43:17,237 [DEBUG] Arguments: {'infile': '../tests/HUNTER_clean_100.xlsx', 'infile_type': 'infer', 'software': 'infer', 'level': 'all', 'dropna': False, 'fillna': None, 'sleeptime': 0.2, 'noexo': False, 'nomerops': False, 'calcstructure': None, 'singlecpu': False, 'conditionfile': '../tests/cond_HUNTER.txt', 'stat': True, 'stat_pairwise': True, 'significance': 'all', 'visualize': True, 'logo': 'all', 'pseudocounts': True, 'cleavagevis': None, 'enrichment': True, 'pathway': True, 'proteasefile': None, 'output_name': None, 'output_filetype': 'xlsx', 'separate': False, 'pymol_verbose': False}
2023-06-23 16:43:17,237 [INFO] Startup complete!

2023-06-23 16:43:17,237 [INFO] Reading file...
2023-06-23 16:43:17,237 [INFO] Input is excel
2023-06-23 16:43:17,313 [INFO] Read dataframe.
2023-06-23 16:43:17,313 [INFO] Read input with 284 peptides.
2023-06-23 16:43:17,313 [INFO] Input software is sm
2023-06-23 16:43:17,314 [DEBUG] Converted values in 20210512_FJ_KK_LB_HUNTER_PO.raw.PEP.TMTpro_127C to numeric type
2023-06-23 16:43:17,315 [DEBUG] Converted values in 20210512_FJ_KK_LB_HUNTER_PO.raw.PEP.TMTpro_128C to numeric type
2023-06-23 16:43:17,315 [DEBUG] Converted values in 20210512_FJ_KK_LB_HUNTER_PO.raw.PEP.TMTpro_129C to numeric type
2023-06-23 16:43:17,316 [DEBUG] Converted values in 20210512_FJ_KK_LB_HUNTER_PO.raw.PEP.TMTpro_130C to numeric type
2023-06-23 16:43:17,316 [DEBUG] Converted values in 20210512_FJ_KK_LB_HUNTER_PO.raw.PEP.TMTpro_131C to numeric type
2023-06-23 16:43:17,317 [DEBUG] Converted values in 20210512_FJ_KK_LB_HUNTER_PO.raw.PEP.TMTpro_132C to numeric type
2023-06-23 16:43:17,317 [INFO] Finished converting quantification values to floats.
2023-06-23 16:43:17,317 [DEBUG] Patterns are: {'acc': 'PG.ProteinAccessions', 'seq': 'PEP.StrippedSequence', 'amino': 'B|J|O|U|X|Z', 'mod': 'P.MoleculeID', 'quant': 'PEP\\.TMT', 'label': '\\[TMT', 'nterm': 'N-?ter', 'nterm_label': 'TMT.*_Nter', 'lysine_label': 'K\\[TMT.{0,3}_Lys\\]'}
2023-06-23 16:43:17,317 [INFO] Successfully generated indexing patterns for sm input. See logfile for the found patterns.
2023-06-23 16:43:17,317 [INFO] Format check complete.

2023-06-23 16:43:17,318 [INFO] Initialization complete!

2023-06-23 16:43:17,318 [INFO] Filtering and sanitizing input...
2023-06-23 16:43:17,318 [DEBUG] Starting annotation of peptides...
2023-06-23 16:43:17,318 [INFO] Reading MEROPS data..
2023-06-23 16:43:17,865 [INFO] Read MEROPS data
2023-06-23 16:43:17,866 [INFO] Initialized annotation dataframe.

2023-06-23 16:43:17,866 [INFO] Fetching information from Uniprot...
