2023-06-23 17:48:56,883 [INFO] 
2023-06-23 17:48:56,884 [INFO] Annotator started at 2023-06-23 17:48:56.
2023-06-23 17:48:56,945 [DEBUG] Arguments: {'infile': 'C:\\Users\\konka\\Documents\\CLIPPER\\annotator\\annotator\\upload\\HUNTER_clean_100.xlsx', 'infile_type': 'infer', 'software': 'infer', 'level': 'all', 'dropna': False, 'fillna': None, 'sleeptime': 0.2, 'noexo': False, 'nomerops': False, 'calcstructure': None, 'singlecpu': False, 'conditionfile': 'C:\\Users\\konka\\Documents\\CLIPPER\\annotator\\annotator\\upload\\cond.txt', 'proteasefile': None, 'stat': False, 'stat_pairwise': False, 'significance': None, 'visualize': False, 'logo': None, 'pseudocounts': False, 'cleavagevis': 'None', 'enrichment': False, 'pathway': False, 'output_name': '20230623174856_annotated_data', 'output_filetype': 'xlsx', 'separate': False, 'pymol_verbose': False, 'jobid': '106', 'logfile': 'C:\\Users\\konka\\Documents\\CLIPPER\\annotator\\annotator\\log\\106.log', 'resultdest': 'C:\\Users\\konka\\Documents\\CLIPPER\\annotator\\annotator\\results', 'datafolder': 'C:\\Users\\konka\\Documents\\CLIPPER\\annotator\\annotator\\data', 'email': 'konka@dtu.dk'}
2023-06-23 17:48:57,034 [INFO] Startup complete!

2023-06-23 17:48:57,035 [INFO] Reading file...
2023-06-23 17:48:57,036 [INFO] Input is excel
2023-06-23 17:48:57,598 [INFO] Read dataframe.
2023-06-23 17:48:57,599 [INFO] Read input with 284 peptides.
2023-06-23 17:48:57,601 [INFO] Input software is sm
2023-06-23 17:48:57,611 [DEBUG] Converted values in 20210512_FJ_KK_LB_HUNTER_PO.raw.PEP.TMTpro_127C to numeric type
2023-06-23 17:48:57,617 [DEBUG] Converted values in 20210512_FJ_KK_LB_HUNTER_PO.raw.PEP.TMTpro_128C to numeric type
2023-06-23 17:48:57,619 [DEBUG] Converted values in 20210512_FJ_KK_LB_HUNTER_PO.raw.PEP.TMTpro_129C to numeric type
2023-06-23 17:48:57,624 [DEBUG] Converted values in 20210512_FJ_KK_LB_HUNTER_PO.raw.PEP.TMTpro_130C to numeric type
2023-06-23 17:48:57,627 [DEBUG] Converted values in 20210512_FJ_KK_LB_HUNTER_PO.raw.PEP.TMTpro_131C to numeric type
2023-06-23 17:48:57,629 [DEBUG] Converted values in 20210512_FJ_KK_LB_HUNTER_PO.raw.PEP.TMTpro_132C to numeric type
2023-06-23 17:48:57,629 [INFO] Finished converting quantification values to floats.
2023-06-23 17:48:57,633 [DEBUG] Patterns are: {'acc': 'PG.ProteinAccessions', 'seq': 'PEP.StrippedSequence', 'amino': 'B|J|O|U|X|Z', 'mod': 'P.MoleculeID', 'quant': 'PEP\\.TMT', 'label': '\\[TMT', 'nterm': 'N-?ter', 'nterm_label': 'TMT.*_Nter', 'lysine_label': 'K\\[TMT.{0,3}_Lys\\]'}
2023-06-23 17:48:57,633 [INFO] Successfully generated indexing patterns for sm input. See logfile for the found patterns.
2023-06-23 17:48:57,634 [INFO] Format check complete.

2023-06-23 17:48:57,636 [INFO] Initialization complete!

2023-06-23 17:48:57,637 [INFO] Filtering and sanitizing input...
2023-06-23 17:48:57,638 [DEBUG] Starting annotation of peptides...
2023-06-23 17:48:57,655 [INFO] Reading MEROPS data..
2023-06-23 17:48:59,743 [INFO] Read MEROPS data
2023-06-23 17:48:59,752 [INFO] Initialized annotation dataframe.

2023-06-23 17:48:59,752 [INFO] Fetching information from Uniprot...
2023-06-23 17:49:53,376 [WARNING] Peptide NLNMEADPGQYR not found in protein sequence for A0A087X2B5.
2023-06-23 17:49:53,638 [WARNING] Peptide NLNMEADPGQYR not found in protein sequence for A0A087X2B5.
2023-06-23 17:49:53,640 [WARNING] Peptide YSCVFLPEPMGTANIQLHGPPR not found in protein sequence for A0A087X2B5.
2023-06-23 17:49:53,784 [WARNING] Peptide ADPGQYR not found in protein sequence for A0A087X2B5.
2023-06-23 17:49:53,816 [WARNING] Peptide NLNMEADPGQYR not found in protein sequence for A0A087X2B5.
2023-06-23 17:49:54,238 [WARNING] Peptide SELHIENLNMEADPGQYR not found in protein sequence for A0A087X2B5.
2023-06-23 17:49:58,232 [WARNING] Peptide SCVFLPEPMGTANIQLHGPPR not found in protein sequence for A0A087X2B5.
2023-06-23 17:50:48,122 [WARNING] Error retrieving Uniprot record for A0A494C169: No SwissProt record found
2023-06-23 17:52:01,488 [INFO] Gathering info from Uniprot took 00:03:01 hh:mm:ss
2023-06-23 17:52:01,488 [INFO] Finished annotation of peptides.

2023-06-23 17:52:01,488 [INFO] Starting annotation of Protein Atlas data...
2023-06-23 17:52:01,489 [INFO] Reading Protein Atlas data..
2023-06-23 17:52:02,121 [INFO] Read Protein Atlas data.
2023-06-23 17:52:02,137 [WARNING] Duplicates found in 'Uniprot' column of 'protein_atlas_sub'. Dropping duplicates.
2023-06-23 17:52:02,159 [INFO] Finished annotation of Protein Atlas data.

2023-06-23 17:52:02,159 [INFO] Starting proteoform check...
2023-06-23 17:52:02,167 [INFO] Finished proteoform check.
2023-06-23 17:52:02,167 [INFO] Starting exopeptidase activity check...
2023-06-23 17:52:02,186 [DEBUG] 2 LGLGIDEDEVAAEEPNAAVPDEIPPLEGDEDASR LGIDEDEVAAEEPNAAVPDEIPPLEGDEDASR
2023-06-23 17:52:02,221 [DEBUG] 1 YSCVFLPEPMGTANIQLHGPPR SCVFLPEPMGTANIQLHGPPR
2023-06-23 17:52:02,222 [DEBUG] 2 AEAMDLGKDPNGPTHSSTLFVR AMDLGKDPNGPTHSSTLFVR
2023-06-23 17:52:02,226 [DEBUG] 2 AEAQALLSGDTQTDATSFYDR AQALLSGDTQTDATSFYDR
2023-06-23 17:52:02,240 [DEBUG] 1 KACANPAAGSVILLENLR ACANPAAGSVILLENLR
2023-06-23 17:52:02,240 [DEBUG] 2 KACANPAAGSVILLENLR ANPAAGSVILLENLR
2023-06-23 17:52:02,258 [DEBUG] 1 AAQTSPSPKAGAATGR AQTSPSPKAGAATGR
2023-06-23 17:52:02,260 [DEBUG] 1 SSGFSLEDPQTHSNR SGFSLEDPQTHSNR
2023-06-23 17:52:02,261 [DEBUG] 2 SKNLKLGIHEDSTNR NLKLGIHEDSTNR
2023-06-23 17:52:02,294 [DEBUG] 2 SEDFSLPAYMDR DFSLPAYMDR
2023-06-23 17:52:02,317 [DEBUG] 2 SPVLHFYVR VLHFYVR
2023-06-23 17:52:02,334 [INFO] Exopeptidase activity check took 00:00:00 hh:mm:ss
2023-06-23 17:52:02,335 [INFO] Exopeptidase activity was found, check logfile or output for more details on exact peptide sequences
2023-06-23 17:52:02,335 [INFO] Finished exopeptidase activity check.
2023-06-23 17:52:02,339 [INFO] Parsed condition file
2023-06-23 17:52:02,339 [INFO] Performing general statistics annotation...
2023-06-23 17:52:02,358 [INFO] Finished general statistics annotation.
2023-06-23 17:52:02,367 [INFO] Writing output files...
2023-06-23 17:52:02,698 [INFO] Finished. Wrote results to C:\Users\konka\Documents\CLIPPER\annotator\annotator\results\20230623174856_annotated_data.
2023-06-23 17:52:02,733 [INFO] Finished writing output files
2023-06-23 17:52:02,733 [INFO] 
CLIPPER 2.0 pipeline completed in 0:03:05.850052.

2023-06-23 17:52:07,741 [INFO] Failed to send email for job id 106
2023-06-23 17:52:07,742 [INFO] 127.0.0.1 - - [23/Jun/2023 17:52:07] "GET /106/result HTTP/1.1" 200 -
2023-06-23 18:12:22,689 [INFO]  * Detected change in 'C:\\Users\\konka\\Documents\\CLIPPER\\annotator\\annotator\\clipper\\mail.py', reloading
