2023-11-12 21:41:36,086 [INFO] 
2023-11-12 21:41:36,087 [INFO] Annotator started at 2023-11-12 21:41:36.
2023-11-12 21:41:36,087 [DEBUG] Arguments: {'infile': '../tests/tests for paper/MMP9_rep/MMP9_dimethyl_peptide_report_rep_2.xlsx', 'infile_type': 'infer', 'preannotated': False, 'conditionfile': '../tests/tests for paper/MMP9_rep/cond_MMP9_2.txt', 'alpha': 0.05, 'software': 'infer', 'level': 'all', 'dropna': False, 'fillna': '1', 'sleeptime': 0.2, 'noexo': True, 'nomerops': False, 'calcstructure': 'all', 'threadingcores': 8, 'stat': True, 'stat_pairwise': True, 'significance': 'all', 'multipletesting': False, 'multipletestingmethod': 'fdr_bh', 'visualize': True, 'logo': None, 'logo_fc': 3, 'cleavagesitesize': 4, 'volcano_foldchange': 1.5, 'pseudocounts': True, 'cleavagevis': 'both', 'enrichment': False, 'pathway': False, 'proteasefile': None, 'output_name': 'MMP9_rep_all_prot_vis', 'output_filetype': 'xlsx', 'separate': False, 'pymol_verbose': False}
2023-11-12 21:41:36,087 [WARNING] Cleavage visualization takes a VERY long time on full datasets (in our experience around 0.5-5 seconds per peptide depending on your computer), especially when set to "both". Please consider using this argument only with a filtered input list containing only the peptides you wish to have plotted on a protein structure.
2023-11-12 21:41:36,087 [INFO] Startup complete!

2023-11-12 21:41:36,087 [INFO] Reading file...
2023-11-12 21:41:36,087 [INFO] Input is excel
2023-11-12 21:41:37,996 [INFO] Read dataframe.
2023-11-12 21:41:37,996 [INFO] Read input with 17536 peptides.
2023-11-12 21:41:37,997 [INFO] Input software is pd
2023-11-12 21:41:38,009 [DEBUG] Converted values in Abundances (Scaled): F13: Sample, Ctrl to numeric type
2023-11-12 21:41:38,009 [INFO] Filled NaN values in column 'Abundances (Scaled): F13: Sample, Ctrl' with 1.0
2023-11-12 21:41:38,020 [DEBUG] Converted values in Abundances (Scaled): F14: Sample, Ctrl to numeric type
2023-11-12 21:41:38,020 [INFO] Filled NaN values in column 'Abundances (Scaled): F14: Sample, Ctrl' with 1.0
2023-11-12 21:41:38,030 [DEBUG] Converted values in Abundances (Scaled): F16: Sample, MMP9 to numeric type
2023-11-12 21:41:38,031 [INFO] Filled NaN values in column 'Abundances (Scaled): F16: Sample, MMP9' with 1.0
2023-11-12 21:41:38,042 [DEBUG] Converted values in Abundances (Scaled): F18: Sample, MMP9 to numeric type
2023-11-12 21:41:38,042 [INFO] Filled NaN values in column 'Abundances (Scaled): F18: Sample, MMP9' with 1.0
2023-11-12 21:41:38,042 [INFO] Finished converting quantification values to floats.
2023-11-12 21:41:38,053 [DEBUG] Patterns are: {'acc': 'Master Protein Accessions', 'mod': 'Modifications', 'nterm': '\\[N-Term\\]', 'seq': 'Annotated Sequence', 'amino': '\\.[A-Z]*(B|J|O|U|X|Z)[A-Z]*\\.', 'quant': 'Abundances \\(?Scaled\\):.*', 'label': 'Dimethyl', 'nterm_label': 'Dimethyl \\[N-Term\\]', 'lysine_label': 'Dimethyl \\[K'}
2023-11-12 21:41:38,053 [INFO] Successfully generated indexing patterns for pd input. See logfile for the found patterns.
2023-11-12 21:41:38,053 [INFO] Format check complete.

2023-11-12 21:41:38,053 [INFO] Initialization complete!

2023-11-12 21:41:38,053 [INFO] Filtering and sanitizing input...
2023-11-12 21:41:38,056 [WARNING] There were rows with no accession numbers in the loaded file, please check the log file for further information
2023-11-12 21:41:38,056 [DEBUG] Empty accession rows: 8762
2023-11-12 21:41:38,057 [DEBUG] Empty accession rows: 14402
2023-11-12 21:41:38,057 [DEBUG] Empty accession rows: 16132
2023-11-12 21:41:38,065 [DEBUG] Starting annotation of peptides...
2023-11-12 21:41:38,068 [INFO] Initialized annotation dataframe.

2023-11-12 21:41:38,068 [INFO] Reading MEROPS data..
2023-11-12 21:41:38,627 [INFO] Read MEROPS data
2023-11-12 21:41:38,627 [INFO] Previous annotation of peptides detected, and annotation will be loaded from file.

2023-11-12 21:41:40,639 [INFO] Loaded annotation from file.

2023-11-12 21:41:40,639 [INFO] Starting annotation of Protein Atlas data...
2023-11-12 21:41:40,639 [INFO] Reading Protein Atlas data..
2023-11-12 21:41:40,886 [INFO] Read Protein Atlas data.
2023-11-12 21:41:40,891 [WARNING] Duplicates found in 'Uniprot' column of 'protein_atlas_sub'. Dropping duplicates.
2023-11-12 21:41:40,904 [INFO] Finished annotation of Protein Atlas data.

2023-11-12 21:41:40,904 [INFO] Starting proteoform check...
2023-11-12 21:41:40,908 [INFO] Finished proteoform check.
2023-11-12 21:41:40,908 [INFO] Parsed condition file
2023-11-12 21:41:40,909 [INFO] Performing general condition statistics annotation...
2023-11-12 21:41:40,937 [INFO] Finished general condition statistics annotation.
2023-11-12 21:41:40,937 [INFO] Performing statistical testing...
2023-11-12 21:41:40,942 [INFO] Finished statistical testing.
2023-11-12 21:41:40,942 [INFO] Multiple testing corrected values are NOT used for visualizations
2023-11-12 21:41:40,942 [INFO] Checking fold distribution...
2023-11-12 21:41:41,848 [INFO] Finished fold distribution check.

2023-11-12 21:41:41,848 [INFO] Computing structural properties...
2023-11-12 21:41:41,849 [INFO] Reading available AlphaFold models...
2023-11-12 21:41:41,865 [INFO] Read available AlphaFold models.
2023-11-12 21:41:41,985 [INFO] Calculating surface area and secondary structure...
