2023-06-22 17:47:43,524 [INFO] 
2023-06-22 17:47:43,526 [INFO] Annotator started at 2023-06-22 17:47:43.
2023-06-22 17:47:43,526 [DEBUG] Arguments: {'infile': '/Users/aleksanderhaack/Desktop/TAILS annotator v2/annotator/annotator/upload/Mahima_DIA_TAILS_small.xlsx', 'infile_type': 'infer', 'software': 'infer', 'level': 'all', 'dropna': False, 'fillna': None, 'sleeptime': 0.2, 'noexo': False, 'nomerops': False, 'calcstructure': 'all', 'singlecpu': False, 'conditionfile': None, 'proteasefile': None, 'stat': False, 'stat_pairwise': False, 'significance': None, 'visualize': 'True', 'logo': None, 'pseudocounts': False, 'cleavagevis': 'seq', 'enrichment': False, 'pathway': False, 'output_name': '20230622174743_annotated_data', 'output_filetype': 'xlsx', 'separate': False, 'pymol_verbose': False, 'jobid': '99', 'logfile': '/Users/aleksanderhaack/Desktop/TAILS annotator v2/annotator/annotator/log/99.log', 'resultdest': '/Users/aleksanderhaack/Desktop/TAILS annotator v2/annotator/annotator/results', 'datafolder': '/Users/aleksanderhaack/Desktop/TAILS annotator v2/annotator/annotator/data', 'email': ''}
2023-06-22 17:47:43,527 [INFO] Startup complete!

2023-06-22 17:47:43,527 [INFO] Reading file...
2023-06-22 17:47:43,527 [INFO] Input is excel
2023-06-22 17:47:43,544 [INFO] Read dataframe.
2023-06-22 17:47:43,544 [INFO] Read input with 62 peptides.
2023-06-22 17:47:43,544 [INFO] Input software is sm
2023-06-22 17:47:43,545 [DEBUG] Converted values in [1] 20230525_EV_EVO_KK_FAIMS_1CV_Endurance_15SPD_1655_Mahima_TAILS_WT1_UT_PO.raw.EG.TotalQuantity (Settings) to numeric type
2023-06-22 17:47:43,545 [DEBUG] Converted values in [2] 20230525_EV_EVO_KK_FAIMS_1CV_Endurance_15SPD_1655_Mahima_TAILS_WT1_TNP_PO.raw.EG.TotalQuantity (Settings) to numeric type
2023-06-22 17:47:43,545 [DEBUG] Converted values in [3] 20230525_EV_EVO_KK_FAIMS_1CV_Endurance_15SPD_1655_Mahima_TAILS_WT3_UT_PO.raw.EG.TotalQuantity (Settings) to numeric type
2023-06-22 17:47:43,546 [DEBUG] Converted values in [4] 20230525_EV_EVO_KK_FAIMS_1CV_Endurance_15SPD_1655_Mahima_TAILS_WT3_TNP_PO.raw.EG.TotalQuantity (Settings) to numeric type
2023-06-22 17:47:43,546 [DEBUG] Converted values in [5] 20230525_EV_EVO_KK_FAIMS_1CV_Endurance_15SPD_1655_Mahima_TAILS_KO2_UT_PO.raw.EG.TotalQuantity (Settings) to numeric type
2023-06-22 17:47:43,547 [DEBUG] Converted values in [6] 20230525_EV_EVO_KK_FAIMS_1CV_Endurance_15SPD_1655_Mahima_TAILS_KO2_TNP_PO.raw.EG.TotalQuantity (Settings) to numeric type
2023-06-22 17:47:43,547 [DEBUG] Converted values in [7] 20230525_EV_EVO_KK_FAIMS_1CV_Endurance_15SPD_1655_Mahima_TAILS_KO3_UT_PO.raw.EG.TotalQuantity (Settings) to numeric type
2023-06-22 17:47:43,547 [DEBUG] Converted values in [8] 20230525_EV_EVO_KK_FAIMS_1CV_Endurance_15SPD_1655_Mahima_TAILS_KO3_TNP_PO.raw.EG.TotalQuantity (Settings) to numeric type
2023-06-22 17:47:43,548 [DEBUG] Converted values in [9] 20230525_EV_EVO_KK_FAIMS_1CV_Endurance_15SPD_1655_Mahima_TAILS_WT3_TNP_NPO.raw.EG.TotalQuantity (Settings) to numeric type
2023-06-22 17:47:43,548 [DEBUG] Converted values in [10] 20230525_EV_EVO_KK_FAIMS_1CV_Endurance_15SPD_1655_Mahima_TAILS_WT3_UT_NPO.raw.EG.TotalQuantity (Settings) to numeric type
2023-06-22 17:47:43,548 [DEBUG] Converted values in [11] 20230525_EV_EVO_KK_FAIMS_1CV_Endurance_15SPD_1655_Mahima_TAILS_WT1_TNP_NPO.raw.EG.TotalQuantity (Settings) to numeric type
2023-06-22 17:47:43,549 [DEBUG] Converted values in [12] 20230525_EV_EVO_KK_FAIMS_1CV_Endurance_15SPD_1655_Mahima_TAILS_WT1_UT_NPO.raw.EG.TotalQuantity (Settings) to numeric type
2023-06-22 17:47:43,549 [DEBUG] Converted values in [13] 20230525_EV_EVO_KK_FAIMS_1CV_Endurance_15SPD_1655_Mahima_TAILS_KO2_TNP_NPO.raw.EG.TotalQuantity (Settings) to numeric type
2023-06-22 17:47:43,550 [DEBUG] Converted values in [14] 20230525_EV_EVO_KK_FAIMS_1CV_Endurance_15SPD_1655_Mahima_TAILS_KO2_UT_NPO.raw.EG.TotalQuantity (Settings) to numeric type
2023-06-22 17:47:43,550 [DEBUG] Converted values in [15] 20230525_EV_EVO_KK_FAIMS_1CV_Endurance_15SPD_1655_Mahima_TAILS_KO3_TNP_NPO.raw.EG.TotalQuantity (Settings) to numeric type
2023-06-22 17:47:43,550 [DEBUG] Converted values in [16] 20230525_EV_EVO_KK_FAIMS_1CV_Endurance_15SPD_1655_Mahima_TAILS_KO3_UT_NPO.raw.EG.TotalQuantity (Settings) to numeric type
2023-06-22 17:47:43,551 [DEBUG] Converted values in [17] 20230208_EV_EVO_EM_FAIMS_1CV_standard_15SPD_Mahima__DIA_TAILS_PO_30_WT2_TNP_PO.raw.EG.TotalQuantity (Settings) to numeric type
2023-06-22 17:47:43,551 [DEBUG] Converted values in [18] 20230208_EV_EVO_EM_FAIMS_1CV_standard_15SPD_Mahima__DIA_TAILS_NPO_30_WT2_TNP_NPO.raw.EG.TotalQuantity (Settings) to numeric type
2023-06-22 17:47:43,552 [DEBUG] Converted values in [19] 20230208_EV_EVO_EM_FAIMS_1CV_standard_15SPD_Mahima__DIA_TAILS_PO_27_WT2_UT_PO.raw.EG.TotalQuantity (Settings) to numeric type
2023-06-22 17:47:43,552 [DEBUG] Converted values in [20] 20230208_EV_EVO_EM_FAIMS_1CV_standard_15SPD_Mahima__DIA_TAILS_NPO_27_WT2_UT_NPO.raw.EG.TotalQuantity (Settings) to numeric type
2023-06-22 17:47:43,553 [DEBUG] Converted values in [21] 20230208_EV_EVO_EM_FAIMS_1CV_standard_15SPD_Mahima__DIA_TAILS_PO_5_KO1_TNP_PO.raw.EG.TotalQuantity (Settings) to numeric type
2023-06-22 17:47:43,553 [DEBUG] Converted values in [22] 20230208_EV_EVO_EM_FAIMS_1CV_standard_15SPD_Mahima__DIA_TAILS_NPO_5_KO1_TNP_NPO.raw.EG.TotalQuantity (Settings) to numeric type
2023-06-22 17:47:43,553 [DEBUG] Converted values in [23] 20230208_EV_EVO_EM_FAIMS_1CV_standard_15SPD_Mahima__DIA_TAILS_PO_2_KO1_UT_PO.raw.EG.TotalQuantity (Settings) to numeric type
2023-06-22 17:47:43,554 [DEBUG] Converted values in [24] 20230208_EV_EVO_EM_FAIMS_1CV_standard_15SPD_Mahima__DIA_TAILS_NPO_2_KO1_UT_NPO.raw.EG.TotalQuantity (Settings) to numeric type
2023-06-22 17:47:43,554 [INFO] Finished converting quantification values to floats.
2023-06-22 17:47:43,554 [DEBUG] Patterns are: {'acc': 'PG.ProteinAccessions', 'seq': 'PEP.StrippedSequence', 'amino': 'B|J|O|U|X|Z', 'mod': 'EG.PrecursorId', 'quant': 'EG\\.TotalQuantity', 'label': 'Dimeth', 'nterm': 'DimethNter0', 'nterm_label': '\\[DimethNter0\\]', 'lysine_label': 'K\\[DimethLys0\\]'}
2023-06-22 17:47:43,554 [INFO] Successfully generated indexing patterns for sm input. See logfile for the found patterns.
2023-06-22 17:47:43,555 [INFO] Format check complete.

2023-06-22 17:47:43,555 [INFO] Initialization complete!

2023-06-22 17:47:43,555 [INFO] Filtering and sanitizing input...
2023-06-22 17:47:43,555 [WARNING] There were rows with no accession numbers in the loaded file, please check the log file for further information
2023-06-22 17:47:43,555 [DEBUG] Empty accession rows: 52
2023-06-22 17:47:43,555 [DEBUG] Empty accession rows: 53
2023-06-22 17:47:43,555 [DEBUG] Empty accession rows: 54
2023-06-22 17:47:43,555 [DEBUG] Empty accession rows: 55
2023-06-22 17:47:43,555 [DEBUG] Empty accession rows: 56
2023-06-22 17:47:43,555 [DEBUG] Empty accession rows: 57
2023-06-22 17:47:43,555 [DEBUG] Empty accession rows: 58
2023-06-22 17:47:43,555 [DEBUG] Empty accession rows: 59
2023-06-22 17:47:43,555 [DEBUG] Empty accession rows: 60
2023-06-22 17:47:43,555 [DEBUG] Empty accession rows: 61
2023-06-22 17:47:43,555 [DEBUG] Empty accession rows: 62
2023-06-22 17:47:43,556 [DEBUG] Starting annotation of peptides...
2023-06-22 17:47:43,556 [INFO] Reading MEROPS data..
2023-06-22 17:47:44,134 [INFO] Read MEROPS data
2023-06-22 17:47:44,135 [INFO] Initialized annotation dataframe.

2023-06-22 17:47:44,135 [INFO] Fetching information from Uniprot...
2023-06-22 17:48:27,945 [INFO] Gathering info from Uniprot took 00:00:43 hh:mm:ss
2023-06-22 17:48:27,945 [INFO] Finished annotation of peptides.

2023-06-22 17:48:27,945 [INFO] Starting annotation of Protein Atlas data...
2023-06-22 17:48:27,945 [INFO] Reading Protein Atlas data..
2023-06-22 17:48:28,212 [INFO] Read Protein Atlas data.
2023-06-22 17:48:28,215 [WARNING] Duplicates found in 'Uniprot' column of 'protein_atlas_sub'. Dropping duplicates.
2023-06-22 17:48:28,218 [INFO] Finished annotation of Protein Atlas data.

2023-06-22 17:48:28,218 [INFO] Starting proteoform check...
2023-06-22 17:48:28,219 [INFO] Finished proteoform check.
2023-06-22 17:48:28,219 [INFO] Starting exopeptidase activity check...
2023-06-22 17:48:28,223 [DEBUG] 1 RFDTAFFLCCLR FDTAFFLCCLR
2023-06-22 17:48:28,225 [INFO] Exopeptidase activity check took 00:00:00 hh:mm:ss
2023-06-22 17:48:28,225 [INFO] Exopeptidase activity was found, check logfile or output for more details on exact peptide sequences
2023-06-22 17:48:28,225 [INFO] Finished exopeptidase activity check.
2023-06-22 17:48:28,225 [INFO] Performing general statistics annotation...
2023-06-22 17:48:28,226 [INFO] Finished general statistics annotation.

2023-06-22 17:48:28,226 [INFO] Computing structural properties...
2023-06-22 17:48:28,226 [INFO]  - Reading available AlphaFold models...
2023-06-22 17:48:28,241 [INFO]  - Read available AlphaFold models.
2023-06-22 17:48:28,241 [INFO]  - Calculating surface area and secondary structure...
2023-06-22 17:48:40,433 [INFO] Structure calculations took 00:00:12 hh:mm:ss
2023-06-22 17:48:40,439 [INFO] Finished computing structural properties.
2023-06-22 17:48:40,439 [INFO] Generating figures...
2023-06-22 17:48:40,445 [DEBUG] Loaded backend macosx version unknown.
