2023-06-23 09:18:44,366 [INFO] 
2023-06-23 09:18:44,366 [INFO] Annotator started at 2023-06-23 09:18:44.
2023-06-23 09:18:44,391 [DEBUG] Arguments: {'infile': 'C:\\Users\\konka\\Documents\\CLIPPER\\annotator\\annotator\\upload\\HUNTER_clean.xlsx', 'infile_type': 'infer', 'software': 'infer', 'level': 'all', 'dropna': False, 'fillna': None, 'sleeptime': 0.2, 'noexo': False, 'nomerops': False, 'calcstructure': None, 'singlecpu': False, 'conditionfile': 'C:\\Users\\konka\\Documents\\CLIPPER\\annotator\\annotator\\upload\\cond_HUNTER.txt', 'proteasefile': None, 'stat': False, 'stat_pairwise': 'True', 'significance': None, 'visualize': False, 'logo': None, 'pseudocounts': False, 'cleavagevis': 'None', 'enrichment': False, 'pathway': False, 'output_name': '20230623091844_annotated_data', 'output_filetype': 'xlsx', 'separate': False, 'pymol_verbose': False, 'jobid': '103', 'logfile': 'C:\\Users\\konka\\Documents\\CLIPPER\\annotator\\annotator\\log\\103.log', 'resultdest': 'C:\\Users\\konka\\Documents\\CLIPPER\\annotator\\annotator\\results', 'datafolder': 'C:\\Users\\konka\\Documents\\CLIPPER\\annotator\\annotator\\data', 'email': 'konka@dtu.dk'}
2023-06-23 09:18:44,443 [INFO] Startup complete!

2023-06-23 09:18:44,445 [INFO] Reading file...
2023-06-23 09:18:44,453 [INFO] Input is excel
2023-06-23 09:18:47,514 [INFO] Read dataframe.
2023-06-23 09:18:47,514 [INFO] Read input with 15832 peptides.
2023-06-23 09:18:47,522 [INFO] Input software is sm
2023-06-23 09:18:47,557 [DEBUG] Converted values in 20210512_FJ_KK_LB_HUNTER_PO.raw.PEP.TMTpro_127C to numeric type
2023-06-23 09:18:47,591 [DEBUG] Converted values in 20210512_FJ_KK_LB_HUNTER_PO.raw.PEP.TMTpro_128C to numeric type
2023-06-23 09:18:47,619 [DEBUG] Converted values in 20210512_FJ_KK_LB_HUNTER_PO.raw.PEP.TMTpro_129C to numeric type
2023-06-23 09:18:47,647 [DEBUG] Converted values in 20210512_FJ_KK_LB_HUNTER_PO.raw.PEP.TMTpro_130C to numeric type
2023-06-23 09:18:47,684 [DEBUG] Converted values in 20210512_FJ_KK_LB_HUNTER_PO.raw.PEP.TMTpro_131C to numeric type
2023-06-23 09:18:47,714 [DEBUG] Converted values in 20210512_FJ_KK_LB_HUNTER_PO.raw.PEP.TMTpro_132C to numeric type
2023-06-23 09:18:47,715 [INFO] Finished converting quantification values to floats.
2023-06-23 09:18:47,741 [DEBUG] Patterns are: {'acc': 'PG.ProteinAccessions', 'seq': 'PEP.StrippedSequence', 'amino': 'B|J|O|U|X|Z', 'mod': 'P.MoleculeID', 'quant': 'PEP\\.TMT', 'label': '\\[TMT', 'nterm': 'N-?ter', 'nterm_label': 'TMT.*_Nter', 'lysine_label': 'K\\[TMT.{0,3}_Lys\\]'}
2023-06-23 09:18:47,741 [INFO] Successfully generated indexing patterns for sm input. See logfile for the found patterns.
2023-06-23 09:18:47,742 [INFO] Format check complete.

2023-06-23 09:18:47,743 [INFO] Initialization complete!

2023-06-23 09:18:47,744 [INFO] Filtering and sanitizing input...
2023-06-23 09:18:47,759 [DEBUG] Starting annotation of peptides...
2023-06-23 09:18:47,766 [INFO] Reading MEROPS data..
2023-06-23 09:18:49,504 [INFO] Read MEROPS data
2023-06-23 09:18:49,523 [INFO] Initialized annotation dataframe.

2023-06-23 09:18:49,523 [INFO] Fetching information from Uniprot...
2023-06-23 09:20:17,741 [WARNING] Peptide SELHIENLNMEADPGQYR not found in protein sequence for A0A087X2B5.
2023-06-23 09:20:17,770 [WARNING] Peptide ADPGQYR not found in protein sequence for A0A087X2B5.
2023-06-23 09:20:17,856 [WARNING] Peptide NLNMEADPGQYR not found in protein sequence for A0A087X2B5.
2023-06-23 09:20:17,862 [WARNING] Peptide YSCVFLPEPMGTANIQLHGPPR not found in protein sequence for A0A087X2B5.
2023-06-23 09:20:17,994 [WARNING] Peptide NLNMEADPGQYR not found in protein sequence for A0A087X2B5.
2023-06-23 09:20:18,048 [WARNING] Peptide NLNMEADPGQYR not found in protein sequence for A0A087X2B5.
2023-06-23 09:20:21,154 [WARNING] Peptide SCVFLPEPMGTANIQLHGPPR not found in protein sequence for A0A087X2B5.
2023-06-23 09:21:02,128 [WARNING] Error retrieving Uniprot record for A0A494C169: No SwissProt record found
2023-06-23 09:21:23,805 [WARNING] Error retrieving Uniprot record for E7ES96: No SwissProt record found
