2023-06-23 16:40:00,981 [INFO] 
2023-06-23 16:40:00,981 [INFO] Annotator started at 2023-06-23 16:40:00.
2023-06-23 16:40:00,981 [DEBUG] Arguments: {'infile': '../tests/HUNTER_clean_100.xlsx', 'infile_type': 'infer', 'software': 'infer', 'level': 'all', 'dropna': False, 'fillna': None, 'sleeptime': 0.2, 'noexo': False, 'nomerops': False, 'calcstructure': None, 'singlecpu': False, 'conditionfile': '../tests/cond_HUNTER.txt', 'stat': True, 'stat_pairwise': True, 'significance': 'all', 'visualize': True, 'logo': 'all', 'pseudocounts': True, 'cleavagevis': None, 'enrichment': True, 'pathway': True, 'proteasefile': None, 'output_name': None, 'output_filetype': 'xlsx', 'separate': False, 'pymol_verbose': False}
2023-06-23 16:40:00,981 [INFO] Startup complete!

2023-06-23 16:40:00,981 [INFO] Reading file...
2023-06-23 16:40:00,981 [INFO] Input is excel
2023-06-23 16:40:01,046 [INFO] Read dataframe.
2023-06-23 16:40:01,046 [INFO] Read input with 284 peptides.
2023-06-23 16:40:01,047 [INFO] Input software is sm
2023-06-23 16:40:01,047 [DEBUG] Converted values in 20210512_FJ_KK_LB_HUNTER_PO.raw.PEP.TMTpro_127C to numeric type
2023-06-23 16:40:01,048 [DEBUG] Converted values in 20210512_FJ_KK_LB_HUNTER_PO.raw.PEP.TMTpro_128C to numeric type
2023-06-23 16:40:01,049 [DEBUG] Converted values in 20210512_FJ_KK_LB_HUNTER_PO.raw.PEP.TMTpro_129C to numeric type
2023-06-23 16:40:01,049 [DEBUG] Converted values in 20210512_FJ_KK_LB_HUNTER_PO.raw.PEP.TMTpro_130C to numeric type
2023-06-23 16:40:01,050 [DEBUG] Converted values in 20210512_FJ_KK_LB_HUNTER_PO.raw.PEP.TMTpro_131C to numeric type
2023-06-23 16:40:01,050 [DEBUG] Converted values in 20210512_FJ_KK_LB_HUNTER_PO.raw.PEP.TMTpro_132C to numeric type
2023-06-23 16:40:01,050 [INFO] Finished converting quantification values to floats.
2023-06-23 16:40:01,051 [DEBUG] Patterns are: {'acc': 'PG.ProteinAccessions', 'seq': 'PEP.StrippedSequence', 'amino': 'B|J|O|U|X|Z', 'mod': 'P.MoleculeID', 'quant': 'PEP\\.TMT', 'label': '\\[TMT', 'nterm': 'N-?ter', 'nterm_label': 'TMT.*_Nter', 'lysine_label': 'K\\[TMT.{0,3}_Lys\\]'}
2023-06-23 16:40:01,051 [INFO] Successfully generated indexing patterns for sm input. See logfile for the found patterns.
2023-06-23 16:40:01,051 [INFO] Format check complete.

2023-06-23 16:40:01,051 [INFO] Initialization complete!

2023-06-23 16:40:01,051 [INFO] Filtering and sanitizing input...
2023-06-23 16:40:01,052 [DEBUG] Starting annotation of peptides...
2023-06-23 16:40:01,052 [INFO] Reading MEROPS data..
2023-06-23 16:40:01,620 [INFO] Read MEROPS data
2023-06-23 16:40:01,621 [INFO] Initialized annotation dataframe.

2023-06-23 16:40:01,621 [INFO] Fetching information from Uniprot...
2023-06-23 16:40:09,604 [WARNING] Peptide NLNMEADPGQYR not found in protein sequence for A0A087X2B5.
2023-06-23 16:40:09,605 [WARNING] Peptide ADPGQYR not found in protein sequence for A0A087X2B5.
2023-06-23 16:40:09,639 [WARNING] Peptide SELHIENLNMEADPGQYR not found in protein sequence for A0A087X2B5.
2023-06-23 16:40:09,653 [WARNING] Peptide NLNMEADPGQYR not found in protein sequence for A0A087X2B5.
2023-06-23 16:40:09,662 [WARNING] Peptide NLNMEADPGQYR not found in protein sequence for A0A087X2B5.
2023-06-23 16:40:09,663 [WARNING] Peptide YSCVFLPEPMGTANIQLHGPPR not found in protein sequence for A0A087X2B5.
2023-06-23 16:40:10,375 [WARNING] Peptide SCVFLPEPMGTANIQLHGPPR not found in protein sequence for A0A087X2B5.
2023-06-23 16:40:18,355 [WARNING] Error retrieving Uniprot record for A0A494C169: No SwissProt record found
2023-06-23 16:40:32,224 [INFO] Gathering info from Uniprot took 00:00:30 hh:mm:ss
2023-06-23 16:40:32,224 [INFO] Finished annotation of peptides.

2023-06-23 16:40:32,224 [INFO] Starting annotation of Protein Atlas data...
2023-06-23 16:40:32,224 [INFO] Reading Protein Atlas data..
2023-06-23 16:40:32,488 [INFO] Read Protein Atlas data.
2023-06-23 16:40:32,491 [WARNING] Duplicates found in 'Uniprot' column of 'protein_atlas_sub'. Dropping duplicates.
2023-06-23 16:40:32,496 [INFO] Finished annotation of Protein Atlas data.

2023-06-23 16:40:32,496 [INFO] Starting proteoform check...
2023-06-23 16:40:32,497 [INFO] Finished proteoform check.
2023-06-23 16:40:32,497 [INFO] Starting exopeptidase activity check...
2023-06-23 16:40:32,500 [DEBUG] 2 LGLGIDEDEVAAEEPNAAVPDEIPPLEGDEDASR LGIDEDEVAAEEPNAAVPDEIPPLEGDEDASR
2023-06-23 16:40:32,512 [DEBUG] 1 YSCVFLPEPMGTANIQLHGPPR SCVFLPEPMGTANIQLHGPPR
2023-06-23 16:40:32,512 [DEBUG] 2 AEAMDLGKDPNGPTHSSTLFVR AMDLGKDPNGPTHSSTLFVR
2023-06-23 16:40:32,514 [DEBUG] 2 AEAQALLSGDTQTDATSFYDR AQALLSGDTQTDATSFYDR
2023-06-23 16:40:32,519 [DEBUG] 1 KACANPAAGSVILLENLR ACANPAAGSVILLENLR
2023-06-23 16:40:32,519 [DEBUG] 2 KACANPAAGSVILLENLR ANPAAGSVILLENLR
2023-06-23 16:40:32,524 [DEBUG] 1 AAQTSPSPKAGAATGR AQTSPSPKAGAATGR
2023-06-23 16:40:32,525 [DEBUG] 1 SSGFSLEDPQTHSNR SGFSLEDPQTHSNR
2023-06-23 16:40:32,525 [DEBUG] 2 SKNLKLGIHEDSTNR NLKLGIHEDSTNR
2023-06-23 16:40:32,534 [DEBUG] 2 SEDFSLPAYMDR DFSLPAYMDR
2023-06-23 16:40:32,542 [DEBUG] 2 SPVLHFYVR VLHFYVR
2023-06-23 16:40:32,549 [INFO] Exopeptidase activity check took 00:00:00 hh:mm:ss
2023-06-23 16:40:32,549 [INFO] Exopeptidase activity was found, check logfile or output for more details on exact peptide sequences
2023-06-23 16:40:32,549 [INFO] Finished exopeptidase activity check.
2023-06-23 16:40:32,549 [INFO] Parsed condition file
2023-06-23 16:40:32,549 [INFO] Performing general statistics annotation...
2023-06-23 16:40:32,556 [INFO] Finished general statistics annotation.
2023-06-23 16:40:32,556 [INFO] Performing statistical testing...
2023-06-23 16:40:32,557 [INFO] Finished statistical testing.
