2023-07-11 15:23:42,096 [INFO] 
2023-07-11 15:23:42,096 [INFO] Annotator started at 2023-07-11 15:23:42.
2023-07-11 15:23:42,096 [DEBUG] Arguments: {'infile': '../tests/Mahima_DIA_TAILS_small.xlsx', 'infile_type': 'infer', 'conditionfile': '../tests/Mahima_DIA_TAILS_cond.txt', 'software': 'infer', 'level': 'all', 'dropna': False, 'fillna': None, 'sleeptime': 0.2, 'noexo': False, 'nomerops': False, 'calcstructure': None, 'threadingcores': 'max', 'stat': True, 'stat_pairwise': True, 'significance': 'all', 'visualize': True, 'logo': 'all', 'logo_fc': [3, 1.3], 'volcanocutoff': [1.0, 0.5], 'pseudocounts': True, 'cleavagevis': None, 'enrichment': True, 'pathway': True, 'proteasefile': None, 'output_name': None, 'output_filetype': 'xlsx', 'separate': False, 'pymol_verbose': False}
2023-07-11 15:23:42,097 [INFO] Startup complete!

2023-07-11 15:23:42,097 [INFO] Reading file...
2023-07-11 15:23:42,097 [INFO] Input is excel
2023-07-11 15:23:42,155 [INFO] Read dataframe.
2023-07-11 15:23:42,155 [INFO] Read input with 62 peptides.
2023-07-11 15:23:42,155 [INFO] Input software is sm
2023-07-11 15:23:42,156 [DEBUG] Converted values in [1] 20230525_EV_EVO_KK_FAIMS_1CV_Endurance_15SPD_1655_Mahima_TAILS_WT1_UT_PO.raw.EG.TotalQuantity (Settings) to numeric type
2023-07-11 15:23:42,157 [DEBUG] Converted values in [2] 20230525_EV_EVO_KK_FAIMS_1CV_Endurance_15SPD_1655_Mahima_TAILS_WT1_TNP_PO.raw.EG.TotalQuantity (Settings) to numeric type
2023-07-11 15:23:42,157 [DEBUG] Converted values in [3] 20230525_EV_EVO_KK_FAIMS_1CV_Endurance_15SPD_1655_Mahima_TAILS_WT3_UT_PO.raw.EG.TotalQuantity (Settings) to numeric type
2023-07-11 15:23:42,157 [DEBUG] Converted values in [4] 20230525_EV_EVO_KK_FAIMS_1CV_Endurance_15SPD_1655_Mahima_TAILS_WT3_TNP_PO.raw.EG.TotalQuantity (Settings) to numeric type
2023-07-11 15:23:42,158 [DEBUG] Converted values in [5] 20230525_EV_EVO_KK_FAIMS_1CV_Endurance_15SPD_1655_Mahima_TAILS_KO2_UT_PO.raw.EG.TotalQuantity (Settings) to numeric type
2023-07-11 15:23:42,158 [DEBUG] Converted values in [6] 20230525_EV_EVO_KK_FAIMS_1CV_Endurance_15SPD_1655_Mahima_TAILS_KO2_TNP_PO.raw.EG.TotalQuantity (Settings) to numeric type
2023-07-11 15:23:42,159 [DEBUG] Converted values in [7] 20230525_EV_EVO_KK_FAIMS_1CV_Endurance_15SPD_1655_Mahima_TAILS_KO3_UT_PO.raw.EG.TotalQuantity (Settings) to numeric type
2023-07-11 15:23:42,159 [DEBUG] Converted values in [8] 20230525_EV_EVO_KK_FAIMS_1CV_Endurance_15SPD_1655_Mahima_TAILS_KO3_TNP_PO.raw.EG.TotalQuantity (Settings) to numeric type
2023-07-11 15:23:42,159 [DEBUG] Converted values in [9] 20230525_EV_EVO_KK_FAIMS_1CV_Endurance_15SPD_1655_Mahima_TAILS_WT3_TNP_NPO.raw.EG.TotalQuantity (Settings) to numeric type
2023-07-11 15:23:42,160 [DEBUG] Converted values in [10] 20230525_EV_EVO_KK_FAIMS_1CV_Endurance_15SPD_1655_Mahima_TAILS_WT3_UT_NPO.raw.EG.TotalQuantity (Settings) to numeric type
2023-07-11 15:23:42,160 [DEBUG] Converted values in [11] 20230525_EV_EVO_KK_FAIMS_1CV_Endurance_15SPD_1655_Mahima_TAILS_WT1_TNP_NPO.raw.EG.TotalQuantity (Settings) to numeric type
2023-07-11 15:23:42,160 [DEBUG] Converted values in [12] 20230525_EV_EVO_KK_FAIMS_1CV_Endurance_15SPD_1655_Mahima_TAILS_WT1_UT_NPO.raw.EG.TotalQuantity (Settings) to numeric type
2023-07-11 15:23:42,161 [DEBUG] Converted values in [13] 20230525_EV_EVO_KK_FAIMS_1CV_Endurance_15SPD_1655_Mahima_TAILS_KO2_TNP_NPO.raw.EG.TotalQuantity (Settings) to numeric type
2023-07-11 15:23:42,161 [DEBUG] Converted values in [14] 20230525_EV_EVO_KK_FAIMS_1CV_Endurance_15SPD_1655_Mahima_TAILS_KO2_UT_NPO.raw.EG.TotalQuantity (Settings) to numeric type
2023-07-11 15:23:42,161 [DEBUG] Converted values in [15] 20230525_EV_EVO_KK_FAIMS_1CV_Endurance_15SPD_1655_Mahima_TAILS_KO3_TNP_NPO.raw.EG.TotalQuantity (Settings) to numeric type
2023-07-11 15:23:42,162 [DEBUG] Converted values in [16] 20230525_EV_EVO_KK_FAIMS_1CV_Endurance_15SPD_1655_Mahima_TAILS_KO3_UT_NPO.raw.EG.TotalQuantity (Settings) to numeric type
2023-07-11 15:23:42,162 [DEBUG] Converted values in [17] 20230208_EV_EVO_EM_FAIMS_1CV_standard_15SPD_Mahima__DIA_TAILS_PO_30_WT2_TNP_PO.raw.EG.TotalQuantity (Settings) to numeric type
2023-07-11 15:23:42,163 [DEBUG] Converted values in [18] 20230208_EV_EVO_EM_FAIMS_1CV_standard_15SPD_Mahima__DIA_TAILS_NPO_30_WT2_TNP_NPO.raw.EG.TotalQuantity (Settings) to numeric type
2023-07-11 15:23:42,163 [DEBUG] Converted values in [19] 20230208_EV_EVO_EM_FAIMS_1CV_standard_15SPD_Mahima__DIA_TAILS_PO_27_WT2_UT_PO.raw.EG.TotalQuantity (Settings) to numeric type
2023-07-11 15:23:42,163 [DEBUG] Converted values in [20] 20230208_EV_EVO_EM_FAIMS_1CV_standard_15SPD_Mahima__DIA_TAILS_NPO_27_WT2_UT_NPO.raw.EG.TotalQuantity (Settings) to numeric type
2023-07-11 15:23:42,164 [DEBUG] Converted values in [21] 20230208_EV_EVO_EM_FAIMS_1CV_standard_15SPD_Mahima__DIA_TAILS_PO_5_KO1_TNP_PO.raw.EG.TotalQuantity (Settings) to numeric type
2023-07-11 15:23:42,164 [DEBUG] Converted values in [22] 20230208_EV_EVO_EM_FAIMS_1CV_standard_15SPD_Mahima__DIA_TAILS_NPO_5_KO1_TNP_NPO.raw.EG.TotalQuantity (Settings) to numeric type
2023-07-11 15:23:42,164 [DEBUG] Converted values in [23] 20230208_EV_EVO_EM_FAIMS_1CV_standard_15SPD_Mahima__DIA_TAILS_PO_2_KO1_UT_PO.raw.EG.TotalQuantity (Settings) to numeric type
2023-07-11 15:23:42,165 [DEBUG] Converted values in [24] 20230208_EV_EVO_EM_FAIMS_1CV_standard_15SPD_Mahima__DIA_TAILS_NPO_2_KO1_UT_NPO.raw.EG.TotalQuantity (Settings) to numeric type
2023-07-11 15:23:42,165 [INFO] Finished converting quantification values to floats.
2023-07-11 15:23:42,165 [DEBUG] Patterns are: {'acc': 'PG.ProteinAccessions', 'seq': 'PEP.StrippedSequence', 'amino': 'B|J|O|U|X|Z', 'mod': 'EG.PrecursorId', 'quant': 'EG\\.TotalQuantity', 'label': 'Dimeth', 'nterm': 'DimethNter0', 'nterm_label': '\\[DimethNter0\\]', 'lysine_label': 'K\\[DimethLys0\\]'}
2023-07-11 15:23:42,165 [INFO] Successfully generated indexing patterns for sm input. See logfile for the found patterns.
2023-07-11 15:23:42,165 [INFO] Format check complete.

2023-07-11 15:23:42,166 [INFO] Initialization complete!

2023-07-11 15:23:42,166 [INFO] Filtering and sanitizing input...
2023-07-11 15:23:42,166 [WARNING] There were rows with no accession numbers in the loaded file, please check the log file for further information
2023-07-11 15:23:42,166 [DEBUG] Empty accession rows: 52
2023-07-11 15:23:42,166 [DEBUG] Empty accession rows: 53
2023-07-11 15:23:42,166 [DEBUG] Empty accession rows: 54
2023-07-11 15:23:42,166 [DEBUG] Empty accession rows: 55
2023-07-11 15:23:42,166 [DEBUG] Empty accession rows: 56
2023-07-11 15:23:42,166 [DEBUG] Empty accession rows: 57
2023-07-11 15:23:42,166 [DEBUG] Empty accession rows: 58
2023-07-11 15:23:42,166 [DEBUG] Empty accession rows: 59
2023-07-11 15:23:42,166 [DEBUG] Empty accession rows: 60
2023-07-11 15:23:42,166 [DEBUG] Empty accession rows: 61
2023-07-11 15:23:42,166 [DEBUG] Empty accession rows: 62
2023-07-11 15:23:42,167 [DEBUG] Starting annotation of peptides...
2023-07-11 15:23:42,167 [INFO] Reading MEROPS data..
2023-07-11 15:23:42,717 [INFO] Read MEROPS data
2023-07-11 15:23:42,718 [INFO] Initialized annotation dataframe.

2023-07-11 15:23:42,718 [INFO] Fetching information from Uniprot...
