2023-06-24 10:34:22,563 [INFO] 
2023-06-24 10:34:22,564 [INFO] Annotator started at 2023-06-24 10:34:22.
2023-06-24 10:34:22,570 [DEBUG] Arguments: {'infile': 'C:\\Users\\konka\\Documents\\CLIPPER\\annotator\\annotator\\upload\\HUNTER_clean_100.xlsx', 'infile_type': 'infer', 'software': 'infer', 'level': 'all', 'dropna': False, 'fillna': None, 'sleeptime': 0.2, 'noexo': False, 'nomerops': False, 'calcstructure': None, 'singlecpu': False, 'conditionfile': 'C:\\Users\\konka\\Documents\\CLIPPER\\annotator\\annotator\\upload\\cond.txt', 'proteasefile': None, 'stat': False, 'stat_pairwise': False, 'significance': None, 'visualize': False, 'logo': None, 'pseudocounts': False, 'cleavagevis': 'None', 'enrichment': False, 'pathway': False, 'output_name': '20230624103422_annotated_data', 'output_filetype': 'xlsx', 'separate': False, 'pymol_verbose': False, 'jobid': '109', 'logfile': 'C:\\Users\\konka\\Documents\\CLIPPER\\annotator\\annotator\\log\\109.log', 'resultdest': 'C:\\Users\\konka\\Documents\\CLIPPER\\annotator\\annotator\\results', 'datafolder': 'C:\\Users\\konka\\Documents\\CLIPPER\\annotator\\annotator\\data', 'email': 'konka@dtu.dk'}
2023-06-24 10:34:22,594 [INFO] Startup complete!

2023-06-24 10:34:22,596 [INFO] Reading file...
2023-06-24 10:34:22,596 [INFO] Input is excel
2023-06-24 10:34:23,390 [INFO] Read dataframe.
2023-06-24 10:34:23,390 [INFO] Read input with 284 peptides.
2023-06-24 10:34:23,393 [INFO] Input software is sm
2023-06-24 10:34:23,399 [DEBUG] Converted values in 20210512_FJ_KK_LB_HUNTER_PO.raw.PEP.TMTpro_127C to numeric type
2023-06-24 10:34:23,404 [DEBUG] Converted values in 20210512_FJ_KK_LB_HUNTER_PO.raw.PEP.TMTpro_128C to numeric type
2023-06-24 10:34:23,406 [DEBUG] Converted values in 20210512_FJ_KK_LB_HUNTER_PO.raw.PEP.TMTpro_129C to numeric type
2023-06-24 10:34:23,409 [DEBUG] Converted values in 20210512_FJ_KK_LB_HUNTER_PO.raw.PEP.TMTpro_130C to numeric type
2023-06-24 10:34:23,411 [DEBUG] Converted values in 20210512_FJ_KK_LB_HUNTER_PO.raw.PEP.TMTpro_131C to numeric type
2023-06-24 10:34:23,413 [DEBUG] Converted values in 20210512_FJ_KK_LB_HUNTER_PO.raw.PEP.TMTpro_132C to numeric type
2023-06-24 10:34:23,413 [INFO] Finished converting quantification values to floats.
2023-06-24 10:34:23,417 [DEBUG] Patterns are: {'acc': 'PG.ProteinAccessions', 'seq': 'PEP.StrippedSequence', 'amino': 'B|J|O|U|X|Z', 'mod': 'P.MoleculeID', 'quant': 'PEP\\.TMT', 'label': '\\[TMT', 'nterm': 'N-?ter', 'nterm_label': 'TMT.*_Nter', 'lysine_label': 'K\\[TMT.{0,3}_Lys\\]'}
2023-06-24 10:34:23,417 [INFO] Successfully generated indexing patterns for sm input. See logfile for the found patterns.
2023-06-24 10:34:23,418 [INFO] Format check complete.

2023-06-24 10:34:23,420 [INFO] Initialization complete!

2023-06-24 10:34:23,420 [INFO] Filtering and sanitizing input...
2023-06-24 10:34:23,421 [DEBUG] Starting annotation of peptides...
2023-06-24 10:34:23,422 [INFO] Reading MEROPS data..
2023-06-24 10:34:25,051 [INFO] Read MEROPS data
2023-06-24 10:34:25,072 [INFO] Initialized annotation dataframe.

2023-06-24 10:34:25,073 [INFO] Fetching information from Uniprot...
2023-06-24 10:35:15,321 [WARNING] Peptide NLNMEADPGQYR not found in protein sequence for A0A087X2B5.
2023-06-24 10:35:15,475 [WARNING] Peptide SELHIENLNMEADPGQYR not found in protein sequence for A0A087X2B5.
2023-06-24 10:35:15,545 [WARNING] Peptide ADPGQYR not found in protein sequence for A0A087X2B5.
2023-06-24 10:35:15,586 [WARNING] Peptide NLNMEADPGQYR not found in protein sequence for A0A087X2B5.
2023-06-24 10:35:15,634 [WARNING] Peptide YSCVFLPEPMGTANIQLHGPPR not found in protein sequence for A0A087X2B5.
2023-06-24 10:35:15,642 [WARNING] Peptide NLNMEADPGQYR not found in protein sequence for A0A087X2B5.
2023-06-24 10:35:19,902 [WARNING] Peptide SCVFLPEPMGTANIQLHGPPR not found in protein sequence for A0A087X2B5.
2023-06-24 10:36:12,199 [WARNING] Error retrieving Uniprot record for A0A494C169: No SwissProt record found
2023-06-24 10:37:32,980 [INFO] Gathering info from Uniprot took 00:03:07 hh:mm:ss
2023-06-24 10:37:32,980 [INFO] Finished annotation of peptides.

2023-06-24 10:37:32,981 [INFO] Starting annotation of Protein Atlas data...
2023-06-24 10:37:32,981 [INFO] Reading Protein Atlas data..
2023-06-24 10:37:33,683 [INFO] Read Protein Atlas data.
2023-06-24 10:37:33,713 [WARNING] Duplicates found in 'Uniprot' column of 'protein_atlas_sub'. Dropping duplicates.
2023-06-24 10:37:33,747 [INFO] Finished annotation of Protein Atlas data.

2023-06-24 10:37:33,749 [INFO] Starting proteoform check...
2023-06-24 10:37:33,751 [INFO] Finished proteoform check.
2023-06-24 10:37:33,751 [INFO] Starting exopeptidase activity check...
2023-06-24 10:37:33,769 [DEBUG] 2 LGLGIDEDEVAAEEPNAAVPDEIPPLEGDEDASR LGIDEDEVAAEEPNAAVPDEIPPLEGDEDASR
2023-06-24 10:37:33,803 [DEBUG] 1 YSCVFLPEPMGTANIQLHGPPR SCVFLPEPMGTANIQLHGPPR
2023-06-24 10:37:33,808 [DEBUG] 2 AEAMDLGKDPNGPTHSSTLFVR AMDLGKDPNGPTHSSTLFVR
2023-06-24 10:37:33,815 [DEBUG] 2 AEAQALLSGDTQTDATSFYDR AQALLSGDTQTDATSFYDR
2023-06-24 10:37:33,832 [DEBUG] 1 KACANPAAGSVILLENLR ACANPAAGSVILLENLR
2023-06-24 10:37:33,832 [DEBUG] 2 KACANPAAGSVILLENLR ANPAAGSVILLENLR
2023-06-24 10:37:33,863 [DEBUG] 1 AAQTSPSPKAGAATGR AQTSPSPKAGAATGR
2023-06-24 10:37:33,864 [DEBUG] 1 SSGFSLEDPQTHSNR SGFSLEDPQTHSNR
2023-06-24 10:37:33,865 [DEBUG] 2 SKNLKLGIHEDSTNR NLKLGIHEDSTNR
2023-06-24 10:37:33,901 [DEBUG] 2 SEDFSLPAYMDR DFSLPAYMDR
2023-06-24 10:37:33,930 [DEBUG] 2 SPVLHFYVR VLHFYVR
2023-06-24 10:37:33,953 [INFO] Exopeptidase activity check took 00:00:00 hh:mm:ss
2023-06-24 10:37:33,954 [INFO] Exopeptidase activity was found, check logfile or output for more details on exact peptide sequences
2023-06-24 10:37:33,954 [INFO] Finished exopeptidase activity check.
2023-06-24 10:37:33,965 [INFO] Parsed condition file
2023-06-24 10:37:33,965 [INFO] Performing general statistics annotation...
2023-06-24 10:37:33,987 [INFO] Finished general statistics annotation.
2023-06-24 10:37:33,989 [INFO] Writing output files...
2023-06-24 10:37:34,355 [INFO] Finished. Wrote results to C:\Users\konka\Documents\CLIPPER\annotator\annotator\results\20230624103422_annotated_data.
2023-06-24 10:37:34,401 [INFO] Finished writing output files
2023-06-24 10:37:34,401 [INFO] 
CLIPPER 2.0 pipeline completed in 0:03:11.840992.

2023-06-24 10:37:42,291 [INFO] 127.0.0.1 - - [24/Jun/2023 10:37:42] "GET /109/result HTTP/1.1" 200 -
