2023-06-25 10:34:09,991 [INFO] 
2023-06-25 10:34:09,992 [INFO] Annotator started at 2023-06-25 10:34:09.
2023-06-25 10:34:10,003 [DEBUG] Arguments: {'infile': '..\\tests\\BaPI_Nterm.xlsx', 'infile_type': 'infer', 'software': 'infer', 'level': 'all', 'dropna': False, 'fillna': None, 'sleeptime': 0.2, 'noexo': False, 'nomerops': False, 'calcstructure': None, 'singlecpu': False, 'conditionfile': '..\\tests\\cond_bapi.txt', 'stat': False, 'stat_pairwise': False, 'significance': 'all', 'visualize': False, 'logo': None, 'pseudocounts': True, 'cleavagevis': None, 'enrichment': False, 'pathway': False, 'proteasefile': None, 'output_name': None, 'output_filetype': 'xlsx', 'separate': False, 'pymol_verbose': False}
2023-06-25 10:34:10,042 [INFO] Startup complete!

2023-06-25 10:34:10,043 [INFO] Reading file...
2023-06-25 10:34:10,044 [INFO] Input is excel
2023-06-25 10:34:11,028 [INFO] Read dataframe.
2023-06-25 10:34:11,029 [INFO] Read input with 803 peptides.
2023-06-25 10:34:11,031 [INFO] Input software is pd
2023-06-25 10:34:11,036 [DEBUG] Converted values in Abundances (Normalized): F1: 130C, Sample, BaPI to numeric type
2023-06-25 10:34:11,038 [DEBUG] Converted values in Abundances (Normalized): F1: 131N, Sample, BaPI to numeric type
2023-06-25 10:34:11,041 [DEBUG] Converted values in Abundances (Normalized): F1: 131C, Sample, BaPI to numeric type
2023-06-25 10:34:11,043 [DEBUG] Converted values in Abundances (Normalized): F1: 129N, Sample, control to numeric type
2023-06-25 10:34:11,045 [DEBUG] Converted values in Abundances (Normalized): F1: 129C, Sample, control to numeric type
2023-06-25 10:34:11,048 [DEBUG] Converted values in Abundances (Normalized): F1: 130N, Sample, control to numeric type
2023-06-25 10:34:11,048 [INFO] Finished converting quantification values to floats.
2023-06-25 10:34:11,054 [DEBUG] Patterns are: {'acc': 'Master Protein Accessions', 'mod': 'Modifications', 'nterm': '\\[N-Term\\]', 'seq': 'Annotated Sequence', 'amino': '\\.[A-Z]*(B|J|O|U|X|Z)[A-Z]*\\.', 'quant': 'Abundances \\(?Normalized\\):.*', 'label': 'TMT', 'nterm_label': 'TMT.* \\[N-Term\\]', 'lysine_label': 'TMT.{0,5} \\[K'}
2023-06-25 10:34:11,054 [INFO] Successfully generated indexing patterns for pd input. See logfile for the found patterns.
2023-06-25 10:34:11,055 [INFO] Format check complete.

2023-06-25 10:34:11,056 [INFO] Initialization complete!

2023-06-25 10:34:11,057 [INFO] Filtering and sanitizing input...
2023-06-25 10:34:11,059 [DEBUG] Starting annotation of peptides...
2023-06-25 10:34:11,061 [INFO] Reading MEROPS data..
2023-06-25 10:34:12,248 [INFO] Read MEROPS data
2023-06-25 10:34:12,252 [INFO] Initialized annotation dataframe.

2023-06-25 10:34:12,253 [INFO] Fetching information from Uniprot...
2023-06-25 10:39:07,614 [WARNING] Peptide LKLDKENAIDR not found in protein sequence for P09493.
2023-06-25 10:40:32,310 [WARNING] Peptide ILLSKLR not found in protein sequence for Q9BUF5.
2023-06-25 10:40:50,918 [INFO] Gathering info from Uniprot took 00:06:38 hh:mm:ss
2023-06-25 10:40:50,918 [INFO] Finished annotation of peptides.

2023-06-25 10:40:50,919 [INFO] Starting annotation of Protein Atlas data...
2023-06-25 10:40:50,920 [INFO] Reading Protein Atlas data..
2023-06-25 10:40:51,520 [INFO] Read Protein Atlas data.
2023-06-25 10:40:51,558 [WARNING] Duplicates found in 'Uniprot' column of 'protein_atlas_sub'. Dropping duplicates.
2023-06-25 10:40:51,598 [INFO] Finished annotation of Protein Atlas data.

2023-06-25 10:40:51,599 [INFO] Starting proteoform check...
2023-06-25 10:40:51,603 [INFO] Finished proteoform check.
2023-06-25 10:40:51,605 [INFO] Starting exopeptidase activity check...
2023-06-25 10:40:51,614 [DEBUG] 1 EEEEEGGEEEEEEEEGDGEEEDGDEDEEAESATGKR EEEEGGEEEEEEEEGDGEEEDGDEDEEAESATGKR
2023-06-25 10:40:51,615 [DEBUG] 2 EEEEEGGEEEEEEEEGDGEEEDGDEDEEAESATGKR EEGGEEEEEEEEGDGEEEDGDEDEEAESATGKR
2023-06-25 10:40:51,616 [DEBUG] 1 EEEEEGGEEEEEEEEGDGEEEDGDEDEEAESATGKR EGGEEEEEEEEGDGEEEDGDEDEEAESATGKR
2023-06-25 10:40:51,629 [DEBUG] 2 LYQGAGGPGPGGFGAQGPKGGSGSGPTIEEVD QGAGGPGPGGFGAQGPKGGSGSGPTIEEVD
2023-06-25 10:40:51,633 [DEBUG] 1 SQSSDTEQQSPTSGGGKVAPAQPSEEGPGR QSSDTEQQSPTSGGGKVAPAQPSEEGPGR
2023-06-25 10:40:51,690 [DEBUG] 1 YSLPPHQKVPLPSLSPTMQAGTIAR SLPPHQKVPLPSLSPTMQAGTIAR
2023-06-25 10:40:51,695 [DEBUG] 1 EQQSPTSGGGKVAPAQPSEEGPGR QQSPTSGGGKVAPAQPSEEGPGR
2023-06-25 10:40:51,696 [DEBUG] 2 SLAGSSGPGASSGTSGDHGELVVR AGSSGPGASSGTSGDHGELVVR
2023-06-25 10:40:51,731 [DEBUG] 1 LEKDYEEVGADSADGEDEGEEY EKDYEEVGADSADGEDEGEEY
2023-06-25 10:40:51,740 [DEBUG] 2 LYGSAGPPPTGEEDTAEKDEL GSAGPPPTGEEDTAEKDEL
2023-06-25 10:40:51,762 [DEBUG] 1 EEDEDDDEGEEGEEDEGEDD EDEDDDEGEEGEEDEGEDD
2023-06-25 10:40:51,763 [DEBUG] 2 EEDEDDDEGEEGEEDEGEDD EDDDEGEEGEEDEGEDD
2023-06-25 10:40:51,765 [DEBUG] 1 YGGGPGGGNFGGSPGYGGGR GGGPGGGNFGGSPGYGGGR
2023-06-25 10:40:51,774 [DEBUG] 1 CIMLSGETAKGDYPLEAVR IMLSGETAKGDYPLEAVR
2023-06-25 10:40:51,785 [DEBUG] 2 QQQRPEDAEDGAEGGGKR QRPEDAEDGAEGGGKR
2023-06-25 10:40:51,791 [DEBUG] 2 DKEEDEEEDVPGQAKDEL EEDEEEDVPGQAKDEL
2023-06-25 10:40:51,795 [DEBUG] 1 EQQEAIEHIDEVQNEIDR QQEAIEHIDEVQNEIDR
2023-06-25 10:40:51,796 [DEBUG] 1 EQQEAIEHIDEVQNEIDR QEAIEHIDEVQNEIDR
2023-06-25 10:40:51,796 [DEBUG] 2 EQQEAIEHIDEVQNEIDR AIEHIDEVQNEIDR
2023-06-25 10:40:51,797 [DEBUG] 1 EQQEAIEHIDEVQNEIDR IEHIDEVQNEIDR
2023-06-25 10:40:51,797 [DEBUG] 2 EQQEAIEHIDEVQNEIDR HIDEVQNEIDR
2023-06-25 10:40:51,801 [DEBUG] 2 EVGVDSVEGEGEEEGEEY GVDSVEGEGEEEGEEY
2023-06-25 10:40:51,802 [DEBUG] 1 EVGVDSVEGEGEEEGEEY VDSVEGEGEEEGEEY
2023-06-25 10:40:51,803 [DEBUG] 1 EVGVDSVEGEGEEEGEEY DSVEGEGEEEGEEY
2023-06-25 10:40:51,804 [DEBUG] 1 EVGVDSVEGEGEEEGEEY SVEGEGEEEGEEY
2023-06-25 10:40:51,805 [DEBUG] 1 EVGVDSVEGEGEEEGEEY VEGEGEEEGEEY
2023-06-25 10:40:51,806 [DEBUG] 1 EVGVDSVEGEGEEEGEEY EGEGEEEGEEY
2023-06-25 10:40:51,807 [DEBUG] 1 EVGVDSVEGEGEEEGEEY GEGEEEGEEY
2023-06-25 10:40:51,812 [DEBUG] 1 EAEEGEDDRDSANGEDDS AEEGEDDRDSANGEDDS
2023-06-25 10:40:51,814 [DEBUG] 1 EAEEGEDDRDSANGEDDS EEGEDDRDSANGEDDS
2023-06-25 10:40:51,814 [DEBUG] 1 EAEEGEDDRDSANGEDDS EGEDDRDSANGEDDS
2023-06-25 10:40:51,822 [DEBUG] 2 LCCNDESGEDVEVPYVR CNDESGEDVEVPYVR
2023-06-25 10:40:51,828 [DEBUG] 2 LKVGGTSDVEVNEKKDR VGGTSDVEVNEKKDR
2023-06-25 10:40:51,842 [DEBUG] 1 LSLAPVNIFKAGADEER SLAPVNIFKAGADEER
2023-06-25 10:40:51,845 [DEBUG] 1 EEEEEEEEPVKEAPGKR EEEEEEEPVKEAPGKR
2023-06-25 10:40:51,846 [DEBUG] 1 EEEEEEEEPVKEAPGKR EEEEEEPVKEAPGKR
2023-06-25 10:40:51,848 [DEBUG] 1 ATKEDAEAPGIRDHESL TKEDAEAPGIRDHESL
2023-06-25 10:40:51,849 [DEBUG] 1 ATKEDAEAPGIRDHESL KEDAEAPGIRDHESL
2023-06-25 10:40:51,869 [DEBUG] 2 QESSGEEDSDLSPEER SSGEEDSDLSPEER
2023-06-25 10:40:51,875 [DEBUG] 1 LSVDGEDENEGEDYAE SVDGEDENEGEDYAE
2023-06-25 10:40:51,879 [DEBUG] 2 AAQTSPSPKAGAATGR QTSPSPKAGAATGR
2023-06-25 10:40:51,880 [DEBUG] 1 APSVPAAEPEYPKGIR PSVPAAEPEYPKGIR
2023-06-25 10:40:51,881 [DEBUG] 1 APSVPAAEPEYPKGIR SVPAAEPEYPKGIR
2023-06-25 10:40:51,882 [DEBUG] 1 VHEDSGDEDGEDPDKR HEDSGDEDGEDPDKR
2023-06-25 10:40:51,891 [DEBUG] 1 EVGADSADGEDEGEEY VGADSADGEDEGEEY
2023-06-25 10:40:51,892 [DEBUG] 2 EVGADSADGEDEGEEY ADSADGEDEGEEY
2023-06-25 10:40:51,892 [DEBUG] 1 EVGADSADGEDEGEEY DSADGEDEGEEY
2023-06-25 10:40:51,894 [DEBUG] 2 EVGADSADGEDEGEEY ADGEDEGEEY
2023-06-25 10:40:51,901 [DEBUG] 1 RADLNQGIGEPQSPSR ADLNQGIGEPQSPSR
2023-06-25 10:40:51,907 [DEBUG] 1 RLDTDDLDEIEKIAN LDTDDLDEIEKIAN
2023-06-25 10:40:51,912 [DEBUG] 1 QHSNAAQTQTGEANR HSNAAQTQTGEANR
2023-06-25 10:40:51,914 [DEBUG] 1 QLITGKEDAANNYAR LITGKEDAANNYAR
2023-06-25 10:40:51,915 [DEBUG] 1 QLITGKEDAANNYAR ITGKEDAANNYAR
2023-06-25 10:40:51,917 [DEBUG] 1 LQMEAPHIIVGTPGR QMEAPHIIVGTPGR
2023-06-25 10:40:51,936 [DEBUG] 1 SQFQESDDADEDYGR QFQESDDADEDYGR
2023-06-25 10:40:51,937 [DEBUG] 1 SQFQESDDADEDYGR FQESDDADEDYGR
2023-06-25 10:40:51,938 [DEBUG] 1 SQFQESDDADEDYGR QESDDADEDYGR
2023-06-25 10:40:51,943 [DEBUG] 1 SHGSQETDEEFDAR HGSQETDEEFDAR
2023-06-25 10:40:51,946 [DEBUG] 2 LVIIEGDLERTEER IIEGDLERTEER
2023-06-25 10:40:51,954 [DEBUG] 1 AGEEGGEAPQEPQS GEEGGEAPQEPQS
2023-06-25 10:40:51,956 [DEBUG] 1 AFMVDNEAIYDICR FMVDNEAIYDICR
2023-06-25 10:40:51,960 [DEBUG] 1 VLLTEAPLNPKANR LLTEAPLNPKANR
2023-06-25 10:40:51,960 [DEBUG] 1 VLLTEAPLNPKANR LTEAPLNPKANR
2023-06-25 10:40:51,978 [DEBUG] 1 LAEDIDKGEVSAR AEDIDKGEVSAR
2023-06-25 10:40:51,981 [DEBUG] 1 MEVEEDDPVPEIR EVEEDDPVPEIR
2023-06-25 10:40:51,982 [DEBUG] 2 MEVEEDDPVPEIR EEDDPVPEIR
2023-06-25 10:40:51,985 [DEBUG] 1 QGDEAEAGEGGEN GDEAEAGEGGEN
2023-06-25 10:40:51,985 [DEBUG] 2 QGDEAEAGEGGEN EAEAGEGGEN
2023-06-25 10:40:51,989 [DEBUG] 1 AGEECDAAEGAEN GEECDAAEGAEN
2023-06-25 10:40:51,989 [DEBUG] 1 AGEECDAAEGAEN EECDAAEGAEN
2023-06-25 10:40:51,994 [DEBUG] 1 RAAEEEDEADPKR AAEEEDEADPKR
2023-06-25 10:40:51,995 [DEBUG] 1 RAAEEEDEADPKR AEEEDEADPKR
2023-06-25 10:40:51,995 [DEBUG] 1 RAAEEEDEADPKR EEEDEADPKR
2023-06-25 10:40:51,999 [DEBUG] 1 DDIGDDDEDIDDI DIGDDDEDIDDI
2023-06-25 10:40:52,002 [DEBUG] 1 QGGAGAGDDEEED GGAGAGDDEEED
2023-06-25 10:40:52,002 [DEBUG] 1 QGGAGAGDDEEED GAGAGDDEEED
2023-06-25 10:40:52,005 [DEBUG] 1 EEEDVPGQAKDEL EEDVPGQAKDEL
2023-06-25 10:40:52,013 [DEBUG] 1 QTTALPDEDDDL TTALPDEDDDL
2023-06-25 10:40:52,013 [DEBUG] 2 QTTALPDEDDDL ALPDEDDDL
2023-06-25 10:40:52,015 [DEBUG] 1 LKEDQTEYLEER KEDQTEYLEER
2023-06-25 10:40:52,020 [DEBUG] 1 HLLLQNNLPAVR LLLQNNLPAVR
2023-06-25 10:40:52,023 [DEBUG] 1 QIKELTDEEAER IKELTDEEAER
2023-06-25 10:40:52,023 [DEBUG] 2 QIKELTDEEAER ELTDEEAER
2023-06-25 10:40:52,024 [DEBUG] 1 QIKELTDEEAER LTDEEAER
2023-06-25 10:40:52,025 [DEBUG] 1 QGDEGDAGEGEN GDEGDAGEGEN
2023-06-25 10:40:52,030 [DEBUG] 2 CKAGFAGDDAPR AGFAGDDAPR
2023-06-25 10:40:52,035 [DEBUG] 1 SRDEDNDEDEER RDEDNDEDEER
2023-06-25 10:40:52,038 [DEBUG] 2 EVQGAGNENEPR QGAGNENEPR
2023-06-25 10:40:52,041 [DEBUG] 1 FQSTTGHCVHMR QSTTGHCVHMR
2023-06-25 10:40:52,042 [DEBUG] 1 FQSTTGHCVHMR STTGHCVHMR
2023-06-25 10:40:52,044 [DEBUG] 1 FSLEDPQTHANR SLEDPQTHANR
2023-06-25 10:40:52,053 [DEBUG] 1 GEEGEEDEGEDD EEGEEDEGEDD
2023-06-25 10:40:52,053 [DEBUG] 1 GEEGEEDEGEDD EGEEDEGEDD
2023-06-25 10:40:52,055 [DEBUG] 1 YAKDVKFGADAR AKDVKFGADAR
2023-06-25 10:40:52,074 [DEBUG] 1 VEEELDRAQER EEELDRAQER
2023-06-25 10:40:52,077 [DEBUG] 1 FGSDQSENVDR GSDQSENVDR
2023-06-25 10:40:52,101 [DEBUG] 1 LLDDDDNEDR LDDDDNEDR
2023-06-25 10:40:52,107 [DEBUG] 1 EQLEEEESAR QLEEEESAR
2023-06-25 10:40:52,108 [DEBUG] 1 EQLEEEESAR LEEEESAR
2023-06-25 10:40:52,119 [DEBUG] 1 QDDDGGEGNN DDDGGEGNN
2023-06-25 10:40:52,122 [DEBUG] 1 LVIIEGDLER VIIEGDLER
2023-06-25 10:40:52,122 [DEBUG] 1 LVIIEGDLER IIEGDLER
2023-06-25 10:40:52,126 [DEBUG] 1 QQQADEAEDR QQADEAEDR
2023-06-25 10:40:52,127 [DEBUG] 1 QQQADEAEDR QADEAEDR
2023-06-25 10:40:52,127 [DEBUG] 1 QQQADEAEDR ADEAEDR
2023-06-25 10:40:52,129 [DEBUG] 1 FVGQDVEGER VGQDVEGER
2023-06-25 10:40:52,143 [DEBUG] 2 LAHEEVKTR HEEVKTR
2023-06-25 10:40:52,148 [DEBUG] 2 QFEDADVDH EDADVDH
2023-06-25 10:40:52,155 [DEBUG] 1 LLQDSGEVR LQDSGEVR
2023-06-25 10:40:52,161 [DEBUG] 2 KASDVHEVR SDVHEVR
2023-06-25 10:40:52,174 [DEBUG] 1 WETEERPR ETEERPR
2023-06-25 10:40:52,206 [INFO] Exopeptidase activity check took 00:00:00 hh:mm:ss
2023-06-25 10:40:52,206 [INFO] Exopeptidase activity was found, check logfile or output for more details on exact peptide sequences
2023-06-25 10:40:52,206 [INFO] Finished exopeptidase activity check.
2023-06-25 10:40:52,226 [INFO] Parsed condition file
2023-06-25 10:40:52,227 [INFO] Performing general statistics annotation...
2023-06-25 10:40:52,263 [INFO] Finished general statistics annotation.
2023-06-25 10:40:52,263 [INFO] Checking fold distribution...
2023-06-25 10:40:52,419 [INFO] Finished fold distribution check.

2023-06-25 10:40:52,421 [INFO] Writing output files...
2023-06-25 10:40:54,006 [INFO] Finished. Wrote results to C:\Users\konka\Documents\CLIPPER\annotator\annotator\results\20230625103409.
2023-06-25 10:40:54,106 [INFO] Finished writing output files
2023-06-25 10:40:54,107 [INFO] 
CLIPPER 2.0 pipeline completed in 0:06:44.116978.

