2023-07-04 09:52:05,259 [INFO] 
2023-07-04 09:52:05,259 [INFO] Annotator started at 2023-07-04 09:52:05.
2023-07-04 09:52:05,262 [DEBUG] Arguments: {'infile': '..\\tests\\HUNTER_clean_100.xlsx', 'infile_type': 'infer', 'software': 'infer', 'level': 'all', 'dropna': False, 'fillna': None, 'sleeptime': 0.2, 'noexo': False, 'nomerops': False, 'calcstructure': 'sig', 'singlecpu': False, 'conditionfile': '..\\tests\\cond_HUNTER.txt', 'stat': True, 'stat_pairwise': True, 'significance': None, 'visualize': True, 'logo': None, 'pseudocounts': True, 'cleavagevis': 'both', 'enrichment': False, 'pathway': False, 'proteasefile': None, 'output_name': None, 'output_filetype': 'xlsx', 'separate': False, 'pymol_verbose': False}
2023-07-04 09:52:05,270 [INFO] Startup complete!

2023-07-04 09:52:05,271 [INFO] Reading file...
2023-07-04 09:52:05,271 [INFO] Input is excel
2023-07-04 09:52:05,680 [INFO] Read dataframe.
2023-07-04 09:52:05,681 [INFO] Read input with 284 peptides.
2023-07-04 09:52:05,681 [INFO] Input software is sm
2023-07-04 09:52:05,684 [DEBUG] Converted values in 20210512_FJ_KK_LB_HUNTER_PO.raw.PEP.TMTpro_127C to numeric type
2023-07-04 09:52:05,686 [DEBUG] Converted values in 20210512_FJ_KK_LB_HUNTER_PO.raw.PEP.TMTpro_128C to numeric type
2023-07-04 09:52:05,688 [DEBUG] Converted values in 20210512_FJ_KK_LB_HUNTER_PO.raw.PEP.TMTpro_129C to numeric type
2023-07-04 09:52:05,690 [DEBUG] Converted values in 20210512_FJ_KK_LB_HUNTER_PO.raw.PEP.TMTpro_130C to numeric type
2023-07-04 09:52:05,692 [DEBUG] Converted values in 20210512_FJ_KK_LB_HUNTER_PO.raw.PEP.TMTpro_131C to numeric type
2023-07-04 09:52:05,694 [DEBUG] Converted values in 20210512_FJ_KK_LB_HUNTER_PO.raw.PEP.TMTpro_132C to numeric type
2023-07-04 09:52:05,694 [INFO] Finished converting quantification values to floats.
2023-07-04 09:52:05,698 [DEBUG] Patterns are: {'acc': 'PG.ProteinAccessions', 'seq': 'PEP.StrippedSequence', 'amino': 'B|J|O|U|X|Z', 'mod': 'P.MoleculeID', 'quant': 'PEP\\.TMT', 'label': '\\[TMT', 'nterm': 'N-?ter', 'nterm_label': 'TMT.*_Nter', 'lysine_label': 'K\\[TMT.{0,3}_Lys\\]'}
2023-07-04 09:52:05,698 [INFO] Successfully generated indexing patterns for sm input. See logfile for the found patterns.
2023-07-04 09:52:05,698 [INFO] Format check complete.

2023-07-04 09:52:05,701 [INFO] Initialization complete!

2023-07-04 09:52:05,702 [INFO] Filtering and sanitizing input...
2023-07-04 09:52:05,704 [DEBUG] Starting annotation of peptides...
2023-07-04 09:52:05,707 [INFO] Reading MEROPS data..
2023-07-04 09:52:06,824 [INFO] Read MEROPS data
2023-07-04 09:52:06,828 [INFO] Initialized annotation dataframe.

2023-07-04 09:52:06,829 [INFO] Fetching information from Uniprot...
2023-07-04 09:52:20,691 [WARNING] Peptide ADPGQYR not found in protein sequence for A0A087X2B5.
2023-07-04 09:52:20,694 [WARNING] Peptide NLNMEADPGQYR not found in protein sequence for A0A087X2B5.
2023-07-04 09:52:20,697 [WARNING] Peptide YSCVFLPEPMGTANIQLHGPPR not found in protein sequence for A0A087X2B5.
2023-07-04 09:52:20,702 [WARNING] Peptide NLNMEADPGQYR not found in protein sequence for A0A087X2B5.
2023-07-04 09:52:20,704 [WARNING] Peptide SELHIENLNMEADPGQYR not found in protein sequence for A0A087X2B5.
2023-07-04 09:52:20,706 [WARNING] Peptide NLNMEADPGQYR not found in protein sequence for A0A087X2B5.
2023-07-04 09:52:21,904 [WARNING] Peptide SCVFLPEPMGTANIQLHGPPR not found in protein sequence for A0A087X2B5.
2023-07-04 09:52:34,722 [WARNING] Error retrieving Uniprot record for A0A494C169: No SwissProt record found
2023-07-04 09:52:59,020 [INFO] Gathering info from Uniprot took 00:00:52 hh:mm:ss
2023-07-04 09:52:59,021 [INFO] Finished annotation of peptides.

2023-07-04 09:52:59,022 [INFO] Starting annotation of Protein Atlas data...
2023-07-04 09:52:59,022 [INFO] Reading Protein Atlas data..
2023-07-04 09:52:59,761 [INFO] Read Protein Atlas data.
2023-07-04 09:52:59,781 [WARNING] Duplicates found in 'Uniprot' column of 'protein_atlas_sub'. Dropping duplicates.
2023-07-04 09:52:59,803 [INFO] Finished annotation of Protein Atlas data.

2023-07-04 09:52:59,805 [INFO] Starting proteoform check...
2023-07-04 09:52:59,809 [INFO] Finished proteoform check.
2023-07-04 09:52:59,811 [INFO] Starting exopeptidase activity check...
2023-07-04 09:52:59,843 [DEBUG] 2 LGLGIDEDEVAAEEPNAAVPDEIPPLEGDEDASR LGIDEDEVAAEEPNAAVPDEIPPLEGDEDASR
2023-07-04 09:52:59,893 [DEBUG] 1 YSCVFLPEPMGTANIQLHGPPR SCVFLPEPMGTANIQLHGPPR
2023-07-04 09:52:59,897 [DEBUG] 2 AEAMDLGKDPNGPTHSSTLFVR AMDLGKDPNGPTHSSTLFVR
2023-07-04 09:52:59,901 [DEBUG] 2 AEAQALLSGDTQTDATSFYDR AQALLSGDTQTDATSFYDR
2023-07-04 09:52:59,918 [DEBUG] 1 KACANPAAGSVILLENLR ACANPAAGSVILLENLR
2023-07-04 09:52:59,920 [DEBUG] 2 KACANPAAGSVILLENLR ANPAAGSVILLENLR
2023-07-04 09:52:59,942 [DEBUG] 1 AAQTSPSPKAGAATGR AQTSPSPKAGAATGR
2023-07-04 09:52:59,944 [DEBUG] 1 SSGFSLEDPQTHSNR SGFSLEDPQTHSNR
2023-07-04 09:52:59,946 [DEBUG] 2 SKNLKLGIHEDSTNR NLKLGIHEDSTNR
2023-07-04 09:52:59,982 [DEBUG] 2 SEDFSLPAYMDR DFSLPAYMDR
2023-07-04 09:53:00,006 [DEBUG] 2 SPVLHFYVR VLHFYVR
2023-07-04 09:53:00,038 [INFO] Exopeptidase activity check took 00:00:00 hh:mm:ss
2023-07-04 09:53:00,038 [INFO] Exopeptidase activity was found, check logfile or output for more details on exact peptide sequences
2023-07-04 09:53:00,038 [INFO] Finished exopeptidase activity check.
2023-07-04 09:53:00,051 [INFO] Parsed condition file
2023-07-04 09:53:00,052 [INFO] Performing general statistics annotation...
2023-07-04 09:53:00,083 [INFO] Finished general statistics annotation.
2023-07-04 09:53:00,083 [INFO] Performing statistical testing...
2023-07-04 09:53:00,092 [INFO] Finished statistical testing.
2023-07-04 09:53:00,096 [DEBUG] Corrected p-values for Corrected Independent T-test: gluc vs. control using fdr_bh method
2023-07-04 09:53:00,096 [INFO] Finished multiple testing correction.

2023-07-04 09:53:00,097 [INFO] Computing structural properties...
2023-07-04 09:53:00,097 [INFO]  - Reading available AlphaFold models...
2023-07-04 09:53:00,185 [INFO]  - Read available AlphaFold models.
2023-07-04 09:53:00,200 [INFO]  - Calculating surface area and secondary structure...
2023-07-04 09:53:05,144 [WARNING] Model for A0A0C4DG17 not available
2023-07-04 09:53:05,165 [WARNING] Model for C9J6D1 not available
2023-07-04 09:53:08,200 [WARNING] Model for E9PB61 not available
2023-07-04 09:53:09,668 [WARNING] Model for A0A0A0MS45 not available
2023-07-04 09:53:14,008 [WARNING] Model for E7EVA0 not available
2023-07-04 09:53:15,478 [WARNING] Model for C9J329 not available
2023-07-04 09:53:17,007 [WARNING] Model for P62913-2 not available
2023-07-04 09:53:27,115 [WARNING] Model for E5RGS9 not available
2023-07-04 09:53:29,835 [WARNING] Model for K7ELL7 not available
2023-07-04 09:53:29,849 [WARNING] Model for H3BUP2 not available
2023-07-04 09:53:29,863 [WARNING] Model for H3BT13 not available
2023-07-04 09:53:29,879 [WARNING] Model for P58107 not available
