2023-06-23 08:04:58,254 [INFO] 
2023-06-23 08:04:58,255 [INFO] Annotator started at 2023-06-23 08:04:58.
2023-06-23 08:04:58,266 [DEBUG] Arguments: {'infile': '..\\tests\\HUNTER_clean_100.xlsx', 'infile_type': 'infer', 'software': 'infer', 'level': 'all', 'dropna': False, 'fillna': None, 'sleeptime': 0.2, 'noexo': False, 'nomerops': False, 'calcstructure': 'sig', 'singlecpu': False, 'conditionfile': '..\\tests\\cond_HUNTER.txt', 'stat': True, 'stat_pairwise': True, 'significance': 'all', 'visualize': True, 'logo': None, 'pseudocounts': True, 'cleavagevis': 'both', 'enrichment': False, 'pathway': False, 'proteasefile': '..\\tests\\proteases.txt', 'output_name': None, 'output_filetype': 'xlsx', 'separate': False, 'pymol_verbose': False}
2023-06-23 08:04:58,274 [INFO] Startup complete!

2023-06-23 08:04:58,275 [INFO] Reading file...
2023-06-23 08:04:58,276 [INFO] Input is excel
2023-06-23 08:04:58,606 [INFO] Read dataframe.
2023-06-23 08:04:58,606 [INFO] Read input with 284 peptides.
2023-06-23 08:04:58,607 [INFO] Input software is sm
2023-06-23 08:04:58,609 [DEBUG] Converted values in 20210512_FJ_KK_LB_HUNTER_PO.raw.PEP.TMTpro_127C to numeric type
2023-06-23 08:04:58,611 [DEBUG] Converted values in 20210512_FJ_KK_LB_HUNTER_PO.raw.PEP.TMTpro_128C to numeric type
2023-06-23 08:04:58,612 [DEBUG] Converted values in 20210512_FJ_KK_LB_HUNTER_PO.raw.PEP.TMTpro_129C to numeric type
2023-06-23 08:04:58,614 [DEBUG] Converted values in 20210512_FJ_KK_LB_HUNTER_PO.raw.PEP.TMTpro_130C to numeric type
2023-06-23 08:04:58,615 [DEBUG] Converted values in 20210512_FJ_KK_LB_HUNTER_PO.raw.PEP.TMTpro_131C to numeric type
2023-06-23 08:04:58,616 [DEBUG] Converted values in 20210512_FJ_KK_LB_HUNTER_PO.raw.PEP.TMTpro_132C to numeric type
2023-06-23 08:04:58,617 [INFO] Finished converting quantification values to floats.
2023-06-23 08:04:58,619 [DEBUG] Patterns are: {'acc': 'PG.ProteinAccessions', 'seq': 'PEP.StrippedSequence', 'amino': 'B|J|O|U|X|Z', 'mod': 'P.MoleculeID', 'quant': 'PEP\\.TMT', 'label': '\\[TMT', 'nterm': 'N-?ter', 'nterm_label': 'TMT.*_Nter', 'lysine_label': 'K\\[TMT.{0,3}_Lys\\]'}
2023-06-23 08:04:58,619 [INFO] Successfully generated indexing patterns for sm input. See logfile for the found patterns.
2023-06-23 08:04:58,620 [INFO] Format check complete.

2023-06-23 08:04:58,623 [INFO] Initialization complete!

2023-06-23 08:04:58,625 [INFO] Filtering and sanitizing input...
2023-06-23 08:04:58,626 [DEBUG] Starting annotation of peptides...
2023-06-23 08:04:58,628 [INFO] Reading MEROPS data..
2023-06-23 08:04:59,984 [INFO] Read MEROPS data
2023-06-23 08:04:59,990 [INFO] Initialized annotation dataframe.

2023-06-23 08:04:59,991 [INFO] Fetching information from Uniprot...
2023-06-23 08:05:37,345 [WARNING] Peptide NLNMEADPGQYR not found in protein sequence for A0A087X2B5.
2023-06-23 08:05:37,438 [WARNING] Peptide ADPGQYR not found in protein sequence for A0A087X2B5.
2023-06-23 08:05:37,499 [WARNING] Peptide NLNMEADPGQYR not found in protein sequence for A0A087X2B5.
2023-06-23 08:05:37,591 [WARNING] Peptide SELHIENLNMEADPGQYR not found in protein sequence for A0A087X2B5.
2023-06-23 08:05:37,627 [WARNING] Peptide YSCVFLPEPMGTANIQLHGPPR not found in protein sequence for A0A087X2B5.
2023-06-23 08:05:37,634 [WARNING] Peptide NLNMEADPGQYR not found in protein sequence for A0A087X2B5.
2023-06-23 08:05:40,946 [WARNING] Peptide SCVFLPEPMGTANIQLHGPPR not found in protein sequence for A0A087X2B5.
2023-06-23 08:06:20,559 [WARNING] Error retrieving Uniprot record for A0A494C169: No SwissProt record found
2023-06-23 08:07:23,181 [INFO] Gathering info from Uniprot took 00:02:23 hh:mm:ss
2023-06-23 08:07:23,182 [INFO] Finished annotation of peptides.

2023-06-23 08:07:23,182 [INFO] Starting annotation of Protein Atlas data...
2023-06-23 08:07:23,183 [INFO] Reading Protein Atlas data..
2023-06-23 08:07:23,695 [INFO] Read Protein Atlas data.
2023-06-23 08:07:23,705 [WARNING] Duplicates found in 'Uniprot' column of 'protein_atlas_sub'. Dropping duplicates.
2023-06-23 08:07:23,720 [INFO] Finished annotation of Protein Atlas data.

2023-06-23 08:07:23,721 [INFO] Starting proteoform check...
2023-06-23 08:07:23,722 [INFO] Finished proteoform check.
2023-06-23 08:07:23,722 [INFO] Starting exopeptidase activity check...
2023-06-23 08:07:23,735 [DEBUG] 2 LGLGIDEDEVAAEEPNAAVPDEIPPLEGDEDASR LGIDEDEVAAEEPNAAVPDEIPPLEGDEDASR
2023-06-23 08:07:23,765 [DEBUG] 1 YSCVFLPEPMGTANIQLHGPPR SCVFLPEPMGTANIQLHGPPR
2023-06-23 08:07:23,766 [DEBUG] 2 AEAMDLGKDPNGPTHSSTLFVR AMDLGKDPNGPTHSSTLFVR
2023-06-23 08:07:23,770 [DEBUG] 2 AEAQALLSGDTQTDATSFYDR AQALLSGDTQTDATSFYDR
2023-06-23 08:07:23,784 [DEBUG] 1 KACANPAAGSVILLENLR ACANPAAGSVILLENLR
2023-06-23 08:07:23,784 [DEBUG] 2 KACANPAAGSVILLENLR ANPAAGSVILLENLR
2023-06-23 08:07:23,800 [DEBUG] 1 AAQTSPSPKAGAATGR AQTSPSPKAGAATGR
2023-06-23 08:07:23,801 [DEBUG] 1 SSGFSLEDPQTHSNR SGFSLEDPQTHSNR
2023-06-23 08:07:23,802 [DEBUG] 2 SKNLKLGIHEDSTNR NLKLGIHEDSTNR
2023-06-23 08:07:23,829 [DEBUG] 2 SEDFSLPAYMDR DFSLPAYMDR
2023-06-23 08:07:23,852 [DEBUG] 2 SPVLHFYVR VLHFYVR
2023-06-23 08:07:23,868 [INFO] Exopeptidase activity check took 00:00:00 hh:mm:ss
2023-06-23 08:07:23,868 [INFO] Exopeptidase activity was found, check logfile or output for more details on exact peptide sequences
2023-06-23 08:07:23,869 [INFO] Finished exopeptidase activity check.
2023-06-23 08:07:23,878 [INFO] Parsed condition file
2023-06-23 08:07:23,878 [INFO] Performing general statistics annotation...
2023-06-23 08:07:23,897 [INFO] Finished general statistics annotation.
2023-06-23 08:07:23,898 [INFO] Performing statistical testing...
2023-06-23 08:07:23,902 [INFO] Finished statistical testing.
2023-06-23 08:07:23,904 [DEBUG] Corrected p-values for Corrected Independent T-test: gluc/control using fdr_bh method
2023-06-23 08:07:23,904 [INFO] Finished multiple testing correction.

2023-06-23 08:07:23,904 [INFO] Checking fold distribution...
2023-06-23 08:07:23,956 [INFO] Finished fold distribution check.

2023-06-23 08:07:23,957 [INFO] Computing structural properties...
2023-06-23 08:07:23,957 [INFO]  - Reading available AlphaFold models...
2023-06-23 08:07:24,028 [INFO]  - Read available AlphaFold models.
2023-06-23 08:07:24,050 [INFO]  - Calculating surface area and secondary structure...
