2023-06-20 16:11:54,846 [INFO] 
2023-06-20 16:11:54,846 [INFO] Annotator started at 2023-06-20 16:11:54.
2023-06-20 16:11:54,849 [DEBUG] Arguments: {'infile': '..\\tests\\HUNTER_clean_100.xlsx', 'infile_type': 'infer', 'software': 'infer', 'level': 'all', 'dropna': False, 'fillna': None, 'sleeptime': 0.2, 'noexo': False, 'nomerops': False, 'calcstructure': 'all', 'singlecpu': False, 'conditionfile': '..\\tests\\cond_HUNTER.txt', 'stat': True, 'stat_pairwise': True, 'significance': 'all', 'visualize': True, 'logo': None, 'pseudocounts': True, 'cleavagevis': 'both', 'enrichment': False, 'pathway': False, 'proteasefile': None, 'output_name': None, 'outfile_type': 'xlsx', 'separate': False, 'pymol_verbose': False}
2023-06-20 16:11:54,856 [INFO] Startup complete!

2023-06-20 16:11:54,856 [INFO] Reading file...
2023-06-20 16:11:54,856 [INFO] Input is excel
2023-06-20 16:11:55,213 [INFO] Read dataframe.
2023-06-20 16:11:55,214 [INFO] Read input with 284 peptides.
2023-06-20 16:11:55,215 [INFO] Input software is sm
2023-06-20 16:11:55,220 [DEBUG] Converted values in 20210512_FJ_KK_LB_HUNTER_PO.raw.PEP.TMTpro_127C to numeric type
2023-06-20 16:11:55,222 [DEBUG] Converted values in 20210512_FJ_KK_LB_HUNTER_PO.raw.PEP.TMTpro_128C to numeric type
2023-06-20 16:11:55,224 [DEBUG] Converted values in 20210512_FJ_KK_LB_HUNTER_PO.raw.PEP.TMTpro_129C to numeric type
2023-06-20 16:11:55,226 [DEBUG] Converted values in 20210512_FJ_KK_LB_HUNTER_PO.raw.PEP.TMTpro_130C to numeric type
2023-06-20 16:11:55,230 [DEBUG] Converted values in 20210512_FJ_KK_LB_HUNTER_PO.raw.PEP.TMTpro_131C to numeric type
2023-06-20 16:11:55,232 [DEBUG] Converted values in 20210512_FJ_KK_LB_HUNTER_PO.raw.PEP.TMTpro_132C to numeric type
2023-06-20 16:11:55,232 [INFO] Finished converting quantification values to floats.
2023-06-20 16:11:55,239 [DEBUG] Patterns are: {'acc': 'PG.ProteinAccessions', 'seq': 'PEP.StrippedSequence', 'amino': 'B|J|O|U|X|Z', 'mod': 'P.MoleculeID', 'quant': 'PEP\\.TMT', 'label': '\\[TMT', 'nterm': 'N-?ter', 'nterm_label': 'TMT.*_Nter', 'lysine_label': 'K\\[TMT.{0,3}_Lys\\]'}
2023-06-20 16:11:55,240 [INFO] Successfully generated indexing patterns for sm input. See logfile for the found patterns.
2023-06-20 16:11:55,241 [INFO] Format check complete.

2023-06-20 16:11:55,252 [INFO] Initialization complete!

2023-06-20 16:11:55,252 [INFO] Filtering and sanitizing input...
2023-06-20 16:11:55,254 [DEBUG] Starting annotation of peptides...
2023-06-20 16:11:55,255 [INFO] Reading MEROPS data..
2023-06-20 16:11:56,547 [INFO] Read MEROPS data
2023-06-20 16:11:56,554 [INFO] Initialized annotation dataframe.

2023-06-20 16:11:56,555 [INFO] Fetching information from Uniprot...
2023-06-20 16:12:11,196 [WARNING] Peptide ADPGQYR not found in protein sequence for A0A087X2B5.
2023-06-20 16:12:11,250 [WARNING] Peptide YSCVFLPEPMGTANIQLHGPPR not found in protein sequence for A0A087X2B5.
2023-06-20 16:12:11,253 [WARNING] Peptide NLNMEADPGQYR not found in protein sequence for A0A087X2B5.
2023-06-20 16:12:11,279 [WARNING] Peptide NLNMEADPGQYR not found in protein sequence for A0A087X2B5.
2023-06-20 16:12:11,283 [WARNING] Peptide SELHIENLNMEADPGQYR not found in protein sequence for A0A087X2B5.
2023-06-20 16:12:11,291 [WARNING] Peptide NLNMEADPGQYR not found in protein sequence for A0A087X2B5.
2023-06-20 16:12:12,620 [WARNING] Peptide SCVFLPEPMGTANIQLHGPPR not found in protein sequence for A0A087X2B5.
2023-06-20 16:12:26,746 [WARNING] Error retrieving Uniprot record for A0A494C169: No SwissProt record found
2023-06-20 16:12:53,340 [INFO] Gathering info from Uniprot took 00:00:56 hh:mm:ss
2023-06-20 16:12:53,340 [INFO] Finished annotation of peptides.

2023-06-20 16:12:53,341 [INFO] Starting annotation of Protein Atlas data...
2023-06-20 16:12:53,341 [INFO] Reading Protein Atlas data..
2023-06-20 16:12:54,054 [INFO] Read Protein Atlas data.
2023-06-20 16:12:54,064 [WARNING] Duplicates found in 'Uniprot' column of 'protein_atlas_sub'. Dropping duplicates.
2023-06-20 16:12:54,094 [INFO] Finished annotation of Protein Atlas data.

2023-06-20 16:12:54,098 [INFO] Starting proteoform check...
2023-06-20 16:12:54,101 [INFO] Finished proteoform check.
2023-06-20 16:12:54,104 [INFO] Starting exopeptidase activity check...
2023-06-20 16:12:54,130 [DEBUG] 2 LGLGIDEDEVAAEEPNAAVPDEIPPLEGDEDASR LGIDEDEVAAEEPNAAVPDEIPPLEGDEDASR
2023-06-20 16:12:54,196 [DEBUG] 1 YSCVFLPEPMGTANIQLHGPPR SCVFLPEPMGTANIQLHGPPR
2023-06-20 16:12:54,200 [DEBUG] 2 AEAMDLGKDPNGPTHSSTLFVR AMDLGKDPNGPTHSSTLFVR
2023-06-20 16:12:54,207 [DEBUG] 2 AEAQALLSGDTQTDATSFYDR AQALLSGDTQTDATSFYDR
2023-06-20 16:12:54,224 [DEBUG] 1 KACANPAAGSVILLENLR ACANPAAGSVILLENLR
2023-06-20 16:12:54,225 [DEBUG] 2 KACANPAAGSVILLENLR ANPAAGSVILLENLR
2023-06-20 16:12:54,251 [DEBUG] 1 AAQTSPSPKAGAATGR AQTSPSPKAGAATGR
2023-06-20 16:12:54,253 [DEBUG] 1 SSGFSLEDPQTHSNR SGFSLEDPQTHSNR
2023-06-20 16:12:54,254 [DEBUG] 2 SKNLKLGIHEDSTNR NLKLGIHEDSTNR
2023-06-20 16:12:54,284 [DEBUG] 2 SEDFSLPAYMDR DFSLPAYMDR
2023-06-20 16:12:54,305 [DEBUG] 2 SPVLHFYVR VLHFYVR
2023-06-20 16:12:54,329 [INFO] Exopeptidase activity check took 00:00:00 hh:mm:ss
2023-06-20 16:12:54,329 [INFO] Exopeptidase activity was found, check logfile or output for more details on exact peptide sequences
2023-06-20 16:12:54,329 [INFO] Finished exopeptidase activity check.
2023-06-20 16:12:54,348 [INFO] Parsed condition file
2023-06-20 16:12:54,352 [INFO] Performing general statistics annotation...
2023-06-20 16:12:54,382 [INFO] Finished general statistics annotation.
2023-06-20 16:12:54,384 [INFO] Performing statistical testing...
2023-06-20 16:12:54,392 [INFO] Finished statistical testing.
2023-06-20 16:12:54,394 [DEBUG] Corrected p-values for Corrected Independent T-test: gluc/control using fdr_bh method
2023-06-20 16:12:54,394 [INFO] Finished multiple testing correction.

2023-06-20 16:12:54,395 [INFO] Checking fold distribution...
2023-06-20 16:12:54,520 [INFO] Finished fold distribution check.

2023-06-20 16:12:54,521 [INFO] Computing structural properties...
2023-06-20 16:12:54,521 [INFO]  - Reading available AlphaFold models...
2023-06-20 16:12:54,646 [INFO]  - Read available AlphaFold models.
2023-06-20 16:12:54,668 [INFO]  - Calculating surface area and secondary structure...
2023-06-20 16:13:06,337 [WARNING] Model for H3BMP6 not available
2023-06-20 16:13:07,993 [WARNING] Model for A0A0C4DG17 not available
2023-06-20 16:13:10,028 [WARNING] Model for C9J6D1 not available
2023-06-20 16:13:16,242 [WARNING] Model for E9PB61 not available
2023-06-20 16:13:21,451 [WARNING] Model for A0A0A0MS45 not available
2023-06-20 16:13:28,516 [WARNING] Model for E7EVA0 not available
2023-06-20 16:13:33,864 [WARNING] Model for C9J329 not available
2023-06-20 16:13:38,496 [WARNING] Model for P62913-2 not available
2023-06-20 16:13:49,434 [WARNING] Model for G3V180 not available
2023-06-20 16:13:52,816 [WARNING] Model for J3KRN5 not available
2023-06-20 16:13:54,305 [WARNING] Model for A0A1B0GUB2 not available
2023-06-20 16:13:56,110 [WARNING] Model for E5RGS9 not available
2023-06-20 16:13:59,617 [WARNING] Model for A0A0A0MRR3 not available
2023-06-20 16:14:07,099 [WARNING] Model for K7ELL7 not available
2023-06-20 16:14:08,669 [WARNING] Model for H3BUP2 not available
2023-06-20 16:14:12,239 [WARNING] Model for C9J7Z4 not available
2023-06-20 16:14:13,806 [WARNING] Model for C9JR82 not available
2023-06-20 16:14:15,411 [WARNING] Model for H3BT13 not available
2023-06-20 16:14:17,165 [WARNING] Model for P58107 not available
2023-06-20 16:14:20,444 [WARNING] Model for A0A494BZZ2 not available
2023-06-20 16:14:22,034 [WARNING] Model for B9A055 not available
2023-06-20 16:14:36,099 [WARNING] Model for D6RBK3 not available
2023-06-20 16:14:37,868 [WARNING] Model for F8WAS3 not available
2023-06-20 16:14:39,789 [WARNING] Model for A0A2R8YF49 not available
2023-06-20 16:14:43,529 [WARNING] Model for E9PLY5 not available
