2023-08-03 13:27:57,689 [INFO] 
2023-08-03 13:27:57,690 [INFO] Annotator started at 2023-08-03 13:27:57.
2023-08-03 13:27:57,690 [DEBUG] Arguments: {'infile': '../tests/HUNTER_clean_100.xlsx', 'infile_type': 'infer', 'preannotated': False, 'conditionfile': '../tests/cond_HUNTER.txt', 'alpha': 0.05, 'software': 'infer', 'level': 'all', 'dropna': False, 'fillna': None, 'sleeptime': 0.2, 'noexo': False, 'nomerops': False, 'calcstructure': None, 'threadingcores': 8, 'stat': True, 'stat_pairwise': True, 'significance': 'all', 'multipletesting': False, 'multipletestingmethod': 'fdr_bh', 'visualize': True, 'logo': None, 'logo_fc': 3, 'cleavagesitesize': 4, 'volcano_foldchange': 1.5, 'pseudocounts': True, 'cleavagevis': None, 'enrichment': True, 'pathway': True, 'proteasefile': None, 'output_name': None, 'output_filetype': 'xlsx', 'separate': False, 'pymol_verbose': False}
2023-08-03 13:27:57,690 [INFO] Startup complete!

2023-08-03 13:27:57,690 [INFO] Reading file...
2023-08-03 13:27:57,690 [INFO] Input is excel
2023-08-03 13:27:57,773 [INFO] Read dataframe.
2023-08-03 13:27:57,773 [INFO] Read input with 284 peptides.
2023-08-03 13:27:57,773 [INFO] Input software is sm
2023-08-03 13:27:57,774 [DEBUG] Converted values in 20210512_FJ_KK_LB_HUNTER_PO.raw.PEP.TMTpro_127C to numeric type
2023-08-03 13:27:57,774 [DEBUG] Converted values in 20210512_FJ_KK_LB_HUNTER_PO.raw.PEP.TMTpro_128C to numeric type
2023-08-03 13:27:57,775 [DEBUG] Converted values in 20210512_FJ_KK_LB_HUNTER_PO.raw.PEP.TMTpro_129C to numeric type
2023-08-03 13:27:57,776 [DEBUG] Converted values in 20210512_FJ_KK_LB_HUNTER_PO.raw.PEP.TMTpro_130C to numeric type
2023-08-03 13:27:57,776 [DEBUG] Converted values in 20210512_FJ_KK_LB_HUNTER_PO.raw.PEP.TMTpro_131C to numeric type
2023-08-03 13:27:57,776 [DEBUG] Converted values in 20210512_FJ_KK_LB_HUNTER_PO.raw.PEP.TMTpro_132C to numeric type
2023-08-03 13:27:57,777 [INFO] Finished converting quantification values to floats.
2023-08-03 13:27:57,777 [DEBUG] Patterns are: {'acc': 'PG.ProteinAccessions', 'seq': 'PEP.StrippedSequence', 'amino': 'B|J|O|U|X|Z', 'mod': 'P.MoleculeID', 'quant': 'PEP\\.TMT', 'label': '\\[TMT', 'nterm': 'N-?ter', 'nterm_label': 'TMT.*_Nter', 'lysine_label': 'K\\[TMT.{0,3}_Lys\\]'}
2023-08-03 13:27:57,777 [INFO] Successfully generated indexing patterns for sm input. See logfile for the found patterns.
2023-08-03 13:27:57,777 [INFO] Format check complete.

2023-08-03 13:27:57,778 [INFO] Initialization complete!

2023-08-03 13:27:57,778 [INFO] Filtering and sanitizing input...
2023-08-03 13:27:57,778 [DEBUG] Starting annotation of peptides...
2023-08-03 13:27:57,779 [INFO] Initialized annotation dataframe.

2023-08-03 13:27:57,779 [INFO] Reading MEROPS data..
2023-08-03 13:27:58,338 [INFO] Read MEROPS data
2023-08-03 13:27:58,338 [INFO] Fetching information from Uniprot...
