2023-06-23 16:21:01,109 [INFO] 
2023-06-23 16:21:01,109 [INFO] Annotator started at 2023-06-23 16:21:01.
2023-06-23 16:21:01,109 [DEBUG] Arguments: {'infile': '../tests/HUNTER_clean_100.xlsx', 'infile_type': 'infer', 'software': 'infer', 'level': 'all', 'dropna': False, 'fillna': None, 'sleeptime': 0.2, 'noexo': False, 'nomerops': False, 'calcstructure': None, 'singlecpu': False, 'conditionfile': '../tests/cond_HUNTER.txt', 'stat': True, 'stat_pairwise': True, 'significance': 'all', 'visualize': True, 'logo': 'all', 'pseudocounts': True, 'cleavagevis': None, 'enrichment': True, 'pathway': True, 'proteasefile': None, 'output_name': None, 'output_filetype': 'xlsx', 'separate': False, 'pymol_verbose': False}
2023-06-23 16:21:01,109 [INFO] Startup complete!

2023-06-23 16:21:01,110 [INFO] Reading file...
2023-06-23 16:21:01,110 [INFO] Input is excel
2023-06-23 16:21:01,188 [INFO] Read dataframe.
2023-06-23 16:21:01,188 [INFO] Read input with 284 peptides.
2023-06-23 16:21:01,189 [INFO] Input software is sm
2023-06-23 16:21:01,190 [DEBUG] Converted values in 20210512_FJ_KK_LB_HUNTER_PO.raw.PEP.TMTpro_127C to numeric type
2023-06-23 16:21:01,191 [DEBUG] Converted values in 20210512_FJ_KK_LB_HUNTER_PO.raw.PEP.TMTpro_128C to numeric type
2023-06-23 16:21:01,191 [DEBUG] Converted values in 20210512_FJ_KK_LB_HUNTER_PO.raw.PEP.TMTpro_129C to numeric type
2023-06-23 16:21:01,192 [DEBUG] Converted values in 20210512_FJ_KK_LB_HUNTER_PO.raw.PEP.TMTpro_130C to numeric type
2023-06-23 16:21:01,192 [DEBUG] Converted values in 20210512_FJ_KK_LB_HUNTER_PO.raw.PEP.TMTpro_131C to numeric type
2023-06-23 16:21:01,193 [DEBUG] Converted values in 20210512_FJ_KK_LB_HUNTER_PO.raw.PEP.TMTpro_132C to numeric type
2023-06-23 16:21:01,193 [INFO] Finished converting quantification values to floats.
2023-06-23 16:21:01,194 [DEBUG] Patterns are: {'acc': 'PG.ProteinAccessions', 'seq': 'PEP.StrippedSequence', 'amino': 'B|J|O|U|X|Z', 'mod': 'P.MoleculeID', 'quant': 'PEP\\.TMT', 'label': '\\[TMT', 'nterm': 'N-?ter', 'nterm_label': 'TMT.*_Nter', 'lysine_label': 'K\\[TMT.{0,3}_Lys\\]'}
2023-06-23 16:21:01,194 [INFO] Successfully generated indexing patterns for sm input. See logfile for the found patterns.
2023-06-23 16:21:01,194 [INFO] Format check complete.

2023-06-23 16:21:01,194 [INFO] Initialization complete!

2023-06-23 16:21:01,194 [INFO] Filtering and sanitizing input...
2023-06-23 16:21:01,194 [DEBUG] Starting annotation of peptides...
2023-06-23 16:21:01,194 [INFO] Reading MEROPS data..
2023-06-23 16:21:01,761 [INFO] Read MEROPS data
2023-06-23 16:21:01,763 [INFO] Initialized annotation dataframe.

2023-06-23 16:21:01,763 [INFO] Fetching information from Uniprot...
2023-06-23 16:21:10,605 [WARNING] Peptide NLNMEADPGQYR not found in protein sequence for A0A087X2B5.
2023-06-23 16:21:10,723 [WARNING] Peptide ADPGQYR not found in protein sequence for A0A087X2B5.
2023-06-23 16:21:10,724 [WARNING] Peptide YSCVFLPEPMGTANIQLHGPPR not found in protein sequence for A0A087X2B5.
2023-06-23 16:21:10,725 [WARNING] Peptide NLNMEADPGQYR not found in protein sequence for A0A087X2B5.
2023-06-23 16:21:10,785 [WARNING] Peptide NLNMEADPGQYR not found in protein sequence for A0A087X2B5.
2023-06-23 16:21:10,797 [WARNING] Peptide SELHIENLNMEADPGQYR not found in protein sequence for A0A087X2B5.
2023-06-23 16:21:11,544 [WARNING] Peptide SCVFLPEPMGTANIQLHGPPR not found in protein sequence for A0A087X2B5.
2023-06-23 16:21:20,343 [WARNING] Error retrieving Uniprot record for A0A494C169: No SwissProt record found
2023-06-23 16:21:35,512 [INFO] Gathering info from Uniprot took 00:00:33 hh:mm:ss
2023-06-23 16:21:35,512 [INFO] Finished annotation of peptides.

2023-06-23 16:21:35,512 [INFO] Starting annotation of Protein Atlas data...
2023-06-23 16:21:35,512 [INFO] Reading Protein Atlas data..
2023-06-23 16:21:35,757 [INFO] Read Protein Atlas data.
2023-06-23 16:21:35,763 [WARNING] Duplicates found in 'Uniprot' column of 'protein_atlas_sub'. Dropping duplicates.
2023-06-23 16:21:35,769 [INFO] Finished annotation of Protein Atlas data.

2023-06-23 16:21:35,769 [INFO] Starting proteoform check...
2023-06-23 16:21:35,769 [INFO] Finished proteoform check.
2023-06-23 16:21:35,769 [INFO] Starting exopeptidase activity check...
2023-06-23 16:21:35,773 [DEBUG] 2 LGLGIDEDEVAAEEPNAAVPDEIPPLEGDEDASR LGIDEDEVAAEEPNAAVPDEIPPLEGDEDASR
2023-06-23 16:21:35,782 [DEBUG] 1 YSCVFLPEPMGTANIQLHGPPR SCVFLPEPMGTANIQLHGPPR
2023-06-23 16:21:35,783 [DEBUG] 2 AEAMDLGKDPNGPTHSSTLFVR AMDLGKDPNGPTHSSTLFVR
2023-06-23 16:21:35,784 [DEBUG] 2 AEAQALLSGDTQTDATSFYDR AQALLSGDTQTDATSFYDR
2023-06-23 16:21:35,789 [DEBUG] 1 KACANPAAGSVILLENLR ACANPAAGSVILLENLR
2023-06-23 16:21:35,789 [DEBUG] 2 KACANPAAGSVILLENLR ANPAAGSVILLENLR
2023-06-23 16:21:35,794 [DEBUG] 1 AAQTSPSPKAGAATGR AQTSPSPKAGAATGR
2023-06-23 16:21:35,795 [DEBUG] 1 SSGFSLEDPQTHSNR SGFSLEDPQTHSNR
2023-06-23 16:21:35,795 [DEBUG] 2 SKNLKLGIHEDSTNR NLKLGIHEDSTNR
2023-06-23 16:21:35,804 [DEBUG] 2 SEDFSLPAYMDR DFSLPAYMDR
2023-06-23 16:21:35,811 [DEBUG] 2 SPVLHFYVR VLHFYVR
2023-06-23 16:21:35,816 [INFO] Exopeptidase activity check took 00:00:00 hh:mm:ss
2023-06-23 16:21:35,816 [INFO] Exopeptidase activity was found, check logfile or output for more details on exact peptide sequences
2023-06-23 16:21:35,816 [INFO] Finished exopeptidase activity check.
2023-06-23 16:21:35,817 [INFO] Parsed condition file
2023-06-23 16:21:35,817 [INFO] Performing general statistics annotation...
2023-06-23 16:21:35,823 [INFO] Finished general statistics annotation.
2023-06-23 16:21:35,823 [INFO] Performing statistical testing...
2023-06-23 16:21:35,824 [INFO] Finished statistical testing.
