2023-11-11 21:29:50,514 [INFO] 
2023-11-11 21:29:50,514 [INFO] Annotator started at 2023-11-11 21:29:50.
2023-11-11 21:29:50,514 [DEBUG] Arguments: {'infile': '../tests/tests for paper/MMP9_rep/MMP9_rep_annot_100.xlsx', 'infile_type': 'infer', 'conditionfile': '../tests/tests for paper/MMP9_rep/cond_MMP9_2.txt', 'alpha': 0.05, 'software': 'infer', 'level': 'all', 'dropna': False, 'fillna': '1', 'sleeptime': 0.2, 'noexo': True, 'nomerops': False, 'calcstructure': 'all', 'threadingcores': 8, 'stat': True, 'stat_pairwise': True, 'significance': 'all', 'multipletesting': False, 'multipletestingmethod': 'fdr_bh', 'visualize': True, 'logo': None, 'logo_fc': 3, 'cleavagesitesize': 4, 'volcano_foldchange': 1.5, 'pseudocounts': True, 'cleavagevis': 'both', 'enrichment': False, 'pathway': False, 'proteasefile': None, 'output_name': 'MMP9_rep_100', 'output_filetype': 'xlsx', 'separate': False, 'pymol_verbose': False}
2023-11-11 21:29:50,514 [WARNING] Cleavage visualization takes a VERY long time on full datasets (in our experience around 0.5-5 seconds per peptide depending on your computer), especially when set to "both". Please consider using this argument only with a filtered input list containing only the peptides you wish to have plotted on a protein structure.
2023-11-11 21:29:50,514 [INFO] Startup complete!

2023-11-11 21:29:50,514 [INFO] Reading file...
2023-11-11 21:29:50,514 [INFO] Input is excel
2023-11-11 21:29:50,820 [INFO] Read dataframe.
2023-11-11 21:29:50,820 [INFO] Read input with 715 peptides.
2023-11-11 21:29:50,821 [INFO] Input software is pd
2023-11-11 21:29:50,822 [DEBUG] Converted values in Abundances (Scaled): F13: Sample, Ctrl to numeric type
2023-11-11 21:29:50,823 [INFO] Filled NaN values in column 'Abundances (Scaled): F13: Sample, Ctrl' with 1.0
2023-11-11 21:29:50,823 [DEBUG] Converted values in Abundances (Scaled): F14: Sample, Ctrl to numeric type
2023-11-11 21:29:50,824 [INFO] Filled NaN values in column 'Abundances (Scaled): F14: Sample, Ctrl' with 1.0
2023-11-11 21:29:50,824 [DEBUG] Converted values in Abundances (Scaled): F16: Sample, MMP9 to numeric type
2023-11-11 21:29:50,824 [INFO] Filled NaN values in column 'Abundances (Scaled): F16: Sample, MMP9' with 1.0
2023-11-11 21:29:50,825 [DEBUG] Converted values in Abundances (Scaled): F18: Sample, MMP9 to numeric type
2023-11-11 21:29:50,825 [INFO] Filled NaN values in column 'Abundances (Scaled): F18: Sample, MMP9' with 1.0
2023-11-11 21:29:50,825 [INFO] Finished converting quantification values to floats.
2023-11-11 21:29:50,827 [DEBUG] Patterns are: {'acc': 'Master Protein Accessions', 'mod': 'Modifications', 'nterm': '\\[N-Term\\]', 'seq': 'Annotated Sequence', 'amino': '\\.[A-Z]*(B|J|O|U|X|Z)[A-Z]*\\.', 'quant': 'Abundances \\(?Scaled\\):.*', 'label': 'Dimethyl', 'nterm_label': 'Dimethyl \\[N-Term\\]', 'lysine_label': 'Dimethyl \\[K'}
2023-11-11 21:29:50,827 [INFO] Successfully generated indexing patterns for pd input. See logfile for the found patterns.
2023-11-11 21:29:50,827 [INFO] Format check complete.

2023-11-11 21:29:50,827 [INFO] Initialization complete!

2023-11-11 21:29:50,827 [INFO] Filtering and sanitizing input...
2023-11-11 21:29:50,828 [DEBUG] Starting annotation of peptides...
2023-11-11 21:29:50,828 [INFO] Initialized annotation dataframe.

2023-11-11 21:29:50,828 [INFO] Reading MEROPS data..
2023-11-11 21:29:51,381 [INFO] Read MEROPS data
2023-11-11 21:29:51,381 [INFO] Fetching information from Uniprot...
2023-11-11 21:31:26,128 [INFO] Gathering info from Uniprot took 00:01:34 hh:mm:ss
