2023-11-12 21:39:56,558 [INFO] 
2023-11-12 21:39:56,558 [INFO] Annotator started at 2023-11-12 21:39:56.
2023-11-12 21:39:56,558 [DEBUG] Arguments: {'infile': '../tests/tests for paper/MMP9_rep/MMP9_dimethyl_peptide_report_rep_2.xlsx', 'infile_type': 'infer', 'preannotated': False, 'conditionfile': '../tests/tests for paper/MMP9_rep/cond_MMP9_2.txt', 'alpha': 0.05, 'software': 'infer', 'level': 'all', 'dropna': False, 'fillna': '1', 'sleeptime': 0.2, 'noexo': True, 'nomerops': False, 'calcstructure': 'all', 'threadingcores': 8, 'stat': True, 'stat_pairwise': True, 'significance': 'all', 'multipletesting': False, 'multipletestingmethod': 'fdr_bh', 'visualize': True, 'logo': None, 'logo_fc': 3, 'cleavagesitesize': 4, 'volcano_foldchange': 1.5, 'pseudocounts': True, 'cleavagevis': 'both', 'enrichment': False, 'pathway': False, 'proteasefile': None, 'output_name': 'MMP9_rep_all_prot_vis', 'output_filetype': 'xlsx', 'separate': False, 'pymol_verbose': False}
2023-11-12 21:39:56,559 [WARNING] Cleavage visualization takes a VERY long time on full datasets (in our experience around 0.5-5 seconds per peptide depending on your computer), especially when set to "both". Please consider using this argument only with a filtered input list containing only the peptides you wish to have plotted on a protein structure.
2023-11-12 21:39:56,559 [INFO] Startup complete!

2023-11-12 21:39:56,559 [INFO] Reading file...
2023-11-12 21:39:56,559 [INFO] Input is excel
2023-11-12 21:39:58,489 [INFO] Read dataframe.
2023-11-12 21:39:58,490 [INFO] Read input with 17536 peptides.
2023-11-12 21:39:58,491 [INFO] Input software is pd
2023-11-12 21:39:58,502 [DEBUG] Converted values in Abundances (Scaled): F13: Sample, Ctrl to numeric type
2023-11-12 21:39:58,503 [INFO] Filled NaN values in column 'Abundances (Scaled): F13: Sample, Ctrl' with 1.0
2023-11-12 21:39:58,513 [DEBUG] Converted values in Abundances (Scaled): F14: Sample, Ctrl to numeric type
2023-11-12 21:39:58,513 [INFO] Filled NaN values in column 'Abundances (Scaled): F14: Sample, Ctrl' with 1.0
2023-11-12 21:39:58,524 [DEBUG] Converted values in Abundances (Scaled): F16: Sample, MMP9 to numeric type
2023-11-12 21:39:58,524 [INFO] Filled NaN values in column 'Abundances (Scaled): F16: Sample, MMP9' with 1.0
2023-11-12 21:39:58,535 [DEBUG] Converted values in Abundances (Scaled): F18: Sample, MMP9 to numeric type
2023-11-12 21:39:58,535 [INFO] Filled NaN values in column 'Abundances (Scaled): F18: Sample, MMP9' with 1.0
2023-11-12 21:39:58,535 [INFO] Finished converting quantification values to floats.
2023-11-12 21:39:58,544 [DEBUG] Patterns are: {'acc': 'Master Protein Accessions', 'mod': 'Modifications', 'nterm': '\\[N-Term\\]', 'seq': 'Annotated Sequence', 'amino': '\\.[A-Z]*(B|J|O|U|X|Z)[A-Z]*\\.', 'quant': 'Abundances \\(?Scaled\\):.*', 'label': 'Dimethyl', 'nterm_label': 'Dimethyl \\[N-Term\\]', 'lysine_label': 'Dimethyl \\[K'}
2023-11-12 21:39:58,544 [INFO] Successfully generated indexing patterns for pd input. See logfile for the found patterns.
2023-11-12 21:39:58,544 [INFO] Format check complete.

2023-11-12 21:39:58,545 [INFO] Initialization complete!

2023-11-12 21:39:58,545 [INFO] Filtering and sanitizing input...
2023-11-12 21:39:58,548 [WARNING] There were rows with no accession numbers in the loaded file, please check the log file for further information
2023-11-12 21:39:58,549 [DEBUG] Empty accession rows: 8762
2023-11-12 21:39:58,549 [DEBUG] Empty accession rows: 14402
2023-11-12 21:39:58,549 [DEBUG] Empty accession rows: 16132
2023-11-12 21:39:58,557 [DEBUG] Starting annotation of peptides...
2023-11-12 21:39:58,564 [INFO] Initialized annotation dataframe.

2023-11-12 21:39:58,564 [INFO] Reading MEROPS data..
2023-11-12 21:39:59,119 [INFO] Read MEROPS data
2023-11-12 21:39:59,120 [INFO] Fetching information from Uniprot...
