2023-06-23 09:40:27,788 [INFO] 
2023-06-23 09:40:27,789 [INFO] Annotator started at 2023-06-23 09:40:27.
2023-06-23 09:40:27,811 [DEBUG] Arguments: {'infile': 'C:\\Users\\konka\\Documents\\CLIPPER\\annotator\\annotator\\upload\\HUNTER_clean.xlsx', 'infile_type': 'infer', 'software': 'infer', 'level': 'all', 'dropna': False, 'fillna': None, 'sleeptime': 0.2, 'noexo': False, 'nomerops': False, 'calcstructure': None, 'singlecpu': False, 'conditionfile': 'C:\\Users\\konka\\Documents\\CLIPPER\\annotator\\annotator\\upload\\cond_HUNTER.txt', 'proteasefile': None, 'stat': False, 'stat_pairwise': False, 'significance': None, 'visualize': False, 'logo': None, 'pseudocounts': False, 'cleavagevis': 'None', 'enrichment': False, 'pathway': False, 'output_name': '20230623094027_annotated_data', 'output_filetype': 'xlsx', 'separate': False, 'pymol_verbose': False, 'jobid': '104', 'logfile': 'C:\\Users\\konka\\Documents\\CLIPPER\\annotator\\annotator\\log\\104.log', 'resultdest': 'C:\\Users\\konka\\Documents\\CLIPPER\\annotator\\annotator\\results', 'datafolder': 'C:\\Users\\konka\\Documents\\CLIPPER\\annotator\\annotator\\data', 'email': 'konka@dtu.dk'}
2023-06-23 09:40:27,873 [INFO] Startup complete!

2023-06-23 09:40:27,998 [INFO] Reading file...
2023-06-23 09:40:27,998 [INFO] Input is excel
2023-06-23 09:40:30,997 [INFO] 127.0.0.1 - - [23/Jun/2023 09:40:30] "GET / HTTP/1.1" 200 -
2023-06-23 09:40:31,111 [INFO] 127.0.0.1 - - [23/Jun/2023 09:40:31] "[36mGET /static/index.css HTTP/1.1[0m" 304 -
2023-06-23 09:40:31,124 [INFO] 127.0.0.1 - - [23/Jun/2023 09:40:31] "[36mGET /static/DTU_logo.png HTTP/1.1[0m" 304 -
2023-06-23 09:40:31,730 [INFO] Read dataframe.
2023-06-23 09:40:31,731 [INFO] Read input with 15832 peptides.
2023-06-23 09:40:31,734 [INFO] Input software is sm
2023-06-23 09:40:31,787 [DEBUG] Converted values in 20210512_FJ_KK_LB_HUNTER_PO.raw.PEP.TMTpro_127C to numeric type
2023-06-23 09:40:31,840 [DEBUG] Converted values in 20210512_FJ_KK_LB_HUNTER_PO.raw.PEP.TMTpro_128C to numeric type
2023-06-23 09:40:31,880 [DEBUG] Converted values in 20210512_FJ_KK_LB_HUNTER_PO.raw.PEP.TMTpro_129C to numeric type
2023-06-23 09:40:31,910 [DEBUG] Converted values in 20210512_FJ_KK_LB_HUNTER_PO.raw.PEP.TMTpro_130C to numeric type
2023-06-23 09:40:31,952 [DEBUG] Converted values in 20210512_FJ_KK_LB_HUNTER_PO.raw.PEP.TMTpro_131C to numeric type
2023-06-23 09:40:31,986 [DEBUG] Converted values in 20210512_FJ_KK_LB_HUNTER_PO.raw.PEP.TMTpro_132C to numeric type
2023-06-23 09:40:31,987 [INFO] Finished converting quantification values to floats.
2023-06-23 09:40:32,015 [DEBUG] Patterns are: {'acc': 'PG.ProteinAccessions', 'seq': 'PEP.StrippedSequence', 'amino': 'B|J|O|U|X|Z', 'mod': 'P.MoleculeID', 'quant': 'PEP\\.TMT', 'label': '\\[TMT', 'nterm': 'N-?ter', 'nterm_label': 'TMT.*_Nter', 'lysine_label': 'K\\[TMT.{0,3}_Lys\\]'}
2023-06-23 09:40:32,015 [INFO] Successfully generated indexing patterns for sm input. See logfile for the found patterns.
2023-06-23 09:40:32,015 [INFO] Format check complete.

2023-06-23 09:40:32,016 [INFO] Initialization complete!

2023-06-23 09:40:32,016 [INFO] Filtering and sanitizing input...
2023-06-23 09:40:32,036 [DEBUG] Starting annotation of peptides...
2023-06-23 09:40:32,044 [INFO] Reading MEROPS data..
2023-06-23 09:40:34,106 [INFO] Read MEROPS data
2023-06-23 09:40:34,132 [INFO] Initialized annotation dataframe.

2023-06-23 09:40:34,133 [INFO] Fetching information from Uniprot...
2023-06-23 09:40:53,451 [INFO] 127.0.0.1 - - [23/Jun/2023 09:40:53] "[32mPOST /new_job HTTP/1.1[0m" 302 -
2023-06-23 09:40:53,494 [INFO] 127.0.0.1 - - [23/Jun/2023 09:40:53] "GET /105/submitted_job HTTP/1.1" 200 -
2023-06-23 09:40:53,528 [INFO] 127.0.0.1 - - [23/Jun/2023 09:40:53] "[36mGET /static/index.css HTTP/1.1[0m" 304 -
2023-06-23 09:40:53,530 [INFO] 127.0.0.1 - - [23/Jun/2023 09:40:53] "[36mGET /static/DTU_logo.png HTTP/1.1[0m" 304 -
2023-06-23 09:40:53,549 [INFO] Annotator started, Friday June 23 2023, 09:40:53
