2023-06-23 09:36:56,902 [INFO] 
2023-06-23 09:36:56,903 [INFO] Annotator started at 2023-06-23 09:36:56.
2023-06-23 09:36:56,950 [DEBUG] Arguments: {'infile': 'C:\\Users\\konka\\Documents\\CLIPPER\\annotator\\annotator\\upload\\HUNTER_clean.xlsx', 'infile_type': 'infer', 'software': 'infer', 'level': 'all', 'dropna': False, 'fillna': None, 'sleeptime': 0.2, 'noexo': False, 'nomerops': False, 'calcstructure': None, 'singlecpu': False, 'conditionfile': 'C:\\Users\\konka\\Documents\\CLIPPER\\annotator\\annotator\\upload\\cond_HUNTER.txt', 'proteasefile': None, 'stat': False, 'stat_pairwise': False, 'significance': None, 'visualize': False, 'logo': None, 'pseudocounts': False, 'cleavagevis': 'None', 'enrichment': False, 'pathway': False, 'output_name': '20230623093656_annotated_data', 'output_filetype': 'xlsx', 'separate': False, 'pymol_verbose': False, 'jobid': '104', 'logfile': 'C:\\Users\\konka\\Documents\\CLIPPER\\annotator\\annotator\\log\\104.log', 'resultdest': 'C:\\Users\\konka\\Documents\\CLIPPER\\annotator\\annotator\\results', 'datafolder': 'C:\\Users\\konka\\Documents\\CLIPPER\\annotator\\annotator\\data', 'email': 'konka@dtu.dk'}
2023-06-23 09:36:57,051 [INFO] Startup complete!

2023-06-23 09:36:57,057 [INFO] Reading file...
2023-06-23 09:36:57,058 [INFO] Input is excel
2023-06-23 09:37:02,013 [INFO] Read dataframe.
2023-06-23 09:37:02,014 [INFO] Read input with 15832 peptides.
2023-06-23 09:37:02,019 [INFO] Input software is sm
2023-06-23 09:37:02,113 [DEBUG] Converted values in 20210512_FJ_KK_LB_HUNTER_PO.raw.PEP.TMTpro_127C to numeric type
2023-06-23 09:37:02,195 [DEBUG] Converted values in 20210512_FJ_KK_LB_HUNTER_PO.raw.PEP.TMTpro_128C to numeric type
2023-06-23 09:37:02,265 [DEBUG] Converted values in 20210512_FJ_KK_LB_HUNTER_PO.raw.PEP.TMTpro_129C to numeric type
2023-06-23 09:37:02,313 [DEBUG] Converted values in 20210512_FJ_KK_LB_HUNTER_PO.raw.PEP.TMTpro_130C to numeric type
2023-06-23 09:37:02,369 [DEBUG] Converted values in 20210512_FJ_KK_LB_HUNTER_PO.raw.PEP.TMTpro_131C to numeric type
2023-06-23 09:37:02,432 [DEBUG] Converted values in 20210512_FJ_KK_LB_HUNTER_PO.raw.PEP.TMTpro_132C to numeric type
2023-06-23 09:37:02,434 [INFO] Finished converting quantification values to floats.
2023-06-23 09:37:02,478 [DEBUG] Patterns are: {'acc': 'PG.ProteinAccessions', 'seq': 'PEP.StrippedSequence', 'amino': 'B|J|O|U|X|Z', 'mod': 'P.MoleculeID', 'quant': 'PEP\\.TMT', 'label': '\\[TMT', 'nterm': 'N-?ter', 'nterm_label': 'TMT.*_Nter', 'lysine_label': 'K\\[TMT.{0,3}_Lys\\]'}
2023-06-23 09:37:02,479 [INFO] Successfully generated indexing patterns for sm input. See logfile for the found patterns.
2023-06-23 09:37:02,481 [INFO] Format check complete.

2023-06-23 09:37:02,489 [INFO] Initialization complete!

2023-06-23 09:37:02,496 [INFO] Filtering and sanitizing input...
2023-06-23 09:37:02,536 [DEBUG] Starting annotation of peptides...
2023-06-23 09:37:02,551 [INFO] Reading MEROPS data..
2023-06-23 09:37:05,649 [INFO] Read MEROPS data
2023-06-23 09:37:05,688 [INFO] Initialized annotation dataframe.

2023-06-23 09:37:05,693 [INFO] Fetching information from Uniprot...
2023-06-23 09:38:49,770 [WARNING] Peptide ADPGQYR not found in protein sequence for A0A087X2B5.
2023-06-23 09:38:49,863 [WARNING] Peptide NLNMEADPGQYR not found in protein sequence for A0A087X2B5.
2023-06-23 09:38:50,304 [WARNING] Peptide NLNMEADPGQYR not found in protein sequence for A0A087X2B5.
2023-06-23 09:38:50,307 [WARNING] Peptide SELHIENLNMEADPGQYR not found in protein sequence for A0A087X2B5.
2023-06-23 09:38:50,310 [WARNING] Peptide YSCVFLPEPMGTANIQLHGPPR not found in protein sequence for A0A087X2B5.
2023-06-23 09:38:50,315 [WARNING] Peptide NLNMEADPGQYR not found in protein sequence for A0A087X2B5.
2023-06-23 09:38:54,584 [WARNING] Peptide SCVFLPEPMGTANIQLHGPPR not found in protein sequence for A0A087X2B5.
2023-06-23 09:39:18,132 [INFO]  * Detected change in 'C:\\Users\\konka\\Documents\\CLIPPER\\annotator\\annotator\\clipper\\visualize.py', reloading
