2023-06-20 16:21:27,881 [INFO] 
2023-06-20 16:21:27,882 [INFO] Annotator started at 2023-06-20 16:21:27.
2023-06-20 16:21:27,885 [DEBUG] Arguments: {'infile': '..\\tests\\HUNTER_clean_100.xlsx', 'infile_type': 'infer', 'software': 'infer', 'level': 'all', 'dropna': False, 'fillna': None, 'sleeptime': 0.2, 'noexo': False, 'nomerops': False, 'calcstructure': 'all', 'singlecpu': False, 'conditionfile': '..\\tests\\cond_HUNTER.txt', 'stat': True, 'stat_pairwise': True, 'significance': 'all', 'visualize': True, 'logo': None, 'pseudocounts': True, 'cleavagevis': 'both', 'enrichment': False, 'pathway': False, 'proteasefile': None, 'output_name': None, 'outfile_type': 'xlsx', 'separate': False, 'pymol_verbose': False}
2023-06-20 16:21:27,900 [INFO] Startup complete!

2023-06-20 16:21:27,900 [INFO] Reading file...
2023-06-20 16:21:27,901 [INFO] Input is excel
2023-06-20 16:21:28,362 [INFO] Read dataframe.
2023-06-20 16:21:28,364 [INFO] Read input with 284 peptides.
2023-06-20 16:21:28,364 [INFO] Input software is sm
2023-06-20 16:21:28,367 [DEBUG] Converted values in 20210512_FJ_KK_LB_HUNTER_PO.raw.PEP.TMTpro_127C to numeric type
2023-06-20 16:21:28,371 [DEBUG] Converted values in 20210512_FJ_KK_LB_HUNTER_PO.raw.PEP.TMTpro_128C to numeric type
2023-06-20 16:21:28,373 [DEBUG] Converted values in 20210512_FJ_KK_LB_HUNTER_PO.raw.PEP.TMTpro_129C to numeric type
2023-06-20 16:21:28,375 [DEBUG] Converted values in 20210512_FJ_KK_LB_HUNTER_PO.raw.PEP.TMTpro_130C to numeric type
2023-06-20 16:21:28,384 [DEBUG] Converted values in 20210512_FJ_KK_LB_HUNTER_PO.raw.PEP.TMTpro_131C to numeric type
2023-06-20 16:21:28,386 [DEBUG] Converted values in 20210512_FJ_KK_LB_HUNTER_PO.raw.PEP.TMTpro_132C to numeric type
2023-06-20 16:21:28,388 [INFO] Finished converting quantification values to floats.
2023-06-20 16:21:28,391 [DEBUG] Patterns are: {'acc': 'PG.ProteinAccessions', 'seq': 'PEP.StrippedSequence', 'amino': 'B|J|O|U|X|Z', 'mod': 'P.MoleculeID', 'quant': 'PEP\\.TMT', 'label': '\\[TMT', 'nterm': 'N-?ter', 'nterm_label': 'TMT.*_Nter', 'lysine_label': 'K\\[TMT.{0,3}_Lys\\]'}
2023-06-20 16:21:28,391 [INFO] Successfully generated indexing patterns for sm input. See logfile for the found patterns.
2023-06-20 16:21:28,392 [INFO] Format check complete.

2023-06-20 16:21:28,405 [INFO] Initialization complete!

2023-06-20 16:21:28,406 [INFO] Filtering and sanitizing input...
2023-06-20 16:21:28,407 [DEBUG] Starting annotation of peptides...
2023-06-20 16:21:28,411 [INFO] Reading MEROPS data..
2023-06-20 16:21:29,852 [INFO] Read MEROPS data
2023-06-20 16:21:29,856 [INFO] Initialized annotation dataframe.

2023-06-20 16:21:29,857 [INFO] Fetching information from Uniprot...
2023-06-20 16:21:46,507 [WARNING] Peptide NLNMEADPGQYR not found in protein sequence for A0A087X2B5.
2023-06-20 16:21:46,531 [WARNING] Peptide NLNMEADPGQYR not found in protein sequence for A0A087X2B5.
2023-06-20 16:21:46,580 [WARNING] Peptide YSCVFLPEPMGTANIQLHGPPR not found in protein sequence for A0A087X2B5.
2023-06-20 16:21:46,625 [WARNING] Peptide SELHIENLNMEADPGQYR not found in protein sequence for A0A087X2B5.
2023-06-20 16:21:46,635 [WARNING] Peptide ADPGQYR not found in protein sequence for A0A087X2B5.
2023-06-20 16:21:46,751 [WARNING] Peptide NLNMEADPGQYR not found in protein sequence for A0A087X2B5.
2023-06-20 16:21:48,220 [WARNING] Peptide SCVFLPEPMGTANIQLHGPPR not found in protein sequence for A0A087X2B5.
2023-06-20 16:22:02,228 [WARNING] Error retrieving Uniprot record for A0A494C169: No SwissProt record found
2023-06-20 16:22:26,611 [INFO] Gathering info from Uniprot took 00:00:56 hh:mm:ss
2023-06-20 16:22:26,611 [INFO] Finished annotation of peptides.

2023-06-20 16:22:26,612 [INFO] Starting annotation of Protein Atlas data...
2023-06-20 16:22:26,613 [INFO] Reading Protein Atlas data..
2023-06-20 16:22:27,213 [INFO] Read Protein Atlas data.
2023-06-20 16:22:27,228 [WARNING] Duplicates found in 'Uniprot' column of 'protein_atlas_sub'. Dropping duplicates.
2023-06-20 16:22:27,250 [INFO] Finished annotation of Protein Atlas data.

2023-06-20 16:22:27,251 [INFO] Starting proteoform check...
2023-06-20 16:22:27,253 [INFO] Finished proteoform check.
2023-06-20 16:22:27,253 [INFO] Starting exopeptidase activity check...
2023-06-20 16:22:27,287 [DEBUG] 2 LGLGIDEDEVAAEEPNAAVPDEIPPLEGDEDASR LGIDEDEVAAEEPNAAVPDEIPPLEGDEDASR
2023-06-20 16:22:27,333 [DEBUG] 1 YSCVFLPEPMGTANIQLHGPPR SCVFLPEPMGTANIQLHGPPR
2023-06-20 16:22:27,335 [DEBUG] 2 AEAMDLGKDPNGPTHSSTLFVR AMDLGKDPNGPTHSSTLFVR
2023-06-20 16:22:27,339 [DEBUG] 2 AEAQALLSGDTQTDATSFYDR AQALLSGDTQTDATSFYDR
2023-06-20 16:22:27,352 [DEBUG] 1 KACANPAAGSVILLENLR ACANPAAGSVILLENLR
2023-06-20 16:22:27,353 [DEBUG] 2 KACANPAAGSVILLENLR ANPAAGSVILLENLR
2023-06-20 16:22:27,375 [DEBUG] 1 AAQTSPSPKAGAATGR AQTSPSPKAGAATGR
2023-06-20 16:22:27,380 [DEBUG] 1 SSGFSLEDPQTHSNR SGFSLEDPQTHSNR
2023-06-20 16:22:27,383 [DEBUG] 2 SKNLKLGIHEDSTNR NLKLGIHEDSTNR
2023-06-20 16:22:27,412 [DEBUG] 2 SEDFSLPAYMDR DFSLPAYMDR
2023-06-20 16:22:27,432 [DEBUG] 2 SPVLHFYVR VLHFYVR
2023-06-20 16:22:27,450 [INFO] Exopeptidase activity check took 00:00:00 hh:mm:ss
2023-06-20 16:22:27,450 [INFO] Exopeptidase activity was found, check logfile or output for more details on exact peptide sequences
2023-06-20 16:22:27,451 [INFO] Finished exopeptidase activity check.
2023-06-20 16:22:27,453 [INFO] Parsed condition file
2023-06-20 16:22:27,454 [INFO] Performing general statistics annotation...
2023-06-20 16:22:27,478 [INFO] Finished general statistics annotation.
2023-06-20 16:22:27,479 [INFO] Performing statistical testing...
2023-06-20 16:22:27,487 [INFO] Finished statistical testing.
2023-06-20 16:22:27,487 [DEBUG] Corrected p-values for Corrected Independent T-test: gluc/control using fdr_bh method
2023-06-20 16:22:27,487 [INFO] Finished multiple testing correction.

2023-06-20 16:22:27,488 [INFO] Checking fold distribution...
2023-06-20 16:22:27,556 [INFO] Finished fold distribution check.

2023-06-20 16:22:27,557 [INFO] Computing structural properties...
2023-06-20 16:22:27,557 [INFO]  - Reading available AlphaFold models...
2023-06-20 16:22:27,654 [INFO]  - Read available AlphaFold models.
2023-06-20 16:22:27,660 [INFO]  - Calculating surface area and secondary structure...
2023-06-20 16:22:33,824 [WARNING] Model for H3BMP6 not available
2023-06-20 16:22:35,440 [WARNING] Model for A0A0C4DG17 not available
2023-06-20 16:22:36,932 [WARNING] Model for C9J6D1 not available
