2023-06-25 10:46:04,351 [INFO] 
2023-06-25 10:46:04,351 [INFO] Annotator started at 2023-06-25 10:46:04.
2023-06-25 10:46:04,354 [DEBUG] Arguments: {'infile': '..\\tests\\BaPI_Nterm.xlsx', 'infile_type': 'infer', 'software': 'infer', 'level': 'all', 'dropna': False, 'fillna': None, 'sleeptime': 0.2, 'noexo': False, 'nomerops': False, 'calcstructure': 'sig', 'singlecpu': False, 'conditionfile': '..\\tests\\cond_bapi.txt', 'stat': True, 'stat_pairwise': True, 'significance': 'all', 'visualize': True, 'logo': 'all', 'pseudocounts': True, 'cleavagevis': 'both', 'enrichment': True, 'pathway': True, 'proteasefile': '../tests/proteases_bapi.txt', 'output_name': None, 'output_filetype': 'xlsx', 'separate': False, 'pymol_verbose': False}
2023-06-25 10:46:04,361 [INFO] Startup complete!

2023-06-25 10:46:04,363 [INFO] Reading file...
2023-06-25 10:46:04,365 [INFO] Input is excel
2023-06-25 10:46:05,228 [INFO] Read dataframe.
2023-06-25 10:46:05,228 [INFO] Read input with 803 peptides.
2023-06-25 10:46:05,229 [INFO] Input software is pd
2023-06-25 10:46:05,234 [DEBUG] Converted values in Abundances (Normalized): F1: 130C, Sample, BaPI to numeric type
2023-06-25 10:46:05,244 [DEBUG] Converted values in Abundances (Normalized): F1: 131N, Sample, BaPI to numeric type
2023-06-25 10:46:05,248 [DEBUG] Converted values in Abundances (Normalized): F1: 131C, Sample, BaPI to numeric type
2023-06-25 10:46:05,255 [DEBUG] Converted values in Abundances (Normalized): F1: 129N, Sample, control to numeric type
2023-06-25 10:46:05,259 [DEBUG] Converted values in Abundances (Normalized): F1: 129C, Sample, control to numeric type
2023-06-25 10:46:05,261 [DEBUG] Converted values in Abundances (Normalized): F1: 130N, Sample, control to numeric type
2023-06-25 10:46:05,262 [INFO] Finished converting quantification values to floats.
2023-06-25 10:46:05,266 [DEBUG] Patterns are: {'acc': 'Master Protein Accessions', 'mod': 'Modifications', 'nterm': '\\[N-Term\\]', 'seq': 'Annotated Sequence', 'amino': '\\.[A-Z]*(B|J|O|U|X|Z)[A-Z]*\\.', 'quant': 'Abundances \\(?Normalized\\):.*', 'label': 'TMT', 'nterm_label': 'TMT.* \\[N-Term\\]', 'lysine_label': 'TMT.{0,5} \\[K'}
2023-06-25 10:46:05,267 [INFO] Successfully generated indexing patterns for pd input. See logfile for the found patterns.
2023-06-25 10:46:05,269 [INFO] Format check complete.

2023-06-25 10:46:05,278 [INFO] Initialization complete!

2023-06-25 10:46:05,280 [INFO] Filtering and sanitizing input...
2023-06-25 10:46:05,290 [DEBUG] Starting annotation of peptides...
2023-06-25 10:46:05,291 [INFO] Reading MEROPS data..
2023-06-25 10:46:06,587 [INFO] Read MEROPS data
2023-06-25 10:46:06,592 [INFO] Initialized annotation dataframe.

2023-06-25 10:46:06,594 [INFO] Fetching information from Uniprot...
2023-06-25 10:51:02,898 [WARNING] Peptide LKLDKENAIDR not found in protein sequence for P09493.
2023-06-25 10:52:21,134 [WARNING] Peptide ILLSKLR not found in protein sequence for Q9BUF5.
2023-06-25 10:52:40,921 [INFO] Gathering info from Uniprot took 00:06:34 hh:mm:ss
2023-06-25 10:52:40,921 [INFO] Finished annotation of peptides.

2023-06-25 10:52:40,922 [INFO] Starting annotation of Protein Atlas data...
2023-06-25 10:52:40,923 [INFO] Reading Protein Atlas data..
2023-06-25 10:52:41,515 [INFO] Read Protein Atlas data.
2023-06-25 10:52:41,530 [WARNING] Duplicates found in 'Uniprot' column of 'protein_atlas_sub'. Dropping duplicates.
2023-06-25 10:52:41,556 [INFO] Finished annotation of Protein Atlas data.

2023-06-25 10:52:41,556 [INFO] Starting proteoform check...
2023-06-25 10:52:41,558 [INFO] Finished proteoform check.
2023-06-25 10:52:41,559 [INFO] Starting exopeptidase activity check...
2023-06-25 10:52:41,567 [DEBUG] 1 EEEEEGGEEEEEEEEGDGEEEDGDEDEEAESATGKR EEEEGGEEEEEEEEGDGEEEDGDEDEEAESATGKR
2023-06-25 10:52:41,569 [DEBUG] 2 EEEEEGGEEEEEEEEGDGEEEDGDEDEEAESATGKR EEGGEEEEEEEEGDGEEEDGDEDEEAESATGKR
2023-06-25 10:52:41,570 [DEBUG] 1 EEEEEGGEEEEEEEEGDGEEEDGDEDEEAESATGKR EGGEEEEEEEEGDGEEEDGDEDEEAESATGKR
2023-06-25 10:52:41,590 [DEBUG] 2 LYQGAGGPGPGGFGAQGPKGGSGSGPTIEEVD QGAGGPGPGGFGAQGPKGGSGSGPTIEEVD
2023-06-25 10:52:41,596 [DEBUG] 1 SQSSDTEQQSPTSGGGKVAPAQPSEEGPGR QSSDTEQQSPTSGGGKVAPAQPSEEGPGR
2023-06-25 10:52:41,646 [DEBUG] 1 YSLPPHQKVPLPSLSPTMQAGTIAR SLPPHQKVPLPSLSPTMQAGTIAR
2023-06-25 10:52:41,651 [DEBUG] 1 EQQSPTSGGGKVAPAQPSEEGPGR QQSPTSGGGKVAPAQPSEEGPGR
2023-06-25 10:52:41,653 [DEBUG] 2 SLAGSSGPGASSGTSGDHGELVVR AGSSGPGASSGTSGDHGELVVR
2023-06-25 10:52:41,690 [DEBUG] 1 LEKDYEEVGADSADGEDEGEEY EKDYEEVGADSADGEDEGEEY
2023-06-25 10:52:41,698 [DEBUG] 2 LYGSAGPPPTGEEDTAEKDEL GSAGPPPTGEEDTAEKDEL
2023-06-25 10:52:41,722 [DEBUG] 1 EEDEDDDEGEEGEEDEGEDD EDEDDDEGEEGEEDEGEDD
2023-06-25 10:52:41,722 [DEBUG] 2 EEDEDDDEGEEGEEDEGEDD EDDDEGEEGEEDEGEDD
2023-06-25 10:52:41,724 [DEBUG] 1 YGGGPGGGNFGGSPGYGGGR GGGPGGGNFGGSPGYGGGR
2023-06-25 10:52:41,732 [DEBUG] 1 CIMLSGETAKGDYPLEAVR IMLSGETAKGDYPLEAVR
2023-06-25 10:52:41,746 [DEBUG] 2 QQQRPEDAEDGAEGGGKR QRPEDAEDGAEGGGKR
2023-06-25 10:52:41,756 [DEBUG] 2 DKEEDEEEDVPGQAKDEL EEDEEEDVPGQAKDEL
2023-06-25 10:52:41,760 [DEBUG] 1 EQQEAIEHIDEVQNEIDR QQEAIEHIDEVQNEIDR
2023-06-25 10:52:41,761 [DEBUG] 1 EQQEAIEHIDEVQNEIDR QEAIEHIDEVQNEIDR
2023-06-25 10:52:41,761 [DEBUG] 2 EQQEAIEHIDEVQNEIDR AIEHIDEVQNEIDR
2023-06-25 10:52:41,762 [DEBUG] 1 EQQEAIEHIDEVQNEIDR IEHIDEVQNEIDR
2023-06-25 10:52:41,763 [DEBUG] 2 EQQEAIEHIDEVQNEIDR HIDEVQNEIDR
2023-06-25 10:52:41,766 [DEBUG] 2 EVGVDSVEGEGEEEGEEY GVDSVEGEGEEEGEEY
2023-06-25 10:52:41,767 [DEBUG] 1 EVGVDSVEGEGEEEGEEY VDSVEGEGEEEGEEY
2023-06-25 10:52:41,767 [DEBUG] 1 EVGVDSVEGEGEEEGEEY DSVEGEGEEEGEEY
2023-06-25 10:52:41,768 [DEBUG] 1 EVGVDSVEGEGEEEGEEY SVEGEGEEEGEEY
2023-06-25 10:52:41,770 [DEBUG] 1 EVGVDSVEGEGEEEGEEY VEGEGEEEGEEY
2023-06-25 10:52:41,770 [DEBUG] 1 EVGVDSVEGEGEEEGEEY EGEGEEEGEEY
2023-06-25 10:52:41,771 [DEBUG] 1 EVGVDSVEGEGEEEGEEY GEGEEEGEEY
2023-06-25 10:52:41,779 [DEBUG] 1 EAEEGEDDRDSANGEDDS AEEGEDDRDSANGEDDS
2023-06-25 10:52:41,780 [DEBUG] 1 EAEEGEDDRDSANGEDDS EEGEDDRDSANGEDDS
2023-06-25 10:52:41,780 [DEBUG] 1 EAEEGEDDRDSANGEDDS EGEDDRDSANGEDDS
2023-06-25 10:52:41,789 [DEBUG] 2 LCCNDESGEDVEVPYVR CNDESGEDVEVPYVR
2023-06-25 10:52:41,793 [DEBUG] 2 LKVGGTSDVEVNEKKDR VGGTSDVEVNEKKDR
2023-06-25 10:52:41,798 [DEBUG] 1 LSLAPVNIFKAGADEER SLAPVNIFKAGADEER
2023-06-25 10:52:41,799 [DEBUG] 1 EEEEEEEEPVKEAPGKR EEEEEEEPVKEAPGKR
2023-06-25 10:52:41,800 [DEBUG] 1 EEEEEEEEPVKEAPGKR EEEEEEPVKEAPGKR
2023-06-25 10:52:41,801 [DEBUG] 1 ATKEDAEAPGIRDHESL TKEDAEAPGIRDHESL
2023-06-25 10:52:41,803 [DEBUG] 1 ATKEDAEAPGIRDHESL KEDAEAPGIRDHESL
2023-06-25 10:52:41,821 [DEBUG] 2 QESSGEEDSDLSPEER SSGEEDSDLSPEER
2023-06-25 10:52:41,826 [DEBUG] 1 LSVDGEDENEGEDYAE SVDGEDENEGEDYAE
2023-06-25 10:52:41,830 [DEBUG] 2 AAQTSPSPKAGAATGR QTSPSPKAGAATGR
2023-06-25 10:52:41,831 [DEBUG] 1 APSVPAAEPEYPKGIR PSVPAAEPEYPKGIR
2023-06-25 10:52:41,831 [DEBUG] 1 APSVPAAEPEYPKGIR SVPAAEPEYPKGIR
2023-06-25 10:52:41,833 [DEBUG] 1 VHEDSGDEDGEDPDKR HEDSGDEDGEDPDKR
2023-06-25 10:52:41,843 [DEBUG] 1 EVGADSADGEDEGEEY VGADSADGEDEGEEY
2023-06-25 10:52:41,844 [DEBUG] 2 EVGADSADGEDEGEEY ADSADGEDEGEEY
2023-06-25 10:52:41,845 [DEBUG] 1 EVGADSADGEDEGEEY DSADGEDEGEEY
2023-06-25 10:52:41,847 [DEBUG] 2 EVGADSADGEDEGEEY ADGEDEGEEY
2023-06-25 10:52:41,853 [DEBUG] 1 RADLNQGIGEPQSPSR ADLNQGIGEPQSPSR
2023-06-25 10:52:41,857 [DEBUG] 1 RLDTDDLDEIEKIAN LDTDDLDEIEKIAN
2023-06-25 10:52:41,862 [DEBUG] 1 QHSNAAQTQTGEANR HSNAAQTQTGEANR
2023-06-25 10:52:41,864 [DEBUG] 1 QLITGKEDAANNYAR LITGKEDAANNYAR
2023-06-25 10:52:41,864 [DEBUG] 1 QLITGKEDAANNYAR ITGKEDAANNYAR
2023-06-25 10:52:41,866 [DEBUG] 1 LQMEAPHIIVGTPGR QMEAPHIIVGTPGR
2023-06-25 10:52:41,886 [DEBUG] 1 SQFQESDDADEDYGR QFQESDDADEDYGR
2023-06-25 10:52:41,887 [DEBUG] 1 SQFQESDDADEDYGR FQESDDADEDYGR
2023-06-25 10:52:41,888 [DEBUG] 1 SQFQESDDADEDYGR QESDDADEDYGR
2023-06-25 10:52:41,891 [DEBUG] 1 SHGSQETDEEFDAR HGSQETDEEFDAR
2023-06-25 10:52:41,894 [DEBUG] 2 LVIIEGDLERTEER IIEGDLERTEER
2023-06-25 10:52:41,903 [DEBUG] 1 AGEEGGEAPQEPQS GEEGGEAPQEPQS
2023-06-25 10:52:41,905 [DEBUG] 1 AFMVDNEAIYDICR FMVDNEAIYDICR
2023-06-25 10:52:41,910 [DEBUG] 1 VLLTEAPLNPKANR LLTEAPLNPKANR
2023-06-25 10:52:41,911 [DEBUG] 1 VLLTEAPLNPKANR LTEAPLNPKANR
2023-06-25 10:52:41,926 [DEBUG] 1 LAEDIDKGEVSAR AEDIDKGEVSAR
2023-06-25 10:52:41,929 [DEBUG] 1 MEVEEDDPVPEIR EVEEDDPVPEIR
2023-06-25 10:52:41,930 [DEBUG] 2 MEVEEDDPVPEIR EEDDPVPEIR
2023-06-25 10:52:41,932 [DEBUG] 1 QGDEAEAGEGGEN GDEAEAGEGGEN
2023-06-25 10:52:41,932 [DEBUG] 2 QGDEAEAGEGGEN EAEAGEGGEN
2023-06-25 10:52:41,937 [DEBUG] 1 AGEECDAAEGAEN GEECDAAEGAEN
2023-06-25 10:52:41,938 [DEBUG] 1 AGEECDAAEGAEN EECDAAEGAEN
2023-06-25 10:52:41,943 [DEBUG] 1 RAAEEEDEADPKR AAEEEDEADPKR
2023-06-25 10:52:41,944 [DEBUG] 1 RAAEEEDEADPKR AEEEDEADPKR
2023-06-25 10:52:41,944 [DEBUG] 1 RAAEEEDEADPKR EEEDEADPKR
2023-06-25 10:52:41,948 [DEBUG] 1 DDIGDDDEDIDDI DIGDDDEDIDDI
2023-06-25 10:52:41,950 [DEBUG] 1 QGGAGAGDDEEED GGAGAGDDEEED
2023-06-25 10:52:41,950 [DEBUG] 1 QGGAGAGDDEEED GAGAGDDEEED
2023-06-25 10:52:41,953 [DEBUG] 1 EEEDVPGQAKDEL EEDVPGQAKDEL
2023-06-25 10:52:41,959 [DEBUG] 1 QTTALPDEDDDL TTALPDEDDDL
2023-06-25 10:52:41,959 [DEBUG] 2 QTTALPDEDDDL ALPDEDDDL
2023-06-25 10:52:41,961 [DEBUG] 1 LKEDQTEYLEER KEDQTEYLEER
2023-06-25 10:52:41,964 [DEBUG] 1 HLLLQNNLPAVR LLLQNNLPAVR
2023-06-25 10:52:41,966 [DEBUG] 1 QIKELTDEEAER IKELTDEEAER
2023-06-25 10:52:41,967 [DEBUG] 2 QIKELTDEEAER ELTDEEAER
2023-06-25 10:52:41,968 [DEBUG] 1 QIKELTDEEAER LTDEEAER
2023-06-25 10:52:41,970 [DEBUG] 1 QGDEGDAGEGEN GDEGDAGEGEN
2023-06-25 10:52:41,977 [DEBUG] 2 CKAGFAGDDAPR AGFAGDDAPR
2023-06-25 10:52:41,984 [DEBUG] 1 SRDEDNDEDEER RDEDNDEDEER
2023-06-25 10:52:41,987 [DEBUG] 2 EVQGAGNENEPR QGAGNENEPR
2023-06-25 10:52:41,989 [DEBUG] 1 FQSTTGHCVHMR QSTTGHCVHMR
2023-06-25 10:52:41,989 [DEBUG] 1 FQSTTGHCVHMR STTGHCVHMR
2023-06-25 10:52:41,991 [DEBUG] 1 FSLEDPQTHANR SLEDPQTHANR
2023-06-25 10:52:42,000 [DEBUG] 1 GEEGEEDEGEDD EEGEEDEGEDD
2023-06-25 10:52:42,000 [DEBUG] 1 GEEGEEDEGEDD EGEEDEGEDD
2023-06-25 10:52:42,003 [DEBUG] 1 YAKDVKFGADAR AKDVKFGADAR
2023-06-25 10:52:42,022 [DEBUG] 1 VEEELDRAQER EEELDRAQER
2023-06-25 10:52:42,027 [DEBUG] 1 FGSDQSENVDR GSDQSENVDR
2023-06-25 10:52:42,050 [DEBUG] 1 LLDDDDNEDR LDDDDNEDR
2023-06-25 10:52:42,055 [DEBUG] 1 EQLEEEESAR QLEEEESAR
2023-06-25 10:52:42,056 [DEBUG] 1 EQLEEEESAR LEEEESAR
2023-06-25 10:52:42,065 [DEBUG] 1 QDDDGGEGNN DDDGGEGNN
2023-06-25 10:52:42,066 [DEBUG] 1 LVIIEGDLER VIIEGDLER
2023-06-25 10:52:42,066 [DEBUG] 1 LVIIEGDLER IIEGDLER
2023-06-25 10:52:42,071 [DEBUG] 1 QQQADEAEDR QQADEAEDR
2023-06-25 10:52:42,072 [DEBUG] 1 QQQADEAEDR QADEAEDR
2023-06-25 10:52:42,072 [DEBUG] 1 QQQADEAEDR ADEAEDR
2023-06-25 10:52:42,075 [DEBUG] 1 FVGQDVEGER VGQDVEGER
2023-06-25 10:52:42,089 [DEBUG] 2 LAHEEVKTR HEEVKTR
2023-06-25 10:52:42,095 [DEBUG] 2 QFEDADVDH EDADVDH
2023-06-25 10:52:42,101 [DEBUG] 1 LLQDSGEVR LQDSGEVR
2023-06-25 10:52:42,110 [DEBUG] 2 KASDVHEVR SDVHEVR
2023-06-25 10:52:42,122 [DEBUG] 1 WETEERPR ETEERPR
2023-06-25 10:52:42,154 [INFO] Exopeptidase activity check took 00:00:00 hh:mm:ss
2023-06-25 10:52:42,155 [INFO] Exopeptidase activity was found, check logfile or output for more details on exact peptide sequences
2023-06-25 10:52:42,155 [INFO] Finished exopeptidase activity check.
2023-06-25 10:52:42,166 [INFO] Parsed condition file
2023-06-25 10:52:42,166 [INFO] Performing general statistics annotation...
2023-06-25 10:52:42,197 [INFO] Finished general statistics annotation.
2023-06-25 10:52:42,198 [INFO] Performing statistical testing...
2023-06-25 10:52:42,210 [INFO] Finished statistical testing.
2023-06-25 10:52:42,212 [DEBUG] Corrected p-values for Corrected Independent T-test: Ctrl vs. BaPI using fdr_bh method
2023-06-25 10:52:42,212 [INFO] Finished multiple testing correction.

2023-06-25 10:52:42,215 [INFO] Checking fold distribution...
2023-06-25 10:52:42,376 [INFO] Finished fold distribution check.

2023-06-25 10:52:42,377 [INFO] Computing structural properties...
2023-06-25 10:52:42,377 [INFO]  - Reading available AlphaFold models...
2023-06-25 10:52:42,468 [INFO]  - Read available AlphaFold models.
2023-06-25 10:52:42,515 [INFO]  - Calculating surface area and secondary structure...
2023-06-25 10:57:46,560 [WARNING] Model for Q7Z6Z7 not available
2023-06-25 11:20:15,484 [WARNING] Model for Q9Y520 not available
2023-06-25 11:21:27,015 [WARNING] Model for P58107 not available
2023-06-25 11:26:13,105 [INFO] Structure calculations took 00:33:30 hh:mm:ss
2023-06-25 11:26:13,270 [INFO] Finished computing structural properties.
2023-06-25 11:26:13,270 [INFO] Predicting protease activity...
2023-06-25 11:26:13,295 [INFO] Protease codes: ['M12.311']
