2023-06-22 15:58:18,073 [INFO] 
2023-06-22 15:58:18,074 [INFO] Annotator started at 2023-06-22 15:58:18.
2023-06-22 15:58:18,074 [DEBUG] Arguments: {'infile': '/Users/aleksanderhaack/Desktop/TAILS annotator v2/annotator/annotator/upload/Mahima_DIA_TAILS_small.xlsx', 'infile_type': 'infer', 'software': 'infer', 'level': 'all', 'dropna': False, 'fillna': None, 'sleeptime': 0.2, 'noexo': False, 'nomerops': False, 'calcstructure': None, 'singlecpu': False, 'conditionfile': None, 'proteasefile': None, 'stat': False, 'stat_pairwise': False, 'significance': None, 'visualize': False, 'logo': None, 'pseudocounts': False, 'cleavagevis': 'None', 'enrichment': False, 'pathway': False, 'output_name': '20230622155818_annotated_data', 'output_filetype': 'xlsx', 'separate': False, 'pymol_verbose': False, 'jobid': '70', 'logfile': '/Users/aleksanderhaack/Desktop/TAILS annotator v2/annotator/annotator/log/70.log', 'resultdest': '/Users/aleksanderhaack/Desktop/TAILS annotator v2/annotator/annotator/results', 'datafolder': '/Users/aleksanderhaack/Desktop/TAILS annotator v2/annotator/annotator/data', 'email': ''}
2023-06-22 15:58:18,074 [INFO] Startup complete!

2023-06-22 15:58:18,074 [INFO] Reading file...
2023-06-22 15:58:18,074 [INFO] Input is excel
2023-06-22 15:58:18,157 [INFO] Read dataframe.
2023-06-22 15:58:18,157 [INFO] Read input with 62 peptides.
2023-06-22 15:58:18,157 [INFO] Input software is sm
2023-06-22 15:58:18,158 [DEBUG] Converted values in [1] 20230525_EV_EVO_KK_FAIMS_1CV_Endurance_15SPD_1655_Mahima_TAILS_WT1_UT_PO.raw.EG.TotalQuantity (Settings) to numeric type
2023-06-22 15:58:18,158 [DEBUG] Converted values in [2] 20230525_EV_EVO_KK_FAIMS_1CV_Endurance_15SPD_1655_Mahima_TAILS_WT1_TNP_PO.raw.EG.TotalQuantity (Settings) to numeric type
2023-06-22 15:58:18,159 [DEBUG] Converted values in [3] 20230525_EV_EVO_KK_FAIMS_1CV_Endurance_15SPD_1655_Mahima_TAILS_WT3_UT_PO.raw.EG.TotalQuantity (Settings) to numeric type
2023-06-22 15:58:18,159 [DEBUG] Converted values in [4] 20230525_EV_EVO_KK_FAIMS_1CV_Endurance_15SPD_1655_Mahima_TAILS_WT3_TNP_PO.raw.EG.TotalQuantity (Settings) to numeric type
2023-06-22 15:58:18,160 [DEBUG] Converted values in [5] 20230525_EV_EVO_KK_FAIMS_1CV_Endurance_15SPD_1655_Mahima_TAILS_KO2_UT_PO.raw.EG.TotalQuantity (Settings) to numeric type
2023-06-22 15:58:18,160 [DEBUG] Converted values in [6] 20230525_EV_EVO_KK_FAIMS_1CV_Endurance_15SPD_1655_Mahima_TAILS_KO2_TNP_PO.raw.EG.TotalQuantity (Settings) to numeric type
2023-06-22 15:58:18,160 [DEBUG] Converted values in [7] 20230525_EV_EVO_KK_FAIMS_1CV_Endurance_15SPD_1655_Mahima_TAILS_KO3_UT_PO.raw.EG.TotalQuantity (Settings) to numeric type
2023-06-22 15:58:18,161 [DEBUG] Converted values in [8] 20230525_EV_EVO_KK_FAIMS_1CV_Endurance_15SPD_1655_Mahima_TAILS_KO3_TNP_PO.raw.EG.TotalQuantity (Settings) to numeric type
2023-06-22 15:58:18,161 [DEBUG] Converted values in [9] 20230525_EV_EVO_KK_FAIMS_1CV_Endurance_15SPD_1655_Mahima_TAILS_WT3_TNP_NPO.raw.EG.TotalQuantity (Settings) to numeric type
2023-06-22 15:58:18,162 [DEBUG] Converted values in [10] 20230525_EV_EVO_KK_FAIMS_1CV_Endurance_15SPD_1655_Mahima_TAILS_WT3_UT_NPO.raw.EG.TotalQuantity (Settings) to numeric type
2023-06-22 15:58:18,162 [DEBUG] Converted values in [11] 20230525_EV_EVO_KK_FAIMS_1CV_Endurance_15SPD_1655_Mahima_TAILS_WT1_TNP_NPO.raw.EG.TotalQuantity (Settings) to numeric type
2023-06-22 15:58:18,163 [DEBUG] Converted values in [12] 20230525_EV_EVO_KK_FAIMS_1CV_Endurance_15SPD_1655_Mahima_TAILS_WT1_UT_NPO.raw.EG.TotalQuantity (Settings) to numeric type
2023-06-22 15:58:18,163 [DEBUG] Converted values in [13] 20230525_EV_EVO_KK_FAIMS_1CV_Endurance_15SPD_1655_Mahima_TAILS_KO2_TNP_NPO.raw.EG.TotalQuantity (Settings) to numeric type
2023-06-22 15:58:18,163 [DEBUG] Converted values in [14] 20230525_EV_EVO_KK_FAIMS_1CV_Endurance_15SPD_1655_Mahima_TAILS_KO2_UT_NPO.raw.EG.TotalQuantity (Settings) to numeric type
2023-06-22 15:58:18,164 [DEBUG] Converted values in [15] 20230525_EV_EVO_KK_FAIMS_1CV_Endurance_15SPD_1655_Mahima_TAILS_KO3_TNP_NPO.raw.EG.TotalQuantity (Settings) to numeric type
2023-06-22 15:58:18,164 [DEBUG] Converted values in [16] 20230525_EV_EVO_KK_FAIMS_1CV_Endurance_15SPD_1655_Mahima_TAILS_KO3_UT_NPO.raw.EG.TotalQuantity (Settings) to numeric type
2023-06-22 15:58:18,165 [DEBUG] Converted values in [17] 20230208_EV_EVO_EM_FAIMS_1CV_standard_15SPD_Mahima__DIA_TAILS_PO_30_WT2_TNP_PO.raw.EG.TotalQuantity (Settings) to numeric type
2023-06-22 15:58:18,165 [DEBUG] Converted values in [18] 20230208_EV_EVO_EM_FAIMS_1CV_standard_15SPD_Mahima__DIA_TAILS_NPO_30_WT2_TNP_NPO.raw.EG.TotalQuantity (Settings) to numeric type
2023-06-22 15:58:18,165 [DEBUG] Converted values in [19] 20230208_EV_EVO_EM_FAIMS_1CV_standard_15SPD_Mahima__DIA_TAILS_PO_27_WT2_UT_PO.raw.EG.TotalQuantity (Settings) to numeric type
2023-06-22 15:58:18,166 [DEBUG] Converted values in [20] 20230208_EV_EVO_EM_FAIMS_1CV_standard_15SPD_Mahima__DIA_TAILS_NPO_27_WT2_UT_NPO.raw.EG.TotalQuantity (Settings) to numeric type
2023-06-22 15:58:18,166 [DEBUG] Converted values in [21] 20230208_EV_EVO_EM_FAIMS_1CV_standard_15SPD_Mahima__DIA_TAILS_PO_5_KO1_TNP_PO.raw.EG.TotalQuantity (Settings) to numeric type
2023-06-22 15:58:18,166 [DEBUG] Converted values in [22] 20230208_EV_EVO_EM_FAIMS_1CV_standard_15SPD_Mahima__DIA_TAILS_NPO_5_KO1_TNP_NPO.raw.EG.TotalQuantity (Settings) to numeric type
2023-06-22 15:58:18,167 [DEBUG] Converted values in [23] 20230208_EV_EVO_EM_FAIMS_1CV_standard_15SPD_Mahima__DIA_TAILS_PO_2_KO1_UT_PO.raw.EG.TotalQuantity (Settings) to numeric type
2023-06-22 15:58:18,167 [DEBUG] Converted values in [24] 20230208_EV_EVO_EM_FAIMS_1CV_standard_15SPD_Mahima__DIA_TAILS_NPO_2_KO1_UT_NPO.raw.EG.TotalQuantity (Settings) to numeric type
2023-06-22 15:58:18,167 [INFO] Finished converting quantification values to floats.
2023-06-22 15:58:18,168 [DEBUG] Patterns are: {'acc': 'PG.ProteinAccessions', 'seq': 'PEP.StrippedSequence', 'amino': 'B|J|O|U|X|Z', 'mod': 'EG.PrecursorId', 'quant': 'EG\\.TotalQuantity', 'label': 'Dimeth', 'nterm': 'DimethNter0', 'nterm_label': '\\[DimethNter0\\]', 'lysine_label': 'K\\[DimethLys0\\]'}
2023-06-22 15:58:18,168 [INFO] Successfully generated indexing patterns for sm input. See logfile for the found patterns.
2023-06-22 15:58:18,168 [INFO] Format check complete.

2023-06-22 15:58:18,168 [INFO] Initialization complete!

2023-06-22 15:58:18,168 [INFO] Filtering and sanitizing input...
2023-06-22 15:58:18,169 [WARNING] There were rows with no accession numbers in the loaded file, please check the log file for further information
2023-06-22 15:58:18,169 [DEBUG] Empty accession rows: 52
2023-06-22 15:58:18,169 [DEBUG] Empty accession rows: 53
2023-06-22 15:58:18,169 [DEBUG] Empty accession rows: 54
2023-06-22 15:58:18,169 [DEBUG] Empty accession rows: 55
2023-06-22 15:58:18,169 [DEBUG] Empty accession rows: 56
2023-06-22 15:58:18,169 [DEBUG] Empty accession rows: 57
2023-06-22 15:58:18,169 [DEBUG] Empty accession rows: 58
2023-06-22 15:58:18,169 [DEBUG] Empty accession rows: 59
2023-06-22 15:58:18,169 [DEBUG] Empty accession rows: 60
2023-06-22 15:58:18,169 [DEBUG] Empty accession rows: 61
2023-06-22 15:58:18,169 [DEBUG] Empty accession rows: 62
2023-06-22 15:58:18,169 [DEBUG] Starting annotation of peptides...
2023-06-22 15:58:18,169 [INFO] Reading MEROPS data..
2023-06-22 15:58:18,746 [INFO] Read MEROPS data
2023-06-22 15:58:18,747 [INFO] Initialized annotation dataframe.

2023-06-22 15:58:18,747 [INFO] Fetching information from Uniprot...
2023-06-22 15:58:33,126 [INFO] Gathering info from Uniprot took 00:00:14 hh:mm:ss
2023-06-22 15:58:33,127 [INFO] Finished annotation of peptides.

2023-06-22 15:58:33,127 [INFO] Starting annotation of Protein Atlas data...
2023-06-22 15:58:33,127 [INFO] Reading Protein Atlas data..
2023-06-22 15:58:33,381 [INFO] Read Protein Atlas data.
2023-06-22 15:58:33,384 [WARNING] Duplicates found in 'Uniprot' column of 'protein_atlas_sub'. Dropping duplicates.
2023-06-22 15:58:33,388 [INFO] Finished annotation of Protein Atlas data.

2023-06-22 15:58:33,388 [INFO] Starting proteoform check...
2023-06-22 15:58:33,389 [INFO] Finished proteoform check.
2023-06-22 15:58:33,389 [INFO] Starting exopeptidase activity check...
2023-06-22 15:58:33,392 [DEBUG] 1 RFDTAFFLCCLR FDTAFFLCCLR
2023-06-22 15:58:33,394 [INFO] Exopeptidase activity check took 00:00:00 hh:mm:ss
2023-06-22 15:58:33,394 [INFO] Exopeptidase activity was found, check logfile or output for more details on exact peptide sequences
2023-06-22 15:58:33,394 [INFO] Finished exopeptidase activity check.
2023-06-22 15:58:33,394 [INFO] Performing general statistics annotation...
2023-06-22 15:58:33,395 [INFO] Finished general statistics annotation.

2023-06-22 15:58:33,395 [INFO] Writing output files...
2023-06-22 15:58:33,427 [INFO] Finished. Wrote results to /Users/aleksanderhaack/Desktop/TAILS annotator v2/annotator/annotator/results/20230622155818_annotated_data.
2023-06-22 15:58:33,428 [INFO] Finished writing output files
2023-06-22 15:58:33,429 [INFO] 
CLIPPER 2.0 pipeline completed in 0:00:15.353500.

2023-06-22 15:58:33,453 [INFO] 127.0.0.1 - - [22/Jun/2023 15:58:33] "GET /70/result HTTP/1.1" 200 -
2023-06-22 15:58:58,032 [INFO] 127.0.0.1 - - [22/Jun/2023 15:58:58] "GET / HTTP/1.1" 200 -
2023-06-22 15:59:08,664 [INFO] 127.0.0.1 - - [22/Jun/2023 15:59:08] "[32mPOST / HTTP/1.1[0m" 302 -
2023-06-22 15:59:08,669 [INFO] 127.0.0.1 - - [22/Jun/2023 15:59:08] "GET /71/submit HTTP/1.1" 200 -
2023-06-22 15:59:08,690 [INFO] 127.0.0.1 - - [22/Jun/2023 15:59:08] "[36mGET /static/index.css HTTP/1.1[0m" 304 -
2023-06-22 15:59:08,692 [INFO] 127.0.0.1 - - [22/Jun/2023 15:59:08] "[36mGET /static/DTU_logo.png HTTP/1.1[0m" 304 -
2023-06-22 15:59:08,698 [INFO] Annotator started, Thursday June 22 2023, 15:59:08
2023-06-22 15:59:08,717 [ERROR] Exception on /71/result [GET]
Traceback (most recent call last):
  File "/Users/aleksanderhaack/miniconda3/envs/clipper/lib/python3.11/site-packages/flask/app.py", line 2190, in wsgi_app
    response = self.full_dispatch_request()
               ^^^^^^^^^^^^^^^^^^^^^^^^^^^^
  File "/Users/aleksanderhaack/miniconda3/envs/clipper/lib/python3.11/site-packages/flask/app.py", line 1486, in full_dispatch_request
    rv = self.handle_user_exception(e)
         ^^^^^^^^^^^^^^^^^^^^^^^^^^^^^
  File "/Users/aleksanderhaack/miniconda3/envs/clipper/lib/python3.11/site-packages/flask/app.py", line 1484, in full_dispatch_request
    rv = self.dispatch_request()
         ^^^^^^^^^^^^^^^^^^^^^^^
  File "/Users/aleksanderhaack/miniconda3/envs/clipper/lib/python3.11/site-packages/flask/app.py", line 1469, in dispatch_request
    return self.ensure_sync(self.view_functions[rule.endpoint])(**view_args)
           ^^^^^^^^^^^^^^^^^^^^^^^^^^^^^^^^^^^^^^^^^^^^^^^^^^^^^^^^^^^^^^^^^
  File "/Users/aleksanderhaack/Desktop/TAILS annotator v2/annotator/annotator/app.py", line 96, in download_results
    arguments = create_arguments(jobid)
                ^^^^^^^^^^^^^^^^^^^^^^^
  File "/Users/aleksanderhaack/Desktop/TAILS annotator v2/annotator/annotator/app.py", line 239, in create_arguments
    return arguments
           ^^^^^^^^^
UnboundLocalError: cannot access local variable 'arguments' where it is not associated with a value
2023-06-22 15:59:08,720 [INFO] 127.0.0.1 - - [22/Jun/2023 15:59:08] "[35m[1mGET /71/result HTTP/1.1[0m" 500 -
2023-06-22 15:59:12,489 [INFO] 127.0.0.1 - - [22/Jun/2023 15:59:12] "GET / HTTP/1.1" 200 -
