2023-06-25 15:34:49,956 [INFO] 
2023-06-25 15:34:49,957 [INFO] Annotator started at 2023-06-25 15:34:49.
2023-06-25 15:34:49,961 [DEBUG] Arguments: {'infile': '../tests/BaPI_Nterm.xlsx', 'infile_type': 'infer', 'software': 'infer', 'level': 'all', 'dropna': False, 'fillna': None, 'sleeptime': 0.2, 'noexo': False, 'nomerops': False, 'calcstructure': None, 'singlecpu': False, 'conditionfile': '../tests/cond_bapi.txt', 'stat': True, 'stat_pairwise': False, 'significance': None, 'visualize': False, 'logo': 'all', 'pseudocounts': True, 'cleavagevis': None, 'enrichment': False, 'pathway': False, 'proteasefile': '../tests/proteases_bapi.txt', 'output_name': None, 'output_filetype': 'xlsx', 'separate': False, 'pymol_verbose': False}
2023-06-25 15:34:49,972 [INFO] Startup complete!

2023-06-25 15:34:49,974 [INFO] Reading file...
2023-06-25 15:34:49,974 [INFO] Input is excel
2023-06-25 15:34:50,924 [INFO] Read dataframe.
2023-06-25 15:34:50,924 [INFO] Read input with 803 peptides.
2023-06-25 15:34:50,928 [INFO] Input software is pd
2023-06-25 15:34:50,936 [DEBUG] Converted values in Abundances (Normalized): F1: 130C, Sample, BaPI to numeric type
2023-06-25 15:34:50,938 [DEBUG] Converted values in Abundances (Normalized): F1: 131N, Sample, BaPI to numeric type
2023-06-25 15:34:50,941 [DEBUG] Converted values in Abundances (Normalized): F1: 131C, Sample, BaPI to numeric type
2023-06-25 15:34:50,945 [DEBUG] Converted values in Abundances (Normalized): F1: 129N, Sample, control to numeric type
2023-06-25 15:34:50,947 [DEBUG] Converted values in Abundances (Normalized): F1: 129C, Sample, control to numeric type
2023-06-25 15:34:50,951 [DEBUG] Converted values in Abundances (Normalized): F1: 130N, Sample, control to numeric type
2023-06-25 15:34:50,952 [INFO] Finished converting quantification values to floats.
2023-06-25 15:34:50,956 [DEBUG] Patterns are: {'acc': 'Master Protein Accessions', 'mod': 'Modifications', 'nterm': '\\[N-Term\\]', 'seq': 'Annotated Sequence', 'amino': '\\.[A-Z]*(B|J|O|U|X|Z)[A-Z]*\\.', 'quant': 'Abundances \\(?Normalized\\):.*', 'label': 'TMT', 'nterm_label': 'TMT.* \\[N-Term\\]', 'lysine_label': 'TMT.{0,5} \\[K'}
2023-06-25 15:34:50,956 [INFO] Successfully generated indexing patterns for pd input. See logfile for the found patterns.
2023-06-25 15:34:50,957 [INFO] Format check complete.

2023-06-25 15:34:50,959 [INFO] Initialization complete!

2023-06-25 15:34:50,960 [INFO] Filtering and sanitizing input...
2023-06-25 15:34:50,964 [DEBUG] Starting annotation of peptides...
2023-06-25 15:34:50,966 [INFO] Reading MEROPS data..
2023-06-25 15:34:52,092 [INFO] Read MEROPS data
2023-06-25 15:34:52,095 [INFO] Initialized annotation dataframe.

2023-06-25 15:34:52,096 [INFO] Fetching information from Uniprot...
2023-06-25 15:39:35,440 [WARNING] Peptide LKLDKENAIDR not found in protein sequence for P09493.
2023-06-25 15:41:01,368 [WARNING] Peptide ILLSKLR not found in protein sequence for Q9BUF5.
2023-06-25 15:41:22,023 [INFO] Gathering info from Uniprot took 00:06:29 hh:mm:ss
2023-06-25 15:41:22,024 [INFO] Finished annotation of peptides.

2023-06-25 15:41:22,025 [INFO] Starting annotation of Protein Atlas data...
2023-06-25 15:41:22,026 [INFO] Reading Protein Atlas data..
2023-06-25 15:41:22,584 [INFO] Read Protein Atlas data.
2023-06-25 15:41:22,601 [WARNING] Duplicates found in 'Uniprot' column of 'protein_atlas_sub'. Dropping duplicates.
2023-06-25 15:41:22,622 [INFO] Finished annotation of Protein Atlas data.

2023-06-25 15:41:22,623 [INFO] Starting proteoform check...
2023-06-25 15:41:22,624 [INFO] Finished proteoform check.
2023-06-25 15:41:22,624 [INFO] Starting exopeptidase activity check...
2023-06-25 15:41:22,632 [DEBUG] 1 EEEEEGGEEEEEEEEGDGEEEDGDEDEEAESATGKR EEEEGGEEEEEEEEGDGEEEDGDEDEEAESATGKR
2023-06-25 15:41:22,633 [DEBUG] 2 EEEEEGGEEEEEEEEGDGEEEDGDEDEEAESATGKR EEGGEEEEEEEEGDGEEEDGDEDEEAESATGKR
2023-06-25 15:41:22,633 [DEBUG] 1 EEEEEGGEEEEEEEEGDGEEEDGDEDEEAESATGKR EGGEEEEEEEEGDGEEEDGDEDEEAESATGKR
2023-06-25 15:41:22,645 [DEBUG] 2 LYQGAGGPGPGGFGAQGPKGGSGSGPTIEEVD QGAGGPGPGGFGAQGPKGGSGSGPTIEEVD
2023-06-25 15:41:22,651 [DEBUG] 1 SQSSDTEQQSPTSGGGKVAPAQPSEEGPGR QSSDTEQQSPTSGGGKVAPAQPSEEGPGR
2023-06-25 15:41:22,695 [DEBUG] 1 YSLPPHQKVPLPSLSPTMQAGTIAR SLPPHQKVPLPSLSPTMQAGTIAR
2023-06-25 15:41:22,701 [DEBUG] 1 EQQSPTSGGGKVAPAQPSEEGPGR QQSPTSGGGKVAPAQPSEEGPGR
2023-06-25 15:41:22,703 [DEBUG] 2 SLAGSSGPGASSGTSGDHGELVVR AGSSGPGASSGTSGDHGELVVR
2023-06-25 15:41:22,730 [DEBUG] 1 LEKDYEEVGADSADGEDEGEEY EKDYEEVGADSADGEDEGEEY
2023-06-25 15:41:22,739 [DEBUG] 2 LYGSAGPPPTGEEDTAEKDEL GSAGPPPTGEEDTAEKDEL
2023-06-25 15:41:22,764 [DEBUG] 1 EEDEDDDEGEEGEEDEGEDD EDEDDDEGEEGEEDEGEDD
2023-06-25 15:41:22,765 [DEBUG] 2 EEDEDDDEGEEGEEDEGEDD EDDDEGEEGEEDEGEDD
2023-06-25 15:41:22,767 [DEBUG] 1 YGGGPGGGNFGGSPGYGGGR GGGPGGGNFGGSPGYGGGR
2023-06-25 15:41:22,775 [DEBUG] 1 CIMLSGETAKGDYPLEAVR IMLSGETAKGDYPLEAVR
2023-06-25 15:41:22,786 [DEBUG] 2 QQQRPEDAEDGAEGGGKR QRPEDAEDGAEGGGKR
2023-06-25 15:41:22,791 [DEBUG] 2 DKEEDEEEDVPGQAKDEL EEDEEEDVPGQAKDEL
2023-06-25 15:41:22,795 [DEBUG] 1 EQQEAIEHIDEVQNEIDR QQEAIEHIDEVQNEIDR
2023-06-25 15:41:22,796 [DEBUG] 1 EQQEAIEHIDEVQNEIDR QEAIEHIDEVQNEIDR
2023-06-25 15:41:22,797 [DEBUG] 2 EQQEAIEHIDEVQNEIDR AIEHIDEVQNEIDR
2023-06-25 15:41:22,797 [DEBUG] 1 EQQEAIEHIDEVQNEIDR IEHIDEVQNEIDR
2023-06-25 15:41:22,797 [DEBUG] 2 EQQEAIEHIDEVQNEIDR HIDEVQNEIDR
2023-06-25 15:41:22,800 [DEBUG] 2 EVGVDSVEGEGEEEGEEY GVDSVEGEGEEEGEEY
2023-06-25 15:41:22,801 [DEBUG] 1 EVGVDSVEGEGEEEGEEY VDSVEGEGEEEGEEY
2023-06-25 15:41:22,802 [DEBUG] 1 EVGVDSVEGEGEEEGEEY DSVEGEGEEEGEEY
2023-06-25 15:41:22,802 [DEBUG] 1 EVGVDSVEGEGEEEGEEY SVEGEGEEEGEEY
2023-06-25 15:41:22,803 [DEBUG] 1 EVGVDSVEGEGEEEGEEY VEGEGEEEGEEY
2023-06-25 15:41:22,803 [DEBUG] 1 EVGVDSVEGEGEEEGEEY EGEGEEEGEEY
2023-06-25 15:41:22,804 [DEBUG] 1 EVGVDSVEGEGEEEGEEY GEGEEEGEEY
2023-06-25 15:41:22,809 [DEBUG] 1 EAEEGEDDRDSANGEDDS AEEGEDDRDSANGEDDS
2023-06-25 15:41:22,810 [DEBUG] 1 EAEEGEDDRDSANGEDDS EEGEDDRDSANGEDDS
2023-06-25 15:41:22,810 [DEBUG] 1 EAEEGEDDRDSANGEDDS EGEDDRDSANGEDDS
2023-06-25 15:41:22,813 [DEBUG] 2 LCCNDESGEDVEVPYVR CNDESGEDVEVPYVR
2023-06-25 15:41:22,813 [DEBUG] 2 LKVGGTSDVEVNEKKDR VGGTSDVEVNEKKDR
2023-06-25 15:41:22,813 [DEBUG] 1 LSLAPVNIFKAGADEER SLAPVNIFKAGADEER
2023-06-25 15:41:22,813 [DEBUG] 1 EEEEEEEEPVKEAPGKR EEEEEEEPVKEAPGKR
2023-06-25 15:41:22,813 [DEBUG] 1 EEEEEEEEPVKEAPGKR EEEEEEPVKEAPGKR
2023-06-25 15:41:22,813 [DEBUG] 1 ATKEDAEAPGIRDHESL TKEDAEAPGIRDHESL
2023-06-25 15:41:22,813 [DEBUG] 1 ATKEDAEAPGIRDHESL KEDAEAPGIRDHESL
2023-06-25 15:41:22,829 [DEBUG] 2 QESSGEEDSDLSPEER SSGEEDSDLSPEER
2023-06-25 15:41:22,848 [DEBUG] 1 LSVDGEDENEGEDYAE SVDGEDENEGEDYAE
2023-06-25 15:41:22,853 [DEBUG] 2 AAQTSPSPKAGAATGR QTSPSPKAGAATGR
2023-06-25 15:41:22,854 [DEBUG] 1 APSVPAAEPEYPKGIR PSVPAAEPEYPKGIR
2023-06-25 15:41:22,855 [DEBUG] 1 APSVPAAEPEYPKGIR SVPAAEPEYPKGIR
2023-06-25 15:41:22,856 [DEBUG] 1 VHEDSGDEDGEDPDKR HEDSGDEDGEDPDKR
2023-06-25 15:41:22,866 [DEBUG] 1 EVGADSADGEDEGEEY VGADSADGEDEGEEY
2023-06-25 15:41:22,867 [DEBUG] 2 EVGADSADGEDEGEEY ADSADGEDEGEEY
2023-06-25 15:41:22,867 [DEBUG] 1 EVGADSADGEDEGEEY DSADGEDEGEEY
2023-06-25 15:41:22,868 [DEBUG] 2 EVGADSADGEDEGEEY ADGEDEGEEY
2023-06-25 15:41:22,874 [DEBUG] 1 RADLNQGIGEPQSPSR ADLNQGIGEPQSPSR
2023-06-25 15:41:22,879 [DEBUG] 1 RLDTDDLDEIEKIAN LDTDDLDEIEKIAN
2023-06-25 15:41:22,884 [DEBUG] 1 QHSNAAQTQTGEANR HSNAAQTQTGEANR
2023-06-25 15:41:22,886 [DEBUG] 1 QLITGKEDAANNYAR LITGKEDAANNYAR
2023-06-25 15:41:22,887 [DEBUG] 1 QLITGKEDAANNYAR ITGKEDAANNYAR
2023-06-25 15:41:22,888 [DEBUG] 1 LQMEAPHIIVGTPGR QMEAPHIIVGTPGR
2023-06-25 15:41:22,902 [DEBUG] 1 SQFQESDDADEDYGR QFQESDDADEDYGR
2023-06-25 15:41:22,902 [DEBUG] 1 SQFQESDDADEDYGR FQESDDADEDYGR
2023-06-25 15:41:22,902 [DEBUG] 1 SQFQESDDADEDYGR QESDDADEDYGR
2023-06-25 15:41:22,905 [DEBUG] 1 SHGSQETDEEFDAR HGSQETDEEFDAR
2023-06-25 15:41:22,909 [DEBUG] 2 LVIIEGDLERTEER IIEGDLERTEER
2023-06-25 15:41:22,913 [DEBUG] 1 AGEEGGEAPQEPQS GEEGGEAPQEPQS
2023-06-25 15:41:22,913 [DEBUG] 1 AFMVDNEAIYDICR FMVDNEAIYDICR
2023-06-25 15:41:22,913 [DEBUG] 1 VLLTEAPLNPKANR LLTEAPLNPKANR
2023-06-25 15:41:22,913 [DEBUG] 1 VLLTEAPLNPKANR LTEAPLNPKANR
2023-06-25 15:41:22,936 [DEBUG] 1 LAEDIDKGEVSAR AEDIDKGEVSAR
2023-06-25 15:41:22,939 [DEBUG] 1 MEVEEDDPVPEIR EVEEDDPVPEIR
2023-06-25 15:41:22,939 [DEBUG] 2 MEVEEDDPVPEIR EEDDPVPEIR
2023-06-25 15:41:22,941 [DEBUG] 1 QGDEAEAGEGGEN GDEAEAGEGGEN
2023-06-25 15:41:22,942 [DEBUG] 2 QGDEAEAGEGGEN EAEAGEGGEN
2023-06-25 15:41:22,947 [DEBUG] 1 AGEECDAAEGAEN GEECDAAEGAEN
2023-06-25 15:41:22,948 [DEBUG] 1 AGEECDAAEGAEN EECDAAEGAEN
2023-06-25 15:41:22,955 [DEBUG] 1 RAAEEEDEADPKR AAEEEDEADPKR
2023-06-25 15:41:22,955 [DEBUG] 1 RAAEEEDEADPKR AEEEDEADPKR
2023-06-25 15:41:22,956 [DEBUG] 1 RAAEEEDEADPKR EEEDEADPKR
2023-06-25 15:41:22,960 [DEBUG] 1 DDIGDDDEDIDDI DIGDDDEDIDDI
2023-06-25 15:41:22,961 [DEBUG] 1 QGGAGAGDDEEED GGAGAGDDEEED
2023-06-25 15:41:22,962 [DEBUG] 1 QGGAGAGDDEEED GAGAGDDEEED
2023-06-25 15:41:22,965 [DEBUG] 1 EEEDVPGQAKDEL EEDVPGQAKDEL
2023-06-25 15:41:22,972 [DEBUG] 1 QTTALPDEDDDL TTALPDEDDDL
2023-06-25 15:41:22,972 [DEBUG] 2 QTTALPDEDDDL ALPDEDDDL
2023-06-25 15:41:22,974 [DEBUG] 1 LKEDQTEYLEER KEDQTEYLEER
2023-06-25 15:41:22,977 [DEBUG] 1 HLLLQNNLPAVR LLLQNNLPAVR
2023-06-25 15:41:22,979 [DEBUG] 1 QIKELTDEEAER IKELTDEEAER
2023-06-25 15:41:22,980 [DEBUG] 2 QIKELTDEEAER ELTDEEAER
2023-06-25 15:41:22,981 [DEBUG] 1 QIKELTDEEAER LTDEEAER
2023-06-25 15:41:22,982 [DEBUG] 1 QGDEGDAGEGEN GDEGDAGEGEN
2023-06-25 15:41:22,986 [DEBUG] 2 CKAGFAGDDAPR AGFAGDDAPR
2023-06-25 15:41:22,990 [DEBUG] 1 SRDEDNDEDEER RDEDNDEDEER
2023-06-25 15:41:22,991 [DEBUG] 2 EVQGAGNENEPR QGAGNENEPR
2023-06-25 15:41:22,992 [DEBUG] 1 FQSTTGHCVHMR QSTTGHCVHMR
2023-06-25 15:41:22,993 [DEBUG] 1 FQSTTGHCVHMR STTGHCVHMR
2023-06-25 15:41:22,995 [DEBUG] 1 FSLEDPQTHANR SLEDPQTHANR
2023-06-25 15:41:23,003 [DEBUG] 1 GEEGEEDEGEDD EEGEEDEGEDD
2023-06-25 15:41:23,003 [DEBUG] 1 GEEGEEDEGEDD EGEEDEGEDD
2023-06-25 15:41:23,004 [DEBUG] 1 YAKDVKFGADAR AKDVKFGADAR
2023-06-25 15:41:23,021 [DEBUG] 1 VEEELDRAQER EEELDRAQER
2023-06-25 15:41:23,029 [DEBUG] 1 FGSDQSENVDR GSDQSENVDR
2023-06-25 15:41:23,057 [DEBUG] 1 LLDDDDNEDR LDDDDNEDR
2023-06-25 15:41:23,064 [DEBUG] 1 EQLEEEESAR QLEEEESAR
2023-06-25 15:41:23,065 [DEBUG] 1 EQLEEEESAR LEEEESAR
2023-06-25 15:41:23,074 [DEBUG] 1 QDDDGGEGNN DDDGGEGNN
2023-06-25 15:41:23,075 [DEBUG] 1 LVIIEGDLER VIIEGDLER
2023-06-25 15:41:23,076 [DEBUG] 1 LVIIEGDLER IIEGDLER
2023-06-25 15:41:23,080 [DEBUG] 1 QQQADEAEDR QQADEAEDR
2023-06-25 15:41:23,080 [DEBUG] 1 QQQADEAEDR QADEAEDR
2023-06-25 15:41:23,081 [DEBUG] 1 QQQADEAEDR ADEAEDR
2023-06-25 15:41:23,082 [DEBUG] 1 FVGQDVEGER VGQDVEGER
2023-06-25 15:41:23,092 [DEBUG] 2 LAHEEVKTR HEEVKTR
2023-06-25 15:41:23,098 [DEBUG] 2 QFEDADVDH EDADVDH
2023-06-25 15:41:23,103 [DEBUG] 1 LLQDSGEVR LQDSGEVR
2023-06-25 15:41:23,110 [DEBUG] 2 KASDVHEVR SDVHEVR
2023-06-25 15:41:23,115 [DEBUG] 1 WETEERPR ETEERPR
2023-06-25 15:41:23,152 [INFO] Exopeptidase activity check took 00:00:00 hh:mm:ss
2023-06-25 15:41:23,153 [INFO] Exopeptidase activity was found, check logfile or output for more details on exact peptide sequences
2023-06-25 15:41:23,153 [INFO] Finished exopeptidase activity check.
2023-06-25 15:41:23,160 [INFO] Parsed condition file
2023-06-25 15:41:23,161 [INFO] Performing general statistics annotation...
2023-06-25 15:41:23,193 [INFO] Finished general statistics annotation.
2023-06-25 15:41:23,194 [INFO] Performing statistical testing...
2023-06-25 15:41:23,203 [INFO] Finished statistical testing.
2023-06-25 15:41:23,206 [DEBUG] Corrected p-values for Corrected Independent T-test: Ctrl vs. BaPI using fdr_bh method
2023-06-25 15:41:23,206 [INFO] Finished multiple testing correction.

2023-06-25 15:41:23,206 [INFO] Predicting protease activity...
2023-06-25 15:41:23,213 [INFO] Protease codes: ['M12.311']
