2023-06-23 16:38:19,227 [INFO] 
2023-06-23 16:38:19,227 [INFO] Annotator started at 2023-06-23 16:38:19.
2023-06-23 16:38:19,227 [DEBUG] Arguments: {'infile': '../tests/HUNTER_clean_100.xlsx', 'infile_type': 'infer', 'software': 'infer', 'level': 'all', 'dropna': False, 'fillna': None, 'sleeptime': 0.2, 'noexo': False, 'nomerops': False, 'calcstructure': None, 'singlecpu': False, 'conditionfile': '../tests/cond_HUNTER.txt', 'stat': True, 'stat_pairwise': True, 'significance': 'all', 'visualize': True, 'logo': 'all', 'pseudocounts': True, 'cleavagevis': None, 'enrichment': True, 'pathway': True, 'proteasefile': None, 'output_name': None, 'output_filetype': 'xlsx', 'separate': False, 'pymol_verbose': False}
2023-06-23 16:38:19,227 [INFO] Startup complete!

2023-06-23 16:38:19,227 [INFO] Reading file...
2023-06-23 16:38:19,227 [INFO] Input is excel
2023-06-23 16:38:19,298 [INFO] Read dataframe.
2023-06-23 16:38:19,299 [INFO] Read input with 284 peptides.
2023-06-23 16:38:19,299 [INFO] Input software is sm
2023-06-23 16:38:19,300 [DEBUG] Converted values in 20210512_FJ_KK_LB_HUNTER_PO.raw.PEP.TMTpro_127C to numeric type
2023-06-23 16:38:19,301 [DEBUG] Converted values in 20210512_FJ_KK_LB_HUNTER_PO.raw.PEP.TMTpro_128C to numeric type
2023-06-23 16:38:19,301 [DEBUG] Converted values in 20210512_FJ_KK_LB_HUNTER_PO.raw.PEP.TMTpro_129C to numeric type
2023-06-23 16:38:19,302 [DEBUG] Converted values in 20210512_FJ_KK_LB_HUNTER_PO.raw.PEP.TMTpro_130C to numeric type
2023-06-23 16:38:19,302 [DEBUG] Converted values in 20210512_FJ_KK_LB_HUNTER_PO.raw.PEP.TMTpro_131C to numeric type
2023-06-23 16:38:19,303 [DEBUG] Converted values in 20210512_FJ_KK_LB_HUNTER_PO.raw.PEP.TMTpro_132C to numeric type
2023-06-23 16:38:19,303 [INFO] Finished converting quantification values to floats.
2023-06-23 16:38:19,304 [DEBUG] Patterns are: {'acc': 'PG.ProteinAccessions', 'seq': 'PEP.StrippedSequence', 'amino': 'B|J|O|U|X|Z', 'mod': 'P.MoleculeID', 'quant': 'PEP\\.TMT', 'label': '\\[TMT', 'nterm': 'N-?ter', 'nterm_label': 'TMT.*_Nter', 'lysine_label': 'K\\[TMT.{0,3}_Lys\\]'}
2023-06-23 16:38:19,304 [INFO] Successfully generated indexing patterns for sm input. See logfile for the found patterns.
2023-06-23 16:38:19,304 [INFO] Format check complete.

2023-06-23 16:38:19,304 [INFO] Initialization complete!

2023-06-23 16:38:19,304 [INFO] Filtering and sanitizing input...
2023-06-23 16:38:19,305 [DEBUG] Starting annotation of peptides...
2023-06-23 16:38:19,305 [INFO] Reading MEROPS data..
2023-06-23 16:38:19,841 [INFO] Read MEROPS data
2023-06-23 16:38:19,842 [INFO] Initialized annotation dataframe.

2023-06-23 16:38:19,842 [INFO] Fetching information from Uniprot...
2023-06-23 16:38:27,885 [WARNING] Peptide ADPGQYR not found in protein sequence for A0A087X2B5.
2023-06-23 16:38:27,911 [WARNING] Peptide NLNMEADPGQYR not found in protein sequence for A0A087X2B5.
2023-06-23 16:38:27,930 [WARNING] Peptide SELHIENLNMEADPGQYR not found in protein sequence for A0A087X2B5.
2023-06-23 16:38:27,935 [WARNING] Peptide YSCVFLPEPMGTANIQLHGPPR not found in protein sequence for A0A087X2B5.
2023-06-23 16:38:27,942 [WARNING] Peptide NLNMEADPGQYR not found in protein sequence for A0A087X2B5.
2023-06-23 16:38:27,944 [WARNING] Peptide NLNMEADPGQYR not found in protein sequence for A0A087X2B5.
2023-06-23 16:38:28,664 [WARNING] Peptide SCVFLPEPMGTANIQLHGPPR not found in protein sequence for A0A087X2B5.
2023-06-23 16:38:36,626 [WARNING] Error retrieving Uniprot record for A0A494C169: No SwissProt record found
2023-06-23 16:38:49,973 [INFO] Gathering info from Uniprot took 00:00:30 hh:mm:ss
2023-06-23 16:38:49,973 [INFO] Finished annotation of peptides.

2023-06-23 16:38:49,973 [INFO] Starting annotation of Protein Atlas data...
2023-06-23 16:38:49,973 [INFO] Reading Protein Atlas data..
2023-06-23 16:38:50,217 [INFO] Read Protein Atlas data.
2023-06-23 16:38:50,221 [WARNING] Duplicates found in 'Uniprot' column of 'protein_atlas_sub'. Dropping duplicates.
2023-06-23 16:38:50,226 [INFO] Finished annotation of Protein Atlas data.

2023-06-23 16:38:50,226 [INFO] Starting proteoform check...
2023-06-23 16:38:50,227 [INFO] Finished proteoform check.
2023-06-23 16:38:50,227 [INFO] Starting exopeptidase activity check...
2023-06-23 16:38:50,231 [DEBUG] 2 LGLGIDEDEVAAEEPNAAVPDEIPPLEGDEDASR LGIDEDEVAAEEPNAAVPDEIPPLEGDEDASR
2023-06-23 16:38:50,240 [DEBUG] 1 YSCVFLPEPMGTANIQLHGPPR SCVFLPEPMGTANIQLHGPPR
2023-06-23 16:38:50,241 [DEBUG] 2 AEAMDLGKDPNGPTHSSTLFVR AMDLGKDPNGPTHSSTLFVR
2023-06-23 16:38:50,242 [DEBUG] 2 AEAQALLSGDTQTDATSFYDR AQALLSGDTQTDATSFYDR
2023-06-23 16:38:50,246 [DEBUG] 1 KACANPAAGSVILLENLR ACANPAAGSVILLENLR
2023-06-23 16:38:50,246 [DEBUG] 2 KACANPAAGSVILLENLR ANPAAGSVILLENLR
2023-06-23 16:38:50,252 [DEBUG] 1 AAQTSPSPKAGAATGR AQTSPSPKAGAATGR
2023-06-23 16:38:50,252 [DEBUG] 1 SSGFSLEDPQTHSNR SGFSLEDPQTHSNR
2023-06-23 16:38:50,252 [DEBUG] 2 SKNLKLGIHEDSTNR NLKLGIHEDSTNR
2023-06-23 16:38:50,261 [DEBUG] 2 SEDFSLPAYMDR DFSLPAYMDR
2023-06-23 16:38:50,268 [DEBUG] 2 SPVLHFYVR VLHFYVR
2023-06-23 16:38:50,273 [INFO] Exopeptidase activity check took 00:00:00 hh:mm:ss
2023-06-23 16:38:50,273 [INFO] Exopeptidase activity was found, check logfile or output for more details on exact peptide sequences
2023-06-23 16:38:50,273 [INFO] Finished exopeptidase activity check.
2023-06-23 16:38:50,274 [INFO] Parsed condition file
2023-06-23 16:38:50,274 [INFO] Performing general statistics annotation...
2023-06-23 16:38:50,279 [INFO] Finished general statistics annotation.
2023-06-23 16:38:50,279 [INFO] Performing statistical testing...
2023-06-23 16:38:50,281 [INFO] Finished statistical testing.
