2023-06-23 18:13:02,583 [INFO] 
2023-06-23 18:13:02,584 [INFO] Annotator started at 2023-06-23 18:13:02.
2023-06-23 18:13:02,614 [DEBUG] Arguments: {'infile': 'C:\\Users\\konka\\Documents\\CLIPPER\\annotator\\annotator\\upload\\HUNTER_clean_100.xlsx', 'infile_type': 'infer', 'software': 'infer', 'level': 'all', 'dropna': False, 'fillna': None, 'sleeptime': 0.2, 'noexo': False, 'nomerops': False, 'calcstructure': None, 'singlecpu': False, 'conditionfile': 'C:\\Users\\konka\\Documents\\CLIPPER\\annotator\\annotator\\upload\\cond.txt', 'proteasefile': None, 'stat': False, 'stat_pairwise': False, 'significance': None, 'visualize': False, 'logo': None, 'pseudocounts': False, 'cleavagevis': 'None', 'enrichment': False, 'pathway': False, 'output_name': '20230623181302_annotated_data', 'output_filetype': 'xlsx', 'separate': False, 'pymol_verbose': False, 'jobid': '106', 'logfile': 'C:\\Users\\konka\\Documents\\CLIPPER\\annotator\\annotator\\log\\106.log', 'resultdest': 'C:\\Users\\konka\\Documents\\CLIPPER\\annotator\\annotator\\results', 'datafolder': 'C:\\Users\\konka\\Documents\\CLIPPER\\annotator\\annotator\\data', 'email': 'konka@dtu.dk'}
2023-06-23 18:13:02,685 [INFO] Startup complete!

2023-06-23 18:13:02,688 [INFO] Reading file...
2023-06-23 18:13:02,698 [INFO] Input is excel
2023-06-23 18:13:03,498 [INFO] Read dataframe.
2023-06-23 18:13:03,498 [INFO] Read input with 284 peptides.
2023-06-23 18:13:03,501 [INFO] Input software is sm
2023-06-23 18:13:03,511 [DEBUG] Converted values in 20210512_FJ_KK_LB_HUNTER_PO.raw.PEP.TMTpro_127C to numeric type
2023-06-23 18:13:03,516 [DEBUG] Converted values in 20210512_FJ_KK_LB_HUNTER_PO.raw.PEP.TMTpro_128C to numeric type
2023-06-23 18:13:03,521 [DEBUG] Converted values in 20210512_FJ_KK_LB_HUNTER_PO.raw.PEP.TMTpro_129C to numeric type
2023-06-23 18:13:03,526 [DEBUG] Converted values in 20210512_FJ_KK_LB_HUNTER_PO.raw.PEP.TMTpro_130C to numeric type
2023-06-23 18:13:03,529 [DEBUG] Converted values in 20210512_FJ_KK_LB_HUNTER_PO.raw.PEP.TMTpro_131C to numeric type
2023-06-23 18:13:03,532 [DEBUG] Converted values in 20210512_FJ_KK_LB_HUNTER_PO.raw.PEP.TMTpro_132C to numeric type
2023-06-23 18:13:03,533 [INFO] Finished converting quantification values to floats.
2023-06-23 18:13:03,539 [DEBUG] Patterns are: {'acc': 'PG.ProteinAccessions', 'seq': 'PEP.StrippedSequence', 'amino': 'B|J|O|U|X|Z', 'mod': 'P.MoleculeID', 'quant': 'PEP\\.TMT', 'label': '\\[TMT', 'nterm': 'N-?ter', 'nterm_label': 'TMT.*_Nter', 'lysine_label': 'K\\[TMT.{0,3}_Lys\\]'}
2023-06-23 18:13:03,540 [INFO] Successfully generated indexing patterns for sm input. See logfile for the found patterns.
2023-06-23 18:13:03,541 [INFO] Format check complete.

2023-06-23 18:13:03,548 [INFO] Initialization complete!

2023-06-23 18:13:03,549 [INFO] Filtering and sanitizing input...
2023-06-23 18:13:03,554 [DEBUG] Starting annotation of peptides...
2023-06-23 18:13:03,566 [INFO] Reading MEROPS data..
2023-06-23 18:13:05,930 [INFO] Read MEROPS data
2023-06-23 18:13:05,937 [INFO] Initialized annotation dataframe.

2023-06-23 18:13:05,938 [INFO] Fetching information from Uniprot...
2023-06-23 18:13:14,888 [INFO] 127.0.0.1 - - [23/Jun/2023 18:13:14] "GET / HTTP/1.1" 200 -
2023-06-23 18:13:15,127 [INFO] 127.0.0.1 - - [23/Jun/2023 18:13:15] "[36mGET /static/index.css HTTP/1.1[0m" 304 -
2023-06-23 18:13:15,128 [INFO] 127.0.0.1 - - [23/Jun/2023 18:13:15] "[36mGET /static/DTU_logo.png HTTP/1.1[0m" 304 -
