2023-06-25 09:49:08,581 [INFO] 
2023-06-25 09:49:08,582 [INFO] Annotator started at 2023-06-25 09:49:08.
2023-06-25 09:49:08,586 [DEBUG] Arguments: {'infile': '..\\tests\\BaPI_Nterm.xlsx', 'infile_type': 'infer', 'software': 'infer', 'level': 'all', 'dropna': False, 'fillna': None, 'sleeptime': 0.2, 'noexo': False, 'nomerops': False, 'calcstructure': 'sig', 'singlecpu': False, 'conditionfile': '..\\tests\\cond_bapi.txt', 'stat': True, 'stat_pairwise': False, 'significance': 'all', 'visualize': True, 'logo': 'all', 'pseudocounts': True, 'cleavagevis': 'both', 'enrichment': True, 'pathway': True, 'proteasefile': '..\\tests\\proteases_bapi.txt', 'output_name': None, 'output_filetype': 'xlsx', 'separate': False, 'pymol_verbose': False}
2023-06-25 09:49:08,597 [INFO] Startup complete!

2023-06-25 09:49:08,599 [INFO] Reading file...
2023-06-25 09:49:08,602 [INFO] Input is excel
2023-06-25 09:49:09,581 [INFO] Read dataframe.
2023-06-25 09:49:09,582 [INFO] Read input with 803 peptides.
2023-06-25 09:49:09,585 [INFO] Input software is pd
2023-06-25 09:49:09,595 [DEBUG] Converted values in Abundances (Normalized): F1: 130C, Sample, BaPI to numeric type
2023-06-25 09:49:09,603 [DEBUG] Converted values in Abundances (Normalized): F1: 131N, Sample, BaPI to numeric type
2023-06-25 09:49:09,607 [DEBUG] Converted values in Abundances (Normalized): F1: 131C, Sample, BaPI to numeric type
2023-06-25 09:49:09,610 [DEBUG] Converted values in Abundances (Normalized): F1: 129N, Sample, control to numeric type
2023-06-25 09:49:09,612 [DEBUG] Converted values in Abundances (Normalized): F1: 129C, Sample, control to numeric type
2023-06-25 09:49:09,617 [DEBUG] Converted values in Abundances (Normalized): F1: 130N, Sample, control to numeric type
2023-06-25 09:49:09,619 [INFO] Finished converting quantification values to floats.
2023-06-25 09:49:09,628 [DEBUG] Patterns are: {'acc': 'Master Protein Accessions', 'mod': 'Modifications', 'nterm': '\\[N-Term\\]', 'seq': 'Annotated Sequence', 'amino': '\\.[A-Z]*(B|J|O|U|X|Z)[A-Z]*\\.', 'quant': 'Abundances \\(?Normalized\\):.*', 'label': 'TMT', 'nterm_label': 'TMT.* \\[N-Term\\]', 'lysine_label': 'TMT.{0,5} \\[K'}
2023-06-25 09:49:09,628 [INFO] Successfully generated indexing patterns for pd input. See logfile for the found patterns.
2023-06-25 09:49:09,629 [INFO] Format check complete.

2023-06-25 09:49:09,637 [INFO] Initialization complete!

2023-06-25 09:49:09,638 [INFO] Filtering and sanitizing input...
2023-06-25 09:49:09,640 [DEBUG] Starting annotation of peptides...
2023-06-25 09:49:09,642 [INFO] Reading MEROPS data..
2023-06-25 09:49:10,817 [INFO] Read MEROPS data
2023-06-25 09:49:10,822 [INFO] Initialized annotation dataframe.

2023-06-25 09:49:10,823 [INFO] Fetching information from Uniprot...
2023-06-25 09:54:17,920 [WARNING] Peptide LKLDKENAIDR not found in protein sequence for P09493.
2023-06-25 09:55:54,583 [WARNING] Peptide ILLSKLR not found in protein sequence for Q9BUF5.
2023-06-25 09:56:16,646 [INFO] Gathering info from Uniprot took 00:07:05 hh:mm:ss
2023-06-25 09:56:16,647 [INFO] Finished annotation of peptides.

2023-06-25 09:56:16,648 [INFO] Starting annotation of Protein Atlas data...
2023-06-25 09:56:16,648 [INFO] Reading Protein Atlas data..
2023-06-25 09:56:17,310 [INFO] Read Protein Atlas data.
2023-06-25 09:56:17,330 [WARNING] Duplicates found in 'Uniprot' column of 'protein_atlas_sub'. Dropping duplicates.
2023-06-25 09:56:17,370 [INFO] Finished annotation of Protein Atlas data.

2023-06-25 09:56:17,371 [INFO] Starting proteoform check...
2023-06-25 09:56:17,373 [INFO] Finished proteoform check.
2023-06-25 09:56:17,374 [INFO] Starting exopeptidase activity check...
2023-06-25 09:56:17,384 [DEBUG] 1 EEEEEGGEEEEEEEEGDGEEEDGDEDEEAESATGKR EEEEGGEEEEEEEEGDGEEEDGDEDEEAESATGKR
2023-06-25 09:56:17,385 [DEBUG] 2 EEEEEGGEEEEEEEEGDGEEEDGDEDEEAESATGKR EEGGEEEEEEEEGDGEEEDGDEDEEAESATGKR
2023-06-25 09:56:17,386 [DEBUG] 1 EEEEEGGEEEEEEEEGDGEEEDGDEDEEAESATGKR EGGEEEEEEEEGDGEEEDGDEDEEAESATGKR
2023-06-25 09:56:17,407 [DEBUG] 2 LYQGAGGPGPGGFGAQGPKGGSGSGPTIEEVD QGAGGPGPGGFGAQGPKGGSGSGPTIEEVD
2023-06-25 09:56:17,415 [DEBUG] 1 SQSSDTEQQSPTSGGGKVAPAQPSEEGPGR QSSDTEQQSPTSGGGKVAPAQPSEEGPGR
2023-06-25 09:56:17,467 [DEBUG] 1 YSLPPHQKVPLPSLSPTMQAGTIAR SLPPHQKVPLPSLSPTMQAGTIAR
2023-06-25 09:56:17,471 [DEBUG] 1 EQQSPTSGGGKVAPAQPSEEGPGR QQSPTSGGGKVAPAQPSEEGPGR
2023-06-25 09:56:17,473 [DEBUG] 2 SLAGSSGPGASSGTSGDHGELVVR AGSSGPGASSGTSGDHGELVVR
2023-06-25 09:56:17,518 [DEBUG] 1 LEKDYEEVGADSADGEDEGEEY EKDYEEVGADSADGEDEGEEY
2023-06-25 09:56:17,531 [DEBUG] 2 LYGSAGPPPTGEEDTAEKDEL GSAGPPPTGEEDTAEKDEL
2023-06-25 09:56:17,568 [DEBUG] 1 EEDEDDDEGEEGEEDEGEDD EDEDDDEGEEGEEDEGEDD
2023-06-25 09:56:17,569 [DEBUG] 2 EEDEDDDEGEEGEEDEGEDD EDDDEGEEGEEDEGEDD
2023-06-25 09:56:17,573 [DEBUG] 1 YGGGPGGGNFGGSPGYGGGR GGGPGGGNFGGSPGYGGGR
2023-06-25 09:56:17,587 [DEBUG] 1 CIMLSGETAKGDYPLEAVR IMLSGETAKGDYPLEAVR
2023-06-25 09:56:17,603 [DEBUG] 2 QQQRPEDAEDGAEGGGKR QRPEDAEDGAEGGGKR
2023-06-25 09:56:17,609 [DEBUG] 2 DKEEDEEEDVPGQAKDEL EEDEEEDVPGQAKDEL
2023-06-25 09:56:17,614 [DEBUG] 1 EQQEAIEHIDEVQNEIDR QQEAIEHIDEVQNEIDR
2023-06-25 09:56:17,614 [DEBUG] 1 EQQEAIEHIDEVQNEIDR QEAIEHIDEVQNEIDR
2023-06-25 09:56:17,615 [DEBUG] 2 EQQEAIEHIDEVQNEIDR AIEHIDEVQNEIDR
2023-06-25 09:56:17,615 [DEBUG] 1 EQQEAIEHIDEVQNEIDR IEHIDEVQNEIDR
2023-06-25 09:56:17,616 [DEBUG] 2 EQQEAIEHIDEVQNEIDR HIDEVQNEIDR
2023-06-25 09:56:17,619 [DEBUG] 2 EVGVDSVEGEGEEEGEEY GVDSVEGEGEEEGEEY
2023-06-25 09:56:17,619 [DEBUG] 1 EVGVDSVEGEGEEEGEEY VDSVEGEGEEEGEEY
2023-06-25 09:56:17,620 [DEBUG] 1 EVGVDSVEGEGEEEGEEY DSVEGEGEEEGEEY
2023-06-25 09:56:17,621 [DEBUG] 1 EVGVDSVEGEGEEEGEEY SVEGEGEEEGEEY
2023-06-25 09:56:17,622 [DEBUG] 1 EVGVDSVEGEGEEEGEEY VEGEGEEEGEEY
2023-06-25 09:56:17,622 [DEBUG] 1 EVGVDSVEGEGEEEGEEY EGEGEEEGEEY
2023-06-25 09:56:17,623 [DEBUG] 1 EVGVDSVEGEGEEEGEEY GEGEEEGEEY
2023-06-25 09:56:17,629 [DEBUG] 1 EAEEGEDDRDSANGEDDS AEEGEDDRDSANGEDDS
2023-06-25 09:56:17,631 [DEBUG] 1 EAEEGEDDRDSANGEDDS EEGEDDRDSANGEDDS
2023-06-25 09:56:17,632 [DEBUG] 1 EAEEGEDDRDSANGEDDS EGEDDRDSANGEDDS
2023-06-25 09:56:17,642 [DEBUG] 2 LCCNDESGEDVEVPYVR CNDESGEDVEVPYVR
2023-06-25 09:56:17,647 [DEBUG] 2 LKVGGTSDVEVNEKKDR VGGTSDVEVNEKKDR
2023-06-25 09:56:17,652 [DEBUG] 1 LSLAPVNIFKAGADEER SLAPVNIFKAGADEER
2023-06-25 09:56:17,653 [DEBUG] 1 EEEEEEEEPVKEAPGKR EEEEEEEPVKEAPGKR
2023-06-25 09:56:17,654 [DEBUG] 1 EEEEEEEEPVKEAPGKR EEEEEEPVKEAPGKR
2023-06-25 09:56:17,655 [DEBUG] 1 ATKEDAEAPGIRDHESL TKEDAEAPGIRDHESL
2023-06-25 09:56:17,655 [DEBUG] 1 ATKEDAEAPGIRDHESL KEDAEAPGIRDHESL
2023-06-25 09:56:17,677 [DEBUG] 2 QESSGEEDSDLSPEER SSGEEDSDLSPEER
2023-06-25 09:56:17,682 [DEBUG] 1 LSVDGEDENEGEDYAE SVDGEDENEGEDYAE
2023-06-25 09:56:17,687 [DEBUG] 2 AAQTSPSPKAGAATGR QTSPSPKAGAATGR
2023-06-25 09:56:17,691 [DEBUG] 1 APSVPAAEPEYPKGIR PSVPAAEPEYPKGIR
2023-06-25 09:56:17,691 [DEBUG] 1 APSVPAAEPEYPKGIR SVPAAEPEYPKGIR
2023-06-25 09:56:17,693 [DEBUG] 1 VHEDSGDEDGEDPDKR HEDSGDEDGEDPDKR
2023-06-25 09:56:17,706 [DEBUG] 1 EVGADSADGEDEGEEY VGADSADGEDEGEEY
2023-06-25 09:56:17,706 [DEBUG] 2 EVGADSADGEDEGEEY ADSADGEDEGEEY
2023-06-25 09:56:17,707 [DEBUG] 1 EVGADSADGEDEGEEY DSADGEDEGEEY
2023-06-25 09:56:17,708 [DEBUG] 2 EVGADSADGEDEGEEY ADGEDEGEEY
2023-06-25 09:56:17,715 [DEBUG] 1 RADLNQGIGEPQSPSR ADLNQGIGEPQSPSR
2023-06-25 09:56:17,719 [DEBUG] 1 RLDTDDLDEIEKIAN LDTDDLDEIEKIAN
2023-06-25 09:56:17,725 [DEBUG] 1 QHSNAAQTQTGEANR HSNAAQTQTGEANR
2023-06-25 09:56:17,727 [DEBUG] 1 QLITGKEDAANNYAR LITGKEDAANNYAR
2023-06-25 09:56:17,727 [DEBUG] 1 QLITGKEDAANNYAR ITGKEDAANNYAR
2023-06-25 09:56:17,731 [DEBUG] 1 LQMEAPHIIVGTPGR QMEAPHIIVGTPGR
2023-06-25 09:56:17,752 [DEBUG] 1 SQFQESDDADEDYGR QFQESDDADEDYGR
2023-06-25 09:56:17,753 [DEBUG] 1 SQFQESDDADEDYGR FQESDDADEDYGR
2023-06-25 09:56:17,754 [DEBUG] 1 SQFQESDDADEDYGR QESDDADEDYGR
2023-06-25 09:56:17,756 [DEBUG] 1 SHGSQETDEEFDAR HGSQETDEEFDAR
2023-06-25 09:56:17,760 [DEBUG] 2 LVIIEGDLERTEER IIEGDLERTEER
2023-06-25 09:56:17,771 [DEBUG] 1 AGEEGGEAPQEPQS GEEGGEAPQEPQS
2023-06-25 09:56:17,774 [DEBUG] 1 AFMVDNEAIYDICR FMVDNEAIYDICR
2023-06-25 09:56:17,778 [DEBUG] 1 VLLTEAPLNPKANR LLTEAPLNPKANR
2023-06-25 09:56:17,779 [DEBUG] 1 VLLTEAPLNPKANR LTEAPLNPKANR
2023-06-25 09:56:17,801 [DEBUG] 1 LAEDIDKGEVSAR AEDIDKGEVSAR
2023-06-25 09:56:17,804 [DEBUG] 1 MEVEEDDPVPEIR EVEEDDPVPEIR
2023-06-25 09:56:17,805 [DEBUG] 2 MEVEEDDPVPEIR EEDDPVPEIR
2023-06-25 09:56:17,807 [DEBUG] 1 QGDEAEAGEGGEN GDEAEAGEGGEN
2023-06-25 09:56:17,807 [DEBUG] 2 QGDEAEAGEGGEN EAEAGEGGEN
2023-06-25 09:56:17,812 [DEBUG] 1 AGEECDAAEGAEN GEECDAAEGAEN
2023-06-25 09:56:17,812 [DEBUG] 1 AGEECDAAEGAEN EECDAAEGAEN
2023-06-25 09:56:17,817 [DEBUG] 1 RAAEEEDEADPKR AAEEEDEADPKR
2023-06-25 09:56:17,818 [DEBUG] 1 RAAEEEDEADPKR AEEEDEADPKR
2023-06-25 09:56:17,818 [DEBUG] 1 RAAEEEDEADPKR EEEDEADPKR
2023-06-25 09:56:17,823 [DEBUG] 1 DDIGDDDEDIDDI DIGDDDEDIDDI
2023-06-25 09:56:17,824 [DEBUG] 1 QGGAGAGDDEEED GGAGAGDDEEED
2023-06-25 09:56:17,825 [DEBUG] 1 QGGAGAGDDEEED GAGAGDDEEED
2023-06-25 09:56:17,827 [DEBUG] 1 EEEDVPGQAKDEL EEDVPGQAKDEL
2023-06-25 09:56:17,840 [DEBUG] 1 QTTALPDEDDDL TTALPDEDDDL
2023-06-25 09:56:17,840 [DEBUG] 2 QTTALPDEDDDL ALPDEDDDL
2023-06-25 09:56:17,843 [DEBUG] 1 LKEDQTEYLEER KEDQTEYLEER
2023-06-25 09:56:17,846 [DEBUG] 1 HLLLQNNLPAVR LLLQNNLPAVR
2023-06-25 09:56:17,848 [DEBUG] 1 QIKELTDEEAER IKELTDEEAER
2023-06-25 09:56:17,848 [DEBUG] 2 QIKELTDEEAER ELTDEEAER
2023-06-25 09:56:17,849 [DEBUG] 1 QIKELTDEEAER LTDEEAER
2023-06-25 09:56:17,850 [DEBUG] 1 QGDEGDAGEGEN GDEGDAGEGEN
2023-06-25 09:56:17,854 [DEBUG] 2 CKAGFAGDDAPR AGFAGDDAPR
2023-06-25 09:56:17,857 [DEBUG] 1 SRDEDNDEDEER RDEDNDEDEER
2023-06-25 09:56:17,859 [DEBUG] 2 EVQGAGNENEPR QGAGNENEPR
2023-06-25 09:56:17,860 [DEBUG] 1 FQSTTGHCVHMR QSTTGHCVHMR
2023-06-25 09:56:17,862 [DEBUG] 1 FQSTTGHCVHMR STTGHCVHMR
2023-06-25 09:56:17,864 [DEBUG] 1 FSLEDPQTHANR SLEDPQTHANR
2023-06-25 09:56:17,873 [DEBUG] 1 GEEGEEDEGEDD EEGEEDEGEDD
2023-06-25 09:56:17,874 [DEBUG] 1 GEEGEEDEGEDD EGEEDEGEDD
2023-06-25 09:56:17,875 [DEBUG] 1 YAKDVKFGADAR AKDVKFGADAR
2023-06-25 09:56:17,898 [DEBUG] 1 VEEELDRAQER EEELDRAQER
2023-06-25 09:56:17,904 [DEBUG] 1 FGSDQSENVDR GSDQSENVDR
2023-06-25 09:56:17,927 [DEBUG] 1 LLDDDDNEDR LDDDDNEDR
2023-06-25 09:56:17,935 [DEBUG] 1 EQLEEEESAR QLEEEESAR
2023-06-25 09:56:17,935 [DEBUG] 1 EQLEEEESAR LEEEESAR
2023-06-25 09:56:17,945 [DEBUG] 1 QDDDGGEGNN DDDGGEGNN
2023-06-25 09:56:17,946 [DEBUG] 1 LVIIEGDLER VIIEGDLER
2023-06-25 09:56:17,947 [DEBUG] 1 LVIIEGDLER IIEGDLER
2023-06-25 09:56:17,950 [DEBUG] 1 QQQADEAEDR QQADEAEDR
2023-06-25 09:56:17,950 [DEBUG] 1 QQQADEAEDR QADEAEDR
2023-06-25 09:56:17,951 [DEBUG] 1 QQQADEAEDR ADEAEDR
2023-06-25 09:56:17,952 [DEBUG] 1 FVGQDVEGER VGQDVEGER
2023-06-25 09:56:17,963 [DEBUG] 2 LAHEEVKTR HEEVKTR
2023-06-25 09:56:17,971 [DEBUG] 2 QFEDADVDH EDADVDH
2023-06-25 09:56:17,978 [DEBUG] 1 LLQDSGEVR LQDSGEVR
2023-06-25 09:56:17,986 [DEBUG] 2 KASDVHEVR SDVHEVR
2023-06-25 09:56:18,006 [DEBUG] 1 WETEERPR ETEERPR
2023-06-25 09:56:18,045 [INFO] Exopeptidase activity check took 00:00:00 hh:mm:ss
2023-06-25 09:56:18,046 [INFO] Exopeptidase activity was found, check logfile or output for more details on exact peptide sequences
2023-06-25 09:56:18,046 [INFO] Finished exopeptidase activity check.
2023-06-25 09:56:18,048 [INFO] Parsed condition file
2023-06-25 09:56:18,048 [INFO] Performing general statistics annotation...
2023-06-25 09:56:18,078 [INFO] Finished general statistics annotation.
2023-06-25 09:56:18,078 [INFO] Performing statistical testing...
2023-06-25 09:56:18,093 [INFO] Finished statistical testing.
2023-06-25 09:56:18,095 [DEBUG] Corrected p-values for Corrected Independent T-test: Ctrl vs. BaPI using fdr_bh method
2023-06-25 09:56:18,095 [INFO] Finished multiple testing correction.

2023-06-25 09:56:18,096 [INFO] Checking fold distribution...
