2023-07-04 11:10:00,859 [INFO] 
2023-07-04 11:10:00,861 [INFO] Annotator started at 2023-07-04 11:10:00.
2023-07-04 11:10:00,877 [DEBUG] Arguments: {'infile': 'C:\\Users\\konka\\Documents\\CLIPPER\\annotator\\annotator\\upload\\HUNTER_clean_100.xlsx', 'infile_type': 'infer', 'software': 'infer', 'level': 'all', 'dropna': False, 'fillna': None, 'sleeptime': 0.2, 'noexo': False, 'nomerops': False, 'calcstructure': None, 'singlecpu': False, 'conditionfile': 'C:\\Users\\konka\\Documents\\CLIPPER\\annotator\\annotator\\upload\\cond_HUNTER.txt', 'proteasefile': None, 'stat': False, 'stat_pairwise': False, 'significance': None, 'visualize': False, 'logo': None, 'pseudocounts': False, 'cleavagevis': 'None', 'enrichment': False, 'pathway': False, 'output_name': '20230704111000_annotated_data', 'output_filetype': 'xlsx', 'separate': False, 'pymol_verbose': False, 'jobid': '114', 'logfile': 'C:\\Users\\konka\\Documents\\CLIPPER\\annotator\\annotator\\log\\114.log', 'resultdest': 'C:\\Users\\konka\\Documents\\CLIPPER\\annotator\\annotator\\results', 'datafolder': 'C:\\Users\\konka\\Documents\\CLIPPER\\annotator\\annotator\\data', 'email': 'konka@dtu.dk'}
2023-07-04 11:10:00,923 [INFO] Startup complete!

2023-07-04 11:10:00,924 [INFO] Reading file...
2023-07-04 11:10:00,924 [INFO] Input is excel
2023-07-04 11:10:01,365 [INFO] Read dataframe.
2023-07-04 11:10:01,365 [INFO] Read input with 284 peptides.
2023-07-04 11:10:01,370 [INFO] Input software is sm
2023-07-04 11:10:01,375 [DEBUG] Converted values in 20210512_FJ_KK_LB_HUNTER_PO.raw.PEP.TMTpro_127C to numeric type
2023-07-04 11:10:01,377 [DEBUG] Converted values in 20210512_FJ_KK_LB_HUNTER_PO.raw.PEP.TMTpro_128C to numeric type
2023-07-04 11:10:01,379 [DEBUG] Converted values in 20210512_FJ_KK_LB_HUNTER_PO.raw.PEP.TMTpro_129C to numeric type
2023-07-04 11:10:01,381 [DEBUG] Converted values in 20210512_FJ_KK_LB_HUNTER_PO.raw.PEP.TMTpro_130C to numeric type
2023-07-04 11:10:01,387 [DEBUG] Converted values in 20210512_FJ_KK_LB_HUNTER_PO.raw.PEP.TMTpro_131C to numeric type
2023-07-04 11:10:01,389 [DEBUG] Converted values in 20210512_FJ_KK_LB_HUNTER_PO.raw.PEP.TMTpro_132C to numeric type
2023-07-04 11:10:01,390 [INFO] Finished converting quantification values to floats.
2023-07-04 11:10:01,394 [DEBUG] Patterns are: {'acc': 'PG.ProteinAccessions', 'seq': 'PEP.StrippedSequence', 'amino': 'B|J|O|U|X|Z', 'mod': 'P.MoleculeID', 'quant': 'PEP\\.TMT', 'label': '\\[TMT', 'nterm': 'N-?ter', 'nterm_label': 'TMT.*_Nter', 'lysine_label': 'K\\[TMT.{0,3}_Lys\\]'}
2023-07-04 11:10:01,394 [INFO] Successfully generated indexing patterns for sm input. See logfile for the found patterns.
2023-07-04 11:10:01,395 [INFO] Format check complete.

2023-07-04 11:10:01,396 [INFO] Initialization complete!

2023-07-04 11:10:01,397 [INFO] Filtering and sanitizing input...
2023-07-04 11:10:01,401 [DEBUG] Starting annotation of peptides...
2023-07-04 11:10:01,405 [INFO] Reading MEROPS data..
2023-07-04 11:10:02,800 [INFO] Read MEROPS data
2023-07-04 11:10:02,805 [INFO] Initialized annotation dataframe.

2023-07-04 11:10:02,805 [INFO] Fetching information from Uniprot...
2023-07-04 11:10:17,067 [WARNING] Peptide NLNMEADPGQYR not found in protein sequence for A0A087X2B5.
2023-07-04 11:10:17,081 [WARNING] Peptide YSCVFLPEPMGTANIQLHGPPR not found in protein sequence for A0A087X2B5.
2023-07-04 11:10:17,082 [WARNING] Peptide NLNMEADPGQYR not found in protein sequence for A0A087X2B5.
2023-07-04 11:10:17,083 [WARNING] Peptide SELHIENLNMEADPGQYR not found in protein sequence for A0A087X2B5.
2023-07-04 11:10:17,085 [WARNING] Peptide ADPGQYR not found in protein sequence for A0A087X2B5.
2023-07-04 11:10:17,091 [WARNING] Peptide NLNMEADPGQYR not found in protein sequence for A0A087X2B5.
2023-07-04 11:10:18,280 [WARNING] Peptide SCVFLPEPMGTANIQLHGPPR not found in protein sequence for A0A087X2B5.
2023-07-04 11:10:31,686 [WARNING] Error retrieving Uniprot record for A0A494C169: No SwissProt record found
2023-07-04 11:10:55,143 [INFO] Gathering info from Uniprot took 00:00:52 hh:mm:ss
2023-07-04 11:10:55,144 [INFO] Finished annotation of peptides.

2023-07-04 11:10:55,144 [INFO] Starting annotation of Protein Atlas data...
2023-07-04 11:10:55,144 [INFO] Reading Protein Atlas data..
2023-07-04 11:10:55,720 [INFO] Read Protein Atlas data.
2023-07-04 11:10:55,734 [WARNING] Duplicates found in 'Uniprot' column of 'protein_atlas_sub'. Dropping duplicates.
2023-07-04 11:10:55,755 [INFO] Finished annotation of Protein Atlas data.

2023-07-04 11:10:55,755 [INFO] Starting proteoform check...
2023-07-04 11:10:55,757 [INFO] Finished proteoform check.
2023-07-04 11:10:55,759 [INFO] Starting exopeptidase activity check...
2023-07-04 11:10:55,777 [DEBUG] 2 LGLGIDEDEVAAEEPNAAVPDEIPPLEGDEDASR LGIDEDEVAAEEPNAAVPDEIPPLEGDEDASR
2023-07-04 11:10:55,808 [DEBUG] 1 YSCVFLPEPMGTANIQLHGPPR SCVFLPEPMGTANIQLHGPPR
2023-07-04 11:10:55,810 [DEBUG] 2 AEAMDLGKDPNGPTHSSTLFVR AMDLGKDPNGPTHSSTLFVR
2023-07-04 11:10:55,815 [DEBUG] 2 AEAQALLSGDTQTDATSFYDR AQALLSGDTQTDATSFYDR
2023-07-04 11:10:55,829 [DEBUG] 1 KACANPAAGSVILLENLR ACANPAAGSVILLENLR
2023-07-04 11:10:55,829 [DEBUG] 2 KACANPAAGSVILLENLR ANPAAGSVILLENLR
2023-07-04 11:10:55,846 [DEBUG] 1 AAQTSPSPKAGAATGR AQTSPSPKAGAATGR
2023-07-04 11:10:55,847 [DEBUG] 1 SSGFSLEDPQTHSNR SGFSLEDPQTHSNR
2023-07-04 11:10:55,848 [DEBUG] 2 SKNLKLGIHEDSTNR NLKLGIHEDSTNR
2023-07-04 11:10:55,876 [DEBUG] 2 SEDFSLPAYMDR DFSLPAYMDR
2023-07-04 11:10:55,898 [DEBUG] 2 SPVLHFYVR VLHFYVR
2023-07-04 11:10:55,916 [INFO] Exopeptidase activity check took 00:00:00 hh:mm:ss
2023-07-04 11:10:55,916 [INFO] Exopeptidase activity was found, check logfile or output for more details on exact peptide sequences
2023-07-04 11:10:55,917 [INFO] Finished exopeptidase activity check.
2023-07-04 11:10:55,920 [INFO] Parsed condition file
2023-07-04 11:10:55,921 [INFO] Performing general statistics annotation...
2023-07-04 11:10:55,941 [INFO] Finished general statistics annotation.
2023-07-04 11:10:55,947 [INFO] Writing output files...
2023-07-04 11:10:56,250 [INFO] Finished. Wrote results to C:\Users\konka\Documents\CLIPPER\annotator\annotator\results\20230704111000_annotated_data.
