INFO:root:Annotator started, Monday May 01 2023, 17:10:32
INFO:root:Arguments added
INFO:root:Arguments parsed
INFO:root:Arguments returned with values:{'infile': '..\\tests\\HUNTER_clean_100.xlsx', 'infile_type': 'infer', 'software': 'infer', 'level': 'all', 'dropna': False, 'sleeptime': 0.2, 'noexo': False, 'nomerops': False, 'singlecpu': False, 'conditionfile': None, 'stat': False, 'stat_pairwise': False, 'significance': None, 'visualize': False, 'logo': None, 'pseudocounts': True, 'output_name': None, 'outfile_type': 'xlsx', 'separate': False, 'timestamp': '010523171032', 'logfile': 'C:\\Users\\konka\\Documents\\annotator\\log/Annotator_010523171032.log'}
INFO:root:Initialization successful
INFO:root:Input is excel
INFO:root:Read dataframe
INFO:root:Read input with 284 peptides
INFO:root:Input software is sm
INFO:root:Successfully generated indexing patterns
INFO:root:Format check complete
INFO:root:Sanitizing
INFO:root:Sanitized dataframe, 284 peptides remaining
INFO:root:Starting annotation
INFO:root:Reading MEROPS data..
INFO:root:Read MEROPS data
INFO:root:Initialized annotation dataframe..
INFO:root:No match found for peptide in A0A087X2B5. Peptide sequence: NLNMEADPGQYR
INFO:root:No match found for peptide in A0A087X2B5. Peptide sequence: SELHIENLNMEADPGQYR
INFO:root:No match found for peptide in A0A087X2B5. Peptide sequence: ADPGQYR
INFO:root:No match found for peptide in A0A087X2B5. Peptide sequence: NLNMEADPGQYR
INFO:root:No match found for peptide in A0A087X2B5. Peptide sequence: YSCVFLPEPMGTANIQLHGPPR
INFO:root:No match found for peptide in A0A087X2B5. Peptide sequence: NLNMEADPGQYR
INFO:root:No match found for peptide in A0A087X2B5. Peptide sequence: SCVFLPEPMGTANIQLHGPPR
INFO:root:HTTP error for A0A494C169
INFO:root:Finished annotation
INFO:root:Finished proteoform check
INFO:root:Starting exopeptidase check
INFO:root:2 LGLGIDEDEVAAEEPNAAVPDEIPPLEGDEDASR LGIDEDEVAAEEPNAAVPDEIPPLEGDEDASR
INFO:root:1 YSCVFLPEPMGTANIQLHGPPR SCVFLPEPMGTANIQLHGPPR
INFO:root:2 AEAMDLGKDPNGPTHSSTLFVR AMDLGKDPNGPTHSSTLFVR
INFO:root:2 AEAQALLSGDTQTDATSFYDR AQALLSGDTQTDATSFYDR
INFO:root:1 KACANPAAGSVILLENLR ACANPAAGSVILLENLR
INFO:root:2 KACANPAAGSVILLENLR ANPAAGSVILLENLR
INFO:root:1 AAQTSPSPKAGAATGR AQTSPSPKAGAATGR
INFO:root:1 SSGFSLEDPQTHSNR SGFSLEDPQTHSNR
INFO:root:2 SKNLKLGIHEDSTNR NLKLGIHEDSTNR
INFO:root:2 SEDFSLPAYMDR DFSLPAYMDR
INFO:root:2 SPVLHFYVR VLHFYVR
INFO:root:Finished exopeptidase check
INFO:root:Starting general statistics annotation
INFO:root:Finished general statistics annotation
INFO:root:Finished. Wrote results to C:\Users\konka\Documents\annotator\results\010523171032
