2023-05-16 15:24:20,473 [INFO] Annotator started at 2023-05-16 15:24:20.
2023-05-16 15:24:20,479 [INFO] Arguments: {'infile': '..\\tests\\HUNTER_clean_100.xlsx', 'infile_type': 'infer', 'software': 'infer', 'level': 'all', 'dropna': False, 'fillna': None, 'sleeptime': 0.2, 'noexo': False, 'nomerops': False, 'calcstructure': 'all', 'singlecpu': False, 'conditionfile': '..\\tests\\cond_HUNTER.txt', 'stat': True, 'stat_pairwise': True, 'significance': 'all', 'visualize': True, 'logo': None, 'pseudocounts': True, 'cleavagevis': 'both', 'output_name': None, 'outfile_type': 'xlsx', 'separate': False}
2023-05-16 15:24:20,480 [INFO] Initialization successful.
2023-05-16 15:24:20,481 [INFO] Reading file...
2023-05-16 15:24:20,482 [INFO] Input is excel
2023-05-16 15:24:20,980 [INFO] Read dataframe.
2023-05-16 15:24:20,981 [INFO] Read input with 284 peptides

2023-05-16 15:24:20,985 [INFO] Input software is sm
2023-05-16 15:24:20,992 [INFO] Converted values in 20210512_FJ_KK_LB_HUNTER_PO.raw.PEP.TMTpro_127C to numeric type
2023-05-16 15:24:20,997 [INFO] Converted values in 20210512_FJ_KK_LB_HUNTER_PO.raw.PEP.TMTpro_128C to numeric type
2023-05-16 15:24:20,999 [INFO] Converted values in 20210512_FJ_KK_LB_HUNTER_PO.raw.PEP.TMTpro_129C to numeric type
2023-05-16 15:24:21,003 [INFO] Converted values in 20210512_FJ_KK_LB_HUNTER_PO.raw.PEP.TMTpro_130C to numeric type
2023-05-16 15:24:21,007 [INFO] Converted values in 20210512_FJ_KK_LB_HUNTER_PO.raw.PEP.TMTpro_131C to numeric type
2023-05-16 15:24:21,010 [INFO] Converted values in 20210512_FJ_KK_LB_HUNTER_PO.raw.PEP.TMTpro_132C to numeric type
2023-05-16 15:24:21,015 [INFO] Successfully generated indexing patterns.
2023-05-16 15:24:21,015 [INFO] Patterns are: {'acc': 'PG.ProteinAccessions', 'seq': 'PEP.StrippedSequence', 'amino': 'B|J|O|U|X|Z', 'mod': 'P.MoleculeID', 'quant': 'PEP\\.TMT', 'label': '\\[TMT', 'nterm': 'N-?ter', 'nterm_label': 'TMT.*_Nter', 'lysine_label': 'K\\[TMT.{0,3}_Lys\\]'}
2023-05-16 15:24:21,016 [INFO] Format check complete.

2023-05-16 15:24:21,021 [INFO] Starting annotation of peptides...
2023-05-16 15:24:21,022 [INFO] Reading MEROPS data..
2023-05-16 15:24:21,587 [INFO] Read MEROPS data
2023-05-16 15:24:21,591 [INFO] Initialized annotation dataframe.

2023-05-16 15:24:32,281 [WARNING] Peptide NLNMEADPGQYR not found in protein sequence for A0A087X2B5.
2023-05-16 15:24:32,370 [WARNING] Peptide SELHIENLNMEADPGQYR not found in protein sequence for A0A087X2B5.
2023-05-16 15:24:32,380 [WARNING] Peptide ADPGQYR not found in protein sequence for A0A087X2B5.
2023-05-16 15:24:32,382 [WARNING] Peptide YSCVFLPEPMGTANIQLHGPPR not found in protein sequence for A0A087X2B5.
2023-05-16 15:24:32,387 [WARNING] Peptide NLNMEADPGQYR not found in protein sequence for A0A087X2B5.
2023-05-16 15:24:32,394 [WARNING] Peptide NLNMEADPGQYR not found in protein sequence for A0A087X2B5.
2023-05-16 15:24:33,199 [WARNING] Peptide SCVFLPEPMGTANIQLHGPPR not found in protein sequence for A0A087X2B5.
2023-05-16 15:24:42,558 [WARNING] Error retrieving Uniprot record for A0A494C169: No SwissProt record found
2023-05-16 15:25:00,776 [INFO] Finished annotation of peptides.

2023-05-16 15:25:00,778 [INFO] Starting annotation of Protein Atlas data...
2023-05-16 15:25:00,778 [INFO] Reading Protein Atlas data..
2023-05-16 15:25:01,344 [WARNING] Duplicates found in 'Uniprot' column of 'protein_atlas_sub'. Dropping duplicates.
2023-05-16 15:25:01,364 [INFO] Finished annotation of Protein Atlas data.

2023-05-16 15:25:01,366 [INFO] Starting proteoform check...
2023-05-16 15:25:01,367 [INFO] Finished proteoform check.
2023-05-16 15:25:01,368 [INFO] Starting exopeptidase activity check...
2023-05-16 15:25:01,386 [INFO] 2 LGLGIDEDEVAAEEPNAAVPDEIPPLEGDEDASR LGIDEDEVAAEEPNAAVPDEIPPLEGDEDASR
2023-05-16 15:25:01,424 [INFO] 1 YSCVFLPEPMGTANIQLHGPPR SCVFLPEPMGTANIQLHGPPR
2023-05-16 15:25:01,427 [INFO] 2 AEAMDLGKDPNGPTHSSTLFVR AMDLGKDPNGPTHSSTLFVR
2023-05-16 15:25:01,432 [INFO] 2 AEAQALLSGDTQTDATSFYDR AQALLSGDTQTDATSFYDR
2023-05-16 15:25:01,450 [INFO] 1 KACANPAAGSVILLENLR ACANPAAGSVILLENLR
2023-05-16 15:25:01,453 [INFO] 2 KACANPAAGSVILLENLR ANPAAGSVILLENLR
2023-05-16 15:25:01,473 [INFO] 1 AAQTSPSPKAGAATGR AQTSPSPKAGAATGR
2023-05-16 15:25:01,476 [INFO] 1 SSGFSLEDPQTHSNR SGFSLEDPQTHSNR
2023-05-16 15:25:01,478 [INFO] 2 SKNLKLGIHEDSTNR NLKLGIHEDSTNR
2023-05-16 15:25:01,512 [INFO] 2 SEDFSLPAYMDR DFSLPAYMDR
2023-05-16 15:25:01,545 [INFO] 2 SPVLHFYVR VLHFYVR
2023-05-16 15:25:01,573 [INFO] Finished exopeptidase activity check.

2023-05-16 15:25:01,580 [INFO] Parsed condition file
2023-05-16 15:25:01,581 [INFO] Performing general statistics annotation...
2023-05-16 15:25:01,627 [INFO] Finished general statistics annotation.
2023-05-16 15:25:01,628 [INFO] Performing statistical testing...
2023-05-16 15:25:01,643 [INFO] Finished statistical testing.
2023-05-16 15:25:01,646 [INFO] Corrected p-values for Corrected Ttest: gluc_control using fdr_bh method
2023-05-16 15:25:01,646 [INFO] Finished multiple testing correction.

2023-05-16 15:25:01,647 [INFO] Checking fold distribution...
2023-05-16 15:25:01,708 [INFO] Finished fold distribution check.

2023-05-16 15:25:01,709 [INFO] Computing structural properties...
2023-05-16 15:25:01,709 [INFO] Reading available AlphaFold models...
2023-05-16 15:25:01,787 [INFO] Read available AlphaFold models.
2023-05-16 15:25:09,843 [WARNING] Model for H3BMP6 not available
2023-05-16 15:25:09,859 [WARNING] Model for A0A0C4DG17 not available
2023-05-16 15:25:09,874 [WARNING] Model for A0A0C4DG17 not available
2023-05-16 15:25:09,888 [WARNING] Model for A0A0C4DG17 not available
2023-05-16 15:25:09,903 [WARNING] Model for A0A0C4DG17 not available
2023-05-16 15:25:09,919 [WARNING] Model for A0A0C4DG17 not available
2023-05-16 15:25:09,934 [WARNING] Model for A0A0C4DG17 not available
2023-05-16 15:25:09,948 [WARNING] Model for A0A0C4DG17 not available
2023-05-16 15:25:09,961 [WARNING] Model for A0A0C4DG17 not available
2023-05-16 15:25:09,977 [WARNING] Model for C9J6D1 not available
2023-05-16 15:25:09,993 [WARNING] Model for C9J6D1 not available
2023-05-16 15:25:11,405 [WARNING] Model for E9PB61 not available
2023-05-16 15:25:11,422 [WARNING] Model for E9PB61 not available
2023-05-16 15:25:11,438 [WARNING] Model for E9PB61 not available
2023-05-16 15:25:11,454 [WARNING] Model for E9PB61 not available
2023-05-16 15:25:13,282 [WARNING] Model for A0A0A0MS45 not available
2023-05-16 15:25:15,803 [WARNING] Model for E7EVA0 not available
2023-05-16 15:25:15,819 [WARNING] Model for E7EVA0 not available
2023-05-16 15:25:15,833 [WARNING] Model for E7EVA0 not available
2023-05-16 15:25:15,848 [WARNING] Model for E7EVA0 not available
2023-05-16 15:25:15,864 [WARNING] Model for E7EVA0 not available
2023-05-16 15:25:17,347 [WARNING] Model for C9J329 not available
2023-05-16 15:25:17,363 [WARNING] Model for C9J329 not available
2023-05-16 15:25:18,382 [WARNING] Model for P62913-2 not available
2023-05-16 15:25:18,398 [WARNING] Model for P62913-2 not available
2023-05-16 15:25:18,414 [WARNING] Model for P62913-2 not available
2023-05-16 15:25:18,431 [WARNING] Model for P62913-2 not available
2023-05-16 15:25:18,446 [WARNING] Model for P62913-2 not available
2023-05-16 15:25:22,445 [WARNING] Model for G3V180 not available
2023-05-16 15:25:22,461 [WARNING] Model for G3V180 not available
2023-05-16 15:25:26,403 [WARNING] Model for J3KRN5 not available
2023-05-16 15:25:26,415 [WARNING] Model for A0A1B0GUB2 not available
2023-05-16 15:25:26,432 [WARNING] Model for E5RGS9 not available
2023-05-16 15:25:28,483 [WARNING] Model for A0A0A0MRR3 not available
2023-05-16 15:25:29,909 [WARNING] Model for K7ELL7 not available
2023-05-16 15:25:29,926 [WARNING] Model for K7ELL7 not available
2023-05-16 15:25:29,942 [WARNING] Model for K7ELL7 not available
2023-05-16 15:25:29,958 [WARNING] Model for K7ELL7 not available
2023-05-16 15:25:29,975 [WARNING] Model for K7ELL7 not available
2023-05-16 15:25:29,990 [WARNING] Model for H3BUP2 not available
2023-05-16 15:25:30,007 [WARNING] Model for H3BUP2 not available
2023-05-16 15:25:30,312 [WARNING] Model for C9J7Z4 not available
2023-05-16 15:25:30,327 [WARNING] Model for C9JR82 not available
2023-05-16 15:25:30,341 [WARNING] Model for C9JR82 not available
2023-05-16 15:25:30,357 [WARNING] Model for H3BT13 not available
2023-05-16 15:25:30,372 [WARNING] Model for H3BT13 not available
2023-05-16 15:25:30,388 [WARNING] Model for H3BT13 not available
2023-05-16 15:25:30,404 [WARNING] Model for P58107 not available
2023-05-16 15:25:30,422 [WARNING] Model for P58107 not available
2023-05-16 15:25:30,438 [WARNING] Model for P58107 not available
2023-05-16 15:25:30,455 [WARNING] Model for P58107 not available
2023-05-16 15:25:30,476 [WARNING] Model for P58107 not available
2023-05-16 15:25:30,492 [WARNING] Model for P58107 not available
2023-05-16 15:25:30,508 [WARNING] Model for P58107 not available
2023-05-16 15:25:30,524 [WARNING] Model for P58107 not available
2023-05-16 15:25:30,806 [WARNING] Model for A0A494BZZ2 not available
2023-05-16 15:25:30,822 [WARNING] Model for B9A055 not available
2023-05-16 15:25:41,615 [WARNING] Model for D6RBK3 not available
2023-05-16 15:25:41,633 [WARNING] Model for F8WAS3 not available
2023-05-16 15:25:41,646 [WARNING] Model for A0A2R8YF49 not available
2023-05-16 15:25:42,920 [WARNING] Model for E9PLY5 not available
2023-05-16 15:25:44,874 [WARNING] Model for H3BN72 not available
2023-05-16 15:25:44,894 [WARNING] Model for H3BN72 not available
2023-05-16 15:25:44,914 [WARNING] Model for H3BN72 not available
2023-05-16 15:25:44,935 [WARNING] Model for H3BN72 not available
2023-05-16 15:25:44,959 [WARNING] Model for C9J9C1 not available
2023-05-16 15:25:44,978 [WARNING] Model for C9J9C1 not available
2023-05-16 15:25:44,994 [WARNING] Model for A0A087WW66 not available
2023-05-16 15:25:45,012 [WARNING] Model for A0A0U1RQF0 not available
2023-05-16 15:25:45,028 [WARNING] Model for A0A0U1RQF0 not available
2023-05-16 15:25:45,047 [WARNING] Model for A0A0U1RQF0 not available
2023-05-16 15:25:45,067 [WARNING] Model for A0A0U1RQF0 not available
2023-05-16 15:25:45,085 [WARNING] Model for A0A0U1RQF0 not available
2023-05-16 15:25:45,106 [WARNING] Model for A0A0U1RQF0 not available
2023-05-16 15:25:45,124 [WARNING] Model for A0A0U1RQF0 not available
2023-05-16 15:25:45,139 [WARNING] Model for A0A0U1RQF0 not available
2023-05-16 15:25:45,153 [WARNING] Model for A0A0U1RQF0 not available
2023-05-16 15:25:45,166 [WARNING] Model for A0A0U1RQF0 not available
2023-05-16 15:25:45,189 [WARNING] Model for A0A0U1RQF0 not available
2023-05-16 15:25:45,231 [WARNING] Model for A0A0U1RQF0 not available
2023-05-16 15:25:45,268 [WARNING] Model for A0A0U1RQF0 not available
2023-05-16 15:25:45,296 [WARNING] Model for A0A0U1RQF0 not available
2023-05-16 15:25:45,326 [WARNING] Model for A0A0U1RQF0 not available
2023-05-16 15:25:45,347 [WARNING] Model for A0A0U1RQF0 not available
2023-05-16 15:25:45,369 [WARNING] Model for A0A0U1RQF0 not available
2023-05-16 15:25:45,387 [WARNING] Model for A0A0U1RQF0 not available
2023-05-16 15:25:45,403 [WARNING] Model for A0A0U1RQF0 not available
2023-05-16 15:25:45,417 [WARNING] Model for A0A0U1RQF0 not available
2023-05-16 15:25:45,434 [WARNING] Model for A0A0U1RQF0 not available
2023-05-16 15:25:45,449 [WARNING] Model for A0A0U1RQF0 not available
2023-05-16 15:25:45,469 [WARNING] Model for A0A0U1RQF0 not available
2023-05-16 15:25:45,486 [WARNING] Model for A0A0U1RQF0 not available
2023-05-16 15:25:45,508 [WARNING] Model for A0A0U1RQF0 not available
2023-05-16 15:25:45,527 [WARNING] Model for A0A0U1RQF0 not available
2023-05-16 15:25:45,548 [WARNING] Model for A0A0U1RQF0 not available
2023-05-16 15:25:45,573 [WARNING] Model for A0A0U1RQF0 not available
2023-05-16 15:25:45,594 [WARNING] Model for A0A0U1RQF0 not available
2023-05-16 15:25:45,613 [WARNING] Model for A0A0U1RQF0 not available
2023-05-16 15:25:45,631 [WARNING] Model for A0A0U1RQF0 not available
2023-05-16 15:25:45,649 [WARNING] Model for A0A0U1RQF0 not available
2023-05-16 15:25:45,668 [WARNING] Model for A0A0U1RQF0 not available
2023-05-16 15:25:45,691 [WARNING] Model for A0A0U1RQF0 not available
2023-05-16 15:25:45,737 [WARNING] Model for A0A0U1RQF0 not available
2023-05-16 15:25:45,769 [WARNING] Model for A0A0U1RQF0 not available
2023-05-16 15:25:45,792 [WARNING] Model for A0A0U1RQF0 not available
2023-05-16 15:25:45,809 [WARNING] Model for A0A0U1RQF0 not available
2023-05-16 15:25:45,826 [WARNING] Model for A0A0U1RQF0 not available
2023-05-16 15:25:45,842 [WARNING] Model for A0A0U1RQF0 not available
2023-05-16 15:25:45,861 [WARNING] Model for A0A0U1RQF0 not available
2023-05-16 15:25:50,928 [WARNING] Model for B4E0Y9 not available
2023-05-16 15:25:50,954 [WARNING] Model for D6RAT0 not available
2023-05-16 15:25:50,982 [WARNING] Model for D6RAT0 not available
2023-05-16 15:25:51,002 [WARNING] Model for D6RAT0 not available
2023-05-16 15:25:51,021 [WARNING] Model for D6RAT0 not available
2023-05-16 15:25:51,037 [WARNING] Model for A0A0D9SEI7 not available
2023-05-16 15:25:53,989 [WARNING] Model for Q01105-2 not available
2023-05-16 15:25:54,011 [WARNING] Model for Q01105-2 not available
2023-05-16 15:25:54,033 [WARNING] Model for Q01105-2 not available
2023-05-16 15:25:54,035 [INFO] Finished computing structural properties.
2023-05-16 15:25:54,035 [INFO] Generating figures...
2023-05-16 15:26:08,646 [INFO] Starting gallery generation...
2023-05-16 15:26:12,924 [INFO] Finished gallery generation.
2023-05-16 15:26:12,925 [INFO] Starting protein plotting...
2023-05-16 15:26:22,813 [WARNING] Alphafold model for A0A0C4DG17 not available.
2023-05-16 15:26:23,413 [WARNING] Alphafold model for C9J6D1 not available.
2023-05-16 15:26:28,826 [WARNING] Alphafold model for E9PB61 not available.
2023-05-16 15:26:34,323 [WARNING] Alphafold model for A0A0A0MS45 not available.
2023-05-16 15:26:45,645 [WARNING] Alphafold model for E7EVA0 not available.
2023-05-16 15:26:50,231 [WARNING] Alphafold model for C9J329 not available.
2023-05-16 15:26:50,855 [WARNING] Alphafold model for A0A087X2B5 not available.
2023-05-16 15:26:55,118 [WARNING] Alphafold model for P62913-2 not available.
2023-05-16 15:27:21,278 [WARNING] Alphafold model for E5RGS9 not available.
2023-05-16 15:27:29,213 [WARNING] Alphafold model for K7ELL7 not available.
2023-05-16 15:27:29,812 [WARNING] Alphafold model for H3BUP2 not available.
2023-05-16 15:27:30,481 [WARNING] Alphafold model for H3BT13 not available.
2023-05-16 15:27:31,132 [WARNING] Alphafold model for P58107 not available.
2023-05-16 15:28:04,343 [WARNING] Alphafold model for F8WAS3 not available.
2023-05-16 15:28:04,906 [WARNING] Alphafold model for A0A2R8YF49 not available.
2023-05-16 15:28:20,503 [WARNING] Alphafold model for H3BN72 not available.
2023-05-16 15:28:21,120 [WARNING] Alphafold model for C9J9C1 not available.
2023-05-16 15:28:22,375 [WARNING] Alphafold model for A0A0U1RQF0 not available.
2023-05-16 15:28:32,728 [WARNING] Alphafold model for B4E0Y9 not available.
2023-05-16 15:28:33,688 [WARNING] Alphafold model for D6RAT0 not available.
2023-05-16 15:28:34,546 [WARNING] Alphafold model for A0A0D9SEI7 not available.
2023-05-16 15:28:45,947 [WARNING] Alphafold model for Q01105-2 not available.
2023-05-16 15:28:47,345 [INFO] Finished protein plotting.
2023-05-16 15:28:47,346 [INFO] Finished protein plotting.
2023-05-16 15:28:47,347 [INFO] Finished generating figures.
2023-05-16 15:28:47,347 [INFO] Writing output files...
2023-05-16 15:28:54,627 [INFO] Finished. Wrote results to C:\Users\konka\Documents\clipper\results\20230516152420.
