2023-05-27 13:29:38,068 [INFO] Annotator started at 2023-05-27 13:29:38.
2023-05-27 13:29:38,073 [INFO] Arguments: {'infile': '..\\tests\\HUNTER_clean_100.xlsx', 'infile_type': 'infer', 'software': 'infer', 'level': 'all', 'dropna': False, 'fillna': None, 'sleeptime': 0.2, 'noexo': False, 'nomerops': False, 'calcstructure': 'all', 'singlecpu': False, 'conditionfile': '..\\tests\\cond_HUNTER.txt', 'stat': True, 'stat_pairwise': True, 'significance': 'all', 'visualize': True, 'logo': None, 'pseudocounts': True, 'cleavagevis': None, 'enrichment': True, 'pathway': True, 'proteasefile': '..\\tests\\proteases.txt', 'output_name': None, 'outfile_type': 'xlsx', 'separate': False}
2023-05-27 13:29:38,075 [INFO] Initialization successful.
2023-05-27 13:29:38,076 [INFO] Reading file...
2023-05-27 13:29:38,076 [INFO] Input is excel
2023-05-27 13:29:38,634 [INFO] Read dataframe.
2023-05-27 13:29:38,635 [INFO] Read input with 284 peptides

2023-05-27 13:29:38,636 [INFO] Input software is sm
2023-05-27 13:29:38,639 [INFO] Converted values in 20210512_FJ_KK_LB_HUNTER_PO.raw.PEP.TMTpro_127C to numeric type
2023-05-27 13:29:38,642 [INFO] Converted values in 20210512_FJ_KK_LB_HUNTER_PO.raw.PEP.TMTpro_128C to numeric type
2023-05-27 13:29:38,645 [INFO] Converted values in 20210512_FJ_KK_LB_HUNTER_PO.raw.PEP.TMTpro_129C to numeric type
2023-05-27 13:29:38,648 [INFO] Converted values in 20210512_FJ_KK_LB_HUNTER_PO.raw.PEP.TMTpro_130C to numeric type
2023-05-27 13:29:38,651 [INFO] Converted values in 20210512_FJ_KK_LB_HUNTER_PO.raw.PEP.TMTpro_131C to numeric type
2023-05-27 13:29:38,655 [INFO] Converted values in 20210512_FJ_KK_LB_HUNTER_PO.raw.PEP.TMTpro_132C to numeric type
2023-05-27 13:29:38,659 [INFO] Successfully generated indexing patterns.
2023-05-27 13:29:38,660 [INFO] Patterns are: {'acc': 'PG.ProteinAccessions', 'seq': 'PEP.StrippedSequence', 'amino': 'B|J|O|U|X|Z', 'mod': 'P.MoleculeID', 'quant': 'PEP\\.TMT', 'label': '\\[TMT', 'nterm': 'N-?ter', 'nterm_label': 'TMT.*_Nter', 'lysine_label': 'K\\[TMT.{0,3}_Lys\\]'}
2023-05-27 13:29:38,660 [INFO] Format check complete.

2023-05-27 13:29:38,666 [INFO] Starting annotation of peptides...
2023-05-27 13:29:38,667 [INFO] Reading MEROPS data..
2023-05-27 13:29:40,441 [INFO] Read MEROPS data
2023-05-27 13:29:40,445 [INFO] Initialized annotation dataframe.

2023-05-27 13:29:56,806 [WARNING] Peptide SELHIENLNMEADPGQYR not found in protein sequence for A0A087X2B5.
2023-05-27 13:29:56,813 [WARNING] Peptide NLNMEADPGQYR not found in protein sequence for A0A087X2B5.
2023-05-27 13:29:56,829 [WARNING] Peptide NLNMEADPGQYR not found in protein sequence for A0A087X2B5.
2023-05-27 13:29:56,844 [WARNING] Peptide ADPGQYR not found in protein sequence for A0A087X2B5.
2023-05-27 13:29:56,845 [WARNING] Peptide YSCVFLPEPMGTANIQLHGPPR not found in protein sequence for A0A087X2B5.
2023-05-27 13:29:56,847 [WARNING] Peptide NLNMEADPGQYR not found in protein sequence for A0A087X2B5.
2023-05-27 13:29:58,229 [WARNING] Peptide SCVFLPEPMGTANIQLHGPPR not found in protein sequence for A0A087X2B5.
2023-05-27 13:30:11,104 [WARNING] Error retrieving Uniprot record for A0A494C169: No SwissProt record found
2023-05-27 13:30:37,341 [INFO] Finished annotation of peptides.

2023-05-27 13:30:37,343 [INFO] Starting annotation of Protein Atlas data...
2023-05-27 13:30:37,343 [INFO] Reading Protein Atlas data..
2023-05-27 13:30:38,554 [INFO] Read Protein Atlas data.
2023-05-27 13:30:38,575 [WARNING] Duplicates found in 'Uniprot' column of 'protein_atlas_sub'. Dropping duplicates.
2023-05-27 13:30:38,614 [INFO] Finished annotation of Protein Atlas data.

2023-05-27 13:30:38,616 [INFO] Starting proteoform check...
2023-05-27 13:30:38,619 [INFO] Finished proteoform check.
2023-05-27 13:30:38,622 [INFO] Starting exopeptidase activity check...
2023-05-27 13:30:38,661 [INFO] 2 LGLGIDEDEVAAEEPNAAVPDEIPPLEGDEDASR LGIDEDEVAAEEPNAAVPDEIPPLEGDEDASR
2023-05-27 13:30:38,759 [INFO] 1 YSCVFLPEPMGTANIQLHGPPR SCVFLPEPMGTANIQLHGPPR
2023-05-27 13:30:38,769 [INFO] 2 AEAMDLGKDPNGPTHSSTLFVR AMDLGKDPNGPTHSSTLFVR
2023-05-27 13:30:38,783 [INFO] 2 AEAQALLSGDTQTDATSFYDR AQALLSGDTQTDATSFYDR
2023-05-27 13:30:38,841 [INFO] 1 KACANPAAGSVILLENLR ACANPAAGSVILLENLR
2023-05-27 13:30:38,842 [INFO] 2 KACANPAAGSVILLENLR ANPAAGSVILLENLR
2023-05-27 13:30:38,900 [INFO] 1 AAQTSPSPKAGAATGR AQTSPSPKAGAATGR
2023-05-27 13:30:38,906 [INFO] 1 SSGFSLEDPQTHSNR SGFSLEDPQTHSNR
2023-05-27 13:30:38,910 [INFO] 2 SKNLKLGIHEDSTNR NLKLGIHEDSTNR
2023-05-27 13:30:39,011 [INFO] 2 SEDFSLPAYMDR DFSLPAYMDR
2023-05-27 13:30:39,073 [INFO] 2 SPVLHFYVR VLHFYVR
2023-05-27 13:30:39,131 [INFO] Finished exopeptidase activity check.

2023-05-27 13:30:39,156 [INFO] Parsed condition file
2023-05-27 13:30:39,157 [INFO] Performing general statistics annotation...
2023-05-27 13:30:39,224 [INFO] Finished general statistics annotation.
2023-05-27 13:30:39,224 [INFO] Performing statistical testing...
2023-05-27 13:30:39,238 [INFO] Finished statistical testing.
2023-05-27 13:30:39,242 [INFO] Corrected p-values for Corrected Ttest: gluc_control using fdr_bh method
2023-05-27 13:30:39,244 [INFO] Finished multiple testing correction.

2023-05-27 13:30:39,245 [INFO] Checking fold distribution...
2023-05-27 13:30:39,380 [INFO] Finished fold distribution check.

2023-05-27 13:30:39,381 [INFO] Computing structural properties...
2023-05-27 13:30:39,381 [INFO] Reading available AlphaFold models...
2023-05-27 13:30:39,525 [INFO] Read available AlphaFold models.
2023-05-27 13:30:49,110 [WARNING] Model for H3BMP6 not available
2023-05-27 13:30:49,132 [WARNING] Model for A0A0C4DG17 not available
2023-05-27 13:30:49,151 [WARNING] Model for A0A0C4DG17 not available
2023-05-27 13:30:49,168 [WARNING] Model for A0A0C4DG17 not available
2023-05-27 13:30:49,189 [WARNING] Model for A0A0C4DG17 not available
2023-05-27 13:30:49,206 [WARNING] Model for A0A0C4DG17 not available
2023-05-27 13:30:49,224 [WARNING] Model for A0A0C4DG17 not available
2023-05-27 13:30:49,241 [WARNING] Model for A0A0C4DG17 not available
2023-05-27 13:30:49,259 [WARNING] Model for A0A0C4DG17 not available
2023-05-27 13:30:49,279 [WARNING] Model for C9J6D1 not available
2023-05-27 13:30:49,298 [WARNING] Model for C9J6D1 not available
2023-05-27 13:30:50,553 [WARNING] Model for E9PB61 not available
2023-05-27 13:30:50,573 [WARNING] Model for E9PB61 not available
2023-05-27 13:30:50,598 [WARNING] Model for E9PB61 not available
2023-05-27 13:30:50,617 [WARNING] Model for E9PB61 not available
2023-05-27 13:30:52,739 [WARNING] Model for A0A0A0MS45 not available
2023-05-27 13:30:55,184 [WARNING] Model for E7EVA0 not available
2023-05-27 13:30:55,204 [WARNING] Model for E7EVA0 not available
2023-05-27 13:30:55,223 [WARNING] Model for E7EVA0 not available
2023-05-27 13:30:55,245 [WARNING] Model for E7EVA0 not available
2023-05-27 13:30:55,268 [WARNING] Model for E7EVA0 not available
2023-05-27 13:30:57,010 [WARNING] Model for C9J329 not available
2023-05-27 13:30:57,031 [WARNING] Model for C9J329 not available
2023-05-27 13:30:58,056 [WARNING] Model for P62913-2 not available
2023-05-27 13:30:58,077 [WARNING] Model for P62913-2 not available
2023-05-27 13:30:58,098 [WARNING] Model for P62913-2 not available
2023-05-27 13:30:58,119 [WARNING] Model for P62913-2 not available
2023-05-27 13:30:58,144 [WARNING] Model for P62913-2 not available
2023-05-27 13:31:02,523 [WARNING] Model for G3V180 not available
2023-05-27 13:31:02,544 [WARNING] Model for G3V180 not available
2023-05-27 13:31:07,418 [WARNING] Model for J3KRN5 not available
2023-05-27 13:31:07,435 [WARNING] Model for A0A1B0GUB2 not available
2023-05-27 13:31:07,455 [WARNING] Model for E5RGS9 not available
2023-05-27 13:31:10,051 [WARNING] Model for A0A0A0MRR3 not available
2023-05-27 13:31:11,675 [WARNING] Model for K7ELL7 not available
2023-05-27 13:31:11,695 [WARNING] Model for K7ELL7 not available
2023-05-27 13:31:11,715 [WARNING] Model for K7ELL7 not available
2023-05-27 13:31:11,734 [WARNING] Model for K7ELL7 not available
2023-05-27 13:31:11,755 [WARNING] Model for K7ELL7 not available
2023-05-27 13:31:11,776 [WARNING] Model for H3BUP2 not available
2023-05-27 13:31:11,800 [WARNING] Model for H3BUP2 not available
2023-05-27 13:31:12,040 [WARNING] Model for C9J7Z4 not available
2023-05-27 13:31:12,058 [WARNING] Model for C9JR82 not available
2023-05-27 13:31:12,077 [WARNING] Model for C9JR82 not available
2023-05-27 13:31:12,100 [WARNING] Model for H3BT13 not available
2023-05-27 13:31:12,119 [WARNING] Model for H3BT13 not available
2023-05-27 13:31:12,139 [WARNING] Model for H3BT13 not available
2023-05-27 13:31:12,159 [WARNING] Model for P58107 not available
2023-05-27 13:31:12,183 [WARNING] Model for P58107 not available
2023-05-27 13:31:12,203 [WARNING] Model for P58107 not available
2023-05-27 13:31:12,223 [WARNING] Model for P58107 not available
2023-05-27 13:31:12,244 [WARNING] Model for P58107 not available
2023-05-27 13:31:12,267 [WARNING] Model for P58107 not available
2023-05-27 13:31:12,287 [WARNING] Model for P58107 not available
2023-05-27 13:31:12,307 [WARNING] Model for P58107 not available
2023-05-27 13:31:12,647 [WARNING] Model for A0A494BZZ2 not available
2023-05-27 13:31:12,667 [WARNING] Model for B9A055 not available
2023-05-27 13:31:26,768 [WARNING] Model for D6RBK3 not available
2023-05-27 13:31:26,789 [WARNING] Model for F8WAS3 not available
2023-05-27 13:31:26,812 [WARNING] Model for A0A2R8YF49 not available
2023-05-27 13:31:28,252 [WARNING] Model for E9PLY5 not available
2023-05-27 13:31:30,235 [WARNING] Model for H3BN72 not available
2023-05-27 13:31:30,254 [WARNING] Model for H3BN72 not available
2023-05-27 13:31:30,275 [WARNING] Model for H3BN72 not available
2023-05-27 13:31:30,294 [WARNING] Model for H3BN72 not available
2023-05-27 13:31:30,316 [WARNING] Model for C9J9C1 not available
2023-05-27 13:31:30,334 [WARNING] Model for C9J9C1 not available
2023-05-27 13:31:30,349 [WARNING] Model for A0A087WW66 not available
2023-05-27 13:31:30,367 [WARNING] Model for A0A0U1RQF0 not available
2023-05-27 13:31:30,383 [WARNING] Model for A0A0U1RQF0 not available
2023-05-27 13:31:30,398 [WARNING] Model for A0A0U1RQF0 not available
2023-05-27 13:31:30,414 [WARNING] Model for A0A0U1RQF0 not available
2023-05-27 13:31:30,432 [WARNING] Model for A0A0U1RQF0 not available
2023-05-27 13:31:30,451 [WARNING] Model for A0A0U1RQF0 not available
2023-05-27 13:31:30,467 [WARNING] Model for A0A0U1RQF0 not available
2023-05-27 13:31:30,482 [WARNING] Model for A0A0U1RQF0 not available
2023-05-27 13:31:30,498 [WARNING] Model for A0A0U1RQF0 not available
2023-05-27 13:31:30,513 [WARNING] Model for A0A0U1RQF0 not available
2023-05-27 13:31:30,527 [WARNING] Model for A0A0U1RQF0 not available
2023-05-27 13:31:30,542 [WARNING] Model for A0A0U1RQF0 not available
2023-05-27 13:31:30,557 [WARNING] Model for A0A0U1RQF0 not available
2023-05-27 13:31:30,572 [WARNING] Model for A0A0U1RQF0 not available
2023-05-27 13:31:30,587 [WARNING] Model for A0A0U1RQF0 not available
2023-05-27 13:31:30,602 [WARNING] Model for A0A0U1RQF0 not available
2023-05-27 13:31:30,619 [WARNING] Model for A0A0U1RQF0 not available
2023-05-27 13:31:30,635 [WARNING] Model for A0A0U1RQF0 not available
2023-05-27 13:31:30,649 [WARNING] Model for A0A0U1RQF0 not available
2023-05-27 13:31:30,664 [WARNING] Model for A0A0U1RQF0 not available
2023-05-27 13:31:30,678 [WARNING] Model for A0A0U1RQF0 not available
2023-05-27 13:31:30,698 [WARNING] Model for A0A0U1RQF0 not available
2023-05-27 13:31:30,714 [WARNING] Model for A0A0U1RQF0 not available
2023-05-27 13:31:30,725 [WARNING] Model for A0A0U1RQF0 not available
2023-05-27 13:31:30,740 [WARNING] Model for A0A0U1RQF0 not available
2023-05-27 13:31:30,755 [WARNING] Model for A0A0U1RQF0 not available
2023-05-27 13:31:30,771 [WARNING] Model for A0A0U1RQF0 not available
2023-05-27 13:31:30,788 [WARNING] Model for A0A0U1RQF0 not available
2023-05-27 13:31:30,806 [WARNING] Model for A0A0U1RQF0 not available
2023-05-27 13:31:30,822 [WARNING] Model for A0A0U1RQF0 not available
2023-05-27 13:31:30,838 [WARNING] Model for A0A0U1RQF0 not available
2023-05-27 13:31:30,853 [WARNING] Model for A0A0U1RQF0 not available
2023-05-27 13:31:30,867 [WARNING] Model for A0A0U1RQF0 not available
2023-05-27 13:31:30,882 [WARNING] Model for A0A0U1RQF0 not available
2023-05-27 13:31:30,899 [WARNING] Model for A0A0U1RQF0 not available
2023-05-27 13:31:30,914 [WARNING] Model for A0A0U1RQF0 not available
2023-05-27 13:31:30,931 [WARNING] Model for A0A0U1RQF0 not available
2023-05-27 13:31:30,948 [WARNING] Model for A0A0U1RQF0 not available
2023-05-27 13:31:30,965 [WARNING] Model for A0A0U1RQF0 not available
2023-05-27 13:31:30,982 [WARNING] Model for A0A0U1RQF0 not available
2023-05-27 13:31:30,996 [WARNING] Model for A0A0U1RQF0 not available
2023-05-27 13:31:35,905 [WARNING] Model for B4E0Y9 not available
2023-05-27 13:31:35,922 [WARNING] Model for D6RAT0 not available
2023-05-27 13:31:35,943 [WARNING] Model for D6RAT0 not available
2023-05-27 13:31:35,963 [WARNING] Model for D6RAT0 not available
2023-05-27 13:31:35,984 [WARNING] Model for D6RAT0 not available
2023-05-27 13:31:35,997 [WARNING] Model for A0A0D9SEI7 not available
2023-05-27 13:31:39,061 [WARNING] Model for Q01105-2 not available
2023-05-27 13:31:39,084 [WARNING] Model for Q01105-2 not available
2023-05-27 13:31:39,109 [WARNING] Model for Q01105-2 not available
2023-05-27 13:31:39,111 [INFO] Finished computing structural properties.
2023-05-27 13:31:39,111 [INFO] Predicting protease activity...
2023-05-27 13:31:39,127 [INFO] Protease codes: ['M10.002', 'M10.009', 'S01.001']
2023-05-27 13:31:40,745 [INFO] Finished predicting protease activity.
2023-05-27 13:31:40,745 [INFO] Generating figures...
2023-05-27 13:31:58,209 [INFO] Significant pathways for Log2_fold_change: gluc/control: ['R-HSA-9734195', 'R-HSA-75108', 'R-HSA-9673766', 'R-HSA-111367', 'R-HSA-77588', 'R-HSA-9013418', 'R-HSA-9700645', 'R-HSA-72165', 'R-HSA-72649', 'R-HSA-72702', 'R-HSA-975956', 'R-HSA-380284', 'R-HSA-380259', 'R-HSA-8854518', 'R-HSA-380270', 'R-HSA-927802', 'R-HSA-975957', 'R-HSA-380287', 'R-HSA-72163', 'R-HSA-72172']
2023-05-27 13:31:58,937 [WARNING] No interaction map found for pathway: R-HSA-9734195
2023-05-27 13:33:04,932 [INFO] Starting gallery generation...
2023-05-27 13:33:09,622 [INFO] Finished gallery generation.
2023-05-27 13:33:09,622 [INFO] Finished generating figures.
2023-05-27 13:33:09,622 [INFO] Writing output files...
2023-05-27 13:33:15,518 [INFO] Finished. Wrote results to C:\Users\konka\Documents\annotator\results\20230527132938.
